----------------------------------------------------------------------
 RSDFT ver.0.0.0
------------------------------------------------------------ header_info
 Start time  2015/12/16 14:05:18.299
 preprocessor option list ( -cpp -Dxxxx )
 _DRSDFT_ (wave functions are REAL8)
 _FFTW_ (FFTW is used)
  INFOLEVEL :          1
--------------------------------------------------------- read_parameters(start)
 Nband=           0
 Nspin=           1
 Ndspin=  0.000000000000000E+000
 Nfixed=           0
 Next_electron=  0.000000000000000E+000
 Ngrid(1:3)=          40          40          40
 Md =           6
 SYStype =           0
 rcfac =   1.50000000000000     
 qcfac =   1.00000000000000     
 etafac=   8.00000000000000     
 node_partition(1:6)=   1   2   2   1   1   1
 MB_d=           0
----------------------------------------------------------------- read_wf(start)
 iwork_wf=           0
------------------------------------------------------------------- read_wf(end)
 NBLK =           0
 NBLK1=           0
 iswitch_cgpc=           4
------------------------------------------------------------- read_mixing(start)
         IC :          0
         OC :          3
 beta       =   1.00000000000000     
 iomix,IC,OC=           0           0           3
--------------------------------------------------------------- read_mixing(end)
 ekbt   =  1.000000000000000E-005
 kinteg =           5
 nsetocc=           0
 isetocc=           0           0
 IC =           0
 OC =           3
 OC2=         100
 IO_ctrl=           0
 MBwr1,MBwr2=           0           0
 etime_limit=   10000000000.0000     
      SWSCF :          1
      SWOPT :          0
 ncycl, most, nrfr =          50           8           5
 okatom, eeps      =  0.500000000000000       1.000000000000000E-010
 feps, decr        =  5.000000000000000E-004  0.100000000000000     
 diter_opt         =         100
 strlog            =           0
 isymmetry=           0
 file_symdat=                              
----------------------------------------------------------------- read_xc(start)
     XCTYPE :   LDAPZ81 
------------------------------------------------------------------- read_xc(end)
---------------------------------------------------------- read_xc_hybrid(start)
     XCTYPE :   LDAPZ81 
         IC :          0
------------------------------------------------------------ read_xc_hybrid(end)
     NSWEEP :          5
    SCFCONV :   1.0000000E-15  0.0000000E+00
      DITER :        100
--------------------------------------------------------------- read_band(start)
----------------------------------------------------------------- read_band(end)
-------------------------------------------------------- read_band_unfold(start)
 iswitch_banduf= F
---------------------------------------------------------- read_band_unfold(end)
----------------------------------------------------------- read_parameters(end)
--------------------------------------------------------------- read_atom(start)
         AX :   20.0000000000
         A1 :   1.0000000E+00  0.0000000E+00  0.0000000E+00
         A2 :   0.0000000E+00  1.0000000E+00  0.0000000E+00
         A3 :   0.0000000E+00  0.0000000E+00  1.0000000E+00
 AA format           1
 Nelment,Natom=           1           2
 zn_atom=           7
        ki_atom          aa_atom1          aa_atom2          aa_atom3  md_atom
     1        1    0.000000000000    0.000000000000    0.051000000000        1
     2        1    0.000000000000    0.000000000000   -0.051000000000        1
----------------------------------------------------------------- read_atom(end)
--------------------------------------------------------- main( aa & bb )(start)
----------------------------------------------------------- main( aa & bb )(end)
---------------------------------------------------------- read_pseudopot(start)
         PP :    2  N_psv.dat           
 *** PSV format ***
 zatom                   =   7.00000000000000     
 # of radial mesh points =        2001
 r(1),...,r(end)         =  0.000000000000000E+000   45.0000000000000     
 NRps                    =        1632        1632
 # of orbitals           =           2
 angular momentum        =           0           1
 cut off radius          =   1.53080765336510        1.53080765336510     
 Zps                     =   5.00000000000000     
 xc_pot                  =   LDAPZ81 
 a1,a2,a3,a4             = -9.716617000000000E-002  0.556847110000000     
                             1.09716617000000        3.11092575000000     
 Reference               =           1           1
 anorm                   =  0.516784929688000       0.294802866480000     
 inorm                   =           1          -1
 sum(cdd)                =   4.89438999223969     
 sum(cdc)                =  0.000000000000000E+000
 ps_type =            0
------------------------------------------------------------ read_pseudopot(end)
--------------------------------------------------------- write_info_atom(start)
           Zatom    Zion     Num    FilePS
       1       7       5       2    N_psv.dat                     
   total      14      10       2
----------------------------------------------------------- write_info_atom(end)
---------------------------------------------------------- count_electron(start)
------------------------------------------------------------ count_electron(end)
---------------------------------------------------- check_Nband_electron(start)
 Nband is replaced to        8
------------------------------------------------------ check_Nband_electron(end)
-------------------------------------------------------------- init_force(start)
 Ntim=           1
-------------------------------------------------------------- read_force(start)
        TIM
 tim(1)     0.00000   0.00000   0.00000
            0.00000   0.00000   0.00000
            0.00000   0.00000   1.00000
---------------------------------------------------------------- read_force(end)
---------------------------------------------------------------- init_force(end)
-------------------------------------------------------------- init_rgrid(start)
 SYStype=           0
 aa    20.0000000000   0.0000000000   0.0000000000
        0.0000000000  20.0000000000   0.0000000000
        0.0000000000   0.0000000000  20.0000000000
 Ngrid(1:3)=   40   40   40
 Ngrid(0)  =   64000
 Hgrid(1:3)=     0.50000000     0.50000000     0.50000000
---------------------------------------------------------------- init_rgrid(end)
-------------------------------------------------------------- Init_Ggrid(start)
 Ecut,Gcut=   37.5291707351423        6.12610567450010     
 NGgrid=       31103          19          19          19
 NMGL=         319
---------------------------------------------------------------- Init_Ggrid(end)
------------------------------------------------------------- generate_bz(start)
 Nbzsm, MMBZ =           1           1
                                kbb   weight_bz
    1   0.00000   0.00000   0.00000     1.00000
--------------------------------------------------------------- generate_bz(end)
---------------------------------------------------------- init_scalapack(start)
 NPROW,NPCOL,MBSIZE,NBSIZE
           2           2           4           4
------------------------------------------------------------ init_scalapack(end)
----------------------------------------------------------- init_parallel(start)
 np1,np2,np3=           1           2           2
 np_grid    =           4
 np_band    =           1
 np_bz      =           1
 np_spin    =           1
 np_fkmb    =           1
 nprocs     =           4
 irank grid band   bz spin
     0    0    0    0    0    0
     1    1    0    0    0    0
     2    2    0    0    0    0
     3    3    0    0    0    0
--- fock-band-parallel ---
 Nband  =           8
 np_fkmb=           1
        i id_fkmb ir_fkmb
        0       0       8
 nprocs_f =           4
--- spin-parallel ---
 nspin  =           1
 np_spin=           1
        i id_spin ir_spin
        0       0       1
 nprocs_s =           4
--- k-parallel ---
 Nbzsm    =           1
 np_bzsm=           1
        i id_bzsm ir_bzsm
        0       0       1
 nprocs_k =           4
--- band-parallel ---
 Nband  =           8
 np_band=           1
        i id_band ir_band
        0       0       8
 nprocs_b =           4
--- grid-parallel ---
 nprocs_g =           1
 nprocs_b =           4
 nprocs_k =           4
 nprocs_s =           4
 nprocs_f =           4
 nprocs   =           4
 comm_world, nprocs   =           0           4
 comm_grid,  nprocs_g =           3           4
 comm_band,  nprocs_b =           4           1
 comm_bzsm,  nprocs_k =           5           1
 comm_spin,  nprocs_s =           6           1
 comm_fkmb,  nprocs_f =           7           1
------------------------------------------------------------- init_parallel(end)
------------------------------------------------------ InitParallel_Rgrid(start)
-------------------------------------------------------- InitParallel_Rgrid(end)
------------------------------------------------------ InitParallel_Ggrid(start)
-------------------------------------------------------- InitParallel_Ggrid(end)
---------------------------------------------------------------- init_omp(start)
 nn(ini)=          40          20          20
 nn(1:3)=          40          20          20
 np(1:3)=           1           1           1
 m      =           1
 Ngrid_omp   40   20   20
 IGIG        1   16000       0      39       0      19       0      19   16000
 omp_get_num_threads=           1
------------------------------------------------------------------ init_omp(end)
--------------------------------------------------------------- init_fftw(start)
----------------------------------------------------------------- init_fftw(end)
---------------------------------------------------------- init_bcset_sol(start)
------------------------------------------------------------ init_bcset_sol(end)
------------------------------------------------------------ init_kinetic(start)
  -2.98277778 -2.98277778    0.00000000  0.00000000
   1.71428571  1.71428571    0.85714286  0.85714286
  -0.26785714 -0.26785714   -0.26785714 -0.26785714
   0.05291005  0.05291005    0.07936508  0.07936508
  -0.00892857 -0.00892857   -0.01785714 -0.01785714
   0.00103896  0.00103896    0.00259740  0.00259740
  -0.00006013 -0.00006013   -0.00018038 -0.00018038
 ggg=   1.00000   1.00000   1.00000   0.00000   0.00000   0.00000
                        lap               coef_lap
   0     -2.982777777777778     17.896666666666668
   1      1.714285714285714     -3.428571428571428  -3.428571428571428  -3.428571428571428
   2     -0.267857142857143      0.535714285714286   0.535714285714286   0.535714285714286
   3      0.052910052910053     -0.105820105820106  -0.105820105820106  -0.105820105820106
   4     -0.008928571428571      0.017857142857143   0.017857142857143   0.017857142857143
   5      0.001038961038961     -0.002077922077922  -0.002077922077922  -0.002077922077922
   6     -0.000060125060125      0.000120250120250   0.000120250120250   0.000120250120250
                        nab               coef_nab
   1      0.857142857142857      1.714285714285714   1.714285714285714   1.714285714285714
   2     -0.267857142857143     -0.535714285714286  -0.535714285714286  -0.535714285714286
   3      0.079365079365079      0.158730158730159   0.158730158730159   0.158730158730159
   4     -0.017857142857143     -0.035714285714286  -0.035714285714286  -0.035714285714286
   5      0.002597402597403      0.005194805194805   0.005194805194805   0.005194805194805
   6     -0.000180375180375     -0.000360750360750  -0.000360750360750  -0.000360750360750
-------------------------------------------------------------- init_kinetic(end)
--------------------------------------------------------- set_array_bound(start)
----------------------------------------------------------- set_array_bound(end)
----------------------------------------------------------- init_ps_local(start)
------------------------------------------------------------- init_ps_local(end)
------------------------------------------------------------- init_ps_pcc(start)
-------------------------------------------------------- construct_strfac(start)
---------------------------------------------------------- construct_strfac(end)
------------------------------------------------------ construct_ps_local(start)
------------------------------------------------- construct_ps_local_fftw(start)
--------------------------------------------------- construct_ps_local_fftw(end)
---------------------------------------------------- construct_ps_initrho(start)
 iswitch_initrho =           0
 analytic        = F
 WARNING: rho is negative at some points -1.558802787412004E-003
 WARNING: rho is negative at some points -1.558802787412004E-003
 WARNING: rho is negative at some points -1.558802787412004E-003
 WARNING: rho is negative at some points -1.558802787412004E-003
    Nelectron                 sum                 min                 max
     10.00000         10.6936464873        0.0000000000        0.5502190781
    Nelectron                 sum                 min                 max
     10.00000         10.0000000000        0.0000000000        0.5145289577
------------------------------------------------------ construct_ps_initrho(end)
--------------------------------------------------------- destruct_strfac(start)
----------------------------------------------------------- destruct_strfac(end)
-------------------------------------------------------- ps_nloc_initiate(start)
----------------------------------------------------------- prep_ps_nloc2(start)
------------------------------------------------------------- prep_ps_nloc2(end)
---------------------------------------------------------- ps_nloc_initiate(end)
---------------------------------------------------------- init_xc_hybrid(start)
--------------------------------------------------------------- init_eion(start)
---------------------------------------------------------------calc_ewald(start)
---------------------------------------------------------------- calc_ewald(end)
 Eewald(SYSTYPE=0)=        5.189317280925155
----------------------------------------------------------------- init_eion(end)
------------------------------------------------------ init_subspace_diag(start)
     rank_b       tri         m         n       nme      idis
          0        36         0         8        36         0
-------------------------------------------------------- init_subspace_diag(end)
----------------------------------------------------------------- init_wf(start)
------------------------------------------------------------------- init_wf(end)
------------------------------------------------------- init_occ_electron(start)
--------------------------------------------------------- init_occ_electron(end)
------------------------------------------------------------ main
 Natom    =           2
 Nelement =           1
 Nband =           8
 Nspin =           1
 Nbzsm =           1           1
 Nelectron =   10.0000000000000     
 Next_electron =  0.000000000000000E+000
 Ndspin,Nfixed =  0.000000000000000E+000           0
 Zps   =   5.00000000000000     
 sum(occ)=   10.0000000000000     
           1           1   2.00000000000000     
           2           1   2.00000000000000     
           3           1   2.00000000000000     
           4           1   2.00000000000000     
           5           1   2.00000000000000     
           6           1  0.000000000000000E+000
           7           1  0.000000000000000E+000
           8           1  0.000000000000000E+000
------------------------------------------------------------ init_hartree(start)
-------------------------------------------------------------- init_hartree(end)
----------------------------------------------------------- init_localpot(start)
------------------------------------------------------------- init_localpot(end)
--------------------------------------------------------------------------------
--------------------------------------------------------- SWEEP START ----------
---------------------------------------------------------------- sweep_iter=   1
 NCG =           3
 ICG =           1
 SWGS=           0
 SYStype=           0
 mloop  =           3
---------------------------------------------------------- prep_scalapack(start)
 NPROW,NPCOL,MBSIZE,NBSIZE
           2           2           4           4
 ICTXTX,ICTXT0    =           0           0
 NPROW,NPCOL      =           2           2
 MBSIZE,NBSIZE    =           4           4
 MYROW,MYCOL      =           0           0
 LLD_R,LLD_C,MXLLD=           4           4           4
 NP0,NQ0          =           4           4
 NPX,NQX          =           4           4
 iblacs           = T
------------------------------------------------------------ prep_scalapack(end)

 Echk,dif/tol =  -9.398367634       -144.11     / 1.00000E-12

   k     n          esp(n,k,s)    esp_err   occ(n,k,s)   
   1     1  -1.176791195725343  -5.6104       2.0000    
   1     2  -0.024661120170121  -15.968       2.0000    
   1     3   0.349264287514093  -16.751       2.0000    
   1     4   0.649027079081360  -16.957       2.0000    
   1     5   0.806597368522983  -16.765       2.0000    
   1     6   1.068505307013256  -16.715       0.0000    
   1     7   2.096790967382936  -15.708       0.0000    
   1     8   2.988814958867454  -14.767       0.0000    
 
 time(sweep)=     0.034(rank0)     0.034(min)     0.034(max)
 
---------------------------------------------------------------- sweep_iter=   2

 Echk,dif/tol =  -18.54870852       -9.1503     / 1.00000E-12

   k     n          esp(n,k,s)    esp_err   occ(n,k,s)   
   1     1  -1.526022924776794 -0.34923       2.0000    
   1     2  -0.803565356725354 -0.77890       2.0000    
   1     3  -0.689382406564426  -1.0386       2.0000    
   1     4  -0.625975023320106  -1.2750       2.0000    
   1     5  -0.326788312418687  -1.1334       2.0000    
   1     6  -0.013174533092763  -1.0817       0.0000    
   1     7   0.588312534294675  -1.5085       0.0000    
   1     8   0.816435493418383  -2.1724       0.0000    
 
 time(sweep)=     0.034(rank0)     0.033(min)     0.034(max)
 
---------------------------------------------------------------- sweep_iter=   3

 Echk,dif/tol =  -19.94384635       -1.3951     / 1.00000E-12

   k     n          esp(n,k,s)    esp_err   occ(n,k,s)   
   1     1  -1.535522432511340 -0.94995E-02   2.0000    
   1     2  -0.831268796645358 -0.27703E-01   2.0000    
   1     3  -0.800068970308846 -0.11069       2.0000    
   1     4  -0.793671177332283 -0.16770       2.0000    
   1     5  -0.708771562712896 -0.38198       2.0000    
   1     6  -0.246313826391981 -0.23314       0.0000    
   1     7  -0.022067685601198 -0.61038       0.0000    
   1     8   0.165441881417680 -0.65099       0.0000    
 
 time(sweep)=     0.033(rank0)     0.033(min)     0.033(max)
 
---------------------------------------------------------------- sweep_iter=   4

 Echk,dif/tol =  -20.00014137      -0.56295E-01 / 1.00000E-12

   k     n          esp(n,k,s)    esp_err   occ(n,k,s)   
   1     1  -1.535571214641972 -0.48782E-04   2.0000    
   1     2  -0.831773814899665 -0.50502E-03   2.0000    
   1     3  -0.801228833390462 -0.11599E-02   2.0000    
   1     4  -0.800753899736742 -0.70827E-02   2.0000    
   1     5  -0.728122685820655 -0.19351E-01   2.0000    
   1     6  -0.385362969721447 -0.13905       0.0000    
   1     7  -0.159771293824454 -0.13770       0.0000    
   1     8  -0.002105331197968 -0.16755       0.0000    
 
 time(sweep)=     0.033(rank0)     0.033(min)     0.033(max)
 
---------------------------------------------------------------- sweep_iter=   5

 Echk,dif/tol =  -20.00218007      -0.20387E-02 / 1.00000E-12

   k     n          esp(n,k,s)    esp_err   occ(n,k,s)   
   1     1  -1.535571377403163 -0.16276E-06   2.0000    
   1     2  -0.831781969289549 -0.81544E-05   2.0000    
   1     3  -0.801268629463996 -0.39796E-04   2.0000    
   1     4  -0.801260761400660 -0.50686E-03   2.0000    
   1     5  -0.728587063526988 -0.46438E-03   2.0000    
   1     6  -0.390627557831436 -0.52646E-02   0.0000    
   1     7  -0.375980500967436 -0.21621       0.0000    
   1     8  -0.009659258436507 -0.75539E-02   0.0000    
 
 time(sweep)=     0.033(rank0)     0.033(min)     0.033(max)
 
-------------------------------------------------------------- write_data(start)
 write to vrho.dat1.sweep               
 OC =           3
 WF: real(8) -> real(8)
 write to wf.dat1.sweep                 
 MBwr1,MBwr2 =           1           8
---------------------------------------------------------------- write_data(end)
----------------------------------------------------------- SWEEP END ----------
--------------------------------------------------------------------------------
--------------------------------------------------------------------------------
---------------------------------------------------------- SCF START -----------
------------------------------------------------------------- init_mixing(start)
--------------------------------------------------------------- init_mixing(end)
------------------------------------------------------------------ scf_iter=   1
 
 Total Energy :    -19.58585852  (Hartree)
 Harris Energy:    -20.00224142  (Hartree)
  ( diff/tol =  4.16383E-01 / 0.00000E+00 )    F
 
 Charge:    10.000000000000028
 
 |Vloc-Vloc0|^2/tol =   5.13787E-03   / 1.00000E-15    F
 |rho -rho0 |^2/tol =   2.69439E-05   / 0.00000E+00

   k     n          esp(n,k,s)    esp_err   occ(n,k,s)   
   1     1  -1.535571378342451 -0.93929E-09   2.0000    
   1     2  -0.831782108959010 -0.13967E-06   2.0000    
   1     3  -0.801269894558229 -0.12651E-05   2.0000    
   1     4  -0.801269725556079 -0.89642E-05   2.0000    
   1     5  -0.728607365640839 -0.20302E-04   2.0000    
   1     6  -0.390702600347967 -0.75043E-04   0.0000    
   1     7  -0.390422388052513 -0.14442E-01   0.0000    
   1     8  -0.056169399780745 -0.46510E-01   0.0000    
 
 time(scf)=     0.053(rank0)     0.053(min)     0.053(max)
------------------------------------------------------------------ scf_iter=   2
 
 Total Energy :    -19.53722015  (Hartree)
 Harris Energy:    -19.84643605  (Hartree)
  ( diff/tol =  3.09216E-01 / 0.00000E+00 )    F
 
 Charge:    10.000000000000007
 
 |Vloc-Vloc0|^2/tol =   1.32176E-03   / 1.00000E-15    F
 |rho -rho0 |^2/tol =   1.95122E-05   / 0.00000E+00

   k     n          esp(n,k,s)    esp_err   occ(n,k,s)   
   1     1  -0.804978386944692  0.73059       2.0000    
   1     2  -0.349002372682673  0.48278       2.0000    
   1     3  -0.258187041239411  0.54308       2.0000    
   1     4  -0.258197772308309  0.54307       2.0000    
   1     5  -0.197074190039683  0.53153       2.0000    
   1     6   0.141826792522748  0.53253       0.0000    
   1     7   0.076992035727290  0.46741       0.0000    
   1     8   0.076518954122138  0.13269       0.0000    
 
 time(scf)=     0.054(rank0)     0.054(min)     0.054(max)
------------------------------------------------------------------ scf_iter=   3
 
 Total Energy :    -19.74000785  (Hartree)
 Harris Energy:    -19.74157238  (Hartree)
  ( diff/tol =  1.56453E-03 / 0.00000E+00 )    F
 
 Charge:    10.000000000000000
 
 |Vloc-Vloc0|^2/tol =   4.60431E-04   / 1.00000E-15    F
 |rho -rho0 |^2/tol =   1.03604E-07   / 0.00000E+00

   k     n          esp(n,k,s)    esp_err   occ(n,k,s)   
   1     1  -1.075431009875524 -0.27045       2.0000    
   1     2  -0.511095730106631 -0.16209       2.0000    
   1     3  -0.448405872535434 -0.19022       2.0000    
   1     4  -0.448396928680519 -0.19020       2.0000    
   1     5  -0.389946792810743 -0.19287       2.0000    
   1     6  -0.073427968697333 -0.21525       0.0000    
   1     7  -0.073114590818619 -0.15011       0.0000    
   1     8   0.010324529578862 -0.66194E-01   0.0000    
 
 time(scf)=     0.053(rank0)     0.053(min)     0.053(max)
------------------------------------------------------------------ scf_iter=   4
 
 Total Energy :    -19.74146280  (Hartree)
 Harris Energy:    -19.74368218  (Hartree)
  ( diff/tol =  2.21938E-03 / 0.00000E+00 )    F
 
 Charge:    10.000000000000007
 
 |Vloc-Vloc0|^2/tol =   1.29303E-05   / 1.00000E-15    F
 |rho -rho0 |^2/tol =   1.35522E-07   / 0.00000E+00

   k     n          esp(n,k,s)    esp_err   occ(n,k,s)   
   1     1  -1.027871048930941  0.47560E-01   2.0000    
   1     2  -0.481482724933522  0.29613E-01   2.0000    
   1     3  -0.412648700621689  0.35757E-01   2.0000    
   1     4  -0.412639290838929  0.35758E-01   2.0000    
   1     5  -0.359140250390673  0.30807E-01   2.0000    
   1     6  -0.044471067687036  0.28957E-01   0.0000    
   1     7  -0.044432016284177  0.28683E-01   0.0000    
   1     8  -0.001217457503298 -0.11542E-01   0.0000    
 
 time(scf)=     0.054(rank0)     0.054(min)     0.054(max)
------------------------------------------------------------------ scf_iter=   5
 
 Total Energy :    -19.74253776  (Hartree)
 Harris Energy:    -19.74256720  (Hartree)
  ( diff/tol =  2.94448E-05 / 0.00000E+00 )    F
 
 Charge:    10.000000000000000
 
 |Vloc-Vloc0|^2/tol =   1.50982E-06   / 1.00000E-15    F
 |rho -rho0 |^2/tol =   2.09385E-09   / 0.00000E+00

   k     n          esp(n,k,s)    esp_err   occ(n,k,s)   
   1     1  -1.049212767401076 -0.21342E-01   2.0000    
   1     2  -0.490605101145199 -0.91224E-02   2.0000    
   1     3  -0.426444410576663 -0.13796E-01   2.0000    
   1     4  -0.426440149231775 -0.13801E-01   2.0000    
   1     5  -0.369751978736310 -0.10612E-01   2.0000    
   1     6  -0.054501880755183 -0.10031E-01   0.0000    
   1     7  -0.054493161620502 -0.10061E-01   0.0000    
   1     8  -0.003638840492393 -0.24214E-02   0.0000    
 
 time(scf)=     0.054(rank0)     0.054(min)     0.054(max)
------------------------------------------------------------------ scf_iter=   6
 
 Total Energy :    -19.74254405  (Hartree)
 Harris Energy:    -19.74256283  (Hartree)
  ( diff/tol =  1.87810E-05 / 0.00000E+00 )    F
 
 Charge:    10.000000000000000
 
 |Vloc-Vloc0|^2/tol =   1.15461E-07   / 1.00000E-15    F
 |rho -rho0 |^2/tol =   1.11037E-09   / 0.00000E+00

   k     n          esp(n,k,s)    esp_err   occ(n,k,s)   
   1     1  -1.051873016433247 -0.26602E-02   2.0000    
   1     2  -0.492593192170544 -0.19881E-02   2.0000    
   1     3  -0.428531681667078 -0.20873E-02   2.0000    
   1     4  -0.428531373639208 -0.20912E-02   2.0000    
   1     5  -0.371834652689545 -0.20827E-02   2.0000    
   1     6  -0.056344117534279 -0.18422E-02   0.0000    
   1     7  -0.056342683532302 -0.18495E-02   0.0000    
   1     8  -0.003533711272281  0.10513E-03   0.0000    
 
 time(scf)=     0.054(rank0)     0.054(min)     0.054(max)
------------------------------------------------------------------ scf_iter=   7
 
 Total Energy :    -19.74255471  (Hartree)
 Harris Energy:    -19.74255877  (Hartree)
  ( diff/tol =  4.05542E-06 / 0.00000E+00 )    F
 
 Charge:    10.000000000000004
 
 |Vloc-Vloc0|^2/tol =   6.22237E-08   / 1.00000E-15    F
 |rho -rho0 |^2/tol =   2.64659E-10   / 0.00000E+00

   k     n          esp(n,k,s)    esp_err   occ(n,k,s)   
   1     1  -1.052245206801633 -0.37219E-03   2.0000    
   1     2  -0.492762180199440 -0.16899E-03   2.0000    
   1     3  -0.428779549471393 -0.24787E-03   2.0000    
   1     4  -0.428779372991454 -0.24800E-03   2.0000    
   1     5  -0.372033654572880 -0.19900E-03   2.0000    
   1     6  -0.056536159690236 -0.19204E-03   0.0000    
   1     7  -0.056535794828740 -0.19311E-03   0.0000    
   1     8  -0.003754719744884 -0.22101E-03   0.0000    
 
 time(scf)=     0.054(rank0)     0.054(min)     0.054(max)
------------------------------------------------------------------ scf_iter=   8
 
 Total Energy :    -19.74255720  (Hartree)
 Harris Energy:    -19.74255723  (Hartree)
  ( diff/tol =  2.79482E-08 / 0.00000E+00 )    F
 
 Charge:    10.000000000000014
 
 |Vloc-Vloc0|^2/tol =   5.24186E-09   / 1.00000E-15    F
 |rho -rho0 |^2/tol =   4.05334E-12   / 0.00000E+00

   k     n          esp(n,k,s)    esp_err   occ(n,k,s)   
   1     1  -1.052714141296697 -0.46893E-03   2.0000    
   1     2  -0.492754424011439  0.77562E-05   2.0000    
   1     3  -0.429006338187534 -0.22679E-03   2.0000    
   1     4  -0.429006282462770 -0.22691E-03   2.0000    
   1     5  -0.372080149185136 -0.46495E-04   2.0000    
   1     6  -0.056633051964262 -0.96892E-04   0.0000    
   1     7  -0.056632962372245 -0.97168E-04   0.0000    
   1     8  -0.003692425357059  0.62294E-04   0.0000    
 
 time(scf)=     0.054(rank0)     0.054(min)     0.054(max)
------------------------------------------------------------------ scf_iter=   9
 
 Total Energy :    -19.74255722  (Hartree)
 Harris Energy:    -19.74255723  (Hartree)
  ( diff/tol =  1.00702E-08 / 0.00000E+00 )    F
 
 Charge:    10.000000000000000
 
 |Vloc-Vloc0|^2/tol =   7.41296E-11   / 1.00000E-15    F
 |rho -rho0 |^2/tol =   5.51691E-13   / 0.00000E+00

   k     n          esp(n,k,s)    esp_err   occ(n,k,s)   
   1     1  -1.052781587497586 -0.67446E-04   2.0000    
   1     2  -0.492810639930647 -0.56216E-04   2.0000    
   1     3  -0.429056914607495 -0.50576E-04   2.0000    
   1     4  -0.429056893871947 -0.50611E-04   2.0000    
   1     5  -0.372140088343729 -0.59939E-04   2.0000    
   1     6  -0.056679525554517 -0.46474E-04   0.0000    
   1     7  -0.056679499061239 -0.46537E-04   0.0000    
   1     8  -0.003736907923298 -0.44483E-04   0.0000    
 
 time(scf)=     0.054(rank0)     0.054(min)     0.054(max)
------------------------------------------------------------------ scf_iter=  10
 
 Total Energy :    -19.74255722  (Hartree)
 Harris Energy:    -19.74255722  (Hartree)
  ( diff/tol =  4.15611E-10 / 0.00000E+00 )    F
 
 Charge:    10.000000000000004
 
 |Vloc-Vloc0|^2/tol =   2.86415E-11   / 1.00000E-15    F
 |rho -rho0 |^2/tol =   2.41794E-14   / 0.00000E+00

   k     n          esp(n,k,s)    esp_err   occ(n,k,s)   
   1     1  -1.052792509726526 -0.10922E-04   2.0000    
   1     2  -0.492819184684128 -0.85448E-05   2.0000    
   1     3  -0.429066329864211 -0.94153E-05   2.0000    
   1     4  -0.429066328084070 -0.94342E-05   2.0000    
   1     5  -0.372148483528550 -0.83952E-05   2.0000    
   1     6  -0.056687695410490 -0.81699E-05   0.0000    
   1     7  -0.056687690502914 -0.81914E-05   0.0000    
   1     8  -0.003771280754814 -0.34373E-04   0.0000    
 
 time(scf)=     0.054(rank0)     0.054(min)     0.054(max)
------------------------------------------------------------------ scf_iter=  11
 
 Total Energy :    -19.74255722  (Hartree)
 Harris Energy:    -19.74255722  (Hartree)
  ( diff/tol =  1.52518E-11 / 0.00000E+00 )    F
 
 Charge:    10.000000000000004
 
 |Vloc-Vloc0|^2/tol =   4.97237E-13   / 1.00000E-15    F
 |rho -rho0 |^2/tol =   9.90006E-16   / 0.00000E+00

   k     n          esp(n,k,s)    esp_err   occ(n,k,s)   
   1     1  -1.052784471305885  0.80384E-05   2.0000    
   1     2  -0.492813616758980  0.55679E-05   2.0000    
   1     3  -0.429060208317090  0.61215E-05   2.0000    
   1     4  -0.429060207735938  0.61203E-05   2.0000    
   1     5  -0.372142653678854  0.58298E-05   2.0000    
   1     6  -0.056682480944787  0.52145E-05   0.0000    
   1     7  -0.056682479901938  0.52106E-05   0.0000    
   1     8  -0.003782744508983 -0.11464E-04   0.0000    
 
 time(scf)=     0.054(rank0)     0.054(min)     0.054(max)
------------------------------------------------------------------ scf_iter=  12
 
 Total Energy :    -19.74255722  (Hartree)
 Harris Energy:    -19.74255722  (Hartree)
  ( diff/tol =  3.58824E-13 / 0.00000E+00 )    F
 
 Charge:    10.000000000000011
 
 |Vloc-Vloc0|^2/tol =   3.55863E-14   / 1.00000E-15    F
 |rho -rho0 |^2/tol =   3.29442E-17   / 0.00000E+00

   k     n          esp(n,k,s)    esp_err   occ(n,k,s)   
   1     1  -1.052785580606760 -0.11093E-05   2.0000    
   1     2  -0.492814213063457 -0.59630E-06   2.0000    
   1     3  -0.429060974490429 -0.76617E-06   2.0000    
   1     4  -0.429060974182477 -0.76645E-06   2.0000    
   1     5  -0.372143312835773 -0.65916E-06   2.0000    
   1     6  -0.056683084847178 -0.60390E-06   0.0000    
   1     7  -0.056683084591258 -0.60469E-06   0.0000    
   1     8  -0.003788700396409 -0.59559E-05   0.0000    
 
 time(scf)=     0.054(rank0)     0.054(min)     0.054(max)
------------------------------------------------------------------ scf_iter=  13
 
 Total Energy :    -19.74255722  (Hartree)
 Harris Energy:    -19.74255722  (Hartree)
  ( diff/tol = -7.10543E-14 / 0.00000E+00 )    F
 
 Charge:    10.000000000000005
 
 |Vloc-Vloc0|^2/tol =   9.37189E-16   / 1.00000E-15    T
 |rho -rho0 |^2/tol =   7.41051E-18   / 0.00000E+00

   k     n          esp(n,k,s)    esp_err   occ(n,k,s)   
   1     1  -1.052785643139936 -0.62533E-07   2.0000    
   1     2  -0.492814242796252 -0.29733E-07   2.0000    
   1     3  -0.429061016192506 -0.41702E-07   2.0000    
   1     4  -0.429061016094209 -0.41912E-07   2.0000    
   1     5  -0.372143346920954 -0.34085E-07   2.0000    
   1     6  -0.056683116568751 -0.31722E-07   0.0000    
   1     7  -0.056683116510808 -0.31920E-07   0.0000    
   1     8  -0.003790836233521 -0.21358E-05   0.0000    
 
 time(scf)=     0.043(rank0)     0.043(min)     0.043(max)
-------------------------------------------------------------- write_data(start)
 write to vrho.dat1                     
 OC =           3
 WF: real(8) -> real(8)
 write to wf.dat1                       
 MBwr1,MBwr2 =           1           8
---------------------------------------------------------------- write_data(end)
------------------------------------------------------------------ SCF END -----
 scf converged ( total # of iteration =  13 )
 Total SCF time :     0.702(rank0)     0.702(min)     0.702(max)
--------------------------------------------------------------------------------
 END_PROGRAM : MAIN
 TIME(END)     1.94270     1.96728
 Start time  2015/12/16 14:05:18.299
 End   time  2015/12/16 14:05:20.266
