----------------------------------------------------------------------
 RSDFT ver.0.0.0
------------------------------------------------------------ header_info
 Start time  2015/12/16 14:00:51.949
 preprocessor option list ( -cpp -Dxxxx )
 _DRSDFT_ (wave functions are REAL8)
 _FFTW_ (FFTW is used)
--------------------------------------------------------- read_parameters(start)
         AX :   20.0000000000
         A1 :   1.0000000E+00  0.0000000E+00  0.0000000E+00
         A2 :   0.0000000E+00  1.0000000E+00  0.0000000E+00
         A3 :   0.0000000E+00  0.0000000E+00  1.0000000E+00
 Nband=           0
 Nspin=           1
 Ndspin=  0.000000000000000E+000
 Nfixed=           0
 Next_electron=  0.000000000000000E+000
 Ngrid(1:3)=           0           0           0
 Md =           6
 SYStype =           1
 rcfac =   1.50000000000000     
 qcfac =   1.00000000000000     
 etafac=   8.00000000000000     
 node_partition(1:6)=   1   2   2   1   1   1
 MB_d=           0
----------------------------------------------------------------- read_wf(start)
 iwork_wf=           0
------------------------------------------------------------------- read_wf(end)
 NBLK =           0
 NBLK1=           0
 iswitch_cgpc=           4
------------------------------------------------------------- read_mixing(start)
         IC :          0
         OC :          3
 beta       =   1.00000000000000     
 iomix,IC,OC=           0           0           3
--------------------------------------------------------------- read_mixing(end)
 ekbt   =  1.000000000000000E-005
 kinteg =           5
 nsetocc=           0
 isetocc=           0           0
 IC =           0
 OC =           3
 OC2=         100
 IO_ctrl=           0
 MBwr1,MBwr2=           0           0
 etime_limit=   10000000000.0000     
      SWSCF :          1
      SWOPT :          1
 ncycl, most, nrfr =          50           8           5
 okatom, eeps      =  0.500000000000000       1.000000000000000E-010
 feps, decr        =  5.000000000000000E-004  0.100000000000000     
 diter_opt         =         100
 strlog            =           0
 isymmetry=           0
 file_symdat=                              
----------------------------------------------------------------- read_xc(start)
     XCTYPE :   LDAPZ81 
------------------------------------------------------------------- read_xc(end)
---------------------------------------------------------- read_xc_hybrid(start)
     XCTYPE :   LDAPZ81 
         IC :          0
------------------------------------------------------------ read_xc_hybrid(end)
     NSWEEP :          5
    SCFCONV :   1.0000000E-15  0.0000000E+00
      DITER :        100
--------------------------------------------------------------- read_band(start)
----------------------------------------------------------------- read_band(end)
-------------------------------------------------------- read_band_unfold(start)
 iswitch_banduf= F
---------------------------------------------------------- read_band_unfold(end)
----------------------------------------------------------- read_parameters(end)
    SYSTYPE :          1
--------------------------------------------------------------- read_atom(start)
 AA format is assumed           1
 Nelment,Natom=           1           2
 zn_atom=           7
        ki_atom          aa_atom1          aa_atom2          aa_atom3  md_atom
     1        1    0.000000000000    0.000000000000    0.051000000000        1
     2        1    0.000000000000    0.000000000000   -0.051000000000        1
----------------------------------------------------------------- read_atom(end)
--------------------------------------------------------- main( aa & bb )(start)
----------------------------------------------------------- main( aa & bb )(end)
---------------------------------------------------------- read_pseudopot(start)
         PP :    2  N_psv.dat           
 *** PSV format ***
 zatom                   =   7.00000000000000     
 # of radial mesh points =        2001
 r(1),...,r(end)         =  0.000000000000000E+000   45.0000000000000     
 NRps                    =        1632        1632
 # of orbitals           =           2
 angular momentum        =           0           1
 cut off radius          =   1.53080765336510        1.53080765336510     
 Zps                     =   5.00000000000000     
 xc_pot                  =   LDAPZ81 
 a1,a2,a3,a4             = -9.716617000000000E-002  0.556847110000000     
                             1.09716617000000        3.11092575000000     
 Reference               =           1           1
 anorm                   =  0.516784929688000       0.294802866480000     
 inorm                   =           1          -1
 sum(cdd)                =   4.89438999223969     
 sum(cdc)                =  0.000000000000000E+000
 ps_type =            0
------------------------------------------------------------ read_pseudopot(end)
--------------------------------------------------------- write_info_atom(start)
           Zatom    Zion     Num    FilePS
       1       7       5       2    N_psv.dat                     
   total      14      10       2
----------------------------------------------------------- write_info_atom(end)
---------------------------------------------------------- count_electron(start)
------------------------------------------------------------ count_electron(end)
---------------------------------------------------- check_Nband_electron(start)
 Nband is replaced to        8
------------------------------------------------------ check_Nband_electron(end)
-------------------------------------------------------------- init_force(start)
 Ntim=           1
-------------------------------------------------------------- read_force(start)
    SYSTYPE :          1
        TIM
 tim(1)     0.00000   0.00000   0.00000
            0.00000   0.00000   0.00000
            0.00000   0.00000   1.00000
---------------------------------------------------------------- read_force(end)
---------------------------------------------------------------- init_force(end)
-------------------------------------------------------------- init_rgrid(start)
------------------------------------------------------------ read_rgrid_mol
 Box_Shape=           1
 Hsize=  0.500000000000000     
 Rsize=   10.0000000000000     
 Zsize=  0.000000000000000E+000
 iswitch_eqdiv=           1
 SYStype=           1
 aa    20.5000000000   0.0000000000   0.0000000000
        0.0000000000  20.5000000000   0.0000000000
        0.0000000000   0.0000000000  20.5000000000
 Ngrid(1:3)=   41   41   41
 Ngrid(0)  =   33401
 Hgrid(1:3)=     0.50000000     0.50000000     0.50000000
---------------------------------------------------------------- init_rgrid(end)
-------------------------------------------------------------- Init_Ggrid(start)
 Ecut,Gcut=   39.4784176043574        6.28318530717959     
 NGgrid=       36137          20          20          20
 NMGL=         353
---------------------------------------------------------------- Init_Ggrid(end)
------------------------------------------------------------- generate_bz(start)
 Nbzsm, MMBZ =           1           1
                                kbb   weight_bz
    1   0.00000   0.00000   0.00000     1.00000
--------------------------------------------------------------- generate_bz(end)
---------------------------------------------------------- init_scalapack(start)
 NPROW,NPCOL,MBSIZE,NBSIZE
           2           2           4           4
------------------------------------------------------------ init_scalapack(end)
----------------------------------------------------------- init_parallel(start)
 np1,np2,np3=           1           2           2
 np_grid    =           4
 np_band    =           1
 np_bz      =           1
 np_spin    =           1
 np_fkmb    =           1
 nprocs     =           4
 irank grid band   bz spin
     0    0    0    0    0    0
     1    1    0    0    0    0
     2    2    0    0    0    0
     3    3    0    0    0    0
--- fock-band-parallel ---
 Nband  =           8
 np_fkmb=           1
        i id_fkmb ir_fkmb
        0       0       8
 nprocs_f =           4
--- spin-parallel ---
 nspin  =           1
 np_spin=           1
        i id_spin ir_spin
        0       0       1
 nprocs_s =           4
--- k-parallel ---
 Nbzsm    =           1
 np_bzsm=           1
        i id_bzsm ir_bzsm
        0       0       1
 nprocs_k =           4
--- band-parallel ---
 Nband  =           8
 np_band=           1
        i id_band ir_band
        0       0       8
 nprocs_b =           4
--- grid-parallel ---
 nprocs_g =           1
 nprocs_b =           4
 nprocs_k =           4
 nprocs_s =           4
 nprocs_f =           4
 nprocs   =           4
 comm_world, nprocs   =           0           4
 comm_grid,  nprocs_g =           3           4
 comm_band,  nprocs_b =           4           1
 comm_bzsm,  nprocs_k =           5           1
 comm_spin,  nprocs_s =           6           1
 comm_fkmb,  nprocs_f =           7           1
------------------------------------------------------------- init_parallel(end)
------------------------------------------------------ InitParallel_Rgrid(start)
  rank   mxp myp mzp         #
     0   -20  20 -20   0 -20   0         0    8989
     1   -20  20   1  20 -20   0      8989    8340
     2   -20  20 -20   0   1  20     17329    8340
     3   -20  20   1  20   1  20     25669    7732
-------------------------------------------------------- InitParallel_Rgrid(end)
------------------------------------------------------ InitParallel_Ggrid(start)
-------------------------------------------------------- InitParallel_Ggrid(end)
---------------------------------------------------------------- init_omp(start)
 nn(ini)=          41          21          21
 nn(1:3)=          41          21          21
 np(1:3)=           1           1           1
 m      =           1
 Ngrid_omp   41   21   21
 IGIG        1    8989     -20      20     -20       0     -20       0    8989
 omp_get_num_threads=           1
------------------------------------------------------------------ init_omp(end)
------------------------------------------------------------ init_bcset_mol(start)
------------------------------------------------------------ init_bcset_mol(end)
------------------------------------------------------------ init_kinetic(start)
  -2.98277778 -2.98277778    0.00000000  0.00000000
   1.71428571  1.71428571    0.85714286  0.85714286
  -0.26785714 -0.26785714   -0.26785714 -0.26785714
   0.05291005  0.05291005    0.07936508  0.07936508
  -0.00892857 -0.00892857   -0.01785714 -0.01785714
   0.00103896  0.00103896    0.00259740  0.00259740
  -0.00006013 -0.00006013   -0.00018038 -0.00018038
 ggg=   1.00000   1.00000   1.00000   0.00000   0.00000   0.00000
                        lap               coef_lap
   0     -2.982777777777778     17.896666666666661
   1      1.714285714285714     -3.428571428571427  -3.428571428571427  -3.428571428571427
   2     -0.267857142857143      0.535714285714285   0.535714285714285   0.535714285714285
   3      0.052910052910053     -0.105820105820106  -0.105820105820106  -0.105820105820106
   4     -0.008928571428571      0.017857142857143   0.017857142857143   0.017857142857143
   5      0.001038961038961     -0.002077922077922  -0.002077922077922  -0.002077922077922
   6     -0.000060125060125      0.000120250120250   0.000120250120250   0.000120250120250
                        nab               coef_nab
   1      0.857142857142857      1.714285714285714   1.714285714285714   1.714285714285714
   2     -0.267857142857143     -0.535714285714286  -0.535714285714286  -0.535714285714286
   3      0.079365079365079      0.158730158730159   0.158730158730159   0.158730158730159
   4     -0.017857142857143     -0.035714285714286  -0.035714285714286  -0.035714285714286
   5      0.002597402597403      0.005194805194805   0.005194805194805   0.005194805194805
   6     -0.000180375180375     -0.000360750360750  -0.000360750360750  -0.000360750360750
-------------------------------------------------------------- init_kinetic(end)
--------------------------------------------------------- set_array_bound(start)
----------------------------------------------------------- set_array_bound(end)
------------------------------------------------------------ prep_ps_nloc2_mol
 rmin(1),rmin(1)+max(Rps)=  0.000000000000000E+000  -2.31196157232793     
 rmin(2),rmin(2)+max(Rps)=  0.000000000000000E+000  -2.31196157232793     
 rmin(3),rmin(3)+max(Rps)=  -1.02000000000000       -3.33196157232793     
 rmax(0),rmax(0)+max(Rps)=   1.02000000000000        3.33196157232793     
 rmax(1),rmax(1)+max(Rps)=  0.000000000000000E+000   2.31196157232793     
 rmax(2),rmax(2)+max(Rps)=  0.000000000000000E+000   2.31196157232793     
 rmax(3),rmax(3)+max(Rps)=   1.02000000000000        3.33196157232793     
---------------------------------------------------------- init_xc_hybrid(start)
--------------------------------------------------------------- init_eion(start)
 Eewald(SYSTYPE=1)=       12.254901960784315
----------------------------------------------------------------- init_eion(end)
------------------------------------------------------ init_subspace_diag(start)
     rank_b       tri         m         n       nme      idis
          0        36         0         8        36         0
-------------------------------------------------------- init_subspace_diag(end)
----------------------------------------------------------------- init_wf(start)
------------------------------------------------------------------- init_wf(end)
------------------------------------------------------- init_occ_electron(start)
--------------------------------------------------------- init_occ_electron(end)
------------------------------------------------------------ main
 Natom    =           2
 Nelement =           1
 Nband =           8
 Nspin =           1
 Nbzsm =           1           1
 Nelectron =   10.0000000000000     
 Next_electron =  0.000000000000000E+000
 Ndspin,Nfixed =  0.000000000000000E+000           0
 Zps   =   5.00000000000000     
 sum(occ)=   10.0000000000000     
           1           1   2.00000000000000     
           2           1   2.00000000000000     
           3           1   2.00000000000000     
           4           1   2.00000000000000     
           5           1   2.00000000000000     
           6           1  0.000000000000000E+000
           7           1  0.000000000000000E+000
           8           1  0.000000000000000E+000
------------------------------------------------------------ init_hartree(start)
 nthreads=           1
 MEO     =           1
 Lmax_ME =           8
 M_max   =           8
 lmmax_ME=          81
 Md      =           6
-------------------------------------------------------------- init_hartree(end)
----------------------------------------------------------- init_localpot(start)
------------------------------------------------------------- init_localpot(end)
--------------------------------------------------------------------------------
--------------------------------------------------------- SWEEP START ----------
---------------------------------------------------------------- sweep_iter=   1
 NCG =           3
 ICG =           1
 SWGS=           0
 SYStype=           1
 mloop  =           3
---------------------------------------------------------- prep_scalapack(start)
 NPROW,NPCOL,MBSIZE,NBSIZE
           2           2           4           4
 ICTXTX,ICTXT0    =           0           0
 NPROW,NPCOL      =           2           2
 MBSIZE,NBSIZE    =           4           4
 MYROW,MYCOL      =           0           0
 LLD_R,LLD_C,MXLLD=           4           4           4
 NP0,NQ0          =           4           4
 NPX,NQX          =           4           4
 iblacs           = T
------------------------------------------------------------ prep_scalapack(end)

 Echk,dif/tol =  -10.71674705       -143.26     / 1.00000E-12
 
 time(sweep)=     0.026(rank0)     0.026(min)     0.026(max)
 
---------------------------------------------------------------- sweep_iter=   2

 Echk,dif/tol =  -17.06196529       -6.3452     / 1.00000E-12
 
 time(sweep)=     0.025(rank0)     0.025(min)     0.025(max)
 
---------------------------------------------------------------- sweep_iter=   3

 Echk,dif/tol =  -19.58160759       -2.5196     / 1.00000E-12
 
 time(sweep)=     0.025(rank0)     0.025(min)     0.025(max)
 
---------------------------------------------------------------- sweep_iter=   4

 Echk,dif/tol =  -19.77761338      -0.19601     / 1.00000E-12
 
 time(sweep)=     0.025(rank0)     0.025(min)     0.025(max)
 
---------------------------------------------------------------- sweep_iter=   5

 Echk,dif/tol =  -19.78112799      -0.35146E-02 / 1.00000E-12
 
 time(sweep)=     0.026(rank0)     0.025(min)     0.026(max)
 
-------------------------------------------------------------- write_data(start)
 write to vrho.dat1.sweep               
 OC =           3
 WF: real(8) -> real(8)
 write to wf.dat1.sweep                 
 MBwr1,MBwr2 =           1           8
---------------------------------------------------------------- write_data(end)
----------------------------------------------------------- SWEEP END ----------
--------------------------------------------------------------------------------
--------------------------------------------------------------------------------
---------------------------------------------------------- SCF START -----------
------------------------------------------------------------- init_mixing(start)
--------------------------------------------------------------- init_mixing(end)
------------------------------------------------------------------ scf_iter=   1
 
 Total Energy :    -19.74743477  (Hartree)
 Harris Energy:    -19.78118603  (Hartree)
  ( diff/tol =  3.37513E-02 / 0.00000E+00 )    F
 
 Charge:     9.999999999999996
 
 |Vloc-Vloc0|^2/tol =   1.15765E-04   / 1.00000E-15    F
 |rho -rho0 |^2/tol =   1.53967E-05   / 0.00000E+00
 
 time(scf)=     0.080(rank0)     0.080(min)     0.080(max)
------------------------------------------------------------------ scf_iter=   2
 
 Total Energy :    -19.66219793  (Hartree)
 Harris Energy:    -19.68887423  (Hartree)
  ( diff/tol =  2.66763E-02 / 0.00000E+00 )    F
 
 Charge:    10.000000000000004
 
 |Vloc-Vloc0|^2/tol =   3.45401E-04   / 1.00000E-15    F
 |rho -rho0 |^2/tol =   3.88088E-06   / 0.00000E+00
 
 time(scf)=     0.082(rank0)     0.082(min)     0.083(max)
------------------------------------------------------------------ scf_iter=   3
 
 Total Energy :    -19.73753224  (Hartree)
 Harris Energy:    -19.77577208  (Hartree)
  ( diff/tol =  3.82398E-02 / 0.00000E+00 )    F
 
 Charge:     9.999999999999998
 
 |Vloc-Vloc0|^2/tol =   4.23901E-04   / 1.00000E-15    F
 |rho -rho0 |^2/tol =   5.00689E-06   / 0.00000E+00
 
 time(scf)=     0.125(rank0)     0.125(min)     0.125(max)
------------------------------------------------------------------ scf_iter=   4
 
 Total Energy :    -19.75738254  (Hartree)
 Harris Energy:    -19.75740830  (Hartree)
  ( diff/tol =  2.57675E-05 / 0.00000E+00 )    F
 
 Charge:    10.000000000000004
 
 |Vloc-Vloc0|^2/tol =   6.32952E-05   / 1.00000E-15    F
 |rho -rho0 |^2/tol =   1.19343E-07   / 0.00000E+00
 
 time(scf)=     0.124(rank0)     0.124(min)     0.124(max)
------------------------------------------------------------------ scf_iter=   5
 
 Total Energy :    -19.75734260  (Hartree)
 Harris Energy:    -19.75766714  (Hartree)
  ( diff/tol =  3.24541E-04 / 0.00000E+00 )    F
 
 Charge:    10.000000000000002
 
 |Vloc-Vloc0|^2/tol =   8.99191E-07   / 1.00000E-15    F
 |rho -rho0 |^2/tol =   1.29814E-07   / 0.00000E+00
 
 time(scf)=     0.131(rank0)     0.131(min)     0.131(max)
------------------------------------------------------------------ scf_iter=   6
 
 Total Energy :    -19.75747102  (Hartree)
 Harris Energy:    -19.75758648  (Hartree)
  ( diff/tol =  1.15461E-04 / 0.00000E+00 )    F
 
 Charge:    10.000000000000000
 
 |Vloc-Vloc0|^2/tol =   9.48887E-08   / 1.00000E-15    F
 |rho -rho0 |^2/tol =   6.94059E-08   / 0.00000E+00
 
 time(scf)=     0.128(rank0)     0.128(min)     0.128(max)
------------------------------------------------------------------ scf_iter=   7
 
 Total Energy :    -19.75754866  (Hartree)
 Harris Energy:    -19.75758306  (Hartree)
  ( diff/tol =  3.43971E-05 / 0.00000E+00 )    F
 
 Charge:     9.999999999999996
 
 |Vloc-Vloc0|^2/tol =   5.62154E-07   / 1.00000E-15    F
 |rho -rho0 |^2/tol =   2.01372E-08   / 0.00000E+00
 
 time(scf)=     0.119(rank0)     0.119(min)     0.119(max)
------------------------------------------------------------------ scf_iter=   8
 
 Total Energy :    -19.75755536  (Hartree)
 Harris Energy:    -19.75757237  (Hartree)
  ( diff/tol =  1.70045E-05 / 0.00000E+00 )    F
 
 Charge:    10.000000000000004
 
 |Vloc-Vloc0|^2/tol =   2.94403E-07   / 1.00000E-15    F
 |rho -rho0 |^2/tol =   5.86768E-09   / 0.00000E+00
 
 time(scf)=     0.124(rank0)     0.124(min)     0.124(max)
------------------------------------------------------------------ scf_iter=   9
 
 Total Energy :    -19.75756902  (Hartree)
 Harris Energy:    -19.75757137  (Hartree)
  ( diff/tol =  2.34470E-06 / 0.00000E+00 )    F
 
 Charge:     9.999999999999996
 
 |Vloc-Vloc0|^2/tol =   6.08897E-08   / 1.00000E-15    F
 |rho -rho0 |^2/tol =   6.25091E-10   / 0.00000E+00
 
 time(scf)=     0.111(rank0)     0.111(min)     0.112(max)
------------------------------------------------------------------ scf_iter=  10
 
 Total Energy :    -19.75756815  (Hartree)
 Harris Energy:    -19.75757166  (Hartree)
  ( diff/tol =  3.51614E-06 / 0.00000E+00 )    F
 
 Charge:    10.000000000000000
 
 |Vloc-Vloc0|^2/tol =   2.79396E-08   / 1.00000E-15    F
 |rho -rho0 |^2/tol =   4.24906E-10   / 0.00000E+00
 
 time(scf)=     0.111(rank0)     0.111(min)     0.111(max)
------------------------------------------------------------------ scf_iter=  11
 
 Total Energy :    -19.75757036  (Hartree)
 Harris Energy:    -19.75757044  (Hartree)
  ( diff/tol =  8.40277E-08 / 0.00000E+00 )    F
 
 Charge:    10.000000000000004
 
 |Vloc-Vloc0|^2/tol =   1.39015E-08   / 1.00000E-15    F
 |rho -rho0 |^2/tol =   1.05527E-11   / 0.00000E+00
 
 time(scf)=     0.105(rank0)     0.105(min)     0.105(max)
------------------------------------------------------------------ scf_iter=  12
 
 Total Energy :    -19.75757038  (Hartree)
 Harris Energy:    -19.75757043  (Hartree)
  ( diff/tol =  4.40662E-08 / 0.00000E+00 )    F
 
 Charge:     9.999999999999996
 
 |Vloc-Vloc0|^2/tol =   1.96095E-10   / 1.00000E-15    F
 |rho -rho0 |^2/tol =   4.62707E-12   / 0.00000E+00
 
 time(scf)=     0.105(rank0)     0.105(min)     0.105(max)
------------------------------------------------------------------ scf_iter=  13
 
 Total Energy :    -19.75757041  (Hartree)
 Harris Energy:    -19.75757041  (Hartree)
  ( diff/tol =  1.60952E-09 / 0.00000E+00 )    F
 
 Charge:    10.000000000000004
 
 |Vloc-Vloc0|^2/tol =   2.18670E-10   / 1.00000E-15    F
 |rho -rho0 |^2/tol =   1.96107E-13   / 0.00000E+00
 
 time(scf)=     0.102(rank0)     0.102(min)     0.102(max)
------------------------------------------------------------------ scf_iter=  14
 
 Total Energy :    -19.75757041  (Hartree)
 Harris Energy:    -19.75757041  (Hartree)
  ( diff/tol =  5.35962E-11 / 0.00000E+00 )    F
 
 Charge:    10.000000000000000
 
 |Vloc-Vloc0|^2/tol =   5.59761E-12   / 1.00000E-15    F
 |rho -rho0 |^2/tol =   5.57526E-15   / 0.00000E+00
 
 time(scf)=     0.097(rank0)     0.097(min)     0.097(max)
------------------------------------------------------------------ scf_iter=  15
 
 Total Energy :    -19.75757041  (Hartree)
 Harris Energy:    -19.75757041  (Hartree)
  ( diff/tol =  1.50244E-11 / 0.00000E+00 )    F
 
 Charge:    10.000000000000000
 
 |Vloc-Vloc0|^2/tol =   1.19752E-13   / 1.00000E-15    F
 |rho -rho0 |^2/tol =   1.05675E-15   / 0.00000E+00
 
 time(scf)=     0.094(rank0)     0.094(min)     0.094(max)
------------------------------------------------------------------ scf_iter=  16
 
 Total Energy :    -19.75757041  (Hartree)
 Harris Energy:    -19.75757041  (Hartree)
  ( diff/tol =  1.56639E-11 / 0.00000E+00 )    F
 
 Charge:    10.000000000000004
 
 |Vloc-Vloc0|^2/tol =   4.69596E-14   / 1.00000E-15    F
 |rho -rho0 |^2/tol =   6.23928E-16   / 0.00000E+00
 
 time(scf)=     0.092(rank0)     0.092(min)     0.093(max)
------------------------------------------------------------------ scf_iter=  17
 
 Total Energy :    -19.75757041  (Hartree)
 Harris Energy:    -19.75757041  (Hartree)
  ( diff/tol =  3.15126E-12 / 0.00000E+00 )    F
 
 Charge:    10.000000000000000
 
 |Vloc-Vloc0|^2/tol =   2.50306E-14   / 1.00000E-15    F
 |rho -rho0 |^2/tol =   1.57539E-17   / 0.00000E+00
 
 time(scf)=     0.088(rank0)     0.088(min)     0.088(max)
------------------------------------------------------------------ scf_iter=  18
 
 Total Energy :    -19.75757041  (Hartree)
 Harris Energy:    -19.75757041  (Hartree)
  ( diff/tol =  1.22249E-11 / 0.00000E+00 )    F
 
 Charge:    10.000000000000000
 
 |Vloc-Vloc0|^2/tol =   2.71065E-16   / 1.00000E-15    T
 |rho -rho0 |^2/tol =   4.01974E-19   / 0.00000E+00
 
 time(scf)=     0.047(rank0)     0.047(min)     0.047(max)
-------------------------------------------------------------- write_data(start)
 write to vrho.dat1                     
 OC =           3
 WF: real(8) -> real(8)
 write to wf.dat1                       
 MBwr1,MBwr2 =           1           8
---------------------------------------------------------------- write_data(end)
------------------------------------------------------------------ SCF END -----
 scf converged ( total # of iteration =  18 )
 Total SCF time :     1.875(rank0)     1.875(min)     1.875(max)
--------------------------------------------------------------------------------
------------------------------------------------------------ atomopt
 Etot(har)=  -19.7575704136594     
 time(force_mol1)  6.998999999999977E-003  6.589889526367188E-003
 time(force_mol2)  0.151977000000000       0.152261972427368     
 time(force_mol3)  0.000000000000000E+000  2.145767211914062E-006
 ncycl0,ncycl            1          50
 most             8
 okatom  0.500000000000000     
----------------------------------------------------------------- ICY    (    1)
 The first CG step !
 Maximum displacement size =       0.0339203   ( atom =    1 )
 okstep, alpha, almax =    0.500000        0.500000         7.37021    
 grad0 =  9.204684931691822E-003
 initial configuration
    1        0.00000        0.00000        1.02000
    2        0.00000        0.00000       -1.02000
 Etot =  -19.7575704136594     
 grad =  9.204684931691822E-003
 Fmax =  6.784065604255130E-002
----------------------------------------------------------------- ICY    (    1)
----------------------------------------------------------------- LINMIN (    1)
 ifar     =           0
 Trial configuration (see fort.97)
     1      0.000000000000      0.000000000000      1.053920328021   1
     1      0.000000000000      0.000000000000     -1.053920238499   1
------------------------------------------------------------ prep_ps_nloc2_mol
 rmin(1),rmin(1)+max(Rps)=  0.000000000000000E+000  -2.31196157232793     
 rmin(2),rmin(2)+max(Rps)=  0.000000000000000E+000  -2.31196157232793     
 rmin(3),rmin(3)+max(Rps)=  -1.05392023849934       -3.36588181082727     
 rmax(0),rmax(0)+max(Rps)=   1.05392032802128        3.36588190034921     
 rmax(1),rmax(1)+max(Rps)=  0.000000000000000E+000   2.31196157232793     
 rmax(2),rmax(2)+max(Rps)=  0.000000000000000E+000   2.31196157232793     
 rmax(3),rmax(3)+max(Rps)=   1.05392032802128        3.36588190034921     
--------------------------------------------------------------------------------
---------------------------------------------------------- SCF START -----------
------------------------------------------------------------- init_mixing(start)
--------------------------------------------------------------- init_mixing(end)
------------------------------------------- scf_iter=   1 ( linmin:  1, cg:  1 )
 
 Total Energy :    -19.74394332  (Hartree)
 Harris Energy:    -19.75979391  (Hartree)
  ( diff/tol =  1.58506E-02 / 0.00000E+00 )    F
 
 Charge:     9.999999999999998
 
 |Vloc-Vloc0|^2/tol =   7.00496E-05   / 1.00000E-15    F
 |rho -rho0 |^2/tol =   2.15050E-06   / 0.00000E+00
 
 time(scf)=     0.075(rank0)     0.075(min)     0.075(max)
------------------------------------------- scf_iter=   2 ( linmin:  1, cg:  1 )
 
 Total Energy :    -19.75654088  (Hartree)
 Harris Energy:    -19.76465135  (Hartree)
  ( diff/tol =  8.11047E-03 / 0.00000E+00 )    F
 
 Charge:    10.000000000000004
 
 |Vloc-Vloc0|^2/tol =   5.03079E-05   / 1.00000E-15    F
 |rho -rho0 |^2/tol =   9.32549E-07   / 0.00000E+00
 
 time(scf)=     0.074(rank0)     0.074(min)     0.074(max)
------------------------------------------- scf_iter=   3 ( linmin:  1, cg:  1 )
 
 Total Energy :    -19.75662801  (Hartree)
 Harris Energy:    -19.76326995  (Hartree)
  ( diff/tol =  6.64194E-03 / 0.00000E+00 )    F
 
 Charge:    10.000000000000000
 
 |Vloc-Vloc0|^2/tol =   4.78124E-05   / 1.00000E-15    F
 |rho -rho0 |^2/tol =   7.48480E-07   / 0.00000E+00
 
 time(scf)=     0.110(rank0)     0.110(min)     0.110(max)
------------------------------------------- scf_iter=   4 ( linmin:  1, cg:  1 )
 
 Total Energy :    -19.76042725  (Hartree)
 Harris Energy:    -19.76043696  (Hartree)
  ( diff/tol =  9.71180E-06 / 0.00000E+00 )    F
 
 Charge:    10.000000000000002
 
 |Vloc-Vloc0|^2/tol =   1.26949E-05   / 1.00000E-15    F
 |rho -rho0 |^2/tol =   4.17246E-09   / 0.00000E+00
 
 time(scf)=     0.104(rank0)     0.104(min)     0.105(max)
------------------------------------------- scf_iter=   5 ( linmin:  1, cg:  1 )
 
 Total Energy :    -19.76045759  (Hartree)
 Harris Energy:    -19.76045764  (Hartree)
  ( diff/tol =  5.11506E-08 / 0.00000E+00 )    F
 
 Charge:    10.000000000000004
 
 |Vloc-Vloc0|^2/tol =   1.28888E-07   / 1.00000E-15    F
 |rho -rho0 |^2/tol =   1.42213E-10   / 0.00000E+00
 
 time(scf)=     0.102(rank0)     0.102(min)     0.102(max)
------------------------------------------- scf_iter=   6 ( linmin:  1, cg:  1 )
 
 Total Energy :    -19.76045780  (Hartree)
 Harris Energy:    -19.76045780  (Hartree)
  ( diff/tol = -6.76376E-10 / 0.00000E+00 )    F
 
 Charge:    10.000000000000004
 
 |Vloc-Vloc0|^2/tol =   9.54350E-10   / 1.00000E-15    F
 |rho -rho0 |^2/tol =   4.07762E-12   / 0.00000E+00
 
 time(scf)=     0.184(rank0)     0.184(min)     0.184(max)
------------------------------------------- scf_iter=   7 ( linmin:  1, cg:  1 )
 
 Total Energy :    -19.76045780  (Hartree)
 Harris Energy:    -19.76045780  (Hartree)
  ( diff/tol =  4.14257E-10 / 0.00000E+00 )    F
 
 Charge:    10.000000000000005
 
 |Vloc-Vloc0|^2/tol =   7.37465E-12   / 1.00000E-15    F
 |rho -rho0 |^2/tol =   1.00822E-13   / 0.00000E+00
 
 time(scf)=     0.096(rank0)     0.096(min)     0.096(max)
------------------------------------------- scf_iter=   8 ( linmin:  1, cg:  1 )
 
 Total Energy :    -19.76045780  (Hartree)
 Harris Energy:    -19.76045780  (Hartree)
  ( diff/tol =  6.80252E-10 / 0.00000E+00 )    F
 
 Charge:    10.000000000000004
 
 |Vloc-Vloc0|^2/tol =   5.00498E-12   / 1.00000E-15    F
 |rho -rho0 |^2/tol =   7.04650E-14   / 0.00000E+00
 
 time(scf)=     0.097(rank0)     0.097(min)     0.097(max)
------------------------------------------- scf_iter=   9 ( linmin:  1, cg:  1 )
 
 Total Energy :    -19.76045780  (Hartree)
 Harris Energy:    -19.76045780  (Hartree)
  ( diff/tol =  1.20626E-09 / 0.00000E+00 )    F
 
 Charge:    10.000000000000005
 
 |Vloc-Vloc0|^2/tol =   1.49422E-11   / 1.00000E-15    F
 |rho -rho0 |^2/tol =   1.23143E-13   / 0.00000E+00
 
 time(scf)=     0.095(rank0)     0.095(min)     0.095(max)
------------------------------------------- scf_iter=  10 ( linmin:  1, cg:  1 )
 
 Total Energy :    -19.76045780  (Hartree)
 Harris Energy:    -19.76045780  (Hartree)
  ( diff/tol =  1.56319E-12 / 0.00000E+00 )    F
 
 Charge:    10.000000000000002
 
 |Vloc-Vloc0|^2/tol =   4.93701E-12   / 1.00000E-15    F
 |rho -rho0 |^2/tol =   4.76895E-16   / 0.00000E+00
 
 time(scf)=     0.094(rank0)     0.094(min)     0.094(max)
------------------------------------------- scf_iter=  11 ( linmin:  1, cg:  1 )
 
 Total Energy :    -19.76045780  (Hartree)
 Harris Energy:    -19.76045780  (Hartree)
  ( diff/tol =  2.84217E-14 / 0.00000E+00 )    F
 
 Charge:    10.000000000000000
 
 |Vloc-Vloc0|^2/tol =   1.66541E-14   / 1.00000E-15    F
 |rho -rho0 |^2/tol =   1.47360E-16   / 0.00000E+00
 
 time(scf)=     0.087(rank0)     0.087(min)     0.088(max)
------------------------------------------- scf_iter=  12 ( linmin:  1, cg:  1 )
 
 Total Energy :    -19.76045780  (Hartree)
 Harris Energy:    -19.76045780  (Hartree)
  ( diff/tol =  1.64455E-11 / 0.00000E+00 )    F
 
 Charge:    10.000000000000004
 
 |Vloc-Vloc0|^2/tol =   2.80863E-15   / 1.00000E-15    F
 |rho -rho0 |^2/tol =   8.82100E-18   / 0.00000E+00
 
 time(scf)=     0.081(rank0)     0.081(min)     0.081(max)
------------------------------------------- scf_iter=  13 ( linmin:  1, cg:  1 )
 
 Total Energy :    -19.76045780  (Hartree)
 Harris Energy:    -19.76045780  (Hartree)
  ( diff/tol =  9.69180E-12 / 0.00000E+00 )    F
 
 Charge:    10.000000000000011
 
 |Vloc-Vloc0|^2/tol =   4.97591E-16   / 1.00000E-15    T
 |rho -rho0 |^2/tol =   2.64503E-19   / 0.00000E+00
 
 time(scf)=     0.046(rank0)     0.046(min)     0.046(max)
-------------------------------------------------------------- write_data(start)
 write to vrho.dat1                     
 OC =           3
 WF: real(8) -> real(8)
 write to wf.dat1                       
 MBwr1,MBwr2 =           1           8
---------------------------------------------------------------- write_data(end)
------------------------------------------------------------------ SCF END -----
 scf converged ( total # of iteration =  13 )
 Total SCF time :     1.256(rank0)     1.256(min)     1.256(max)
--------------------------------------------------------------------------------
 time(force_mol1)  6.999000000000422E-003  6.647825241088867E-003
 time(force_mol2)  2.599600000000013E-002  2.593398094177246E-002
 time(force_mol3)  0.000000000000000E+000  2.145767211914062E-006
 # Force (total)
    1  1    0.00000000000        0.00000000000       0.133897395788E-01
    2  1    0.00000000000        0.00000000000      -0.133897351625E-01
        alpha                 Etot          grad         Fmax         dmax    
   0   0.00000         -19.75757041       0.92047E-02  0.67841E-01  0.67841E-01    0
   1  0.500000         -19.76045780       0.18167E-02  0.13390E-01  0.33920E-01   13
----------------------------------------------------------------- ICY    (    1)
----------------------------------------------------------------- LINMIN (    2)
 ifar     =           0
 a   =  1.477590038823865E-002
 xmin=  0.622952557193644     
 emin=  -19.7605694869369     
 alpha1,alpha2=  0.622952557193644       0.500000000000000     
 Maximum displacement =       0.0083412   ( atom =    1 )
 okstep, alp, almax =     1.00000        0.122953         14.7404    
 Trial configuration (see fort.97)
     1      0.000000000000      0.000000000000      1.062261510163   1
     1      0.000000000000      0.000000000000     -1.062261398628   1
------------------------------------------------------------ prep_ps_nloc2_mol
 rmin(1),rmin(1)+max(Rps)=  0.000000000000000E+000  -2.31196157232793     
 rmin(2),rmin(2)+max(Rps)=  0.000000000000000E+000  -2.31196157232793     
 rmin(3),rmin(3)+max(Rps)=  -1.06226139862756       -3.37422297095549     
 rmax(0),rmax(0)+max(Rps)=   1.06226151016340        3.37422308249133     
 rmax(1),rmax(1)+max(Rps)=  0.000000000000000E+000   2.31196157232793     
 rmax(2),rmax(2)+max(Rps)=  0.000000000000000E+000   2.31196157232793     
 rmax(3),rmax(3)+max(Rps)=   1.06226151016340        3.37422308249133     
--------------------------------------------------------------------------------
---------------------------------------------------------- SCF START -----------
------------------------------------------------------------- init_mixing(start)
--------------------------------------------------------------- init_mixing(end)
------------------------------------------- scf_iter=   1 ( linmin:  2, cg:  1 )
 
 Total Energy :    -19.75964599  (Hartree)
 Harris Energy:    -19.76086226  (Hartree)
  ( diff/tol =  1.21627E-03 / 0.00000E+00 )    F
 
 Charge:     9.999999999999998
 
 |Vloc-Vloc0|^2/tol =   5.08864E-06   / 1.00000E-15    F
 |rho -rho0 |^2/tol =   1.72589E-07   / 0.00000E+00
 
 time(scf)=     0.074(rank0)     0.074(min)     0.075(max)
------------------------------------------- scf_iter=   2 ( linmin:  2, cg:  1 )
 
 Total Energy :    -19.76019004  (Hartree)
 Harris Energy:    -19.76100690  (Hartree)
  ( diff/tol =  8.16864E-04 / 0.00000E+00 )    F
 
 Charge:    10.000000000000000
 
 |Vloc-Vloc0|^2/tol =   4.64510E-06   / 1.00000E-15    F
 |rho -rho0 |^2/tol =   9.73431E-08   / 0.00000E+00
 
 time(scf)=     0.109(rank0)     0.109(min)     0.109(max)
------------------------------------------- scf_iter=   3 ( linmin:  2, cg:  1 )
 
 Total Energy :    -19.76057990  (Hartree)
 Harris Energy:    -19.76058834  (Hartree)
  ( diff/tol =  8.44199E-06 / 0.00000E+00 )    F
 
 Charge:    10.000000000000000
 
 |Vloc-Vloc0|^2/tol =   1.02397E-06   / 1.00000E-15    F
 |rho -rho0 |^2/tol =   2.52990E-09   / 0.00000E+00
 
 time(scf)=     0.072(rank0)     0.072(min)     0.073(max)
------------------------------------------- scf_iter=   4 ( linmin:  2, cg:  1 )
 
 Total Energy :    -19.76058384  (Hartree)
 Harris Energy:    -19.76058553  (Hartree)
  ( diff/tol =  1.68153E-06 / 0.00000E+00 )    F
 
 Charge:    10.000000000000002
 
 |Vloc-Vloc0|^2/tol =   7.71456E-09   / 1.00000E-15    F
 |rho -rho0 |^2/tol =   4.07273E-10   / 0.00000E+00
 
 time(scf)=     0.105(rank0)     0.105(min)     0.105(max)
------------------------------------------- scf_iter=   5 ( linmin:  2, cg:  1 )
 
 Total Energy :    -19.76058450  (Hartree)
 Harris Energy:    -19.76058454  (Hartree)
  ( diff/tol =  3.78908E-08 / 0.00000E+00 )    F
 
 Charge:     9.999999999999995
 
 |Vloc-Vloc0|^2/tol =   7.63618E-10   / 1.00000E-15    F
 |rho -rho0 |^2/tol =   6.35020E-12   / 0.00000E+00
 
 time(scf)=     0.102(rank0)     0.102(min)     0.102(max)
------------------------------------------- scf_iter=   6 ( linmin:  2, cg:  1 )
 
 Total Energy :    -19.76058452  (Hartree)
 Harris Energy:    -19.76058452  (Hartree)
  ( diff/tol =  1.22223E-09 / 0.00000E+00 )    F
 
 Charge:    10.000000000000004
 
 |Vloc-Vloc0|^2/tol =   3.51083E-11   / 1.00000E-15    F
 |rho -rho0 |^2/tol =   2.26972E-13   / 0.00000E+00
 
 time(scf)=     0.098(rank0)     0.098(min)     0.099(max)
------------------------------------------- scf_iter=   7 ( linmin:  2, cg:  1 )
 
 Total Energy :    -19.76058452  (Hartree)
 Harris Energy:    -19.76058452  (Hartree)
  ( diff/tol =  1.99140E-09 / 0.00000E+00 )    F
 
 Charge:     9.999999999999998
 
 |Vloc-Vloc0|^2/tol =   1.54128E-11   / 1.00000E-15    F
 |rho -rho0 |^2/tol =   2.02151E-13   / 0.00000E+00
 
 time(scf)=     0.098(rank0)     0.098(min)     0.098(max)
------------------------------------------- scf_iter=   8 ( linmin:  2, cg:  1 )
 
 Total Energy :    -19.76058452  (Hartree)
 Harris Energy:    -19.76058452  (Hartree)
  ( diff/tol =  4.81748E-11 / 0.00000E+00 )    F
 
 Charge:    10.000000000000007
 
 |Vloc-Vloc0|^2/tol =   1.00115E-11   / 1.00000E-15    F
 |rho -rho0 |^2/tol =   5.92054E-15   / 0.00000E+00
 
 time(scf)=     0.091(rank0)     0.091(min)     0.091(max)
------------------------------------------- scf_iter=   9 ( linmin:  2, cg:  1 )
 
 Total Energy :    -19.76058452  (Hartree)
 Harris Energy:    -19.76058452  (Hartree)
  ( diff/tol =  2.01084E-12 / 0.00000E+00 )    F
 
 Charge:    10.000000000000004
 
 |Vloc-Vloc0|^2/tol =   1.20154E-13   / 1.00000E-15    F
 |rho -rho0 |^2/tol =   2.02638E-16   / 0.00000E+00
 
 time(scf)=     0.089(rank0)     0.089(min)     0.090(max)
------------------------------------------- scf_iter=  10 ( linmin:  2, cg:  1 )
 
 Total Energy :    -19.76058452  (Hartree)
 Harris Energy:    -19.76058452  (Hartree)
  ( diff/tol =  4.19220E-12 / 0.00000E+00 )    F
 
 Charge:    10.000000000000004
 
 |Vloc-Vloc0|^2/tol =   7.19767E-15   / 1.00000E-15    F
 |rho -rho0 |^2/tol =   1.33611E-17   / 0.00000E+00
 
 time(scf)=     0.086(rank0)     0.086(min)     0.086(max)
------------------------------------------- scf_iter=  11 ( linmin:  2, cg:  1 )
 
 Total Energy :    -19.76058452  (Hartree)
 Harris Energy:    -19.76058452  (Hartree)
  ( diff/tol = -5.37170E-12 / 0.00000E+00 )    F
 
 Charge:    10.000000000000004
 
 |Vloc-Vloc0|^2/tol =   3.58349E-16   / 1.00000E-15    T
 |rho -rho0 |^2/tol =   1.28278E-19   / 0.00000E+00
 
 time(scf)=     0.047(rank0)     0.047(min)     0.047(max)
-------------------------------------------------------------- write_data(start)
 write to vrho.dat1                     
 OC =           3
 WF: real(8) -> real(8)
 write to wf.dat1                       
 MBwr1,MBwr2 =           1           8
---------------------------------------------------------------- write_data(end)
------------------------------------------------------------------ SCF END -----
 scf converged ( total # of iteration =  11 )
 Total SCF time :     0.981(rank0)     0.981(min)     0.981(max)
--------------------------------------------------------------------------------
 time(force_mol1)  6.999000000000422E-003  6.680011749267578E-003
 time(force_mol2)  2.199699999999982E-002  2.153587341308594E-002
 time(force_mol3)  0.000000000000000E+000  1.192092895507812E-006
 # Force (total)
    1  1    0.00000000000        0.00000000000       0.180543186365E-02
    2  1    0.00000000000        0.00000000000      -0.180531399042E-02
        alpha                 Etot          grad         Fmax         dmax    
   0   0.00000         -19.75757041       0.92047E-02  0.67841E-01  0.67841E-01    0
   1  0.500000         -19.76045780       0.18167E-02  0.13390E-01  0.33920E-01   13
   2  0.622953         -19.76058452       0.24496E-03  0.18054E-02  0.42262E-01   11
 --- Convergence achieved in LINMIN ---
 decr =  0.100000000000000     
 grad, grad0*decr =  2.449550443129336E-004  9.204684931691823E-004
 Best structure on a line (see fort.197)
----------------------------------------------------------------- ICY    (    2)
 Maximum displacement size =       1.6714888   ( atom =    1 )
 okstep, alpha, almax =    0.500000         34749.4         10394.8    
 alpha is too large and replaced by almax.
 grad0 =  1.734767682601613E-007
 initial configuration
    1        0.00000        0.00000        1.06226
    2        0.00000        0.00000       -1.06226
 Etot =  -19.7605845225248     
 grad =  1.734767682601613E-007
 Fmax =  1.805431863653340E-003
----------------------------------------------------------------- ICY    (    2)
----------------------------------------------------------------- LINMIN (    1)
 ifar     =           0
 Trial configuration (see fort.97)
     1      0.000000000000      0.000000000000      1.562261510163   1
     1      0.000000000000      0.000000000000     -1.561084345608   1
------------------------------------------------------------ prep_ps_nloc2_mol
 rmin(1),rmin(1)+max(Rps)=  0.000000000000000E+000  -2.31196157232793     
 rmin(2),rmin(2)+max(Rps)=  0.000000000000000E+000  -2.31196157232793     
 rmin(3),rmin(3)+max(Rps)=  -1.56108434560811       -3.87304591793604     
 rmax(0),rmax(0)+max(Rps)=   1.56226151016340        3.87422308249133     
 rmax(1),rmax(1)+max(Rps)=  0.000000000000000E+000   2.31196157232793     
 rmax(2),rmax(2)+max(Rps)=  0.000000000000000E+000   2.31196157232793     
 rmax(3),rmax(3)+max(Rps)=   1.56226151016340        3.87422308249133     
--------------------------------------------------------------------------------
---------------------------------------------------------- SCF START -----------
------------------------------------------------------------- init_mixing(start)
--------------------------------------------------------------- init_mixing(end)
------------------------------------------- scf_iter=   1 ( linmin:  1, cg:  2 )
 
 Total Energy :    -17.36968674  (Hartree)
 Harris Energy:    -21.31430930  (Hartree)
  ( diff/tol =  3.94462E+00 / 0.00000E+00 )    F
 
 Charge:    10.000000000000000
 
 |Vloc-Vloc0|^2/tol =   1.98324E-02   / 1.00000E-15    F
 |rho -rho0 |^2/tol =   4.21866E-04   / 0.00000E+00
 
 time(scf)=     0.082(rank0)     0.082(min)     0.083(max)
------------------------------------------- scf_iter=   2 ( linmin:  1, cg:  2 )
 
 Total Energy :    -17.28453132  (Hartree)
 Harris Energy:    -20.97618858  (Hartree)
  ( diff/tol =  3.69166E+00 / 0.00000E+00 )    F
 
 Charge:    10.000000000000000
 
 |Vloc-Vloc0|^2/tol =   2.24010E-02   / 1.00000E-15    F
 |rho -rho0 |^2/tol =   4.73745E-04   / 0.00000E+00
 
 time(scf)=     0.130(rank0)     0.130(min)     0.130(max)
------------------------------------------- scf_iter=   3 ( linmin:  1, cg:  2 )
 
 Total Energy :    -19.23428285  (Hartree)
 Harris Energy:    -19.28341414  (Hartree)
  ( diff/tol =  4.91313E-02 / 0.00000E+00 )    F
 
 Charge:     9.999999999999996
 
 |Vloc-Vloc0|^2/tol =   6.74263E-03   / 1.00000E-15    F
 |rho -rho0 |^2/tol =   2.78446E-05   / 0.00000E+00
 
 time(scf)=     0.084(rank0)     0.084(min)     0.084(max)
------------------------------------------- scf_iter=   4 ( linmin:  1, cg:  2 )
 
 Total Energy :    -18.18426337  (Hartree)
 Harris Energy:    -19.73505496  (Hartree)
  ( diff/tol =  1.55079E+00 / 0.00000E+00 )    F
 
 Charge:     9.999999999999996
 
 |Vloc-Vloc0|^2/tol =   1.61946E-02   / 1.00000E-15    F
 |rho -rho0 |^2/tol =   1.07376E-04   / 0.00000E+00
 
 time(scf)=     0.130(rank0)     0.130(min)     0.130(max)
------------------------------------------- scf_iter=   5 ( linmin:  1, cg:  2 )
 
 Total Energy :    -18.86213380  (Hartree)
 Harris Energy:    -19.58575186  (Hartree)
  ( diff/tol =  7.23618E-01 / 0.00000E+00 )    F
 
 Charge:    10.000000000000004
 
 |Vloc-Vloc0|^2/tol =   3.60078E-02   / 1.00000E-15    F
 |rho -rho0 |^2/tol =   5.00145E-05   / 0.00000E+00
 
 time(scf)=     0.128(rank0)     0.128(min)     0.129(max)
------------------------------------------- scf_iter=   6 ( linmin:  1, cg:  2 )
 
 Total Energy :    -19.47500429  (Hartree)
 Harris Energy:    -19.51213392  (Hartree)
  ( diff/tol =  3.71296E-02 / 0.00000E+00 )    F
 
 Charge:     9.999999999999996
 
 |Vloc-Vloc0|^2/tol =   9.17772E-03   / 1.00000E-15    F
 |rho -rho0 |^2/tol =   3.05959E-06   / 0.00000E+00
 
 time(scf)=     0.124(rank0)     0.124(min)     0.124(max)
------------------------------------------- scf_iter=   7 ( linmin:  1, cg:  2 )
 
 Total Energy :    -19.50441837  (Hartree)
 Harris Energy:    -19.50773896  (Hartree)
  ( diff/tol =  3.32059E-03 / 0.00000E+00 )    F
 
 Charge:    10.000000000000007
 
 |Vloc-Vloc0|^2/tol =   1.48729E-04   / 1.00000E-15    F
 |rho -rho0 |^2/tol =   2.78929E-07   / 0.00000E+00
 
 time(scf)=     0.120(rank0)     0.120(min)     0.120(max)
------------------------------------------- scf_iter=   8 ( linmin:  1, cg:  2 )
 
 Total Energy :    -19.50677579  (Hartree)
 Harris Energy:    -19.50748810  (Hartree)
  ( diff/tol =  7.12307E-04 / 0.00000E+00 )    F
 
 Charge:     9.999999999999996
 
 |Vloc-Vloc0|^2/tol =   4.82889E-05   / 1.00000E-15    F
 |rho -rho0 |^2/tol =   8.36107E-08   / 0.00000E+00
 
 time(scf)=     0.120(rank0)     0.120(min)     0.121(max)
------------------------------------------- scf_iter=   9 ( linmin:  1, cg:  2 )
 
 Total Energy :    -19.50726088  (Hartree)
 Harris Energy:    -19.50727633  (Hartree)
  ( diff/tol =  1.54450E-05 / 0.00000E+00 )    F
 
 Charge:    10.000000000000000
 
 |Vloc-Vloc0|^2/tol =   2.65869E-06   / 1.00000E-15    F
 |rho -rho0 |^2/tol =   3.16285E-09   / 0.00000E+00
 
 time(scf)=     0.113(rank0)     0.113(min)     0.114(max)
------------------------------------------- scf_iter=  10 ( linmin:  1, cg:  2 )
 
 Total Energy :    -19.50726095  (Hartree)
 Harris Energy:    -19.50727642  (Hartree)
  ( diff/tol =  1.54718E-05 / 0.00000E+00 )    F
 
 Charge:    10.000000000000004
 
 |Vloc-Vloc0|^2/tol =   7.66367E-09   / 1.00000E-15    F
 |rho -rho0 |^2/tol =   9.96575E-10   / 0.00000E+00
 
 time(scf)=     0.113(rank0)     0.113(min)     0.113(max)
------------------------------------------- scf_iter=  11 ( linmin:  1, cg:  2 )
 
 Total Energy :    -19.50708184  (Hartree)
 Harris Energy:    -19.50729076  (Hartree)
  ( diff/tol =  2.08919E-04 / 0.00000E+00 )    F
 
 Charge:    10.000000000000002
 
 |Vloc-Vloc0|^2/tol =   3.04348E-06   / 1.00000E-15    F
 |rho -rho0 |^2/tol =   1.36034E-08   / 0.00000E+00
 
 time(scf)=     0.118(rank0)     0.118(min)     0.118(max)
------------------------------------------- scf_iter=  12 ( linmin:  1, cg:  2 )
 
 Total Energy :    -19.50727463  (Hartree)
 Harris Energy:    -19.50727482  (Hartree)
  ( diff/tol =  1.87395E-07 / 0.00000E+00 )    F
 
 Charge:    10.000000000000004
 
 |Vloc-Vloc0|^2/tol =   1.77443E-06   / 1.00000E-15    F
 |rho -rho0 |^2/tol =   2.07705E-11   / 0.00000E+00
 
 time(scf)=     0.110(rank0)     0.110(min)     0.110(max)
------------------------------------------- scf_iter=  13 ( linmin:  1, cg:  2 )
 
 Total Energy :    -19.50727398  (Hartree)
 Harris Energy:    -19.50727505  (Hartree)
  ( diff/tol =  1.07331E-06 / 0.00000E+00 )    F
 
 Charge:    10.000000000000000
 
 |Vloc-Vloc0|^2/tol =   1.87160E-08   / 1.00000E-15    F
 |rho -rho0 |^2/tol =   7.41134E-11   / 0.00000E+00
 
 time(scf)=     0.110(rank0)     0.110(min)     0.110(max)
------------------------------------------- scf_iter=  14 ( linmin:  1, cg:  2 )
 
 Total Energy :    -19.50727490  (Hartree)
 Harris Energy:    -19.50727497  (Hartree)
  ( diff/tol =  7.04121E-08 / 0.00000E+00 )    F
 
 Charge:    10.000000000000004
 
 |Vloc-Vloc0|^2/tol =   5.03068E-09   / 1.00000E-15    F
 |rho -rho0 |^2/tol =   6.01664E-12   / 0.00000E+00
 
 time(scf)=     0.107(rank0)     0.107(min)     0.107(max)
------------------------------------------- scf_iter=  15 ( linmin:  1, cg:  2 )
 
 Total Energy :    -19.50727496  (Hartree)
 Harris Energy:    -19.50727496  (Hartree)
  ( diff/tol =  5.21812E-09 / 0.00000E+00 )    F
 
 Charge:    10.000000000000007
 
 |Vloc-Vloc0|^2/tol =   3.53891E-10   / 1.00000E-15    F
 |rho -rho0 |^2/tol =   1.40494E-12   / 0.00000E+00
 
 time(scf)=     0.114(rank0)     0.114(min)     0.114(max)
------------------------------------------- scf_iter=  16 ( linmin:  1, cg:  2 )
 
 Total Energy :    -19.50727495  (Hartree)
 Harris Energy:    -19.50727496  (Hartree)
  ( diff/tol =  1.32690E-08 / 0.00000E+00 )    F
 
 Charge:    10.000000000000004
 
 |Vloc-Vloc0|^2/tol =   2.19993E-11   / 1.00000E-15    F
 |rho -rho0 |^2/tol =   1.16920E-12   / 0.00000E+00
 
 time(scf)=     0.114(rank0)     0.114(min)     0.114(max)
------------------------------------------- scf_iter=  17 ( linmin:  1, cg:  2 )
 
 Total Energy :    -19.50727496  (Hartree)
 Harris Energy:    -19.50727496  (Hartree)
  ( diff/tol =  7.16440E-11 / 0.00000E+00 )    F
 
 Charge:    10.000000000000000
 
 |Vloc-Vloc0|^2/tol =   1.16341E-10   / 1.00000E-15    F
 |rho -rho0 |^2/tol =   9.46934E-14   / 0.00000E+00
 
 time(scf)=     0.099(rank0)     0.099(min)     0.099(max)
------------------------------------------- scf_iter=  18 ( linmin:  1, cg:  2 )
 
 Total Energy :    -19.50727496  (Hartree)
 Harris Energy:    -19.50727496  (Hartree)
  ( diff/tol =  8.53678E-10 / 0.00000E+00 )    F
 
 Charge:    10.000000000000007
 
 |Vloc-Vloc0|^2/tol =   8.93732E-12   / 1.00000E-15    F
 |rho -rho0 |^2/tol =   5.26545E-14   / 0.00000E+00
 
 time(scf)=     0.101(rank0)     0.101(min)     0.101(max)
------------------------------------------- scf_iter=  19 ( linmin:  1, cg:  2 )
 
 Total Energy :    -19.50727496  (Hartree)
 Harris Energy:    -19.50727496  (Hartree)
  ( diff/tol =  7.62821E-10 / 0.00000E+00 )    F
 
 Charge:    10.000000000000007
 
 |Vloc-Vloc0|^2/tol =   2.87033E-11   / 1.00000E-15    F
 |rho -rho0 |^2/tol =   5.00522E-14   / 0.00000E+00
 
 time(scf)=     0.101(rank0)     0.101(min)     0.101(max)
------------------------------------------- scf_iter=  20 ( linmin:  1, cg:  2 )
 
 Total Energy :    -19.50727496  (Hartree)
 Harris Energy:    -19.50727496  (Hartree)
  ( diff/tol =  4.29559E-11 / 0.00000E+00 )    F
 
 Charge:     9.999999999999996
 
 |Vloc-Vloc0|^2/tol =   3.65956E-12   / 1.00000E-15    F
 |rho -rho0 |^2/tol =   3.40425E-15   / 0.00000E+00
 
 time(scf)=     0.096(rank0)     0.096(min)     0.096(max)
------------------------------------------- scf_iter=  21 ( linmin:  1, cg:  2 )
 
 Total Energy :    -19.50727496  (Hartree)
 Harris Energy:    -19.50727496  (Hartree)
  ( diff/tol =  6.56897E-12 / 0.00000E+00 )    F
 
 Charge:    10.000000000000004
 
 |Vloc-Vloc0|^2/tol =   7.97954E-13   / 1.00000E-15    F
 |rho -rho0 |^2/tol =   3.22104E-16   / 0.00000E+00
 
 time(scf)=     0.094(rank0)     0.094(min)     0.094(max)
------------------------------------------- scf_iter=  22 ( linmin:  1, cg:  2 )
 
 Total Energy :    -19.50727496  (Hartree)
 Harris Energy:    -19.50727496  (Hartree)
  ( diff/tol = -8.18901E-12 / 0.00000E+00 )    F
 
 Charge:    10.000000000000004
 
 |Vloc-Vloc0|^2/tol =   1.26222E-14   / 1.00000E-15    F
 |rho -rho0 |^2/tol =   3.73128E-17   / 0.00000E+00
 
 time(scf)=     0.085(rank0)     0.085(min)     0.085(max)
------------------------------------------- scf_iter=  23 ( linmin:  1, cg:  2 )
 
 Total Energy :    -19.50727496  (Hartree)
 Harris Energy:    -19.50727496  (Hartree)
  ( diff/tol =  2.07905E-11 / 0.00000E+00 )    F
 
 Charge:     9.999999999999993
 
 |Vloc-Vloc0|^2/tol =   5.00482E-15   / 1.00000E-15    F
 |rho -rho0 |^2/tol =   5.82218E-20   / 0.00000E+00
 
 time(scf)=     0.067(rank0)     0.067(min)     0.067(max)
------------------------------------------- scf_iter=  24 ( linmin:  1, cg:  2 )
 
 Total Energy :    -19.50727496  (Hartree)
 Harris Energy:    -19.50727496  (Hartree)
  ( diff/tol =  4.41602E-12 / 0.00000E+00 )    F
 
 Charge:    10.000000000000004
 
 |Vloc-Vloc0|^2/tol =   2.01870E-17   / 1.00000E-15    T
 |rho -rho0 |^2/tol =   2.22330E-20   / 0.00000E+00
 
 time(scf)=     0.040(rank0)     0.040(min)     0.040(max)
-------------------------------------------------------------- write_data(start)
 write to vrho.dat1                     
 OC =           3
 WF: real(8) -> real(8)
 write to wf.dat1                       
 MBwr1,MBwr2 =           1           8
---------------------------------------------------------------- write_data(end)
------------------------------------------------------------------ SCF END -----
 scf converged ( total # of iteration =  24 )
 Total SCF time :     2.510(rank0)     2.509(min)     2.510(max)
--------------------------------------------------------------------------------
 time(force_mol1)  5.999000000000976E-003  6.654024124145508E-003
 time(force_mol2)  1.999700000000004E-002  1.925015449523926E-002
 time(force_mol3)  0.000000000000000E+000  1.907348632812500E-006
 # Force (total)
    1  1    0.00000000000        0.00000000000      -0.215478599003    
    2  1    0.00000000000        0.00000000000       0.216247849588    
        alpha                 Etot          grad         Fmax         dmax    
   0   0.00000         -19.76058452       0.17348E-06  0.18054E-02  0.48101E-04    0
   1   10394.8         -19.50727496      -0.20742E-04  0.21625      0.50000       24
----------------------------------------------------------------- ICY    (    2)
----------------------------------------------------------------- LINMIN (    2)
 ifar     =           1
 a   =  2.012125774840979E-009
 xmin=   86.2156682396613     
 emin=  -19.7605920007325     
 Maximum displacement =       0.4958529   ( atom =    1 )
 okstep, alp, almax =    0.500000        -10308.5         10394.8    
 Safety mechanism is applied.
 safety & safe =  1.000000000000000E-002  1.000000000000000E-002
 alpha1 is replaced by    103.947519592336     
 Trial configuration (see fort.97)
     1      0.000000000000      0.000000000000      1.067261510163   1
     1      0.000000000000      0.000000000000     -1.067249628097   1
------------------------------------------------------------ prep_ps_nloc2_mol
 rmin(1),rmin(1)+max(Rps)=  0.000000000000000E+000  -2.31196157232793     
 rmin(2),rmin(2)+max(Rps)=  0.000000000000000E+000  -2.31196157232793     
 rmin(3),rmin(3)+max(Rps)=  -1.06724962809737       -3.37921120042530     
 rmax(0),rmax(0)+max(Rps)=   1.06726151016340        3.37922308249133     
 rmax(1),rmax(1)+max(Rps)=  0.000000000000000E+000   2.31196157232793     
 rmax(2),rmax(2)+max(Rps)=  0.000000000000000E+000   2.31196157232793     
 rmax(3),rmax(3)+max(Rps)=   1.06726151016340        3.37922308249133     
--------------------------------------------------------------------------------
---------------------------------------------------------- SCF START -----------
------------------------------------------------------------- init_mixing(start)
--------------------------------------------------------------- init_mixing(end)
------------------------------------------- scf_iter=   1 ( linmin:  2, cg:  2 )
 
 Total Energy :    -17.43167381  (Hartree)
 Harris Energy:    -21.12528089  (Hartree)
  ( diff/tol =  3.69361E+00 / 0.00000E+00 )    F
 
 Charge:    10.000000000000004
 
 |Vloc-Vloc0|^2/tol =   1.57512E-02   / 1.00000E-15    F
 |rho -rho0 |^2/tol =   4.84760E-04   / 0.00000E+00
 
 time(scf)=     0.081(rank0)     0.081(min)     0.081(max)
------------------------------------------- scf_iter=   2 ( linmin:  2, cg:  2 )
 
 Total Energy :    -15.78683191  (Hartree)
 Harris Energy:    -20.94569564  (Hartree)
  ( diff/tol =  5.15886E+00 / 0.00000E+00 )    F
 
 Charge:    10.000000000000004
 
 |Vloc-Vloc0|^2/tol =   4.87119E-02   / 1.00000E-15    F
 |rho -rho0 |^2/tol =   4.95672E-04   / 0.00000E+00
 
 time(scf)=     0.126(rank0)     0.126(min)     0.126(max)
------------------------------------------- scf_iter=   3 ( linmin:  2, cg:  2 )
 
 Total Energy :    -18.82671270  (Hartree)
 Harris Energy:    -19.34288918  (Hartree)
  ( diff/tol =  5.16176E-01 / 0.00000E+00 )    F
 
 Charge:    10.000000000000002
 
 |Vloc-Vloc0|^2/tol =   3.85340E-02   / 1.00000E-15    F
 |rho -rho0 |^2/tol =   4.04041E-05   / 0.00000E+00
 
 time(scf)=     0.083(rank0)     0.083(min)     0.084(max)
------------------------------------------- scf_iter=   4 ( linmin:  2, cg:  2 )
 
 Total Energy :    -18.74083714  (Hartree)
 Harris Energy:    -19.40059909  (Hartree)
  ( diff/tol =  6.59762E-01 / 0.00000E+00 )    F
 
 Charge:     9.999999999999996
 
 |Vloc-Vloc0|^2/tol =   5.16495E-03   / 1.00000E-15    F
 |rho -rho0 |^2/tol =   8.66218E-05   / 0.00000E+00
 
 time(scf)=     0.132(rank0)     0.132(min)     0.132(max)
------------------------------------------- scf_iter=   5 ( linmin:  2, cg:  2 )
 
 Total Energy :    -19.10434887  (Hartree)
 Harris Energy:    -19.12532142  (Hartree)
  ( diff/tol =  2.09725E-02 / 0.00000E+00 )    F
 
 Charge:    10.000000000000004
 
 |Vloc-Vloc0|^2/tol =   1.81042E-03   / 1.00000E-15    F
 |rho -rho0 |^2/tol =   1.22191E-05   / 0.00000E+00
 
 time(scf)=     0.127(rank0)     0.127(min)     0.128(max)
------------------------------------------- scf_iter=   6 ( linmin:  2, cg:  2 )
 
 Total Energy :    -19.65152412  (Hartree)
 Harris Energy:    -19.70269180  (Hartree)
  ( diff/tol =  5.11677E-02 / 0.00000E+00 )    F
 
 Charge:     9.999999999999998
 
 |Vloc-Vloc0|^2/tol =   4.93502E-04   / 1.00000E-15    F
 |rho -rho0 |^2/tol =   3.69590E-05   / 0.00000E+00
 
 time(scf)=     0.128(rank0)     0.128(min)     0.129(max)
------------------------------------------- scf_iter=   7 ( linmin:  2, cg:  2 )
 
 Total Energy :    -19.74934174  (Hartree)
 Harris Energy:    -19.80260393  (Hartree)
  ( diff/tol =  5.32622E-02 / 0.00000E+00 )    F
 
 Charge:    10.000000000000005
 
 |Vloc-Vloc0|^2/tol =   6.25958E-04   / 1.00000E-15    F
 |rho -rho0 |^2/tol =   3.97324E-05   / 0.00000E+00
 
 time(scf)=     0.137(rank0)     0.137(min)     0.138(max)
------------------------------------------- scf_iter=   8 ( linmin:  2, cg:  2 )
 
 Total Energy :    -19.74972665  (Hartree)
 Harris Energy:    -19.80259228  (Hartree)
  ( diff/tol =  5.28656E-02 / 0.00000E+00 )    F
 
 Charge:    10.000000000000002
 
 |Vloc-Vloc0|^2/tol =   6.86349E-06   / 1.00000E-15    F
 |rho -rho0 |^2/tol =   3.99163E-05   / 0.00000E+00
 
 time(scf)=     0.139(rank0)     0.139(min)     0.139(max)
------------------------------------------- scf_iter=   9 ( linmin:  2, cg:  2 )
 
 Total Energy :    -19.74703614  (Hartree)
 Harris Energy:    -19.80652399  (Hartree)
  ( diff/tol =  5.94878E-02 / 0.00000E+00 )    F
 
 Charge:    10.000000000000000
 
 |Vloc-Vloc0|^2/tol =   3.48338E-06   / 1.00000E-15    F
 |rho -rho0 |^2/tol =   4.06833E-05   / 0.00000E+00
 
 time(scf)=     0.138(rank0)     0.138(min)     0.138(max)
------------------------------------------- scf_iter=  10 ( linmin:  2, cg:  2 )
 
 Total Energy :    -19.70304174  (Hartree)
 Harris Energy:    -19.86251853  (Hartree)
  ( diff/tol =  1.59477E-01 / 0.00000E+00 )    F
 
 Charge:    10.000000000000004
 
 |Vloc-Vloc0|^2/tol =   1.01005E-04   / 1.00000E-15    F
 |rho -rho0 |^2/tol =   5.20190E-05   / 0.00000E+00
 
 time(scf)=     0.140(rank0)     0.140(min)     0.140(max)
------------------------------------------- scf_iter=  11 ( linmin:  2, cg:  2 )
 
 Total Energy :    -19.41139980  (Hartree)
 Harris Energy:    -20.31828618  (Hartree)
  ( diff/tol =  9.06886E-01 / 0.00000E+00 )    F
 
 Charge:    10.000000000000004
 
 |Vloc-Vloc0|^2/tol =   4.68654E-04   / 1.00000E-15    F
 |rho -rho0 |^2/tol =   9.37357E-05   / 0.00000E+00
 
 time(scf)=     0.131(rank0)     0.131(min)     0.131(max)
------------------------------------------- scf_iter=  12 ( linmin:  2, cg:  2 )
 
 Total Energy :    -18.85685254  (Hartree)
 Harris Energy:    -19.43024555  (Hartree)
  ( diff/tol =  5.73393E-01 / 0.00000E+00 )    F
 
 Charge:    10.000000000000000
 
 |Vloc-Vloc0|^2/tol =   2.64219E-04   / 1.00000E-15    F
 |rho -rho0 |^2/tol =   8.89459E-05   / 0.00000E+00
 
 time(scf)=     0.141(rank0)     0.141(min)     0.142(max)
------------------------------------------- scf_iter=  13 ( linmin:  2, cg:  2 )
 
 Total Energy :    -19.59162102  (Hartree)
 Harris Energy:    -19.61563819  (Hartree)
  ( diff/tol =  2.40172E-02 / 0.00000E+00 )    F
 
 Charge:     9.999999999999993
 
 |Vloc-Vloc0|^2/tol =   1.18909E-03   / 1.00000E-15    F
 |rho -rho0 |^2/tol =   2.95683E-05   / 0.00000E+00
 
 time(scf)=     0.129(rank0)     0.129(min)     0.129(max)
------------------------------------------- scf_iter=  14 ( linmin:  2, cg:  2 )
 
 Total Energy :    -19.74072296  (Hartree)
 Harris Energy:    -19.79512148  (Hartree)
  ( diff/tol =  5.43985E-02 / 0.00000E+00 )    F
 
 Charge:    10.000000000000004
 
 |Vloc-Vloc0|^2/tol =   1.44746E-04   / 1.00000E-15    F
 |rho -rho0 |^2/tol =   1.88668E-05   / 0.00000E+00
 
 time(scf)=     0.133(rank0)     0.133(min)     0.133(max)
------------------------------------------- scf_iter=  15 ( linmin:  2, cg:  2 )
 
 Total Energy :    -19.75401951  (Hartree)
 Harris Energy:    -19.77680157  (Hartree)
  ( diff/tol =  2.27821E-02 / 0.00000E+00 )    F
 
 Charge:    10.000000000000000
 
 |Vloc-Vloc0|^2/tol =   1.12951E-04   / 1.00000E-15    F
 |rho -rho0 |^2/tol =   1.15589E-05   / 0.00000E+00
 
 time(scf)=     0.137(rank0)     0.137(min)     0.137(max)
------------------------------------------- scf_iter=  16 ( linmin:  2, cg:  2 )
 
 Total Energy :    -19.75465102  (Hartree)
 Harris Energy:    -19.77238683  (Hartree)
  ( diff/tol =  1.77358E-02 / 0.00000E+00 )    F
 
 Charge:    10.000000000000004
 
 |Vloc-Vloc0|^2/tol =   4.68710E-05   / 1.00000E-15    F
 |rho -rho0 |^2/tol =   7.85011E-06   / 0.00000E+00
 
 time(scf)=     0.136(rank0)     0.136(min)     0.136(max)
------------------------------------------- scf_iter=  17 ( linmin:  2, cg:  2 )
 
 Total Energy :    -19.74114276  (Hartree)
 Harris Energy:    -19.78286870  (Hartree)
  ( diff/tol =  4.17259E-02 / 0.00000E+00 )    F
 
 Charge:     9.999999999999998
 
 |Vloc-Vloc0|^2/tol =   3.88053E-05   / 1.00000E-15    F
 |rho -rho0 |^2/tol =   5.52710E-06   / 0.00000E+00
 
 time(scf)=     0.130(rank0)     0.130(min)     0.130(max)
------------------------------------------- scf_iter=  18 ( linmin:  2, cg:  2 )
 
 Total Energy :    -19.75666458  (Hartree)
 Harris Energy:    -19.76563430  (Hartree)
  ( diff/tol =  8.96972E-03 / 0.00000E+00 )    F
 
 Charge:    10.000000000000004
 
 |Vloc-Vloc0|^2/tol =   3.19082E-05   / 1.00000E-15    F
 |rho -rho0 |^2/tol =   2.12940E-06   / 0.00000E+00
 
 time(scf)=     0.132(rank0)     0.132(min)     0.132(max)
------------------------------------------- scf_iter=  19 ( linmin:  2, cg:  2 )
 
 Total Energy :    -19.75901012  (Hartree)
 Harris Energy:    -19.76179353  (Hartree)
  ( diff/tol =  2.78341E-03 / 0.00000E+00 )    F
 
 Charge:    10.000000000000002
 
 |Vloc-Vloc0|^2/tol =   9.06185E-06   / 1.00000E-15    F
 |rho -rho0 |^2/tol =   7.99753E-07   / 0.00000E+00
 
 time(scf)=     0.128(rank0)     0.128(min)     0.128(max)
------------------------------------------- scf_iter=  20 ( linmin:  2, cg:  2 )
 
 Total Energy :    -19.75916661  (Hartree)
 Harris Energy:    -19.76075199  (Hartree)
  ( diff/tol =  1.58537E-03 / 0.00000E+00 )    F
 
 Charge:     9.999999999999996
 
 |Vloc-Vloc0|^2/tol =   2.65108E-05   / 1.00000E-15    F
 |rho -rho0 |^2/tol =   3.68459E-07   / 0.00000E+00
 
 time(scf)=     0.124(rank0)     0.124(min)     0.124(max)
------------------------------------------- scf_iter=  21 ( linmin:  2, cg:  2 )
 
 Total Energy :    -19.76013680  (Hartree)
 Harris Energy:    -19.76055586  (Hartree)
  ( diff/tol =  4.19065E-04 / 0.00000E+00 )    F
 
 Charge:    10.000000000000004
 
 |Vloc-Vloc0|^2/tol =   1.84918E-05   / 1.00000E-15    F
 |rho -rho0 |^2/tol =   1.05209E-07   / 0.00000E+00
 
 time(scf)=     0.128(rank0)     0.128(min)     0.128(max)
------------------------------------------- scf_iter=  22 ( linmin:  2, cg:  2 )
 
 Total Energy :    -19.76050718  (Hartree)
 Harris Energy:    -19.76063272  (Hartree)
  ( diff/tol =  1.25536E-04 / 0.00000E+00 )    F
 
 Charge:     9.999999999999998
 
 |Vloc-Vloc0|^2/tol =   1.98134E-06   / 1.00000E-15    F
 |rho -rho0 |^2/tol =   1.85561E-08   / 0.00000E+00
 
 time(scf)=     0.114(rank0)     0.114(min)     0.114(max)
------------------------------------------- scf_iter=  23 ( linmin:  2, cg:  2 )
 
 Total Energy :    -19.76049046  (Hartree)
 Harris Energy:    -19.76063004  (Hartree)
  ( diff/tol =  1.39578E-04 / 0.00000E+00 )    F
 
 Charge:     9.999999999999996
 
 |Vloc-Vloc0|^2/tol =   1.11803E-06   / 1.00000E-15    F
 |rho -rho0 |^2/tol =   1.49738E-08   / 0.00000E+00
 
 time(scf)=     0.117(rank0)     0.117(min)     0.117(max)
------------------------------------------- scf_iter=  24 ( linmin:  2, cg:  2 )
 
 Total Energy :    -19.76057492  (Hartree)
 Harris Energy:    -19.76057643  (Hartree)
  ( diff/tol =  1.50699E-06 / 0.00000E+00 )    F
 
 Charge:    10.000000000000004
 
 |Vloc-Vloc0|^2/tol =   3.64551E-07   / 1.00000E-15    F
 |rho -rho0 |^2/tol =   2.90964E-10   / 0.00000E+00
 
 time(scf)=     0.110(rank0)     0.110(min)     0.110(max)
------------------------------------------- scf_iter=  25 ( linmin:  2, cg:  2 )
 
 Total Energy :    -19.76057236  (Hartree)
 Harris Energy:    -19.76057770  (Hartree)
  ( diff/tol =  5.33950E-06 / 0.00000E+00 )    F
 
 Charge:    10.000000000000000
 
 |Vloc-Vloc0|^2/tol =   3.53396E-08   / 1.00000E-15    F
 |rho -rho0 |^2/tol =   5.39094E-10   / 0.00000E+00
 
 time(scf)=     0.109(rank0)     0.109(min)     0.109(max)
------------------------------------------- scf_iter=  26 ( linmin:  2, cg:  2 )
 
 Total Energy :    -19.76057639  (Hartree)
 Harris Energy:    -19.76057643  (Hartree)
  ( diff/tol =  4.19548E-08 / 0.00000E+00 )    F
 
 Charge:     9.999999999999995
 
 |Vloc-Vloc0|^2/tol =   2.63570E-08   / 1.00000E-15    F
 |rho -rho0 |^2/tol =   5.41094E-12   / 0.00000E+00
 
 time(scf)=     0.106(rank0)     0.106(min)     0.106(max)
------------------------------------------- scf_iter=  27 ( linmin:  2, cg:  2 )
 
 Total Energy :    -19.76057641  (Hartree)
 Harris Energy:    -19.76057642  (Hartree)
  ( diff/tol =  3.96444E-09 / 0.00000E+00 )    F
 
 Charge:    10.000000000000007
 
 |Vloc-Vloc0|^2/tol =   6.05016E-11   / 1.00000E-15    F
 |rho -rho0 |^2/tol =   4.47374E-13   / 0.00000E+00
 
 time(scf)=     0.103(rank0)     0.103(min)     0.103(max)
------------------------------------------- scf_iter=  28 ( linmin:  2, cg:  2 )
 
 Total Energy :    -19.76057642  (Hartree)
 Harris Energy:    -19.76057642  (Hartree)
  ( diff/tol =  2.13440E-10 / 0.00000E+00 )    F
 
 Charge:    10.000000000000002
 
 |Vloc-Vloc0|^2/tol =   2.70185E-11   / 1.00000E-15    F
 |rho -rho0 |^2/tol =   2.34688E-14   / 0.00000E+00
 
 time(scf)=     0.096(rank0)     0.096(min)     0.096(max)
------------------------------------------- scf_iter=  29 ( linmin:  2, cg:  2 )
 
 Total Energy :    -19.76057642  (Hartree)
 Harris Energy:    -19.76057642  (Hartree)
  ( diff/tol = -1.93978E-11 / 0.00000E+00 )    F
 
 Charge:     9.999999999999996
 
 |Vloc-Vloc0|^2/tol =   7.10719E-13   / 1.00000E-15    F
 |rho -rho0 |^2/tol =   2.00971E-16   / 0.00000E+00
 
 time(scf)=     0.089(rank0)     0.089(min)     0.090(max)
------------------------------------------- scf_iter=  30 ( linmin:  2, cg:  2 )
 
 Total Energy :    -19.76057642  (Hartree)
 Harris Energy:    -19.76057642  (Hartree)
  ( diff/tol = -3.55271E-14 / 0.00000E+00 )    F
 
 Charge:    10.000000000000000
 
 |Vloc-Vloc0|^2/tol =   8.73156E-15   / 1.00000E-15    F
 |rho -rho0 |^2/tol =   3.44787E-17   / 0.00000E+00
 
 time(scf)=     0.086(rank0)     0.086(min)     0.086(max)
------------------------------------------- scf_iter=  31 ( linmin:  2, cg:  2 )
 
 Total Energy :    -19.76057642  (Hartree)
 Harris Energy:    -19.76057642  (Hartree)
  ( diff/tol =  1.16529E-12 / 0.00000E+00 )    F
 
 Charge:    10.000000000000000
 
 |Vloc-Vloc0|^2/tol =   1.28259E-15   / 1.00000E-15    F
 |rho -rho0 |^2/tol =   7.37095E-19   / 0.00000E+00
 
 time(scf)=     0.074(rank0)     0.074(min)     0.074(max)
------------------------------------------- scf_iter=  32 ( linmin:  2, cg:  2 )
 
 Total Energy :    -19.76057642  (Hartree)
 Harris Energy:    -19.76057642  (Hartree)
  ( diff/tol =  3.51719E-11 / 0.00000E+00 )    F
 
 Charge:    10.000000000000011
 
 |Vloc-Vloc0|^2/tol =   9.13830E-18   / 1.00000E-15    T
 |rho -rho0 |^2/tol =   4.97420E-19   / 0.00000E+00
 
 time(scf)=     0.045(rank0)     0.045(min)     0.045(max)
-------------------------------------------------------------- write_data(start)
 write to vrho.dat1                     
 OC =           3
 WF: real(8) -> real(8)
 write to wf.dat1                       
 MBwr1,MBwr2 =           1           8
---------------------------------------------------------------- write_data(end)
------------------------------------------------------------------ SCF END -----
 scf converged ( total # of iteration =  32 )
 Total SCF time :     3.742(rank0)     3.741(min)     3.742(max)
--------------------------------------------------------------------------------
 time(force_mol1)  6.998999999998645E-003  6.641864776611328E-003
 time(force_mol2)  2.099700000000126E-002  2.061915397644043E-002
 time(force_mol3)  0.000000000000000E+000  9.536743164062500E-007
 # Force (total)
    1  1    0.00000000000        0.00000000000      -0.498013966653E-02
    2  1    0.00000000000        0.00000000000       0.499047587171E-02
        alpha                 Etot          grad         Fmax         dmax    
   0   0.00000         -19.76058452       0.17348E-06  0.18054E-02  0.48101E-04    0
   1   10394.8         -19.50727496      -0.20742E-04  0.21625      0.50000       24
   2   103.948         -19.76057642      -0.47903E-06  0.49905E-02  0.50000E-02   32
----------------------------------------------------------------- ICY    (    2)
----------------------------------------------------------------- LINMIN (    3)
 ifar     =           1
 a   =  6.277304197803548E-009
 xmin=   27.6355522679403     
 emin=  -19.7605869195879     
 Maximum displacement =       0.0036707   ( atom =    1 )
 okstep, alp, almax =    0.500000        -76.3120         10394.8    
 Trial configuration (see fort.97)
     1      0.000000000000      0.000000000000      1.063590813276   1
     1      0.000000000000      0.000000000000     -1.063587572420   1
------------------------------------------------------------ prep_ps_nloc2_mol
 rmin(1),rmin(1)+max(Rps)=  0.000000000000000E+000  -2.31196157232793     
 rmin(2),rmin(2)+max(Rps)=  0.000000000000000E+000  -2.31196157232793     
 rmin(3),rmin(3)+max(Rps)=  -1.06358757241966       -3.37554914474759     
 rmax(0),rmax(0)+max(Rps)=   1.06359081327599        3.37555238560392     
 rmax(1),rmax(1)+max(Rps)=  0.000000000000000E+000   2.31196157232793     
 rmax(2),rmax(2)+max(Rps)=  0.000000000000000E+000   2.31196157232793     
 rmax(3),rmax(3)+max(Rps)=   1.06359081327599        3.37555238560392     
--------------------------------------------------------------------------------
---------------------------------------------------------- SCF START -----------
------------------------------------------------------------- init_mixing(start)
--------------------------------------------------------------- init_mixing(end)
------------------------------------------- scf_iter=   1 ( linmin:  3, cg:  2 )
 
 Total Energy :    -19.76048215  (Hartree)
 Harris Energy:    -19.76070613  (Hartree)
  ( diff/tol =  2.23972E-04 / 0.00000E+00 )    F
 
 Charge:    10.000000000000004
 
 |Vloc-Vloc0|^2/tol =   8.93632E-07   / 1.00000E-15    F
 |rho -rho0 |^2/tol =   2.99544E-08   / 0.00000E+00
 
 time(scf)=     0.075(rank0)     0.075(min)     0.075(max)
------------------------------------------- scf_iter=   2 ( linmin:  3, cg:  2 )
 
 Total Energy :    -19.76052241  (Hartree)
 Harris Energy:    -19.76064818  (Hartree)
  ( diff/tol =  1.25770E-04 / 0.00000E+00 )    F
 
 Charge:    10.000000000000000
 
 |Vloc-Vloc0|^2/tol =   7.75797E-07   / 1.00000E-15    F
 |rho -rho0 |^2/tol =   1.53408E-08   / 0.00000E+00
 
 time(scf)=     0.110(rank0)     0.110(min)     0.110(max)
------------------------------------------- scf_iter=   3 ( linmin:  3, cg:  2 )
 
 Total Energy :    -19.76059392  (Hartree)
 Harris Energy:    -19.76059523  (Hartree)
  ( diff/tol =  1.30614E-06 / 0.00000E+00 )    F
 
 Charge:    10.000000000000007
 
 |Vloc-Vloc0|^2/tol =   1.92046E-07   / 1.00000E-15    F
 |rho -rho0 |^2/tol =   3.52338E-10   / 0.00000E+00
 
 time(scf)=     0.073(rank0)     0.073(min)     0.073(max)
------------------------------------------- scf_iter=   4 ( linmin:  3, cg:  2 )
 
 Total Energy :    -19.76059443  (Hartree)
 Harris Energy:    -19.76059477  (Hartree)
  ( diff/tol =  3.42714E-07 / 0.00000E+00 )    F
 
 Charge:    10.000000000000000
 
 |Vloc-Vloc0|^2/tol =   2.25263E-09   / 1.00000E-15    F
 |rho -rho0 |^2/tol =   7.28162E-11   / 0.00000E+00
 
 time(scf)=     0.106(rank0)     0.106(min)     0.106(max)
------------------------------------------- scf_iter=   5 ( linmin:  3, cg:  2 )
 
 Total Energy :    -19.76059433  (Hartree)
 Harris Energy:    -19.76059469  (Hartree)
  ( diff/tol =  3.60277E-07 / 0.00000E+00 )    F
 
 Charge:     9.999999999999998
 
 |Vloc-Vloc0|^2/tol =   3.59484E-09   / 1.00000E-15    F
 |rho -rho0 |^2/tol =   3.63176E-11   / 0.00000E+00
 
 time(scf)=     0.106(rank0)     0.106(min)     0.106(max)
------------------------------------------- scf_iter=   6 ( linmin:  3, cg:  2 )
 
 Total Energy :    -19.76059460  (Hartree)
 Harris Energy:    -19.76059460  (Hartree)
  ( diff/tol =  4.74386E-09 / 0.00000E+00 )    F
 
 Charge:    10.000000000000000
 
 |Vloc-Vloc0|^2/tol =   1.74373E-09   / 1.00000E-15    F
 |rho -rho0 |^2/tol =   6.68200E-13   / 0.00000E+00
 
 time(scf)=     0.101(rank0)     0.101(min)     0.101(max)
------------------------------------------- scf_iter=   7 ( linmin:  3, cg:  2 )
 
 Total Energy :    -19.76059460  (Hartree)
 Harris Energy:    -19.76059460  (Hartree)
  ( diff/tol =  1.17954E-09 / 0.00000E+00 )    F
 
 Charge:    10.000000000000014
 
 |Vloc-Vloc0|^2/tol =   7.97190E-12   / 1.00000E-15    F
 |rho -rho0 |^2/tol =   1.33116E-13   / 0.00000E+00
 
 time(scf)=     0.101(rank0)     0.101(min)     0.101(max)
------------------------------------------- scf_iter=   8 ( linmin:  3, cg:  2 )
 
 Total Energy :    -19.76059460  (Hartree)
 Harris Energy:    -19.76059460  (Hartree)
  ( diff/tol =  3.33671E-11 / 0.00000E+00 )    F
 
 Charge:    10.000000000000000
 
 |Vloc-Vloc0|^2/tol =   3.18527E-12   / 1.00000E-15    F
 |rho -rho0 |^2/tol =   4.01918E-15   / 0.00000E+00
 
 time(scf)=     0.094(rank0)     0.094(min)     0.094(max)
------------------------------------------- scf_iter=   9 ( linmin:  3, cg:  2 )
 
 Total Energy :    -19.76059460  (Hartree)
 Harris Energy:    -19.76059460  (Hartree)
  ( diff/tol = -4.22062E-12 / 0.00000E+00 )    F
 
 Charge:     9.999999999999996
 
 |Vloc-Vloc0|^2/tol =   1.18166E-13   / 1.00000E-15    F
 |rho -rho0 |^2/tol =   3.54478E-16   / 0.00000E+00
 
 time(scf)=     0.091(rank0)     0.091(min)     0.091(max)
------------------------------------------- scf_iter=  10 ( linmin:  3, cg:  2 )
 
 Total Energy :    -19.76059460  (Hartree)
 Harris Energy:    -19.76059460  (Hartree)
  ( diff/tol = -3.41061E-13 / 0.00000E+00 )    F
 
 Charge:    10.000000000000004
 
 |Vloc-Vloc0|^2/tol =   1.09645E-14   / 1.00000E-15    F
 |rho -rho0 |^2/tol =   2.09072E-18   / 0.00000E+00
 
 time(scf)=     0.084(rank0)     0.084(min)     0.084(max)
------------------------------------------- scf_iter=  11 ( linmin:  3, cg:  2 )
 
 Total Energy :    -19.76059460  (Hartree)
 Harris Energy:    -19.76059460  (Hartree)
  ( diff/tol =  1.08713E-12 / 0.00000E+00 )    F
 
 Charge:    10.000000000000004
 
 |Vloc-Vloc0|^2/tol =   3.33441E-17   / 1.00000E-15    T
 |rho -rho0 |^2/tol =   2.01188E-19   / 0.00000E+00
 
 time(scf)=     0.047(rank0)     0.047(min)     0.048(max)
-------------------------------------------------------------- write_data(start)
 write to vrho.dat1                     
 OC =           3
 WF: real(8) -> real(8)
 write to wf.dat1                       
 MBwr1,MBwr2 =           1           8
---------------------------------------------------------------- write_data(end)
------------------------------------------------------------------ SCF END -----
 scf converged ( total # of iteration =  11 )
 Total SCF time :     0.998(rank0)     0.997(min)     0.998(max)
--------------------------------------------------------------------------------
 time(force_mol1)  6.999000000000422E-003  6.613016128540039E-003
 time(force_mol2)  1.799699999999937E-002  1.851987838745117E-002
 time(force_mol3)  0.000000000000000E+000  2.145767211914062E-006
 # Force (total)
    1  1    0.00000000000        0.00000000000      -0.181881900954E-04
    2  1    0.00000000000        0.00000000000       0.210691406659E-04
        alpha                 Etot          grad         Fmax         dmax    
   0   0.00000         -19.76058452       0.17348E-06  0.18054E-02  0.48101E-04    0
   1   10394.8         -19.50727496      -0.20742E-04  0.21625      0.50000       24
   2   103.948         -19.76057642      -0.47903E-06  0.49905E-02  0.50000E-02   32
   3   27.6356         -19.76059460      -0.18859E-08  0.21069E-04  0.13293E-02   11
 --- Convergence achieved in LINMIN ---
 decr =  0.100000000000000     
 grad, grad0*decr = -1.885938785444628E-009  1.734767682601613E-008
 Best structure on a line (see fort.197)
 Fmax,feps =  2.106914066590804E-005  5.000000000000000E-004
 histry (Etot,Fmax,SCF)
   0  0    -19.75757041     0.0678407     0     0.0000000
   1  0    -19.75757041     0.0678407     0     0.0678407
   1  1    -19.76045780     0.0133897    13     0.0339203
   1  2    -19.76058452     0.0018054    11     0.0422615
   2  0    -19.76058452     0.0018054     0     0.0000481
   2  1    -19.50727496     0.2162478    24     0.5000000
   2  2    -19.76057642     0.0049905    32     0.0050000
   2  3    -19.76059460     0.0000211    11     0.0013293
 END_PROGRAM : MAIN
 TIME(END)    13.04002    13.04208
 Start time  2015/12/16 14:00:51.949
 End   time  2015/12/16 14:01:04.991
