----------------------------------------------------------------------
 RSDFT ver.0.0.0
------------------------------------------------------------ header_info
 Start time  2015/12/16 13:51:19.227
 preprocessor option list ( -cpp -Dxxxx )
 _DRSDFT_ (wave functions are REAL8)
 _FFTW_ (FFTW is used)
  INFOLEVEL :          1
--------------------------------------------------------- read_parameters(start)
 Nband=           0
 Nspin=           1
 Ndspin=  0.000000000000000E+000
 Nfixed=           0
 Next_electron=  0.000000000000000E+000
 Ngrid(1:3)=           0           0           0
 Md =           6
 SYStype =           1
 rcfac =   1.50000000000000     
 qcfac =   1.00000000000000     
 etafac=   8.00000000000000     
 node_partition(1:6)=   2   2   4   1   1   1
 MB_d=           0
----------------------------------------------------------------- read_wf(start)
 iwork_wf=           0
------------------------------------------------------------------- read_wf(end)
 NBLK =           0
 NBLK1=           0
 iswitch_cgpc=           4
------------------------------------------------------------- read_mixing(start)
         IC :          0
         OC :          0
 beta       =   1.00000000000000     
 iomix,IC,OC=           0           0           0
--------------------------------------------------------------- read_mixing(end)
 ekbt   =  1.000000000000000E-005
 kinteg =           5
 nsetocc=           0
 isetocc=           0           0
 IC =           0
 OC =           0
 OC2=         100
 IO_ctrl=           0
 MBwr1,MBwr2=           0           0
 etime_limit=   10000000000.0000     
      SWSCF :          1
      SWOPT :          0
 ncycl, most, nrfr =           0           6           5
 okatom, eeps      =  0.500000000000000       1.000000000000000E-010
 feps, decr        =  1.000000000000000E-008  0.100000000000000     
 diter_opt         =         100
 strlog            =           0
 isymmetry=           0
 file_symdat=                              
----------------------------------------------------------------- read_xc(start)
     XCTYPE :   LDAPZ81 
------------------------------------------------------------------- read_xc(end)
---------------------------------------------------------- read_xc_hybrid(start)
     XCTYPE :   LDAPZ81 
         IC :          0
------------------------------------------------------------ read_xc_hybrid(end)
     NSWEEP :         20
    SCFCONV :   1.0000000E-20  0.0000000E+00
      DITER :        100
--------------------------------------------------------------- read_band(start)
----------------------------------------------------------------- read_band(end)
-------------------------------------------------------- read_band_unfold(start)
 iswitch_banduf= F
---------------------------------------------------------- read_band_unfold(end)
----------------------------------------------------------- read_parameters(end)
    SYSTYPE :          1
--------------------------------------------------------------- read_atom(start)
 rsdft-XYZ format           2
 Nelment,Natom=           1          60
 zn_atom=           6
        ki_atom          aa_atom1          aa_atom2          aa_atom3  md_atom
     1        1    6.538398000000    0.000000000000   -1.292592000000        1
     2        1    5.689098000000    2.223472000000   -2.666783000000        1
     3        1    4.314927000000    1.374172000000   -4.890254000000        1
     4        1    5.689098000000   -2.223472000000   -2.666783000000        1
     5        1    4.314927000000   -1.374172000000   -4.890254000000        1
           .
           .
           .
    55        1   -2.666783000000   -5.689098000000   -2.223472000000        1
    56        1   -2.223472000000   -2.666783000000    5.689098000000        1
    57        1    0.000000000000   -1.292592000000    6.538398000000        1
    58        1    2.223472000000   -2.666783000000    5.689098000000        1
    59        1   -1.374172000000   -4.890254000000    4.314927000000        1
    60        1    1.374172000000   -4.890254000000    4.314927000000        1
----------------------------------------------------------------- read_atom(end)
--------------------------------------------------------- main( aa & bb )(start)
----------------------------------------------------------- main( aa & bb )(end)
---------------------------------------------------------- read_pseudopot(start)
         PP :    2  C_psv.dat           
 *** PSV format ***
 zatom                   =   6.00000000000000     
 # of radial mesh points =        1991
 r(1),...,r(end)         =  0.000000000000000E+000   25.0000000000000     
 NRps                    =        1678
 # of orbitals           =           1
 angular momentum        =           0
 cut off radius          =   1.53598744242274     
 Zps                     =   4.00000000000000     
 xc_pot                  =   LDAPZ81 
 a1,a2,a3,a4             = -0.201661180000000       0.868575560000000     
                             1.20166118000000        5.89302234000000     
 Reference               =           1
 anorm                   =  0.505007769547000     
 inorm                   =           1
 sum(cdd)                =   3.98896663931608     
 sum(cdc)                =  0.000000000000000E+000
 ps_type =            0
------------------------------------------------------------ read_pseudopot(end)
--------------------------------------------------------- write_info_atom(start)
           Zatom    Zion     Num    FilePS
       1       6       4      60    C_psv.dat                     
   total     360     240      60
----------------------------------------------------------- write_info_atom(end)
---------------------------------------------------------- count_electron(start)
------------------------------------------------------------ count_electron(end)
---------------------------------------------------- check_Nband_electron(start)
 Nband is replaced to      180
------------------------------------------------------ check_Nband_electron(end)
-------------------------------------------------------------- init_force(start)
 Ntim=           1
-------------------------------------------------------------- read_force(start)
    SYSTYPE :          1
---------------------------------------------------------------- read_force(end)
---------------------------------------------------------------- init_force(end)
-------------------------------------------------------------- init_rgrid(start)
------------------------------------------------------------ read_rgrid_mol
 Box_Shape=           1
 Hsize=  0.300000000000000     
 Rsize=   20.0000000000000     
 Zsize=  0.000000000000000E+000
 iswitch_eqdiv=           1
 SYStype=           1
 aa    39.9000000000   0.0000000000   0.0000000000
        0.0000000000  39.9000000000   0.0000000000
        0.0000000000   0.0000000000  39.9000000000
 Ngrid(1:3)=  133  133  133
 Ngrid(0)  = 1240625
 Hgrid(1:3)=     0.30000000     0.30000000     0.30000000
---------------------------------------------------------------- init_rgrid(end)
-------------------------------------------------------------- Init_Ggrid(start)
 Ecut,Gcut=   109.662271123215        10.4719755119660     
 NGgrid=     1232177          66          66          66
 NMGL=        3689
---------------------------------------------------------------- Init_Ggrid(end)
------------------------------------------------------------- generate_bz(start)
 Nbzsm, MMBZ =           1           1
                                kbb   weight_bz
    1   0.00000   0.00000   0.00000     1.00000
--------------------------------------------------------------- generate_bz(end)
---------------------------------------------------------- init_scalapack(start)
 NPROW,NPCOL,MBSIZE,NBSIZE
           4           4          45          45
------------------------------------------------------------ init_scalapack(end)
----------------------------------------------------------- init_parallel(start)
 np1,np2,np3=           2           2           4
 np_grid    =          16
 np_band    =           1
 np_bz      =           1
 np_spin    =           1
 np_fkmb    =           1
 nprocs     =          16
 irank grid band   bz spin
     0    0    0    0    0    0
     1    1    0    0    0    0
     2    2    0    0    0    0
     3    3    0    0    0    0
     4    4    0    0    0    0
     5    5    0    0    0    0
     6    6    0    0    0    0
     7    7    0    0    0    0
     8    8    0    0    0    0
     9    9    0    0    0    0
    10   10    0    0    0    0
    11   11    0    0    0    0
    12   12    0    0    0    0
    13   13    0    0    0    0
    14   14    0    0    0    0
    15   15    0    0    0    0
--- fock-band-parallel ---
 Nband  =         180
 np_fkmb=           1
        i id_fkmb ir_fkmb
        0       0     180
 nprocs_f =          16
--- spin-parallel ---
 nspin  =           1
 np_spin=           1
        i id_spin ir_spin
        0       0       1
 nprocs_s =          16
--- k-parallel ---
 Nbzsm    =           1
 np_bzsm=           1
        i id_bzsm ir_bzsm
        0       0       1
 nprocs_k =          16
--- band-parallel ---
 Nband  =         180
 np_band=           1
        i id_band ir_band
        0       0     180
 nprocs_b =          16
--- grid-parallel ---
 nprocs_g =           1
 nprocs_b =          16
 nprocs_k =          16
 nprocs_s =          16
 nprocs_f =          16
 nprocs   =          16
 comm_world, nprocs   =           0          16
 comm_grid,  nprocs_g =           3          16
 comm_band,  nprocs_b =           4           1
 comm_bzsm,  nprocs_k =           5           1
 comm_spin,  nprocs_s =           6           1
 comm_fkmb,  nprocs_f =           7           1
------------------------------------------------------------- init_parallel(end)
------------------------------------------------------ InitParallel_Rgrid(start)
  rank   mxp myp mzp         #
     0   -66  -1 -66   0 -66 -23         0   79532
     1     0  66 -66   0 -66 -23     79532   81575
     2   -66  -1   1  66 -66 -23    161107   77533
     3     0  66   1  66 -66 -23    238640   79532
     4   -66  -1 -66   0 -22   0    318172   77275
     5     0  66 -66   0 -22   0    395447   78790
     6   -66  -1   1  66 -22   0    474237   75783
     7     0  66   1  66 -22   0    550020   77275
     8   -66  -1 -66   0   1  23    627295   76856
     9     0  66 -66   0   1  23    704151   78367
    10   -66  -1   1  66   1  23    782518   75368
    11     0  66   1  66   1  23    857886   76856
    12   -66  -1 -66   0  24  66    934742   76460
    13     0  66 -66   0  24  66   1011202   78440
    14   -66  -1   1  66  24  66   1089642   74523
    15     0  66   1  66  24  66   1164165   76460
-------------------------------------------------------- InitParallel_Rgrid(end)
------------------------------------------------------ InitParallel_Ggrid(start)
-------------------------------------------------------- InitParallel_Ggrid(end)
---------------------------------------------------------------- init_omp(start)
 nn(ini)=          66          67          44
 nn(1:3)=          66          67          44
 np(1:3)=           1           1           1
 m      =           1
 Ngrid_omp   66   67   44
 IGIG        1   79532     -66      -1     -66       0     -66     -23   79532
 omp_get_num_threads=           1
------------------------------------------------------------------ init_omp(end)
------------------------------------------------------------ init_bcset_mol(start)
------------------------------------------------------------ init_bcset_mol(end)
------------------------------------------------------------ init_kinetic(start)
  -2.98277778 -2.98277778    0.00000000  0.00000000
   1.71428571  1.71428571    0.85714286  0.85714286
  -0.26785714 -0.26785714   -0.26785714 -0.26785714
   0.05291005  0.05291005    0.07936508  0.07936508
  -0.00892857 -0.00892857   -0.01785714 -0.01785714
   0.00103896  0.00103896    0.00259740  0.00259740
  -0.00006013 -0.00006013   -0.00018038 -0.00018038
 ggg=   1.00000   1.00000   1.00000   0.00000   0.00000   0.00000
                        lap               coef_lap
   0     -2.982777777777778     49.712962962962962
   1      1.714285714285714     -9.523809523809524  -9.523809523809524  -9.523809523809524
   2     -0.267857142857143      1.488095238095238   1.488095238095238   1.488095238095238
   3      0.052910052910053     -0.293944738389183  -0.293944738389183  -0.293944738389183
   4     -0.008928571428571      0.049603174603175   0.049603174603175   0.049603174603175
   5      0.001038961038961     -0.005772005772006  -0.005772005772006  -0.005772005772006
   6     -0.000060125060125      0.000334028111806   0.000334028111806   0.000334028111806
                        nab               coef_nab
   1      0.857142857142857      2.857142857142857   2.857142857142857   2.857142857142857
   2     -0.267857142857143     -0.892857142857143  -0.892857142857143  -0.892857142857143
   3      0.079365079365079      0.264550264550265   0.264550264550265   0.264550264550265
   4     -0.017857142857143     -0.059523809523810  -0.059523809523810  -0.059523809523810
   5      0.002597402597403      0.008658008658009   0.008658008658009   0.008658008658009
   6     -0.000180375180375     -0.000601250601251  -0.000601250601251  -0.000601250601251
-------------------------------------------------------------- init_kinetic(end)
--------------------------------------------------------- set_array_bound(start)
----------------------------------------------------------- set_array_bound(end)
------------------------------------------------------------ prep_ps_nloc2_mol
 rmin(1),rmin(1)+max(Rps)=  -6.53839800000000       -8.85282390199163     
 rmin(2),rmin(2)+max(Rps)=  -6.53839800000000       -8.85282390199163     
 rmin(3),rmin(3)+max(Rps)=  -6.53839800000000       -8.85282390199163     
 rmax(0),rmax(0)+max(Rps)=   6.66494770312783        8.97937360511946     
 rmax(1),rmax(1)+max(Rps)=   6.53839800000000        8.85282390199163     
 rmax(2),rmax(2)+max(Rps)=   6.53839800000000        8.85282390199163     
 rmax(3),rmax(3)+max(Rps)=   6.53839800000000        8.85282390199163     
---------------------------------------------------------- init_xc_hybrid(start)
--------------------------------------------------------------- init_eion(start)
 Eewald(SYSTYPE=1)=     3724.862282409940235
----------------------------------------------------------------- init_eion(end)
------------------------------------------------------ init_subspace_diag(start)
     rank_b       tri         m         n       nme      idis
          0     16290         0       180     16290         0
-------------------------------------------------------- init_subspace_diag(end)
----------------------------------------------------------------- init_wf(start)
------------------------------------------------------------------- init_wf(end)
------------------------------------------------------- init_occ_electron(start)
--------------------------------------------------------- init_occ_electron(end)
------------------------------------------------------------ main
 Natom    =          60
 Nelement =           1
 Nband =         180
 Nspin =           1
 Nbzsm =           1           1
 Nelectron =   240.000000000000     
 Next_electron =  0.000000000000000E+000
 Ndspin,Nfixed =  0.000000000000000E+000           0
 Zps   =   4.00000000000000     
 sum(occ)=   240.000000000000     
         110           1   2.00000000000000     
         111           1   2.00000000000000     
         112           1   2.00000000000000     
         113           1   2.00000000000000     
         114           1   2.00000000000000     
         115           1   2.00000000000000     
         116           1   2.00000000000000     
         117           1   2.00000000000000     
         118           1   2.00000000000000     
         119           1   2.00000000000000     
         120           1   2.00000000000000     
         121           1  0.000000000000000E+000
         122           1  0.000000000000000E+000
         123           1  0.000000000000000E+000
         124           1  0.000000000000000E+000
         125           1  0.000000000000000E+000
         126           1  0.000000000000000E+000
         127           1  0.000000000000000E+000
         128           1  0.000000000000000E+000
         129           1  0.000000000000000E+000
         130           1  0.000000000000000E+000
------------------------------------------------------------ init_hartree(start)
 nthreads=           1
 MEO     =           1
 Lmax_ME =           8
 M_max   =           8
 lmmax_ME=          81
 Md      =           6
-------------------------------------------------------------- init_hartree(end)
----------------------------------------------------------- init_localpot(start)
------------------------------------------------------------- init_localpot(end)
--------------------------------------------------------------------------------
--------------------------------------------------------- SWEEP START ----------
---------------------------------------------------------------- sweep_iter=   1
 NCG =           3
 ICG =           1
 SWGS=           0
 SYStype=           1
 mloop  =           3
---------------------------------------------------------- prep_scalapack(start)
 NPROW,NPCOL,MBSIZE,NBSIZE
           4           4          45          45
 ICTXTX,ICTXT0    =           0           0
 NPROW,NPCOL      =           4           4
 MBSIZE,NBSIZE    =          45          45
 MYROW,MYCOL      =           0           0
 LLD_R,LLD_C,MXLLD=          45          45          45
 NP0,NQ0          =          45          45
 NPX,NQX          =          45          45
 iblacs           = T
------------------------------------------------------------ prep_scalapack(end)

 Echk,dif/tol =   39.65617285       -11582.     / 1.00000E-12

   k     n          esp(n,k,s)    esp_err   occ(n,k,s)   
   1   115   1.216130817383998  -48.389       2.0000    
   1   116   1.222376493553054  -48.368       2.0000    
   1   117   1.224208256068558  -48.358       2.0000    
   1   118   1.230224851090095  -48.337       2.0000    
   1   119   1.235851013940942  -48.363       2.0000    
   1   120   1.238722824594408  -48.343       2.0000    
   1   121   1.244787936582255  -48.309       0.0000    
   1   122   1.250995010051016  -48.336       0.0000    
   1   123   1.252125406737239  -48.323       0.0000    
   1   124   1.259481910481833  -48.334       0.0000    
   1   125   1.260530915378101  -48.371       0.0000    
 
 time(sweep)=    12.430(rank0)    12.430(min)    12.430(max)
 
---------------------------------------------------------------- sweep_iter=   2

 Echk,dif/tol =  -266.4358510       -306.09     / 1.00000E-12

   k     n          esp(n,k,s)    esp_err   occ(n,k,s)   
   1   114   0.247406515463089 -0.96244       2.0000    
   1   115   0.257680279346647 -0.95845       2.0000    
   1   116   0.262621068116259 -0.95976       2.0000    
   1   117   0.274076818222447 -0.95013       2.0000    
   1   118   0.281092111410822 -0.94913       2.0000    
   1   119   0.287506526288520 -0.94834       2.0000    
   1   120   0.311221913304949 -0.92750       2.0000    
   1   121   0.313142651233339 -0.93165     -0.10217E-11
   1   122   0.321215222282976 -0.92978       0.0000    
   1   123   0.333259046763017 -0.91887       0.0000    
   1   124   0.338163449131159 -0.92132       0.0000    
 
 time(sweep)=    12.453(rank0)    12.453(min)    12.453(max)
 
---------------------------------------------------------------- sweep_iter=   3

 Echk,dif/tol =  -328.0996745       -61.664     / 1.00000E-12

   k     n          esp(n,k,s)    esp_err   occ(n,k,s)   
   1   115  -0.173243316750164 -0.43092       2.0000    
   1   116  -0.167437965586849 -0.43006       2.0000    
   1   117  -0.155374080969258 -0.42945       2.0000    
   1   118  -0.138569697118429 -0.41966       2.0000    
   1   119  -0.125164450754003 -0.41267       2.0000    
   1   120  -0.119282121596005 -0.43050       2.0000    
   1   121  -0.086682663677244 -0.39983       0.0000    
   1   122  -0.065865578763601 -0.38708       0.0000    
   1   123  -0.032118601138890 -0.36538       0.0000    
   1   124  -0.023389400325049 -0.36155       0.0000    
   1   125  -0.000541088877791 -0.34937       0.0000    
 
 time(sweep)=    12.431(rank0)    12.431(min)    12.431(max)
 
---------------------------------------------------------------- sweep_iter=   4

 Echk,dif/tol =  -340.9783304       -12.879     / 1.00000E-12

   k     n          esp(n,k,s)    esp_err   occ(n,k,s)   
   1   115  -0.334516465393193 -0.16127       2.0000    
   1   116  -0.314085508839726 -0.14665       2.0000    
   1   117  -0.313155079396066 -0.15778       2.0000    
   1   118  -0.305907488846389 -0.16734       2.0000    
   1   119  -0.290963348983759 -0.16580       2.0000    
   1   120  -0.287217156714326 -0.16794       2.0000    
   1   121  -0.228376317199701 -0.14169       0.0000    
   1   122  -0.217097631589728 -0.15123       0.0000    
   1   123  -0.190842658680250 -0.15872       0.0000    
   1   124  -0.173183514654960 -0.14979       0.0000    
   1   125  -0.153215241471663 -0.15267       0.0000    
 
 time(sweep)=    12.453(rank0)    12.453(min)    12.453(max)
 
---------------------------------------------------------------- sweep_iter=   5

 Echk,dif/tol =  -343.1196969       -2.1414     / 1.00000E-12

   k     n          esp(n,k,s)    esp_err   occ(n,k,s)   
   1   115  -0.378415538989430 -0.43899E-01   2.0000    
   1   116  -0.343857709571936 -0.29772E-01   2.0000    
   1   117  -0.343532972806393 -0.30378E-01   2.0000    
   1   118  -0.342753083255292 -0.36846E-01   2.0000    
   1   119  -0.336618714099993 -0.45655E-01   2.0000    
   1   120  -0.335707062373270 -0.48490E-01   2.0000    
   1   121  -0.266595070871952 -0.38219E-01   0.0000    
   1   122  -0.263110470375339 -0.46013E-01   0.0000    
   1   123  -0.249419394958160 -0.58577E-01   0.0000    
   1   124  -0.219962759469301 -0.46779E-01   0.0000    
   1   125  -0.208406326057228 -0.55191E-01   0.0000    
 
 time(sweep)=    12.448(rank0)    12.448(min)    12.448(max)
 
---------------------------------------------------------------- sweep_iter=   6

 Echk,dif/tol =  -343.4774252      -0.35773     / 1.00000E-12

   k     n          esp(n,k,s)    esp_err   occ(n,k,s)   
   1   115  -0.388572595148197 -0.10157E-01   2.0000    
   1   116  -0.349434894844968 -0.55772E-02   2.0000    
   1   117  -0.349164263138696 -0.56313E-02   2.0000    
   1   118  -0.348764214829697 -0.60111E-02   2.0000    
   1   119  -0.347258576812543 -0.10640E-01   2.0000    
   1   120  -0.346593927652847 -0.10887E-01   2.0000    
   1   121  -0.274950415572578 -0.83553E-02   0.0000    
   1   122  -0.273513925498720 -0.10403E-01   0.0000    
   1   123  -0.269054920490541 -0.19636E-01   0.0000    
   1   124  -0.233930177367323 -0.13967E-01   0.0000    
   1   125  -0.228498060326719 -0.20092E-01   0.0000    
 
 time(sweep)=    12.432(rank0)    12.432(min)    12.432(max)
 
---------------------------------------------------------------- sweep_iter=   7

 Echk,dif/tol =  -343.5476545      -0.70229E-01 / 1.00000E-12

   k     n          esp(n,k,s)    esp_err   occ(n,k,s)   
   1   115  -0.391155282360145 -0.25827E-02   2.0000    
   1   116  -0.350690460441923 -0.12556E-02   2.0000    
   1   117  -0.350560439101888 -0.13962E-02   2.0000    
   1   118  -0.350431339105736 -0.16671E-02   2.0000    
   1   119  -0.349997673357436 -0.27391E-02   2.0000    
   1   120  -0.349713391850627 -0.31195E-02   2.0000    
   1   121  -0.277674485004897 -0.27241E-02   0.0000    
   1   122  -0.277022352855899 -0.35084E-02   0.0000    
   1   123  -0.275516392457262 -0.64615E-02   0.0000    
   1   124  -0.238518560386364 -0.45884E-02   0.0000    
   1   125  -0.236117689947400 -0.76196E-02   0.0000    
 
 time(sweep)=    12.480(rank0)    12.480(min)    12.480(max)
 
---------------------------------------------------------------- sweep_iter=   8

 Echk,dif/tol =  -343.5641749      -0.16520E-01 / 1.00000E-12

   k     n          esp(n,k,s)    esp_err   occ(n,k,s)   
   1   115  -0.391846194632850 -0.69091E-03   2.0000    
   1   116  -0.351017651214036 -0.32719E-03   2.0000    
   1   117  -0.350967178695099 -0.40674E-03   2.0000    
   1   118  -0.350925805957873 -0.49447E-03   2.0000    
   1   119  -0.350806942516650 -0.80927E-03   2.0000    
   1   120  -0.350690547981325 -0.97716E-03   2.0000    
   1   121  -0.278593195977072 -0.91871E-03   0.0000    
   1   122  -0.278294763013719 -0.12724E-02   0.0000    
   1   123  -0.277780118084328 -0.22637E-02   0.0000    
   1   124  -0.240163266960749 -0.16447E-02   0.0000    
   1   125  -0.239152412649091 -0.30347E-02   0.0000    
 
 time(sweep)=    12.427(rank0)    12.427(min)    12.427(max)
 
---------------------------------------------------------------- sweep_iter=   9

 Echk,dif/tol =  -343.5683819      -0.42070E-02 / 1.00000E-12

   k     n          esp(n,k,s)    esp_err   occ(n,k,s)   
   1   115  -0.392031584055134 -0.18539E-03   2.0000    
   1   116  -0.351104986008329 -0.87335E-04   2.0000    
   1   117  -0.351086101368808 -0.11892E-03   2.0000    
   1   118  -0.351074496527578 -0.14869E-03   2.0000    
   1   119  -0.351041829523773 -0.23489E-03   2.0000    
   1   120  -0.351000129195102 -0.30958E-03   2.0000    
   1   121  -0.278891728649509 -0.29853E-03   0.0000    
   1   122  -0.278763118801308 -0.46836E-03   0.0000    
   1   123  -0.278588553267658 -0.80844E-03   0.0000    
   1   124  -0.240756027325945 -0.59276E-03   0.0000    
   1   125  -0.240363743378021 -0.12113E-02   0.0000    
 
 time(sweep)=    12.443(rank0)    12.443(min)    12.443(max)
 
---------------------------------------------------------------- sweep_iter=  10

 Echk,dif/tol =  -343.5694955      -0.11135E-02 / 1.00000E-12

   k     n          esp(n,k,s)    esp_err   occ(n,k,s)   
   1   115  -0.392080177099322 -0.48593E-04   2.0000    
   1   116  -0.351128547543524 -0.23562E-04   2.0000    
   1   117  -0.351121398835006 -0.35297E-04   2.0000    
   1   118  -0.351118746144393 -0.44250E-04   2.0000    
   1   119  -0.351109664006029 -0.67834E-04   2.0000    
   1   120  -0.351096223939841 -0.96095E-04   2.0000    
   1   121  -0.278986129290147 -0.94401E-04   0.0000    
   1   122  -0.278935145756979 -0.17203E-03   0.0000    
   1   123  -0.278872714684253 -0.28416E-03   0.0000    
   1   124  -0.240968970103473 -0.21294E-03   0.0000    
   1   125  -0.240825144802534 -0.46140E-03   0.0000    
 
 time(sweep)=    12.417(rank0)    12.417(min)    12.417(max)
 
---------------------------------------------------------------- sweep_iter=  11

 Echk,dif/tol =  -343.5697952      -0.29973E-03 / 1.00000E-12

   k     n          esp(n,k,s)    esp_err   occ(n,k,s)   
   1   115  -0.392092855365032 -0.12678E-04   2.0000    
   1   116  -0.351134973906641 -0.64264E-05   2.0000    
   1   117  -0.351132165658376 -0.10767E-04   2.0000    
   1   118  -0.351131408021099 -0.12662E-04   2.0000    
   1   119  -0.351129130577175 -0.19467E-04   2.0000    
   1   120  -0.351125075777195 -0.28852E-04   2.0000    
   1   121  -0.279015303205604 -0.29174E-04   0.0000    
   1   122  -0.278996445631722 -0.61300E-04   0.0000    
   1   123  -0.278972597482962 -0.99883E-04   0.0000    
   1   124  -0.241045143499473 -0.76173E-04   0.0000    
   1   125  -0.240993277327991 -0.16813E-03   0.0000    
 
 time(sweep)=    12.430(rank0)    12.429(min)    12.430(max)
 
---------------------------------------------------------------- sweep_iter=  12

 Echk,dif/tol =  -343.5698756      -0.80396E-04 / 1.00000E-12

   k     n          esp(n,k,s)    esp_err   occ(n,k,s)   
   1   115  -0.392095964550636 -0.31092E-05   2.0000    
   1   116  -0.351136728204792 -0.17543E-05   2.0000    
   1   117  -0.351135726841897 -0.35612E-05   2.0000    
   1   118  -0.351135248531853 -0.38405E-05   2.0000    
   1   119  -0.351134188756115 -0.50582E-05   2.0000    
   1   120  -0.351133150126568 -0.80743E-05   2.0000    
   1   121  -0.279024023253212 -0.87200E-05   0.0000    
   1   122  -0.279017334705297 -0.20889E-04   0.0000    
   1   123  -0.279007792469745 -0.35195E-04   0.0000    
   1   124  -0.241071902825325 -0.26759E-04   0.0000    
   1   125  -0.241052328678360 -0.59051E-04   0.0000    
 
 time(sweep)=    12.445(rank0)    12.445(min)    12.445(max)
 
---------------------------------------------------------------- sweep_iter=  13

 Echk,dif/tol =  -343.5698970      -0.21432E-04 / 1.00000E-12

   k     n          esp(n,k,s)    esp_err   occ(n,k,s)   
   1   115  -0.392096454626979 -0.49008E-06   2.0000    
   1   116  -0.351137213316739 -0.48511E-06   2.0000    
   1   117  -0.351136910795895 -0.11840E-05   2.0000    
   1   118  -0.351136628830728 -0.13803E-05   2.0000    
   1   119  -0.351135358303118 -0.11695E-05   2.0000    
   1   120  -0.351135137879349 -0.19878E-05   2.0000    
   1   121  -0.279026591403444 -0.25682E-05   0.0000    
   1   122  -0.279024226493965 -0.68918E-05   0.0000    
   1   123  -0.279020380385699 -0.12588E-04   0.0000    
   1   124  -0.241081291739189 -0.93889E-05   0.0000    
   1   125  -0.241073672553704 -0.21344E-04   0.0000    
 
 time(sweep)=    12.396(rank0)    12.395(min)    12.396(max)
 
---------------------------------------------------------------- sweep_iter=  14

 Echk,dif/tol =  -343.5699027      -0.56690E-05 / 1.00000E-12

   k     n          esp(n,k,s)    esp_err   occ(n,k,s)   
   1   115  -0.392096591208944 -0.13658E-06   2.0000    
   1   116  -0.351137345883590 -0.13257E-06   2.0000    
   1   117  -0.351137262990235 -0.35219E-06   2.0000    
   1   118  -0.351137145305210 -0.51647E-06   2.0000    
   1   119  -0.351135615819204 -0.25752E-06   2.0000    
   1   120  -0.351135570994022 -0.43311E-06   2.0000    
   1   121  -0.279027318714860 -0.72731E-06   0.0000    
   1   122  -0.279026484626947 -0.22581E-05   0.0000    
   1   123  -0.279024954197939 -0.45738E-05   0.0000    
   1   124  -0.241084646420142 -0.33547E-05   0.0000    
   1   125  -0.241081661122916 -0.79886E-05   0.0000    
 
 time(sweep)=    12.252(rank0)    12.252(min)    12.252(max)
 
---------------------------------------------------------------- sweep_iter=  15

 Echk,dif/tol =  -343.5699042      -0.15294E-05 / 1.00000E-12

   k     n          esp(n,k,s)    esp_err   occ(n,k,s)   
   1   115  -0.392096635280290 -0.44071E-07   2.0000    
   1   116  -0.351137382184786 -0.36301E-07   2.0000    
   1   117  -0.351137360140429 -0.97150E-07   2.0000    
   1   118  -0.351137315088723 -0.16978E-06   2.0000    
   1   119  -0.351135678522829 -0.62704E-07   2.0000    
   1   120  -0.351135670497597 -0.99504E-07   2.0000    
   1   121  -0.279027529268245 -0.21055E-06   0.0000    
   1   122  -0.279027237913630 -0.75329E-06   0.0000    
   1   123  -0.279026643236236 -0.16890E-05   0.0000    
   1   124  -0.241085908418345 -0.12620E-05   0.0000    
   1   125  -0.241084782049406 -0.31209E-05   0.0000    
 
 time(sweep)=    11.959(rank0)    11.959(min)    11.959(max)
 
---------------------------------------------------------------- sweep_iter=  16

 Echk,dif/tol =  -343.5699046      -0.41627E-06 / 1.00000E-12

   k     n          esp(n,k,s)    esp_err   occ(n,k,s)   
   1   115  -0.392096652052626 -0.16772E-07   2.0000    
   1   116  -0.351137391941785 -0.97570E-08   2.0000    
   1   117  -0.351137386155533 -0.26015E-07   2.0000    
   1   118  -0.351137369929571 -0.54841E-07   2.0000    
   1   119  -0.351135694066391 -0.15544E-07   2.0000    
   1   120  -0.351135692528551 -0.22031E-07   2.0000    
   1   121  -0.279027592733613 -0.63465E-07   0.0000    
   1   122  -0.279027492805579 -0.25489E-06   0.0000    
   1   123  -0.279027270176199 -0.62694E-06   0.0000    
   1   124  -0.241086402187737 -0.49377E-06   0.0000    
   1   125  -0.241085993666425 -0.12116E-05   0.0000    
 
 time(sweep)=    11.759(rank0)    11.759(min)    11.759(max)
 
---------------------------------------------------------------- sweep_iter=  17

 Echk,dif/tol =  -343.5699047      -0.10937E-06 / 1.00000E-12

   k     n          esp(n,k,s)    esp_err   occ(n,k,s)   
   1   115  -0.392096655077360 -0.30247E-08   2.0000    
   1   116  -0.351137394559482 -0.26177E-08   2.0000    
   1   117  -0.351137393060567 -0.69050E-08   2.0000    
   1   118  -0.351137387401604 -0.17472E-07   2.0000    
   1   119  -0.351135697637178 -0.35708E-08   2.0000    
   1   120  -0.351135697377728 -0.48492E-08   2.0000    
   1   121  -0.279027613508418 -0.20775E-07   0.0000    
   1   122  -0.279027580014679 -0.87209E-07   0.0000    
   1   123  -0.279027499931689 -0.22976E-06   0.0000    
   1   124  -0.241086599278913 -0.19709E-06   0.0000    
   1   125  -0.241086465256496 -0.47159E-06   0.0000    
 
 time(sweep)=    11.411(rank0)    11.411(min)    11.411(max)
 
---------------------------------------------------------------- sweep_iter=  18

 Echk,dif/tol =  -343.5699048      -0.29310E-07 / 1.00000E-12

   k     n          esp(n,k,s)    esp_err   occ(n,k,s)   
   1   115  -0.392096655900943 -0.82358E-09   2.0000    
   1   116  -0.351137395229889 -0.67041E-09   2.0000    
   1   117  -0.351137394846576 -0.17860E-08   2.0000    
   1   118  -0.351137392944424 -0.55428E-08   2.0000    
   1   119  -0.351135698461588 -0.82441E-09   2.0000    
   1   120  -0.351135698354061 -0.97633E-09   2.0000    
   1   121  -0.279027620629837 -0.71214E-08   0.0000    
   1   122  -0.279027609676887 -0.29662E-07   0.0000    
   1   123  -0.279027582030292 -0.82099E-07   0.0000    
   1   124  -0.241086678175491 -0.78897E-07   0.0000    
   1   125  -0.241086635987059 -0.17073E-06   0.0000    
 
 time(sweep)=    11.378(rank0)    11.378(min)    11.378(max)
 
---------------------------------------------------------------- sweep_iter=  19

 Echk,dif/tol =  -343.5699048      -0.79103E-08 / 1.00000E-12

   k     n          esp(n,k,s)    esp_err   occ(n,k,s)   
   1   115  -0.392096656112050 -0.21111E-09   2.0000    
   1   116  -0.351137395401037 -0.17115E-09   2.0000    
   1   117  -0.351137395304862 -0.45829E-09   2.0000    
   1   118  -0.351137394677888 -0.17335E-08   2.0000    
   1   119  -0.351135698641768 -0.18018E-09   2.0000    
   1   120  -0.351135698600233 -0.24617E-09   2.0000    
   1   121  -0.279027623160538 -0.25307E-08   0.0000    
   1   122  -0.279027619724369 -0.10047E-07   0.0000    
   1   123  -0.279027610431338 -0.28401E-07   0.0000    
   1   124  -0.241086709754634 -0.31579E-07   0.0000    
   1   125  -0.241086696224450 -0.60237E-07   0.0000    
 
 time(sweep)=    11.105(rank0)    11.105(min)    11.105(max)
 
---------------------------------------------------------------- sweep_iter=  20

 Echk,dif/tol =  -343.5699048      -0.21608E-08 / 1.00000E-12

   k     n          esp(n,k,s)    esp_err   occ(n,k,s)   
   1   115  -0.392096656178908 -0.66858E-10   2.0000    
   1   116  -0.351137395440300 -0.39263E-10   2.0000    
   1   117  -0.351137395417184 -0.11232E-09   2.0000    
   1   118  -0.351137395218134 -0.54025E-09   2.0000    
   1   119  -0.351135698687372 -0.45604E-10   2.0000    
   1   120  -0.351135698671649 -0.71416E-10   2.0000    
   1   121  -0.279027624064356 -0.90382E-09   0.0000    
   1   122  -0.279027623018574 -0.32942E-08   0.0000    
   1   123  -0.279027619857571 -0.94262E-08   0.0000    
   1   124  -0.241086722189219 -0.12435E-07   0.0000    
   1   125  -0.241086716762868 -0.20538E-07   0.0000    
 
 time(sweep)=    10.947(rank0)    10.947(min)    10.947(max)
 
----------------------------------------------------------- SWEEP END ----------
--------------------------------------------------------------------------------
--------------------------------------------------------------------------------
---------------------------------------------------------- SCF START -----------
------------------------------------------------------------- init_mixing(start)
--------------------------------------------------------------- init_mixing(end)
------------------------------------------------------------------ scf_iter=   1
 
 Total Energy :   -341.04860203  (Hartree)
 Harris Energy:   -343.56990477  (Hartree)
  ( diff/tol =  2.52130E+00 / 0.00000E+00 )    F
 
 Charge:   240.000000000003041
 
 |Vloc-Vloc0|^2/tol =   5.97982E-03   / 1.00000E-20    F
 |rho -rho0 |^2/tol =   4.47328E-05   / 0.00000E+00

   k     n          esp(n,k,s)    esp_err   occ(n,k,s)   
   1   115  -0.392096656195202 -0.16294E-10   2.0000    
   1   116  -0.351137395449576 -0.92755E-11   2.0000    
   1   117  -0.351137395444304 -0.27121E-10   2.0000    
   1   118  -0.351137395382638 -0.16450E-09   2.0000    
   1   119  -0.351135698700088 -0.12716E-10   2.0000    
   1   120  -0.351135698694040 -0.22391E-10   2.0000    
   1   121  -0.279027624389715 -0.32536E-09   0.0000    
   1   122  -0.279027624076442 -0.10579E-08   0.0000    
   1   123  -0.279027622960138 -0.31026E-08   0.0000    
   1   124  -0.241086727010413 -0.48212E-08   0.0000    
   1   125  -0.241086724581191 -0.78183E-08   0.0000    
 
 time(scf)=    13.529(rank0)    13.529(min)    13.530(max)
------------------------------------------------------------------ scf_iter=   2
 
 Total Energy :   -339.80158882  (Hartree)
 Harris Energy:   -343.08206761  (Hartree)
  ( diff/tol =  3.28048E+00 / 0.00000E+00 )    F
 
 Charge:   239.999999999999716
 
 |Vloc-Vloc0|^2/tol =   1.72476E-02   / 1.00000E-20    F
 |rho -rho0 |^2/tol =   1.75490E-05   / 0.00000E+00

   k     n          esp(n,k,s)    esp_err   occ(n,k,s)   
   1   115  -0.126265629543880  0.26583       2.0000    
   1   116  -0.081291979382236  0.26985       2.0000    
   1   117  -0.081298341987761  0.26984       2.0000    
   1   118  -0.081377754969041  0.26976       2.0000    
   1   119  -0.081487382725253  0.26965       2.0000    
   1   120  -0.081637859718663  0.26950       2.0000    
   1   121  -0.022560436451648  0.25647       0.0000    
   1   122  -0.022164668677774  0.25686       0.0000    
   1   123  -0.022400580128472  0.25663       0.0000    
   1   124   0.008436259240565  0.24952       0.0000    
   1   125   0.020654232849205  0.26174       0.0000    
 
 time(scf)=    15.748(rank0)    15.748(min)    15.753(max)
------------------------------------------------------------------ scf_iter=   3
 
 Total Energy :   -334.66891130  (Hartree)
 Harris Energy:   -345.91725896  (Hartree)
  ( diff/tol =  1.12483E+01 / 0.00000E+00 )    F
 
 Charge:   240.000000000000171
 
 |Vloc-Vloc0|^2/tol =   6.02606E-02   / 1.00000E-20    F
 |rho -rho0 |^2/tol =   3.44891E-05   / 0.00000E+00

   k     n          esp(n,k,s)    esp_err   occ(n,k,s)   
   1   115  -0.499818483835134 -0.37355       2.0000    
   1   116  -0.455611979383307 -0.37432       2.0000    
   1   117  -0.455617684397683 -0.37432       2.0000    
   1   118  -0.455458030408474 -0.37408       2.0000    
   1   119  -0.455469759198342 -0.37398       2.0000    
   1   120  -0.455469908368020 -0.37383       2.0000    
   1   121  -0.431605724871149 -0.40905       0.0000    
   1   122  -0.381286825431478 -0.35912       0.0000    
   1   123  -0.381389857926038 -0.35899       0.0000    
   1   124  -0.381121980853770 -0.38956       0.0000    
   1   125  -0.340030706041871 -0.36068       0.0000    
 
 time(scf)=    18.111(rank0)    18.111(min)    18.115(max)
------------------------------------------------------------------ scf_iter=   4
 
 Total Energy :   -340.11869578  (Hartree)
 Harris Energy:   -342.72677924  (Hartree)
  ( diff/tol =  2.60808E+00 / 0.00000E+00 )    F
 
 Charge:   240.000000000000284
 
 |Vloc-Vloc0|^2/tol =   5.53006E-02   / 1.00000E-20    F
 |rho -rho0 |^2/tol =   7.60666E-06   / 0.00000E+00

   k     n          esp(n,k,s)    esp_err   occ(n,k,s)   
   1   115  -0.186355114376456  0.31346       2.0000    
   1   116  -0.143763484678122  0.31185       2.0000    
   1   117  -0.143587552189141  0.31203       2.0000    
   1   118  -0.143324547103566  0.31213       2.0000    
   1   119  -0.143558890473610  0.31191       2.0000    
   1   120  -0.143446729341853  0.31202       2.0000    
   1   121  -0.081101971849394  0.35050       0.0000    
   1   122  -0.082413654850966  0.29887       0.0000    
   1   123  -0.080927029564050  0.30046       0.0000    
   1   124  -0.040780274882894  0.34034       0.0000    
   1   125  -0.040596449329649  0.29943       0.0000    
 
 time(scf)=    18.300(rank0)    18.300(min)    18.304(max)
------------------------------------------------------------------ scf_iter=   5
 
 Total Energy :   -342.01898212  (Hartree)
 Harris Energy:   -342.02422743  (Hartree)
  ( diff/tol =  5.24531E-03 / 0.00000E+00 )    F
 
 Charge:   240.000000000000398
 
 |Vloc-Vloc0|^2/tol =   5.70133E-03   / 1.00000E-20    F
 |rho -rho0 |^2/tol =   5.84752E-08   / 0.00000E+00

   k     n          esp(n,k,s)    esp_err   occ(n,k,s)   
   1   115  -0.275869927555287 -0.89515E-01   2.0000    
   1   116  -0.232547595230849 -0.88784E-01   2.0000    
   1   117  -0.232230714516559 -0.88643E-01   2.0000    
   1   118  -0.232225625383968 -0.88901E-01   2.0000    
   1   119  -0.232050443078078 -0.88492E-01   2.0000    
   1   120  -0.231960057479535 -0.88513E-01   2.0000    
   1   121  -0.164971981132491 -0.83870E-01   0.0000    
   1   122  -0.165112437167014 -0.82699E-01   0.0000    
   1   123  -0.164909305559027 -0.83982E-01   0.0000    
   1   124  -0.124421497979578 -0.83641E-01   0.0000    
   1   125  -0.123951611947956 -0.83355E-01   0.0000    
 
 time(scf)=    18.284(rank0)    18.284(min)    18.289(max)
------------------------------------------------------------------ scf_iter=   6
 
 Total Energy :   -342.04677439  (Hartree)
 Harris Energy:   -342.04986083  (Hartree)
  ( diff/tol =  3.08643E-03 / 0.00000E+00 )    F
 
 Charge:   240.000000000000455
 
 |Vloc-Vloc0|^2/tol =   1.12317E-05   / 1.00000E-20    F
 |rho -rho0 |^2/tol =   3.31923E-08   / 0.00000E+00

   k     n          esp(n,k,s)    esp_err   occ(n,k,s)   
   1   115  -0.275861585025869  0.83425E-05   2.0000    
   1   116  -0.232411966172940  0.13563E-03   2.0000    
   1   117  -0.232380914234275 -0.15020E-03   2.0000    
   1   118  -0.232202561843208  0.23064E-04   2.0000    
   1   119  -0.232198504891978 -0.14806E-03   2.0000    
   1   120  -0.232082343172078 -0.12229E-03   2.0000    
   1   121  -0.164909660767308  0.62320E-04   0.0000    
   1   122  -0.164808501934933  0.30394E-03   0.0000    
   1   123  -0.164756413369121  0.15289E-03   0.0000    
   1   124  -0.123953590144904  0.46791E-03   0.0000    
   1   125  -0.123822937364502  0.12867E-03   0.0000    
 
 time(scf)=    18.412(rank0)    18.412(min)    18.416(max)
------------------------------------------------------------------ scf_iter=   7
 
 Total Energy :   -342.04942633  (Hartree)
 Harris Energy:   -342.04993070  (Hartree)
  ( diff/tol =  5.04369E-04 / 0.00000E+00 )    F
 
 Charge:   240.000000000000114
 
 |Vloc-Vloc0|^2/tol =   1.24614E-06   / 1.00000E-20    F
 |rho -rho0 |^2/tol =   8.24751E-09   / 0.00000E+00

   k     n          esp(n,k,s)    esp_err   occ(n,k,s)   
   1   115  -0.270566139561777  0.52954E-02   2.0000    
   1   116  -0.227260874743746  0.51511E-02   2.0000    
   1   117  -0.227210079348889  0.51708E-02   2.0000    
   1   118  -0.226917624484755  0.52849E-02   2.0000    
   1   119  -0.226893157210705  0.53053E-02   2.0000    
   1   120  -0.226655573364447  0.54268E-02   2.0000    
   1   121  -0.159862222194044  0.50474E-02   0.0000    
   1   122  -0.159716140557750  0.50924E-02   0.0000    
   1   123  -0.159587607754971  0.51688E-02   0.0000    
   1   124  -0.118842586929587  0.51110E-02   0.0000    
   1   125  -0.118620427685038  0.52025E-02   0.0000    
 
 time(scf)=    18.168(rank0)    18.168(min)    18.172(max)
------------------------------------------------------------------ scf_iter=   8
 
 Total Energy :   -342.04950958  (Hartree)
 Harris Energy:   -342.05012129  (Hartree)
  ( diff/tol =  6.11703E-04 / 0.00000E+00 )    F
 
 Charge:   240.000000000000625
 
 |Vloc-Vloc0|^2/tol =   7.51379E-06   / 1.00000E-20    F
 |rho -rho0 |^2/tol =   3.71001E-09   / 0.00000E+00

   k     n          esp(n,k,s)    esp_err   occ(n,k,s)   
   1   115  -0.269680424905268  0.88571E-03   2.0000    
   1   116  -0.226555238387259  0.70564E-03   2.0000    
   1   117  -0.226254368364079  0.95571E-03   2.0000    
   1   118  -0.226214946820090  0.70268E-03   2.0000    
   1   119  -0.225913600883879  0.97956E-03   2.0000    
   1   120  -0.225816774458934  0.83880E-03   2.0000    
   1   121  -0.159099552792302  0.76267E-03   0.0000    
   1   122  -0.158918396355688  0.79774E-03   0.0000    
   1   123  -0.158756986760461  0.83062E-03   0.0000    
   1   124  -0.118132319019962  0.71027E-03   0.0000    
   1   125  -0.117751983702373  0.86844E-03   0.0000    
 
 time(scf)=    18.336(rank0)    18.336(min)    18.340(max)
------------------------------------------------------------------ scf_iter=   9
 
 Total Energy :   -342.05002017  (Hartree)
 Harris Energy:   -342.05002485  (Hartree)
  ( diff/tol =  4.67223E-06 / 0.00000E+00 )    F
 
 Charge:   240.000000000000796
 
 |Vloc-Vloc0|^2/tol =   2.88716E-06   / 1.00000E-20    F
 |rho -rho0 |^2/tol =   1.06879E-09   / 0.00000E+00

   k     n          esp(n,k,s)    esp_err   occ(n,k,s)   
   1   115  -0.269145942262199  0.53448E-03   2.0000    
   1   116  -0.225456693670701  0.10985E-02   2.0000    
   1   117  -0.225440716367688  0.81365E-03   2.0000    
   1   118  -0.225412188930979  0.80276E-03   2.0000    
   1   119  -0.225397959468082  0.51564E-03   2.0000    
   1   120  -0.225358142515302  0.45863E-03   2.0000    
   1   121  -0.158214944097255  0.88461E-03   0.0000    
   1   122  -0.158199784374730  0.71861E-03   0.0000    
   1   123  -0.158174371672870  0.58262E-03   0.0000    
   1   124  -0.117101743397086  0.10306E-02   0.0000    
   1   125  -0.117066851312768  0.68513E-03   0.0000    
 
 time(scf)=    18.128(rank0)    18.128(min)    18.132(max)
------------------------------------------------------------------ scf_iter=  10
 
 Total Energy :   -342.05003268  (Hartree)
 Harris Energy:   -342.05004555  (Hartree)
  ( diff/tol =  1.28730E-05 / 0.00000E+00 )    F
 
 Charge:   240.000000000001592
 
 |Vloc-Vloc0|^2/tol =   1.28369E-08   / 1.00000E-20    F
 |rho -rho0 |^2/tol =   1.39539E-10   / 0.00000E+00

   k     n          esp(n,k,s)    esp_err   occ(n,k,s)   
   1   115  -0.268870284488235  0.27566E-03   2.0000    
   1   116  -0.225162654050961  0.29404E-03   2.0000    
   1   117  -0.225159388465383  0.28133E-03   2.0000    
   1   118  -0.225136281910297  0.27591E-03   2.0000    
   1   119  -0.225126318715608  0.27164E-03   2.0000    
   1   120  -0.225111660504600  0.24648E-03   2.0000    
   1   121  -0.157945950581771  0.26899E-03   0.0000    
   1   122  -0.157925621294733  0.27416E-03   0.0000    
   1   123  -0.157918411826243  0.25596E-03   0.0000    
   1   124  -0.116819543413105  0.28220E-03   0.0000    
   1   125  -0.116804005222520  0.26285E-03   0.0000    
 
 time(scf)=    17.660(rank0)    17.660(min)    17.664(max)
------------------------------------------------------------------ scf_iter=  11
 
 Total Energy :   -342.05000387  (Hartree)
 Harris Energy:   -342.05005165  (Hartree)
  ( diff/tol =  4.77799E-05 / 0.00000E+00 )    F
 
 Charge:   240.000000000001648
 
 |Vloc-Vloc0|^2/tol =   2.56120E-07   / 1.00000E-20    F
 |rho -rho0 |^2/tol =   2.47598E-10   / 0.00000E+00

   k     n          esp(n,k,s)    esp_err   occ(n,k,s)   
   1   115  -0.268674994545852  0.19529E-03   2.0000    
   1   116  -0.225038525755875  0.12413E-03   2.0000    
   1   117  -0.224995628357115  0.16376E-03   2.0000    
   1   118  -0.224992485581505  0.14380E-03   2.0000    
   1   119  -0.224948262922965  0.17806E-03   2.0000    
   1   120  -0.224917671826977  0.19399E-03   2.0000    
   1   121  -0.157793344318718  0.15261E-03   0.0000    
   1   122  -0.157787360508957  0.13826E-03   0.0000    
   1   123  -0.157736022098653  0.18239E-03   0.0000    
   1   124  -0.116687988572784  0.13155E-03   0.0000    
   1   125  -0.116644878943767  0.15913E-03   0.0000    
 
 time(scf)=    17.906(rank0)    17.906(min)    17.911(max)
------------------------------------------------------------------ scf_iter=  12
 
 Total Energy :   -342.05002149  (Hartree)
 Harris Energy:   -342.05004454  (Hartree)
  ( diff/tol =  2.30550E-05 / 0.00000E+00 )    F
 
 Charge:   240.000000000001592
 
 |Vloc-Vloc0|^2/tol =   4.27266E-07   / 1.00000E-20    F
 |rho -rho0 |^2/tol =   7.63027E-11   / 0.00000E+00

   k     n          esp(n,k,s)    esp_err   occ(n,k,s)   
   1   115  -0.268791694060614 -0.11670E-03   2.0000    
   1   116  -0.225116146627734 -0.77621E-04   2.0000    
   1   117  -0.225096660991874 -0.10103E-03   2.0000    
   1   118  -0.225064140461360 -0.71655E-04   2.0000    
   1   119  -0.225033624127080 -0.85361E-04   2.0000    
   1   120  -0.225025030943190 -0.10736E-03   2.0000    
   1   121  -0.157880229578855 -0.86885E-04   0.0000    
   1   122  -0.157853214915533 -0.65854E-04   0.0000    
   1   123  -0.157835375937237 -0.99354E-04   0.0000    
   1   124  -0.116780917276836 -0.92929E-04   0.0000    
   1   125  -0.116718228665044 -0.73350E-04   0.0000    
 
 time(scf)=    17.796(rank0)    17.796(min)    17.801(max)
------------------------------------------------------------------ scf_iter=  13
 
 Total Energy :   -342.05002421  (Hartree)
 Harris Energy:   -342.05004408  (Hartree)
  ( diff/tol =  1.98686E-05 / 0.00000E+00 )    F
 
 Charge:   240.000000000001705
 
 |Vloc-Vloc0|^2/tol =   2.46490E-07   / 1.00000E-20    F
 |rho -rho0 |^2/tol =   6.26114E-11   / 0.00000E+00

   k     n          esp(n,k,s)    esp_err   occ(n,k,s)   
   1   115  -0.268796496511838 -0.48025E-05   2.0000    
   1   116  -0.225161273007011 -0.45126E-04   2.0000    
   1   117  -0.225123942374132 -0.27281E-04   2.0000    
   1   118  -0.225087944392211 -0.23804E-04   2.0000    
   1   119  -0.225041758625079 -0.81345E-05   2.0000    
   1   120  -0.225016297847888  0.87331E-05   2.0000    
   1   121  -0.157903538665493 -0.23309E-04   0.0000    
   1   122  -0.157885071299450 -0.31856E-04   0.0000    
   1   123  -0.157838768618676 -0.33927E-05   0.0000    
   1   124  -0.116807190414697 -0.26273E-04   0.0000    
   1   125  -0.116765431517700 -0.47203E-04   0.0000    
 
 time(scf)=    17.798(rank0)    17.798(min)    17.802(max)
------------------------------------------------------------------ scf_iter=  14
 
 Total Energy :   -342.05003967  (Hartree)
 Harris Energy:   -342.05004043  (Hartree)
  ( diff/tol =  7.58439E-07 / 0.00000E+00 )    F
 
 Charge:   240.000000000001592
 
 |Vloc-Vloc0|^2/tol =   6.25985E-08   / 1.00000E-20    F
 |rho -rho0 |^2/tol =   2.66737E-12   / 0.00000E+00

   k     n          esp(n,k,s)    esp_err   occ(n,k,s)   
   1   115  -0.268824320690551 -0.27824E-04   2.0000    
   1   116  -0.225095708970852  0.65564E-04   2.0000    
   1   117  -0.225084221947428  0.39720E-04   2.0000    
   1   118  -0.225083019589413  0.49248E-05   2.0000    
   1   119  -0.225073968052702 -0.32209E-04   2.0000    
   1   120  -0.225072669898295 -0.56372E-04   2.0000    
   1   121  -0.157878034325457  0.25504E-04   0.0000    
   1   122  -0.157871311787078  0.13760E-04   0.0000    
   1   123  -0.157867470171908 -0.28702E-04   0.0000    
   1   124  -0.116758063658770  0.49127E-04   0.0000    
   1   125  -0.116747827641510  0.17604E-04   0.0000    
 
 time(scf)=    17.547(rank0)    17.547(min)    17.551(max)
------------------------------------------------------------------ scf_iter=  15
 
 Total Energy :   -342.05004011  (Hartree)
 Harris Energy:   -342.05004040  (Hartree)
  ( diff/tol =  2.89711E-07 / 0.00000E+00 )    F
 
 Charge:   240.000000000001677
 
 |Vloc-Vloc0|^2/tol =   8.57926E-09   / 1.00000E-20    F
 |rho -rho0 |^2/tol =   8.71767E-13   / 0.00000E+00

   k     n          esp(n,k,s)    esp_err   occ(n,k,s)   
   1   115  -0.268819843983789  0.44767E-05   2.0000    
   1   116  -0.225080343690811  0.15365E-04   2.0000    
   1   117  -0.225075262319456  0.89596E-05   2.0000    
   1   118  -0.225074106194972  0.89134E-05   2.0000    
   1   119  -0.225071388339032  0.25797E-05   2.0000    
   1   120  -0.225069312287717  0.33576E-05   2.0000    
   1   121  -0.157867116141886  0.10918E-04   0.0000    
   1   122  -0.157864430465663  0.68813E-05   0.0000    
   1   123  -0.157862421490663  0.50487E-05   0.0000    
   1   124  -0.116744897690321  0.13166E-04   0.0000    
   1   125  -0.116740627053387  0.72006E-05   0.0000    
 
 time(scf)=    17.438(rank0)    17.438(min)    17.442(max)
------------------------------------------------------------------ scf_iter=  16
 
 Total Energy :   -342.05004026  (Hartree)
 Harris Energy:   -342.05004038  (Hartree)
  ( diff/tol =  1.22628E-07 / 0.00000E+00 )    F
 
 Charge:   240.000000000001705
 
 |Vloc-Vloc0|^2/tol =   3.63847E-09   / 1.00000E-20    F
 |rho -rho0 |^2/tol =   4.61747E-13   / 0.00000E+00

   k     n          esp(n,k,s)    esp_err   occ(n,k,s)   
   1   115  -0.268816946531389  0.28975E-05   2.0000    
   1   116  -0.225073887587316  0.64561E-05   2.0000    
   1   117  -0.225073432352180  0.18300E-05   2.0000    
   1   118  -0.225070923321859  0.31829E-05   2.0000    
   1   119  -0.225069783258060  0.16051E-05   2.0000    
   1   120  -0.225068390230497  0.92206E-06   2.0000    
   1   121  -0.157862556893136  0.45592E-05   0.0000    
   1   122  -0.157861579691300  0.28508E-05   0.0000    
   1   123  -0.157860000874537  0.24206E-05   0.0000    
   1   124  -0.116739222385216  0.56753E-05   0.0000    
   1   125  -0.116737222893180  0.34042E-05   0.0000    
 
 time(scf)=    17.535(rank0)    17.535(min)    17.538(max)
------------------------------------------------------------------ scf_iter=  17
 
 Total Energy :   -342.05004035  (Hartree)
 Harris Energy:   -342.05004035  (Hartree)
  ( diff/tol =  7.42358E-09 / 0.00000E+00 )    F
 
 Charge:   240.000000000001876
 
 |Vloc-Vloc0|^2/tol =   8.15014E-10   / 1.00000E-20    F
 |rho -rho0 |^2/tol =   2.55079E-14   / 0.00000E+00

   k     n          esp(n,k,s)    esp_err   occ(n,k,s)   
   1   115  -0.268822660517212 -0.57140E-05   2.0000    
   1   116  -0.225078429325047 -0.45417E-05   2.0000    
   1   117  -0.225078322028542 -0.48897E-05   2.0000    
   1   118  -0.225075903288317 -0.49800E-05   2.0000    
   1   119  -0.225075746646435 -0.59634E-05   2.0000    
   1   120  -0.225075592394841 -0.72022E-05   2.0000    
   1   121  -0.157866974159115 -0.44173E-05   0.0000    
   1   122  -0.157866730526129 -0.51508E-05   0.0000    
   1   123  -0.157866569894104 -0.65690E-05   0.0000    
   1   124  -0.116743488745124 -0.42664E-05   0.0000    
   1   125  -0.116742700351924 -0.54775E-05   0.0000    
 
 time(scf)=    17.073(rank0)    17.073(min)    17.077(max)
------------------------------------------------------------------ scf_iter=  18
 
 Total Energy :   -342.05004033  (Hartree)
 Harris Energy:   -342.05004036  (Hartree)
  ( diff/tol =  3.35905E-08 / 0.00000E+00 )    F
 
 Charge:   240.000000000001648
 
 |Vloc-Vloc0|^2/tol =   2.63452E-10   / 1.00000E-20    F
 |rho -rho0 |^2/tol =   1.07944E-13   / 0.00000E+00

   k     n          esp(n,k,s)    esp_err   occ(n,k,s)   
   1   115  -0.268823513679131 -0.85316E-06   2.0000    
   1   116  -0.225081044833439 -0.26155E-05   2.0000    
   1   117  -0.225080212525083 -0.18905E-05   2.0000    
   1   118  -0.225077119519770 -0.12162E-05   2.0000    
   1   119  -0.225075900750502 -0.15410E-06   2.0000    
   1   120  -0.225075204819744  0.38758E-06   2.0000    
   1   121  -0.157869158189039 -0.21840E-05   0.0000    
   1   122  -0.157868063399460 -0.13329E-05   0.0000    
   1   123  -0.157866769481031 -0.19959E-06   0.0000    
   1   124  -0.116746319541682 -0.28308E-05   0.0000    
   1   125  -0.116744683282149 -0.19829E-05   0.0000    
 
 time(scf)=    17.542(rank0)    17.542(min)    17.546(max)
------------------------------------------------------------------ scf_iter=  19
 
 Total Energy :   -342.05004035  (Hartree)
 Harris Energy:   -342.05004035  (Hartree)
  ( diff/tol =  2.46928E-10 / 0.00000E+00 )    F
 
 Charge:   240.000000000001876
 
 |Vloc-Vloc0|^2/tol =   1.14253E-10   / 1.00000E-20    F
 |rho -rho0 |^2/tol =   1.42352E-15   / 0.00000E+00

   k     n          esp(n,k,s)    esp_err   occ(n,k,s)   
   1   115  -0.268822746924225  0.76675E-06   2.0000    
   1   116  -0.225078400160095  0.26447E-05   2.0000    
   1   117  -0.225078373072318  0.18395E-05   2.0000    
   1   118  -0.225075892464889  0.12271E-05   2.0000    
   1   119  -0.225075846140092  0.54610E-07   2.0000    
   1   120  -0.225075832829665 -0.62801E-06   2.0000    
   1   121  -0.157866956839826  0.22013E-05   0.0000    
   1   122  -0.157866914625220  0.11488E-05   0.0000    
   1   123  -0.157866893321909 -0.12384E-06   0.0000    
   1   124  -0.116743155037700  0.31645E-05   0.0000    
   1   125  -0.116743037869770  0.16454E-05   0.0000    
 
 time(scf)=    16.803(rank0)    16.803(min)    16.808(max)
------------------------------------------------------------------ scf_iter=  20
 
 Total Energy :   -342.05004035  (Hartree)
 Harris Energy:   -342.05004035  (Hartree)
  ( diff/tol =  5.04940E-10 / 0.00000E+00 )    F
 
 Charge:   240.000000000002046
 
 |Vloc-Vloc0|^2/tol =   6.31159E-12   / 1.00000E-20    F
 |rho -rho0 |^2/tol =   3.64937E-15   / 0.00000E+00

   k     n          esp(n,k,s)    esp_err   occ(n,k,s)   
   1   115  -0.268822741070323  0.58539E-08   2.0000    
   1   116  -0.225078484522375 -0.84362E-07   2.0000    
   1   117  -0.225078371022896  0.20494E-08   2.0000    
   1   118  -0.225075941629302 -0.49164E-07   2.0000    
   1   119  -0.225075891554311 -0.45414E-07   2.0000    
   1   120  -0.225075797713704  0.35116E-07   2.0000    
   1   121  -0.157867154643318 -0.19780E-06   0.0000    
   1   122  -0.157867117897831 -0.20327E-06   0.0000    
   1   123  -0.157866989009157 -0.95687E-07   0.0000    
   1   124  -0.116743312421016 -0.15738E-06   0.0000    
   1   125  -0.116743200261796 -0.16239E-06   0.0000    
 
 time(scf)=    16.833(rank0)    16.833(min)    16.837(max)
------------------------------------------------------------------ scf_iter=  21
 
 Total Energy :   -342.05004035  (Hartree)
 Harris Energy:   -342.05004035  (Hartree)
  ( diff/tol = -2.37435E-10 / 0.00000E+00 )    F
 
 Charge:   240.000000000001876
 
 |Vloc-Vloc0|^2/tol =   8.98745E-12   / 1.00000E-20    F
 |rho -rho0 |^2/tol =   1.29954E-15   / 0.00000E+00

   k     n          esp(n,k,s)    esp_err   occ(n,k,s)   
   1   115  -0.268823022179994 -0.28111E-06   2.0000    
   1   116  -0.225078744656022 -0.26013E-06   2.0000    
   1   117  -0.225078602819221 -0.23180E-06   2.0000    
   1   118  -0.225076197704404 -0.25608E-06   2.0000    
   1   119  -0.225076129082224 -0.23753E-06   2.0000    
   1   120  -0.225076058371052 -0.26066E-06   2.0000    
   1   121  -0.157867385894683 -0.23125E-06   0.0000    
   1   122  -0.157867252847287 -0.13495E-06   0.0000    
   1   123  -0.157867193220132 -0.20421E-06   0.0000    
   1   124  -0.116743575117045 -0.26270E-06   0.0000    
   1   125  -0.116743380463298 -0.18020E-06   0.0000    
 
 time(scf)=    16.921(rank0)    16.921(min)    16.924(max)
------------------------------------------------------------------ scf_iter=  22
 
 Total Energy :   -342.05004035  (Hartree)
 Harris Energy:   -342.05004035  (Hartree)
  ( diff/tol =  5.74119E-10 / 0.00000E+00 )    F
 
 Charge:   240.000000000002103
 
 |Vloc-Vloc0|^2/tol =   4.45769E-12   / 1.00000E-20    F
 |rho -rho0 |^2/tol =   1.13951E-15   / 0.00000E+00

   k     n          esp(n,k,s)    esp_err   occ(n,k,s)   
   1   115  -0.268822884965315  0.13721E-06   2.0000    
   1   116  -0.225078584569603  0.16009E-06   2.0000    
   1   117  -0.225078496596773  0.10622E-06   2.0000    
   1   118  -0.225076066969302  0.13074E-06   2.0000    
   1   119  -0.225076014177914  0.11490E-06   2.0000    
   1   120  -0.225075916585438  0.14179E-06   2.0000    
   1   121  -0.157867223443273  0.16245E-06   0.0000    
   1   122  -0.157867136881700  0.11597E-06   0.0000    
   1   123  -0.157867059573810  0.13365E-06   0.0000    
   1   124  -0.116743433532245  0.14158E-06   0.0000    
   1   125  -0.116743264144983  0.11632E-06   0.0000    
 
 time(scf)=    16.852(rank0)    16.852(min)    16.856(max)
------------------------------------------------------------------ scf_iter=  23
 
 Total Energy :   -342.05004035  (Hartree)
 Harris Energy:   -342.05004035  (Hartree)
  ( diff/tol =  3.80680E-10 / 0.00000E+00 )    F
 
 Charge:   240.000000000001819
 
 |Vloc-Vloc0|^2/tol =   3.04649E-12   / 1.00000E-20    F
 |rho -rho0 |^2/tol =   5.25499E-16   / 0.00000E+00

   k     n          esp(n,k,s)    esp_err   occ(n,k,s)   
   1   115  -0.268822963797004 -0.78832E-07   2.0000    
   1   116  -0.225078656153891 -0.71584E-07   2.0000    
   1   117  -0.225078592651227 -0.96054E-07   2.0000    
   1   118  -0.225076149797049 -0.82828E-07   2.0000    
   1   119  -0.225076060273477 -0.46096E-07   2.0000    
   1   120  -0.225076008480712 -0.91895E-07   2.0000    
   1   121  -0.157867305952675 -0.82509E-07   0.0000    
   1   122  -0.157867219225158 -0.82343E-07   0.0000    
   1   123  -0.157867099884785 -0.40311E-07   0.0000    
   1   124  -0.116743519755149 -0.86223E-07   0.0000    
   1   125  -0.116743369032294 -0.10489E-06   0.0000    
 
 time(scf)=    16.543(rank0)    16.543(min)    16.546(max)
------------------------------------------------------------------ scf_iter=  24
 
 Total Energy :   -342.05004035  (Hartree)
 Harris Energy:   -342.05004035  (Hartree)
  ( diff/tol = -1.84343E-10 / 0.00000E+00 )    F
 
 Charge:   240.000000000001933
 
 |Vloc-Vloc0|^2/tol =   8.44980E-13   / 1.00000E-20    F
 |rho -rho0 |^2/tol =   1.30078E-16   / 0.00000E+00

   k     n          esp(n,k,s)    esp_err   occ(n,k,s)   
   1   115  -0.268822951855007  0.11942E-07   2.0000    
   1   116  -0.225078609462223  0.46692E-07   2.0000    
   1   117  -0.225078593856329 -0.12051E-08   2.0000    
   1   118  -0.225076085984553  0.63812E-07   2.0000    
   1   119  -0.225076066988416 -0.67149E-08   2.0000    
   1   120  -0.225076053171828 -0.44691E-07   2.0000    
   1   121  -0.157867219078281  0.86874E-07   0.0000    
   1   122  -0.157867192739169  0.26486E-07   0.0000    
   1   123  -0.157867167974104 -0.68089E-07   0.0000    
   1   124  -0.116743380742134  0.13901E-06   0.0000    
   1   125  -0.116743308019826  0.61012E-07   0.0000    
 
 time(scf)=    16.409(rank0)    16.409(min)    16.414(max)
------------------------------------------------------------------ scf_iter=  25
 
 Total Energy :   -342.05004035  (Hartree)
 Harris Energy:   -342.05004035  (Hartree)
  ( diff/tol =  6.66830E-10 / 0.00000E+00 )    F
 
 Charge:   240.000000000001990
 
 |Vloc-Vloc0|^2/tol =   1.95226E-13   / 1.00000E-20    F
 |rho -rho0 |^2/tol =   1.45853E-17   / 0.00000E+00

   k     n          esp(n,k,s)    esp_err   occ(n,k,s)   
   1   115  -0.268822963758434 -0.11903E-07   2.0000    
   1   116  -0.225078618920395 -0.94582E-08   2.0000    
   1   117  -0.225078610857108 -0.17001E-07   2.0000    
   1   118  -0.225076092367636 -0.63831E-08   2.0000    
   1   119  -0.225076079667400 -0.12679E-07   2.0000    
   1   120  -0.225076073416977 -0.20245E-07   2.0000    
   1   121  -0.157867229557364 -0.10479E-07   0.0000    
   1   122  -0.157867219013963 -0.26275E-07   0.0000    
   1   123  -0.157867210118299 -0.42144E-07   0.0000    
   1   124  -0.116743362497324  0.18245E-07   0.0000    
   1   125  -0.116743342402404 -0.34383E-07   0.0000    
 
 time(scf)=    15.823(rank0)    15.823(min)    15.827(max)
------------------------------------------------------------------ scf_iter=  26
 
 Total Energy :   -342.05004035  (Hartree)
 Harris Energy:   -342.05004035  (Hartree)
  ( diff/tol =  3.88013E-10 / 0.00000E+00 )    F
 
 Charge:   240.000000000001990
 
 |Vloc-Vloc0|^2/tol =   4.69735E-14   / 1.00000E-20    F
 |rho -rho0 |^2/tol =   3.59035E-17   / 0.00000E+00

   k     n          esp(n,k,s)    esp_err   occ(n,k,s)   
   1   115  -0.268822954521993  0.92364E-08   2.0000    
   1   116  -0.225078609148902  0.97715E-08   2.0000    
   1   117  -0.225078595531836  0.15325E-07   2.0000    
   1   118  -0.225076081423440  0.10944E-07   2.0000    
   1   119  -0.225076070420586  0.92468E-08   2.0000    
   1   120  -0.225076060711203  0.12706E-07   2.0000    
   1   121  -0.157867216159377  0.13398E-07   0.0000    
   1   122  -0.157867201409393  0.17605E-07   0.0000    
   1   123  -0.157867195541597  0.14577E-07   0.0000    
   1   124  -0.116743342439239  0.20058E-07   0.0000    
   1   125  -0.116743331150181  0.11252E-07   0.0000    
 
 time(scf)=    15.451(rank0)    15.451(min)    15.456(max)
------------------------------------------------------------------ scf_iter=  27
 
 Total Energy :   -342.05004035  (Hartree)
 Harris Energy:   -342.05004035  (Hartree)
  ( diff/tol =  5.79234E-11 / 0.00000E+00 )    F
 
 Charge:   240.000000000001876
 
 |Vloc-Vloc0|^2/tol =   5.15895E-14   / 1.00000E-20    F
 |rho -rho0 |^2/tol =   5.07773E-18   / 0.00000E+00

   k     n          esp(n,k,s)    esp_err   occ(n,k,s)   
   1   115  -0.268822950046979  0.44750E-08   2.0000    
   1   116  -0.225078602718273  0.64306E-08   2.0000    
   1   117  -0.225078595862825 -0.33099E-09   2.0000    
   1   118  -0.225076074326357  0.70971E-08   2.0000    
   1   119  -0.225076066083933  0.43367E-08   2.0000    
   1   120  -0.225076061688972 -0.97777E-09   2.0000    
   1   121  -0.157867207351181  0.88082E-08   0.0000    
   1   122  -0.157867201409077  0.31583E-12   0.0000    
   1   123  -0.157867194732828  0.80877E-09   0.0000    
   1   124  -0.116743341241408  0.11978E-08   0.0000    
   1   125  -0.116743329286271  0.18639E-08   0.0000    
 
 time(scf)=    14.719(rank0)    14.719(min)    14.723(max)
------------------------------------------------------------------ scf_iter=  28
 
 Total Energy :   -342.05004035  (Hartree)
 Harris Energy:   -342.05004035  (Hartree)
  ( diff/tol = -1.03660E-09 / 0.00000E+00 )    F
 
 Charge:   240.000000000001933
 
 |Vloc-Vloc0|^2/tol =   2.92174E-14   / 1.00000E-20    F
 |rho -rho0 |^2/tol =   8.61169E-18   / 0.00000E+00

   k     n          esp(n,k,s)    esp_err   occ(n,k,s)   
   1   115  -0.268822949381216  0.66576E-09   2.0000    
   1   116  -0.225078603416487 -0.69821E-09   2.0000    
   1   117  -0.225078593288619  0.25742E-08   2.0000    
   1   118  -0.225076077372151 -0.30458E-08   2.0000    
   1   119  -0.225076063387427  0.26965E-08   2.0000    
   1   120  -0.225076058226958  0.34620E-08   2.0000    
   1   121  -0.157867212983337 -0.56322E-08   0.0000    
   1   122  -0.157867200309625  0.10995E-08   0.0000    
   1   123  -0.157867184404280  0.10329E-07   0.0000    
   1   124  -0.116743352575308 -0.11334E-07   0.0000    
   1   125  -0.116743329810055 -0.52378E-09   0.0000    
 
 time(scf)=    13.724(rank0)    13.724(min)    13.728(max)
------------------------------------------------------------------ scf_iter=  29
 
 Total Energy :   -342.05004035  (Hartree)
 Harris Energy:   -342.05004035  (Hartree)
  ( diff/tol = -7.82222E-10 / 0.00000E+00 )    F
 
 Charge:   240.000000000001819
 
 |Vloc-Vloc0|^2/tol =   6.87826E-15   / 1.00000E-20    F
 |rho -rho0 |^2/tol =   1.52771E-19   / 0.00000E+00

   k     n          esp(n,k,s)    esp_err   occ(n,k,s)   
   1   115  -0.268822952770510 -0.33893E-08   2.0000    
   1   116  -0.225078602042946  0.13735E-08   2.0000    
   1   117  -0.225078601957690 -0.86691E-08   2.0000    
   1   118  -0.225076070193977  0.71782E-08   2.0000    
   1   119  -0.225076070085834 -0.66984E-08   2.0000    
   1   120  -0.225076069943102 -0.11716E-07   2.0000    
   1   121  -0.157867204208462  0.87749E-08   0.0000    
   1   122  -0.157867203991352 -0.36817E-08   0.0000    
   1   123  -0.157867203797577 -0.19393E-07   0.0000    
   1   124  -0.116743331773972  0.20801E-07   0.0000    
   1   125  -0.116743331508002 -0.16979E-08   0.0000    
 
 time(scf)=    11.854(rank0)    11.854(min)    11.858(max)
------------------------------------------------------------------ scf_iter=  30
 
 Total Energy :   -342.05004035  (Hartree)
 Harris Energy:   -342.05004035  (Hartree)
  ( diff/tol =  2.84570E-09 / 0.00000E+00 )    F
 
 Charge:   240.000000000001990
 
 |Vloc-Vloc0|^2/tol =   2.54522E-16   / 1.00000E-20    F
 |rho -rho0 |^2/tol =   1.61840E-19   / 0.00000E+00

   k     n          esp(n,k,s)    esp_err   occ(n,k,s)   
   1   115  -0.268822955608652 -0.28381E-08   2.0000    
   1   116  -0.225078605214514 -0.31716E-08   2.0000    
   1   117  -0.225078604417645 -0.24600E-08   2.0000    
   1   118  -0.225076074073263 -0.38793E-08   2.0000    
   1   119  -0.225076072621580 -0.25357E-08   2.0000    
   1   120  -0.225076071859975 -0.19169E-08   2.0000    
   1   121  -0.157867209083856 -0.48754E-08   0.0000    
   1   122  -0.157867206039065 -0.20477E-08   0.0000    
   1   123  -0.157867203107051  0.69053E-09   0.0000    
   1   124  -0.116743339160043 -0.73861E-08   0.0000    
   1   125  -0.116743332411297 -0.90329E-09   0.0000    
 
 time(scf)=    12.269(rank0)    12.269(min)    12.273(max)
------------------------------------------------------------------ scf_iter=  31
 
 Total Energy :   -342.05004036  (Hartree)
 Harris Energy:   -342.05004035  (Hartree)
  ( diff/tol = -2.84746E-09 / 0.00000E+00 )    F
 
 Charge:   240.000000000001847
 
 |Vloc-Vloc0|^2/tol =   3.22796E-16   / 1.00000E-20    F
 |rho -rho0 |^2/tol =   8.27522E-20   / 0.00000E+00

   k     n          esp(n,k,s)    esp_err   occ(n,k,s)   
   1   115  -0.268822953811904  0.17967E-08   2.0000    
   1   116  -0.225078603473136  0.17414E-08   2.0000    
   1   117  -0.225078602219920  0.21977E-08   2.0000    
   1   118  -0.225076071701940  0.23713E-08   2.0000    
   1   119  -0.225076071394093  0.12275E-08   2.0000    
   1   120  -0.225076069800868  0.20591E-08   2.0000    
   1   121  -0.157867205048379  0.40355E-08   0.0000    
   1   122  -0.157867204349538  0.16895E-08   0.0000    
   1   123  -0.157867203763050 -0.65600E-09   0.0000    
   1   124  -0.116743333488315  0.56717E-08   0.0000    
   1   125  -0.116743331936919  0.47438E-09   0.0000    
 
 time(scf)=    11.837(rank0)    11.837(min)    11.842(max)
------------------------------------------------------------------ scf_iter=  32
 
 Total Energy :   -342.05004036  (Hartree)
 Harris Energy:   -342.05004035  (Hartree)
  ( diff/tol = -9.74603E-09 / 0.00000E+00 )    F
 
 Charge:   240.000000000001819
 
 |Vloc-Vloc0|^2/tol =   5.10291E-16   / 1.00000E-20    F
 |rho -rho0 |^2/tol =   8.96987E-20   / 0.00000E+00

   k     n          esp(n,k,s)    esp_err   occ(n,k,s)   
   1   115  -0.268822953595312  0.21659E-09   2.0000    
   1   116  -0.225078603002774  0.47036E-09   2.0000    
   1   117  -0.225078602426395 -0.20648E-09   2.0000    
   1   118  -0.225076071487420  0.21452E-09   2.0000    
   1   119  -0.225076070723454  0.67064E-09   2.0000    
   1   120  -0.225076070235591 -0.43472E-09   2.0000    
   1   121  -0.157867205325759 -0.27738E-09   0.0000    
   1   122  -0.157867204280996  0.68542E-10   0.0000    
   1   123  -0.157867203154019  0.60903E-09   0.0000    
   1   124  -0.116743333903063 -0.41475E-09   0.0000    
   1   125  -0.116743331809716  0.12720E-09   0.0000    
 
 time(scf)=    11.717(rank0)    11.717(min)    11.721(max)
------------------------------------------------------------------ scf_iter=  33
 
 Total Energy :   -342.05004036  (Hartree)
 Harris Energy:   -342.05004035  (Hartree)
  ( diff/tol = -9.96965E-09 / 0.00000E+00 )    F
 
 Charge:   240.000000000001904
 
 |Vloc-Vloc0|^2/tol =   1.98876E-16   / 1.00000E-20    F
 |rho -rho0 |^2/tol =   1.81111E-20   / 0.00000E+00

   k     n          esp(n,k,s)    esp_err   occ(n,k,s)   
   1   115  -0.268822953600405 -0.50928E-11   2.0000    
   1   116  -0.225078602809081  0.19369E-09   2.0000    
   1   117  -0.225078602636798 -0.21040E-09   2.0000    
   1   118  -0.225076070988803  0.49862E-09   2.0000    
   1   119  -0.225076070797817 -0.74363E-10   2.0000    
   1   120  -0.225076070683261 -0.44767E-09   2.0000    
   1   121  -0.157867204764970  0.56079E-09   0.0000    
   1   122  -0.157867204227019  0.53977E-10   0.0000    
   1   123  -0.157867203758016 -0.60400E-09   0.0000    
   1   124  -0.116743332802794  0.11003E-08   0.0000    
   1   125  -0.116743331623011  0.18670E-09   0.0000    
 
 time(scf)=    11.669(rank0)    11.669(min)    11.673(max)
------------------------------------------------------------------ scf_iter=  34
 
 Total Energy :   -342.05004035  (Hartree)
 Harris Energy:   -342.05004035  (Hartree)
  ( diff/tol = -3.08819E-09 / 0.00000E+00 )    F
 
 Charge:   240.000000000001819
 
 |Vloc-Vloc0|^2/tol =   3.84057E-18   / 1.00000E-20    F
 |rho -rho0 |^2/tol =   7.97579E-21   / 0.00000E+00

   k     n          esp(n,k,s)    esp_err   occ(n,k,s)   
   1   115  -0.268822953291432  0.30897E-09   2.0000    
   1   116  -0.225078602467829  0.34125E-09   2.0000    
   1   117  -0.225078602327081  0.30972E-09   2.0000    
   1   118  -0.225076070590982  0.39782E-09   2.0000    
   1   119  -0.225076070538185  0.25963E-09   2.0000    
   1   120  -0.225076070393992  0.28927E-09   2.0000    
   1   121  -0.157867204116791  0.64818E-09   0.0000    
   1   122  -0.157867203930561  0.29646E-09   0.0000    
   1   123  -0.157867203840953 -0.82937E-10   0.0000    
   1   124  -0.116743331864812  0.93798E-09   0.0000    
   1   125  -0.116743331477031  0.14598E-09   0.0000    
 
 time(scf)=    11.406(rank0)    11.406(min)    11.411(max)
------------------------------------------------------------------ scf_iter=  35
 
 Total Energy :   -342.05004035  (Hartree)
 Harris Energy:   -342.05004035  (Hartree)
  ( diff/tol =  6.97162E-09 / 0.00000E+00 )    F
 
 Charge:   240.000000000001819
 
 |Vloc-Vloc0|^2/tol =   1.82919E-18   / 1.00000E-20    F
 |rho -rho0 |^2/tol =   5.65623E-21   / 0.00000E+00

   k     n          esp(n,k,s)    esp_err   occ(n,k,s)   
   1   115  -0.268822953101516  0.18992E-09   2.0000    
   1   116  -0.225078602250797  0.21703E-09   2.0000    
   1   117  -0.225078602146317  0.18076E-09   2.0000    
   1   118  -0.225076070427150  0.16383E-09   2.0000    
   1   119  -0.225076070306966  0.23122E-09   2.0000    
   1   120  -0.225076070210833  0.18316E-09   2.0000    
   1   121  -0.157867203938507  0.17828E-09   0.0000    
   1   122  -0.157867203755960  0.17460E-09   0.0000    
   1   123  -0.157867203675959  0.16499E-09   0.0000    
   1   124  -0.116743331482151  0.38266E-09   0.0000    
   1   125  -0.116743331370377  0.10665E-09   0.0000    
 
 time(scf)=    11.247(rank0)    11.247(min)    11.251(max)
------------------------------------------------------------------ scf_iter=  36
 
 Total Energy :   -342.05004035  (Hartree)
 Harris Energy:   -342.05004036  (Hartree)
  ( diff/tol =  5.11750E-09 / 0.00000E+00 )    F
 
 Charge:   240.000000000002075
 
 |Vloc-Vloc0|^2/tol =   2.31186E-18   / 1.00000E-20    F
 |rho -rho0 |^2/tol =   2.88332E-21   / 0.00000E+00

   k     n          esp(n,k,s)    esp_err   occ(n,k,s)   
   1   115  -0.268822953260771 -0.15926E-09   2.0000    
   1   116  -0.225078602428990 -0.17819E-09   2.0000    
   1   117  -0.225078602311991 -0.16567E-09   2.0000    
   1   118  -0.225076070545909 -0.11876E-09   2.0000    
   1   119  -0.225076070508403 -0.20144E-09   2.0000    
   1   120  -0.225076070392238 -0.18141E-09   2.0000    
   1   121  -0.157867204090431 -0.15192E-09   0.0000    
   1   122  -0.157867203911303 -0.15534E-09   0.0000    
   1   123  -0.157867203814888 -0.13893E-09   0.0000    
   1   124  -0.116743331807328 -0.32518E-09   0.0000    
   1   125  -0.116743331456893 -0.86516E-10   0.0000    
 
 time(scf)=    11.300(rank0)    11.300(min)    11.304(max)
------------------------------------------------------------------ scf_iter=  37
 
 Total Energy :   -342.05004035  (Hartree)
 Harris Energy:   -342.05004036  (Hartree)
  ( diff/tol =  6.50607E-09 / 0.00000E+00 )    F
 
 Charge:   240.000000000001961
 
 |Vloc-Vloc0|^2/tol =   6.05187E-20   / 1.00000E-20    F
 |rho -rho0 |^2/tol =   7.41381E-22   / 0.00000E+00

   k     n          esp(n,k,s)    esp_err   occ(n,k,s)   
   1   115  -0.268822953157949  0.10282E-09   2.0000    
   1   116  -0.225078602308765  0.12023E-09   2.0000    
   1   117  -0.225078602233435  0.78556E-10   2.0000    
   1   118  -0.225076070451338  0.94571E-10   2.0000    
   1   119  -0.225076070396725  0.11168E-09   2.0000    
   1   120  -0.225076070305725  0.86514E-10   2.0000    
   1   121  -0.157867203959403  0.13103E-09   0.0000    
   1   122  -0.157867203826673  0.84630E-10   0.0000    
   1   123  -0.157867203752126  0.62762E-10   0.0000    
   1   124  -0.116743331610832  0.19650E-09   0.0000    
   1   125  -0.116743331381623  0.75270E-10   0.0000    
 
 time(scf)=    10.811(rank0)    10.811(min)    10.815(max)
------------------------------------------------------------------ scf_iter=  38
 
 Total Energy :   -342.05004036  (Hartree)
 Harris Energy:   -342.05004035  (Hartree)
  ( diff/tol = -2.43006E-09 / 0.00000E+00 )    F
 
 Charge:   240.000000000001933
 
 |Vloc-Vloc0|^2/tol =   2.76259E-18   / 1.00000E-20    F
 |rho -rho0 |^2/tol =   1.71445E-21   / 0.00000E+00

   k     n          esp(n,k,s)    esp_err   occ(n,k,s)   
   1   115  -0.268822953507824 -0.34988E-09   2.0000    
   1   116  -0.225078602688607 -0.37984E-09   2.0000    
   1   117  -0.225078602493619 -0.26018E-09   2.0000    
   1   118  -0.225076070870094 -0.41876E-09   2.0000    
   1   119  -0.225076070768283 -0.37156E-09   2.0000    
   1   120  -0.225076070470115 -0.16439E-09   2.0000    
   1   121  -0.157867204235213 -0.27581E-09   0.0000    
   1   122  -0.157867204169836 -0.34316E-09   0.0000    
   1   123  -0.157867203981268 -0.22914E-09   0.0000    
   1   124  -0.116743331859282 -0.24845E-09   0.0000    
   1   125  -0.116743331762977 -0.38135E-09   0.0000    
 
 time(scf)=    11.012(rank0)    11.012(min)    11.015(max)
------------------------------------------------------------------ scf_iter=  39
 
 Total Energy :   -342.05004035  (Hartree)
 Harris Energy:   -342.05004035  (Hartree)
  ( diff/tol = -1.80825E-09 / 0.00000E+00 )    F
 
 Charge:   240.000000000001876
 
 |Vloc-Vloc0|^2/tol =   4.77025E-18   / 1.00000E-20    F
 |rho -rho0 |^2/tol =   3.18004E-22   / 0.00000E+00

   k     n          esp(n,k,s)    esp_err   occ(n,k,s)   
   1   115  -0.268822953338318  0.16951E-09   2.0000    
   1   116  -0.225078602468608  0.22000E-09   2.0000    
   1   117  -0.225078602420471  0.73148E-10   2.0000    
   1   118  -0.225076070598131  0.27196E-09   2.0000    
   1   119  -0.225076070557144  0.21114E-09   2.0000    
   1   120  -0.225076070517050 -0.46935E-10   2.0000    
   1   121  -0.157867204016912  0.21830E-09   0.0000    
   1   122  -0.157867203997825  0.17201E-09   0.0000    
   1   123  -0.157867203961814  0.19454E-10   0.0000    
   1   124  -0.116743331597980  0.26130E-09   0.0000    
   1   125  -0.116743331560093  0.20288E-09   0.0000    
 
 time(scf)=    10.445(rank0)    10.445(min)    10.449(max)
------------------------------------------------------------------ scf_iter=  40
 
 Total Energy :   -342.05004035  (Hartree)
 Harris Energy:   -342.05004035  (Hartree)
  ( diff/tol = -6.88829E-10 / 0.00000E+00 )    F
 
 Charge:   240.000000000001762
 
 |Vloc-Vloc0|^2/tol =   4.79893E-19   / 1.00000E-20    F
 |rho -rho0 |^2/tol =   5.50794E-23   / 0.00000E+00

   k     n          esp(n,k,s)    esp_err   occ(n,k,s)   
   1   115  -0.268822953315704  0.22614E-10   2.0000    
   1   116  -0.225078602424558  0.44050E-10   2.0000    
   1   117  -0.225078602420283  0.18804E-12   2.0000    
   1   118  -0.225076070544450  0.53681E-10   2.0000    
   1   119  -0.225076070536424  0.20720E-10   2.0000    
   1   120  -0.225076070526776 -0.97266E-11   2.0000    
   1   121  -0.157867204010790  0.61220E-11   0.0000    
   1   122  -0.157867203971453  0.26372E-10   0.0000    
   1   123  -0.157867203930849  0.30965E-10   0.0000    
   1   124  -0.116743331630054 -0.32074E-10   0.0000    
   1   125  -0.116743331516869  0.43224E-10   0.0000    
 
 time(scf)=    10.244(rank0)    10.244(min)    10.248(max)
------------------------------------------------------------------ scf_iter=  41
 
 Total Energy :   -342.05004035  (Hartree)
 Harris Energy:   -342.05004035  (Hartree)
  ( diff/tol = -8.77037E-10 / 0.00000E+00 )    F
 
 Charge:   240.000000000001762
 
 |Vloc-Vloc0|^2/tol =   1.44520E-20   / 1.00000E-20    F
 |rho -rho0 |^2/tol =   2.17856E-23   / 0.00000E+00

   k     n          esp(n,k,s)    esp_err   occ(n,k,s)   
   1   115  -0.268822953312029  0.36747E-11   2.0000    
   1   116  -0.225078602420027  0.45307E-11   2.0000    
   1   117  -0.225078602416882  0.34008E-11   2.0000    
   1   118  -0.225076070535846  0.86040E-11   2.0000    
   1   119  -0.225076070531926  0.44982E-11   2.0000    
   1   120  -0.225076070527080 -0.30342E-12   2.0000    
   1   121  -0.157867203983646  0.27144E-10   0.0000    
   1   122  -0.157867203967340  0.41136E-11   0.0000    
   1   123  -0.157867203946014 -0.15165E-10   0.0000    
   1   124  -0.116743331579224  0.50831E-10   0.0000    
   1   125  -0.116743331520596 -0.37269E-11   0.0000    
 
 time(scf)=     9.940(rank0)     9.940(min)     9.944(max)
------------------------------------------------------------------ scf_iter=  42
 
 Total Energy :   -342.05004035  (Hartree)
 Harris Energy:   -342.05004035  (Hartree)
  ( diff/tol = -9.18988E-10 / 0.00000E+00 )    F
 
 Charge:   240.000000000001734
 
 |Vloc-Vloc0|^2/tol =   4.86972E-21   / 1.00000E-20    T
 |rho -rho0 |^2/tol =   7.98812E-24   / 0.00000E+00

   k     n          esp(n,k,s)    esp_err   occ(n,k,s)   
   1   115  -0.268822953294467  0.17562E-10   2.0000    
   1   116  -0.225078602400960  0.19067E-10   2.0000    
   1   117  -0.225078602399160  0.17722E-10   2.0000    
   1   118  -0.225076070517612  0.18234E-10   2.0000    
   1   119  -0.225076070513081  0.18846E-10   2.0000    
   1   120  -0.225076070508761  0.18319E-10   2.0000    
   1   121  -0.157867203960704  0.22941E-10   0.0000    
   1   122  -0.157867203948935  0.18405E-10   0.0000    
   1   123  -0.157867203935285  0.10730E-10   0.0000    
   1   124  -0.116743331544563  0.34660E-10   0.0000    
   1   125  -0.116743331506644  0.13952E-10   0.0000    
 
 time(scf)=     9.397(rank0)     9.397(min)     9.402(max)
------------------------------------------------------------------ SCF END -----
 scf converged ( total # of iteration =  42 )
 Total SCF time :   630.763(rank0)   630.763(min)   630.764(max)
--------------------------------------------------------------------------------
 END_PROGRAM : MAIN
 TIME(END)   884.73150   884.88168
 Start time  2015/12/16 13:51:19.227
 End   time  2015/12/16 14:06:04.108
