----------------------------------------------------------------------
 RSDFT ver.0.0.0
------------------------------------------------------------ header_info
 Start time  2015/12/16 14:22:30.677
 preprocessor option list ( -cpp -Dxxxx )
          (wave functions are COMPLEX16)
 _FFTW_ (FFTW is used)
--------------------------------------------------------- read_parameters(start)
         AX :   10.2610000000
         A1 :   0.0000000E+00  5.0000000E-01  5.0000000E-01
         A2 :   5.0000000E-01  0.0000000E+00  5.0000000E-01
         A3 :   5.0000000E-01  5.0000000E-01  0.0000000E+00
         NK :          8
       MMM1 :          5         5         5
       MMM2 :          2         2         2
 Nband=           8
 Nspin=           1
 Ndspin=  0.000000000000000E+000
 Nfixed=           0
 Next_electron=  0.000000000000000E+000
 Ngrid(1:3)=          12          12          12
 Md =           6
 SYStype =           0
 rcfac =   1.50000000000000     
 qcfac =   1.00000000000000     
 etafac=   8.00000000000000     
 node_partition(1:6)=   1   1   1   1   8   1
 MB_d=           0
----------------------------------------------------------------- read_wf(start)
 iwork_wf=           0
------------------------------------------------------------------- read_wf(end)
 NBLK =           0
 NBLK1=           0
 iswitch_cgpc=           4
------------------------------------------------------------- read_mixing(start)
         IC :          0
         OC :          2
 beta       =   1.00000000000000     
 iomix,IC,OC=           0           0           2
--------------------------------------------------------------- read_mixing(end)
 ekbt   =  1.000000000000000E-005
 kinteg =           5
 nsetocc=           0
 isetocc=           0           0
 IC =           0
 OC =           2
 OC2=         100
 IO_ctrl=           0
 MBwr1,MBwr2=           0           0
 etime_limit=   10000.0000000000     
      SWSCF :          1
     SWBAND :          0
 ncycl, most, nrfr =           0           6           5
 okatom, eeps      =  0.500000000000000       1.000000000000000E-010
 feps, decr        =  5.000000000000000E-004  0.100000000000000     
 diter_opt         =          50
 strlog            =           0
 isymmetry=           0
 file_symdat=                              
----------------------------------------------------------------- read_xc(start)
     XCTYPE :   LDAPZ81 
------------------------------------------------------------------- read_xc(end)
---------------------------------------------------------- read_xc_hybrid(start)
     XCTYPE :   LDAPZ81 
         IC :          0
------------------------------------------------------------ read_xc_hybrid(end)
     NSWEEP :          5
    SCFCONV :   1.0000000E-15  0.0000000E+00
      DITER :        100
--------------------------------------------------------------- read_band(start)
       BAND
 nbk          =           7
 mb_band      =          24
 mb2_band     =          20
 esp_von_tol  =  1.000000000000000E-007
 maxiter_band =         100
----------------------------------------------------------------- read_band(end)
-------------------------------------------------------- read_band_unfold(start)
 iswitch_banduf= F
---------------------------------------------------------- read_band_unfold(end)
----------------------------------------------------------- read_parameters(end)
--------------------------------------------------------------- read_atom(start)
 AA format is assumed           1
 Nelment,Natom=           1           2
 zn_atom=           0
        ki_atom          aa_atom1          aa_atom2          aa_atom3  md_atom
     1        1    0.000000000000    0.000000000000    0.000000000000        1
     2        1    0.250000000000    0.250000000000    0.250000000000        1
----------------------------------------------------------------- read_atom(end)
--------------------------------------------------------- main( aa & bb )(start)
----------------------------------------------------------- main( aa & bb )(end)
---------------------------------------------------------- read_pseudopot(start)
         PP :    2  Si_psv.dat          
 *** PSV format ***
 zatom                   =   14.0000000000000     
 # of radial mesh points =        1991
 r(1),...,r(end)         =  0.000000000000000E+000   25.0000000000000     
 NRps                    =        1734        1734
 # of orbitals           =           2
 angular momentum        =           0           1
 cut off radius          =   2.53017769990913        2.53017769990913     
 Zps                     =   4.00000000000000     
 xc_pot                  =   LDAPZ81 
 a1,a2,a3,a4             =   2.03068285000000        1.11643011000000     
                            -1.03068285000000       0.553021070000000     
 Reference               =           1           1
 anorm                   =  0.394361211686000       0.130960522077000     
 inorm                   =           1           1
 sum(cdd)                =   3.99144241688915     
 sum(cdc)                =  0.000000000000000E+000
 ps_type =            0
------------------------------------------------------------ read_pseudopot(end)
--------------------------------------------------------- write_info_atom(start)
           Zatom    Zion     Num    FilePS
       1       0       4       2    Si_psv.dat                    
   total       0       8       2
----------------------------------------------------------- write_info_atom(end)
---------------------------------------------------------- count_electron(start)
------------------------------------------------------------ count_electron(end)
---------------------------------------------------- check_Nband_electron(start)
------------------------------------------------------ check_Nband_electron(end)
-------------------------------------------------------------- init_force(start)
 Ntim=           1
-------------------------------------------------------------- read_force(start)
---------------------------------------------------------------- read_force(end)
---------------------------------------------------------------- init_force(end)
-------------------------------------------------------------- init_rgrid(start)
 SYStype=           0
 aa     0.0000000000   5.1305000000   5.1305000000
        5.1305000000   0.0000000000   5.1305000000
        5.1305000000   5.1305000000   0.0000000000
 Ngrid(1:3)=   12   12   12
 Ngrid(0)  =    1728
 Hgrid(1:3)=     0.60463522     0.60463522     0.60463522
---------------------------------------------------------------- init_rgrid(end)
-------------------------------------------------------------- Init_Ggrid(start)
 Ecut,Gcut=   22.6848408194465        4.76286057106929     
 NGgrid=         531           5           5           5
 NMGL=          22
---------------------------------------------------------------- Init_Ggrid(end)
------------------------------------------------------------- generate_bz(start)
 Nbzsm, MMBZ =          32          64
                                kbb   weight_bz
    1   0.37500   0.37500   0.37500     0.03125
    2   0.37500   0.37500  -0.37500     0.03125
    3   0.37500   0.37500  -0.12500     0.03125
    4   0.37500   0.37500   0.12500     0.03125
    5   0.37500  -0.37500   0.37500     0.03125
    6   0.37500  -0.37500  -0.37500     0.03125
    7   0.37500  -0.37500  -0.12500     0.03125
    8   0.37500  -0.37500   0.12500     0.03125
    9   0.37500  -0.12500   0.37500     0.03125
   10   0.37500  -0.12500  -0.37500     0.03125
   11   0.37500  -0.12500  -0.12500     0.03125
   12   0.37500  -0.12500   0.12500     0.03125
   13   0.37500   0.12500   0.37500     0.03125
   14   0.37500   0.12500  -0.37500     0.03125
   15   0.37500   0.12500  -0.12500     0.03125
   16   0.37500   0.12500   0.12500     0.03125
   17  -0.12500   0.37500   0.37500     0.03125
   18  -0.12500   0.37500  -0.37500     0.03125
   19  -0.12500   0.37500  -0.12500     0.03125
   20  -0.12500   0.37500   0.12500     0.03125
   21  -0.12500  -0.37500   0.37500     0.03125
   22  -0.12500  -0.37500  -0.37500     0.03125
   23  -0.12500  -0.37500  -0.12500     0.03125
   24  -0.12500  -0.37500   0.12500     0.03125
   25  -0.12500  -0.12500   0.37500     0.03125
   26  -0.12500  -0.12500  -0.37500     0.03125
   27  -0.12500  -0.12500  -0.12500     0.03125
   28  -0.12500  -0.12500   0.12500     0.03125
   29  -0.12500   0.12500   0.37500     0.03125
   30  -0.12500   0.12500  -0.37500     0.03125
   31  -0.12500   0.12500  -0.12500     0.03125
   32  -0.12500   0.12500   0.12500     0.03125
--------------------------------------------------------------- generate_bz(end)
---------------------------------------------------------- init_scalapack(start)
 NPROW,NPCOL,MBSIZE,NBSIZE
           1           1           8           8
------------------------------------------------------------ init_scalapack(end)
----------------------------------------------------------- init_parallel(start)
 np1,np2,np3=           1           1           1
 np_grid    =           1
 np_band    =           1
 np_bz      =           8
 np_spin    =           1
 np_fkmb    =           1
 nprocs     =           8
 irank grid band   bz spin
     0    0    0    0    0    0
     1    0    0    1    0    0
     2    0    0    2    0    0
     3    0    0    3    0    0
     4    0    0    4    0    0
     5    0    0    5    0    0
     6    0    0    6    0    0
     7    0    0    7    0    0
--- fock-band-parallel ---
 Nband  =           8
 np_fkmb=           1
        i id_fkmb ir_fkmb
        0       0       8
 nprocs_f =           8
--- spin-parallel ---
 nspin  =           1
 np_spin=           1
        i id_spin ir_spin
        0       0       1
 nprocs_s =           8
--- k-parallel ---
 Nbzsm    =          32
 np_bzsm=           8
        i id_bzsm ir_bzsm
        0       0       4
        1       4       4
        2       8       4
        3      12       4
        4      16       4
        5      20       4
        6      24       4
        7      28       4
 nprocs_k =           1
--- band-parallel ---
 Nband  =           8
 np_band=           1
        i id_band ir_band
        0       0       8
 nprocs_b =           1
--- grid-parallel ---
 nprocs_g =           1
 nprocs_b =           1
 nprocs_k =           1
 nprocs_s =           8
 nprocs_f =           8
 nprocs   =           8
 comm_world, nprocs   =           0           8
 comm_grid,  nprocs_g =           3           1
 comm_band,  nprocs_b =           4           1
 comm_bzsm,  nprocs_k =           5           8
 comm_spin,  nprocs_s =           6           1
 comm_fkmb,  nprocs_f =           7           1
------------------------------------------------------------- init_parallel(end)
------------------------------------------------------ InitParallel_Rgrid(start)
-------------------------------------------------------- InitParallel_Rgrid(end)
------------------------------------------------------ InitParallel_Ggrid(start)
-------------------------------------------------------- InitParallel_Ggrid(end)
---------------------------------------------------------------- init_omp(start)
 nn(ini)=          12          12          12
 nn(1:3)=          12          12          12
 np(1:3)=           1           1           1
 m      =           1
 Ngrid_omp   12   12   12
 IGIG        1    1728       0      11       0      11       0      11    1728
 omp_get_num_threads=           1
------------------------------------------------------------------ init_omp(end)
--------------------------------------------------------------- init_fftw(start)
----------------------------------------------------------------- init_fftw(end)
---------------------------------------------------------- init_bcset_sol(start)
------------------------------------------------------------ init_bcset_sol(end)
------------------------------------------------------------ init_kinetic(start)
  -2.98277778 -2.98277778    0.00000000  0.00000000
   1.71428571  1.71428571    0.85714286  0.85714286
  -0.26785714 -0.26785714   -0.26785714 -0.26785714
   0.05291005  0.05291005    0.07936508  0.07936508
  -0.00892857 -0.00892857   -0.01785714 -0.01785714
   0.00103896  0.00103896    0.00259740  0.00259740
  -0.00006013 -0.00006013   -0.00018038 -0.00018038
 ggg=   1.50000   1.50000   1.50000  -0.50000  -0.50000  -0.50000
                        lap               coef_lap
   0     -2.982777777777778     18.357626498054803
   1      1.714285714285714     -3.516880259319229  -3.516880259319229  -3.516880259319229
   2     -0.267857142857143      0.549512540518630   0.549512540518630   0.549512540518630
   3      0.052910052910053     -0.108545687016026  -0.108545687016026  -0.108545687016026
   4     -0.008928571428571      0.018317084683954   0.018317084683954   0.018317084683954
   5      0.001038961038961     -0.002131442581406  -0.002131442581406  -0.002131442581406
   6     -0.000060125060125      0.000123347371609   0.000123347371609   0.000123347371609
                        nab               coef_nab
   1      0.857142857142857      1.417619787696310   1.417619787696310   1.417619787696310
   2     -0.267857142857143     -0.443006183655097  -0.443006183655097  -0.443006183655097
   3      0.079365079365079      0.131261091453362   0.131261091453362   0.131261091453362
   4     -0.017857142857143     -0.029533745577006  -0.029533745577006  -0.029533745577006
   5      0.002597402597403      0.004295817538474   0.004295817538474   0.004295817538474
   6     -0.000180375180375     -0.000298320662394  -0.000298320662394  -0.000298320662394
-------------------------------------------------------------- init_kinetic(end)
--------------------------------------------------------- set_array_bound(start)
----------------------------------------------------------- set_array_bound(end)
----------------------------------------------------------- init_ps_local(start)
------------------------------------------------------------- init_ps_local(end)
------------------------------------------------------------- init_ps_pcc(start)
-------------------------------------------------------- construct_strfac(start)
---------------------------------------------------------- construct_strfac(end)
------------------------------------------------------ construct_ps_local(start)
------------------------------------------------- construct_ps_local_fftw(start)
--------------------------------------------------- construct_ps_local_fftw(end)
---------------------------------------------------- construct_ps_initrho(start)
 iswitch_initrho =           0
 analytic        = F
    Nelectron                 sum                 min                 max
      8.00000          7.9828848338        0.0062029720        0.0614278616
    Nelectron                 sum                 min                 max
      8.00000          8.0000000000        0.0062162711        0.0615595619
------------------------------------------------------ construct_ps_initrho(end)
--------------------------------------------------------- destruct_strfac(start)
----------------------------------------------------------- destruct_strfac(end)
-------------------------------------------------------- ps_nloc_initiate(start)
----------------------------------------------------------- prep_ps_nloc2(start)
------------------------------------------------------------- prep_ps_nloc2(end)
---------------------------------------------------------- ps_nloc_initiate(end)
---------------------------------------------------------- init_xc_hybrid(start)
--------------------------------------------------------------- init_eion(start)
---------------------------------------------------------------calc_ewald(start)
---------------------------------------------------------------- calc_ewald(end)
 Eewald(SYSTYPE=0)=       -8.399646107228264
----------------------------------------------------------------- init_eion(end)
------------------------------------------------------ init_subspace_diag(start)
     rank_b       tri         m         n       nme      idis
          0        36         0         8        36         0
-------------------------------------------------------- init_subspace_diag(end)
----------------------------------------------------------------- init_wf(start)
------------------------------------------------------------------- init_wf(end)
------------------------------------------------------- init_occ_electron(start)
--------------------------------------------------------- init_occ_electron(end)
------------------------------------------------------------ main
 Natom    =           2
 Nelement =           1
 Nband =           8
 Nspin =           1
 Nbzsm =          32          32
 Nelectron =   8.00000000000000     
 Next_electron =  0.000000000000000E+000
 Ndspin,Nfixed =  0.000000000000000E+000           0
 Zps   =   4.00000000000000     
 sum(occ)=   8.00000000000000     
           1           1  6.250000000000000E-002
           1           2  6.250000000000000E-002
           1           3  6.250000000000000E-002
           1           4  6.250000000000000E-002
           1           5  6.250000000000000E-002
           1           6  6.250000000000000E-002
           1           7  6.250000000000000E-002
           1           8  6.250000000000000E-002
           1           9  6.250000000000000E-002
           1          10  6.250000000000000E-002
           1          11  6.250000000000000E-002
           1          12  6.250000000000000E-002
           1          13  6.250000000000000E-002
           1          14  6.250000000000000E-002
           1          15  6.250000000000000E-002
           1          16  6.250000000000000E-002
           1          17  6.250000000000000E-002
           1          18  6.250000000000000E-002
           1          19  6.250000000000000E-002
           1          20  6.250000000000000E-002
           1          21  6.250000000000000E-002
           1          22  6.250000000000000E-002
           1          23  6.250000000000000E-002
           1          24  6.250000000000000E-002
           1          25  6.250000000000000E-002
           1          26  6.250000000000000E-002
           1          27  6.250000000000000E-002
           1          28  6.250000000000000E-002
           1          29  6.250000000000000E-002
           1          30  6.250000000000000E-002
           1          31  6.250000000000000E-002
           1          32  6.250000000000000E-002
           2           1  6.250000000000000E-002
           2           2  6.250000000000000E-002
           2           3  6.250000000000000E-002
           2           4  6.250000000000000E-002
           2           5  6.250000000000000E-002
           2           6  6.250000000000000E-002
           2           7  6.250000000000000E-002
           2           8  6.250000000000000E-002
           2           9  6.250000000000000E-002
           2          10  6.250000000000000E-002
           2          11  6.250000000000000E-002
           2          12  6.250000000000000E-002
           2          13  6.250000000000000E-002
           2          14  6.250000000000000E-002
           2          15  6.250000000000000E-002
           2          16  6.250000000000000E-002
           2          17  6.250000000000000E-002
           2          18  6.250000000000000E-002
           2          19  6.250000000000000E-002
           2          20  6.250000000000000E-002
           2          21  6.250000000000000E-002
           2          22  6.250000000000000E-002
           2          23  6.250000000000000E-002
           2          24  6.250000000000000E-002
           2          25  6.250000000000000E-002
           2          26  6.250000000000000E-002
           2          27  6.250000000000000E-002
           2          28  6.250000000000000E-002
           2          29  6.250000000000000E-002
           2          30  6.250000000000000E-002
           2          31  6.250000000000000E-002
           2          32  6.250000000000000E-002
           3           1  6.250000000000000E-002
           3           2  6.250000000000000E-002
           3           3  6.250000000000000E-002
           3           4  6.250000000000000E-002
           3           5  6.250000000000000E-002
           3           6  6.250000000000000E-002
           3           7  6.250000000000000E-002
           3           8  6.250000000000000E-002
           3           9  6.250000000000000E-002
           3          10  6.250000000000000E-002
           3          11  6.250000000000000E-002
           3          12  6.250000000000000E-002
           3          13  6.250000000000000E-002
           3          14  6.250000000000000E-002
           3          15  6.250000000000000E-002
           3          16  6.250000000000000E-002
           3          17  6.250000000000000E-002
           3          18  6.250000000000000E-002
           3          19  6.250000000000000E-002
           3          20  6.250000000000000E-002
           3          21  6.250000000000000E-002
           3          22  6.250000000000000E-002
           3          23  6.250000000000000E-002
           3          24  6.250000000000000E-002
           3          25  6.250000000000000E-002
           3          26  6.250000000000000E-002
           3          27  6.250000000000000E-002
           3          28  6.250000000000000E-002
           3          29  6.250000000000000E-002
           3          30  6.250000000000000E-002
           3          31  6.250000000000000E-002
           3          32  6.250000000000000E-002
           4           1  6.250000000000000E-002
           4           2  6.250000000000000E-002
           4           3  6.250000000000000E-002
           4           4  6.250000000000000E-002
           4           5  6.250000000000000E-002
           4           6  6.250000000000000E-002
           4           7  6.250000000000000E-002
           4           8  6.250000000000000E-002
           4           9  6.250000000000000E-002
           4          10  6.250000000000000E-002
           4          11  6.250000000000000E-002
           4          12  6.250000000000000E-002
           4          13  6.250000000000000E-002
           4          14  6.250000000000000E-002
           4          15  6.250000000000000E-002
           4          16  6.250000000000000E-002
           4          17  6.250000000000000E-002
           4          18  6.250000000000000E-002
           4          19  6.250000000000000E-002
           4          20  6.250000000000000E-002
           4          21  6.250000000000000E-002
           4          22  6.250000000000000E-002
           4          23  6.250000000000000E-002
           4          24  6.250000000000000E-002
           4          25  6.250000000000000E-002
           4          26  6.250000000000000E-002
           4          27  6.250000000000000E-002
           4          28  6.250000000000000E-002
           4          29  6.250000000000000E-002
           4          30  6.250000000000000E-002
           4          31  6.250000000000000E-002
           4          32  6.250000000000000E-002
           5           1  0.000000000000000E+000
           5           2  0.000000000000000E+000
           5           3  0.000000000000000E+000
           5           4  0.000000000000000E+000
           5           5  0.000000000000000E+000
           5           6  0.000000000000000E+000
           5           7  0.000000000000000E+000
           5           8  0.000000000000000E+000
           5           9  0.000000000000000E+000
           5          10  0.000000000000000E+000
           5          11  0.000000000000000E+000
           5          12  0.000000000000000E+000
           5          13  0.000000000000000E+000
           5          14  0.000000000000000E+000
           5          15  0.000000000000000E+000
           5          16  0.000000000000000E+000
           5          17  0.000000000000000E+000
           5          18  0.000000000000000E+000
           5          19  0.000000000000000E+000
           5          20  0.000000000000000E+000
           5          21  0.000000000000000E+000
           5          22  0.000000000000000E+000
           5          23  0.000000000000000E+000
           5          24  0.000000000000000E+000
           5          25  0.000000000000000E+000
           5          26  0.000000000000000E+000
           5          27  0.000000000000000E+000
           5          28  0.000000000000000E+000
           5          29  0.000000000000000E+000
           5          30  0.000000000000000E+000
           5          31  0.000000000000000E+000
           5          32  0.000000000000000E+000
           6           1  0.000000000000000E+000
           6           2  0.000000000000000E+000
           6           3  0.000000000000000E+000
           6           4  0.000000000000000E+000
           6           5  0.000000000000000E+000
           6           6  0.000000000000000E+000
           6           7  0.000000000000000E+000
           6           8  0.000000000000000E+000
           6           9  0.000000000000000E+000
           6          10  0.000000000000000E+000
           6          11  0.000000000000000E+000
           6          12  0.000000000000000E+000
           6          13  0.000000000000000E+000
           6          14  0.000000000000000E+000
           6          15  0.000000000000000E+000
           6          16  0.000000000000000E+000
           6          17  0.000000000000000E+000
           6          18  0.000000000000000E+000
           6          19  0.000000000000000E+000
           6          20  0.000000000000000E+000
           6          21  0.000000000000000E+000
           6          22  0.000000000000000E+000
           6          23  0.000000000000000E+000
           6          24  0.000000000000000E+000
           6          25  0.000000000000000E+000
           6          26  0.000000000000000E+000
           6          27  0.000000000000000E+000
           6          28  0.000000000000000E+000
           6          29  0.000000000000000E+000
           6          30  0.000000000000000E+000
           6          31  0.000000000000000E+000
           6          32  0.000000000000000E+000
           7           1  0.000000000000000E+000
           7           2  0.000000000000000E+000
           7           3  0.000000000000000E+000
           7           4  0.000000000000000E+000
           7           5  0.000000000000000E+000
           7           6  0.000000000000000E+000
           7           7  0.000000000000000E+000
           7           8  0.000000000000000E+000
           7           9  0.000000000000000E+000
           7          10  0.000000000000000E+000
           7          11  0.000000000000000E+000
           7          12  0.000000000000000E+000
           7          13  0.000000000000000E+000
           7          14  0.000000000000000E+000
           7          15  0.000000000000000E+000
           7          16  0.000000000000000E+000
           7          17  0.000000000000000E+000
           7          18  0.000000000000000E+000
           7          19  0.000000000000000E+000
           7          20  0.000000000000000E+000
           7          21  0.000000000000000E+000
           7          22  0.000000000000000E+000
           7          23  0.000000000000000E+000
           7          24  0.000000000000000E+000
           7          25  0.000000000000000E+000
           7          26  0.000000000000000E+000
           7          27  0.000000000000000E+000
           7          28  0.000000000000000E+000
           7          29  0.000000000000000E+000
           7          30  0.000000000000000E+000
           7          31  0.000000000000000E+000
           7          32  0.000000000000000E+000
           8           1  0.000000000000000E+000
           8           2  0.000000000000000E+000
           8           3  0.000000000000000E+000
           8           4  0.000000000000000E+000
           8           5  0.000000000000000E+000
           8           6  0.000000000000000E+000
           8           7  0.000000000000000E+000
           8           8  0.000000000000000E+000
           8           9  0.000000000000000E+000
           8          10  0.000000000000000E+000
           8          11  0.000000000000000E+000
           8          12  0.000000000000000E+000
           8          13  0.000000000000000E+000
           8          14  0.000000000000000E+000
           8          15  0.000000000000000E+000
           8          16  0.000000000000000E+000
           8          17  0.000000000000000E+000
           8          18  0.000000000000000E+000
           8          19  0.000000000000000E+000
           8          20  0.000000000000000E+000
           8          21  0.000000000000000E+000
           8          22  0.000000000000000E+000
           8          23  0.000000000000000E+000
           8          24  0.000000000000000E+000
           8          25  0.000000000000000E+000
           8          26  0.000000000000000E+000
           8          27  0.000000000000000E+000
           8          28  0.000000000000000E+000
           8          29  0.000000000000000E+000
           8          30  0.000000000000000E+000
           8          31  0.000000000000000E+000
           8          32  0.000000000000000E+000
------------------------------------------------------------ init_hartree(start)
-------------------------------------------------------------- init_hartree(end)
----------------------------------------------------------- init_localpot(start)
------------------------------------------------------------- init_localpot(end)
--------------------------------------------------------------------------------
--------------------------------------------------------- SWEEP START ----------
---------------------------------------------------------------- sweep_iter=   1
 NCG =           3
 ICG =           1
 SWGS=           0
 SYStype=           0
 mloop  =           3
---------------------------------------------------------- prep_scalapack(start)
 NPROW,NPCOL,MBSIZE,NBSIZE
           1           1           8           8
 ICTXTX,ICTXT0    =           0           0
 NPROW,NPCOL      =           1           1
 MBSIZE,NBSIZE    =           8           8
 MYROW,MYCOL      =           0           0
 LLD_R,LLD_C,MXLLD=           8           8           8
 NP0,NQ0          =           8           8
 NPX,NQX          =           8           8
 iblacs           = T
------------------------------------------------------------ prep_scalapack(end)

 Echk,dif/tol =  -5.573190614       -109.48     / 1.00000E-12
 
 time(sweep)=     0.116(rank0)     0.116(min)     0.116(max)
 
---------------------------------------------------------------- sweep_iter=   2

 Echk,dif/tol =  -7.723388707       -2.1502     / 1.00000E-12
 
 time(sweep)=     0.115(rank0)     0.115(min)     0.115(max)
 
---------------------------------------------------------------- sweep_iter=   3

 Echk,dif/tol =  -7.940352512      -0.21696     / 1.00000E-12
 
 time(sweep)=     0.115(rank0)     0.115(min)     0.115(max)
 
---------------------------------------------------------------- sweep_iter=   4

 Echk,dif/tol =  -7.961123418      -0.20771E-01 / 1.00000E-12
 
 time(sweep)=     0.115(rank0)     0.115(min)     0.115(max)
 
---------------------------------------------------------------- sweep_iter=   5

 Echk,dif/tol =  -7.962874936      -0.17515E-02 / 1.00000E-12
 
 time(sweep)=     0.180(rank0)     0.180(min)     0.180(max)
 
-------------------------------------------------------------- write_data(start)
 write to vrho.dat1.sweep               
---------------------------------------------------------------- write_data(end)
----------------------------------------------------------- SWEEP END ----------
--------------------------------------------------------------------------------
--------------------------------------------------------------------------------
---------------------------------------------------------- SCF START -----------
------------------------------------------------------------- init_mixing(start)
--------------------------------------------------------------- init_mixing(end)
------------------------------------------------------------------ scf_iter=   1
 
 Total Energy :     -7.95224520  (Hartree)
 Harris Energy:     -7.96304354  (Hartree)
  ( diff/tol =  1.07983E-02 / 0.00000E+00 )    F
 
 Charge:     8.000000000000000
 
 |Vloc-Vloc0|^2/tol =   4.60535E-04   / 1.00000E-15    F
 |rho -rho0 |^2/tol =   5.19015E-05   / 0.00000E+00
 
 time(scf)=     0.134(rank0)     0.134(min)     0.134(max)
------------------------------------------------------------------ scf_iter=   2
 
 Total Energy :     -7.95430113  (Hartree)
 Harris Energy:     -7.95572318  (Hartree)
  ( diff/tol =  1.42205E-03 / 0.00000E+00 )    F
 
 Charge:     8.000000000000000
 
 |Vloc-Vloc0|^2/tol =   7.00989E-05   / 1.00000E-15    F
 |rho -rho0 |^2/tol =   2.30348E-06   / 0.00000E+00
 
 time(scf)=     0.134(rank0)     0.134(min)     0.135(max)
------------------------------------------------------------------ scf_iter=   3
 
 Total Energy :     -7.95471645  (Hartree)
 Harris Energy:     -7.95498214  (Hartree)
  ( diff/tol =  2.65692E-04 / 0.00000E+00 )    F
 
 Charge:     7.999999999999996
 
 |Vloc-Vloc0|^2/tol =   1.31127E-05   / 1.00000E-15    F
 |rho -rho0 |^2/tol =   3.91970E-07   / 0.00000E+00
 
 time(scf)=     0.134(rank0)     0.134(min)     0.134(max)
------------------------------------------------------------------ scf_iter=   4
 
 Total Energy :     -7.95479159  (Hartree)
 Harris Energy:     -7.95484076  (Hartree)
  ( diff/tol =  4.91687E-05 / 0.00000E+00 )    F
 
 Charge:     8.000000000000000
 
 |Vloc-Vloc0|^2/tol =   2.43987E-06   / 1.00000E-15    F
 |rho -rho0 |^2/tol =   7.25690E-08   / 0.00000E+00
 
 time(scf)=     0.134(rank0)     0.134(min)     0.135(max)
------------------------------------------------------------------ scf_iter=   5
 
 Total Energy :     -7.95480982  (Hartree)
 Harris Energy:     -7.95480985  (Hartree)
  ( diff/tol =  2.88508E-08 / 0.00000E+00 )    F
 
 Charge:     8.000000000000005
 
 |Vloc-Vloc0|^2/tol =   2.53994E-07   / 1.00000E-15    F
 |rho -rho0 |^2/tol =   1.46999E-10   / 0.00000E+00
 
 time(scf)=     0.135(rank0)     0.135(min)     0.135(max)
------------------------------------------------------------------ scf_iter=   6
 
 Total Energy :     -7.95481051  (Hartree)
 Harris Energy:     -7.95481052  (Hartree)
  ( diff/tol =  1.67222E-08 / 0.00000E+00 )    F
 
 Charge:     8.000000000000004
 
 |Vloc-Vloc0|^2/tol =   1.25649E-09   / 1.00000E-15    F
 |rho -rho0 |^2/tol =   3.91430E-11   / 0.00000E+00
 
 time(scf)=     0.134(rank0)     0.134(min)     0.135(max)
------------------------------------------------------------------ scf_iter=   7
 
 Total Energy :     -7.95481058  (Hartree)
 Harris Energy:     -7.95481059  (Hartree)
  ( diff/tol =  9.34554E-09 / 0.00000E+00 )    F
 
 Charge:     8.000000000000004
 
 |Vloc-Vloc0|^2/tol =   6.58378E-10   / 1.00000E-15    F
 |rho -rho0 |^2/tol =   1.41153E-11   / 0.00000E+00
 
 time(scf)=     0.134(rank0)     0.134(min)     0.134(max)
------------------------------------------------------------------ scf_iter=   8
 
 Total Energy :     -7.95481059  (Hartree)
 Harris Energy:     -7.95481059  (Hartree)
  ( diff/tol =  3.96317E-10 / 0.00000E+00 )    F
 
 Charge:     8.000000000000000
 
 |Vloc-Vloc0|^2/tol =   1.18325E-10   / 1.00000E-15    F
 |rho -rho0 |^2/tol =   5.26228E-13   / 0.00000E+00
 
 time(scf)=     0.134(rank0)     0.134(min)     0.135(max)
------------------------------------------------------------------ scf_iter=   9
 
 Total Energy :     -7.95481060  (Hartree)
 Harris Energy:     -7.95481060  (Hartree)
  ( diff/tol =  3.62431E-10 / 0.00000E+00 )    F
 
 Charge:     8.000000000000002
 
 |Vloc-Vloc0|^2/tol =   1.96562E-11   / 1.00000E-15    F
 |rho -rho0 |^2/tol =   5.35265E-13   / 0.00000E+00
 
 time(scf)=     0.135(rank0)     0.135(min)     0.136(max)
------------------------------------------------------------------ scf_iter=  10
 
 Total Energy :     -7.95481060  (Hartree)
 Harris Energy:     -7.95481060  (Hartree)
  ( diff/tol =  4.67271E-12 / 0.00000E+00 )    F
 
 Charge:     8.000000000000002
 
 |Vloc-Vloc0|^2/tol =   5.38017E-12   / 1.00000E-15    F
 |rho -rho0 |^2/tol =   1.74617E-14   / 0.00000E+00
 
 time(scf)=     0.134(rank0)     0.134(min)     0.134(max)
------------------------------------------------------------------ scf_iter=  11
 
 Total Energy :     -7.95481060  (Hartree)
 Harris Energy:     -7.95481060  (Hartree)
  ( diff/tol =  3.86180E-12 / 0.00000E+00 )    F
 
 Charge:     8.000000000000004
 
 |Vloc-Vloc0|^2/tol =   2.89562E-13   / 1.00000E-15    F
 |rho -rho0 |^2/tol =   5.17299E-15   / 0.00000E+00
 
 time(scf)=     0.134(rank0)     0.134(min)     0.134(max)
------------------------------------------------------------------ scf_iter=  12
 
 Total Energy :     -7.95481060  (Hartree)
 Harris Energy:     -7.95481060  (Hartree)
  ( diff/tol =  4.68958E-13 / 0.00000E+00 )    F
 
 Charge:     7.999999999999997
 
 |Vloc-Vloc0|^2/tol =   7.93336E-14   / 1.00000E-15    F
 |rho -rho0 |^2/tol =   6.56662E-16   / 0.00000E+00
 
 time(scf)=     0.134(rank0)     0.134(min)     0.135(max)
------------------------------------------------------------------ scf_iter=  13
 
 Total Energy :     -7.95481060  (Hartree)
 Harris Energy:     -7.95481060  (Hartree)
  ( diff/tol =  1.33227E-14 / 0.00000E+00 )    F
 
 Charge:     7.999999999999997
 
 |Vloc-Vloc0|^2/tol =   1.06602E-14   / 1.00000E-15    F
 |rho -rho0 |^2/tol =   3.38623E-17   / 0.00000E+00
 
 time(scf)=     0.134(rank0)     0.134(min)     0.135(max)
------------------------------------------------------------------ scf_iter=  14
 
 Total Energy :     -7.95481060  (Hartree)
 Harris Energy:     -7.95481060  (Hartree)
  ( diff/tol =  2.66454E-15 / 0.00000E+00 )    F
 
 Charge:     7.999999999999998
 
 |Vloc-Vloc0|^2/tol =   9.66546E-16   / 1.00000E-15    T
 |rho -rho0 |^2/tol =   1.14889E-17   / 0.00000E+00
 
 time(scf)=     0.132(rank0)     0.132(min)     0.133(max)
-------------------------------------------------------------- write_data(start)
 write to vrho.dat1                     
---------------------------------------------------------------- write_data(end)
------------------------------------------------------------------ SCF END -----
 scf converged ( total # of iteration =  14 )
 Total SCF time :     1.884(rank0)     1.883(min)     1.884(max)
--------------------------------------------------------------------------------
 END_PROGRAM : MAIN
 TIME(END)     3.49247     3.49359
 Start time  2015/12/16 14:22:30.677
 End   time  2015/12/16 14:22:34.170
