----------------------------------------------------------------------
 RSDFT ver.1.0.0
------------------------------------------------------------ header_info
 Start time  2016/02/19 07:26:19.926
 preprocessor option list ( -cpp -Dxxxx )
 _DRSDFT_ (wave functions are REAL8)
  INFOLEVEL :          1
--------------------------------------------------------------- read_atom(start)
 AA format is assumed           1
 Nelment,Natom=           1           1
 zn_atom=           6
        ki_atom          aa_atom1          aa_atom2          aa_atom3  md_atom
     1        1    0.000000000000    0.000000000000    0.000000000000        1
----------------------------------------------------------------- read_atom(end)
--------------------------------------------------------- read_parameters(start)
         AX :   20.0000000000
         A1 :   1.0000000E+00  0.0000000E+00  0.0000000E+00
         A2 :   0.0000000E+00  1.0000000E+00  0.0000000E+00
         A3 :   0.0000000E+00  0.0000000E+00  1.0000000E+00
 Nband=           0
 Nspin=           1
 Ndspin=  0.000000000000000E+000
 Nfixed=           0
 Next_electron=  0.000000000000000E+000
 Ngrid(1:3)=          40          40          40
 Md =           6
 SYStype =           0
 rcfac =   1.50000000000000     
 qcfac =   1.00000000000000     
 etafac=   8.00000000000000     
 node_partition(1:6)=   2   2   2   1   1   1
 MB_d=           0
----------------------------------------------------------------- read_wf(start)
 iwork_wf=           0
------------------------------------------------------------------- read_wf(end)
 NBLK =           0
 NBLK1=           0
 iswitch_cgpc=           4
------------------------------------------------------------- read_mixing(start)
         IC :          0
         OC :          3
 beta       =   1.00000000000000     
 iomix,IC,OC=           0           0           3
--------------------------------------------------------------- read_mixing(end)
 ekbt   =  1.000000000000000E-005
 kinteg =           5
 nsetocc=           3  0.333333333333333       0.333333333333333     
  0.333333333333333     
 isetocc=           2           4
 IC =           0
 OC =           3
 OC2=         100
 IO_ctrl=           0
 MBwr1,MBwr2=           0           0
 etime_limit=   10000000000.0000     
      SWSCF :          1
 ncycl, most, nrfr =           0           6           5
 okatom, eeps      =  0.500000000000000       1.000000000000000E-010
 feps, decr        =  5.000000000000000E-004  0.100000000000000     
 diter_opt         =          50
 strlog            =           0
 isymmetry=           0
 file_symdat=                              
----------------------------------------------------------------- read_xc(start)
     XCTYPE :   LDAPZ81 
------------------------------------------------------------------- read_xc(end)
---------------------------------------------------------- read_xc_hybrid(start)
     XCTYPE :   LDAPZ81 
         IC :          0
------------------------------------------------------------ read_xc_hybrid(end)
--------------------------------------------------------- read_vdw_grimme(start)
     XCTYPE :   LDAPZ81 
----------------------------------------------------------- read_vdw_grimme(end)
     NSWEEP :          5
    SCFCONV :   1.0000000E-15  0.0000000E+00
   ETOTCONV :   1.0000000E-12
      DITER :        100
--------------------------------------------------------------- read_band(start)
----------------------------------------------------------------- read_band(end)
-------------------------------------------------------- read_band_unfold(start)
 iswitch_banduf= F
---------------------------------------------------------- read_band_unfold(end)
----------------------------------------------------------- read_parameters(end)
--------------------------------------------------------- main( aa & bb )(start)
----------------------------------------------------------- main( aa & bb )(end)
---------------------------------------------------------- read_pseudopot(start)
         PP :    2  C_psv.dat           
 *** PSV format ***
 zatom                   =   6.00000000000000     
 # of radial mesh points =        1991
 r(1),...,r(end)         =  0.000000000000000E+000   25.0000000000000     
 NRps                    =        1678
 # of orbitals           =           1
 angular momentum        =           0
 cut off radius          =   1.53598744242274     
 Zps                     =   4.00000000000000     
 xc_pot                  =   LDAPZ81 
 a1,a2,a3,a4             = -0.201661180000000       0.868575560000000     
                             1.20166118000000        5.89302234000000     
 Reference               =           1
 anorm                   =  0.505007769547000     
 inorm                   =           1
 sum(cdd)                =   3.98896663931608     
 sum(cdc)                =  0.000000000000000E+000
 ps_type =            0
------------------------------------------------------------ read_pseudopot(end)
--------------------------------------------------------- write_info_atom(start)
           Zatom    Zion     Num    FilePS
       1       6       4       1    C_psv.dat                     
   total       6       4       1
----------------------------------------------------------- write_info_atom(end)
---------------------------------------------------------- count_electron(start)
------------------------------------------------------------ count_electron(end)
---------------------------------------------------- check_Nband_electron(start)
 Nband is replaced to        8
------------------------------------------------------ check_Nband_electron(end)
-------------------------------------------------------------- init_force(start)
 Ntim=           1
-------------------------------------------------------------- read_force(start)
---------------------------------------------------------------- read_force(end)
---------------------------------------------------------------- init_force(end)
-------------------------------------------------------------- init_rgrid(start)
 SYStype=           0
 aa    20.0000000000   0.0000000000   0.0000000000
        0.0000000000  20.0000000000   0.0000000000
        0.0000000000   0.0000000000  20.0000000000
 Ngrid(1:3)=   40   40   40
 Ngrid(0)  =   64000
 Hgrid(1:3)=     0.50000000     0.50000000     0.50000000
---------------------------------------------------------------- init_rgrid(end)
-------------------------------------------------------------- Init_Ggrid(start)
 Ecut,Gcut=   37.5291707351423        6.12610567450010     
 NGgrid=       31103          19          19          19
 NMGL=         319
---------------------------------------------------------------- Init_Ggrid(end)
------------------------------------------------------------- generate_bz(start)
 Nbzsm, MMBZ =           1           1
                                kbb   weight_bz
    1   0.00000   0.00000   0.00000     1.00000
--------------------------------------------------------------- generate_bz(end)
---------------------------------------------------------- init_scalapack(start)
 NPROW,NPCOL,MBSIZE,NBSIZE
           2           4           2           2
------------------------------------------------------------ init_scalapack(end)
----------------------------------------------------------- init_parallel(start)
 np1,np2,np3=           2           2           2
 np_grid    =           8
 np_band    =           1
 np_bz      =           1
 np_spin    =           1
 np_fkmb    =           1
 nprocs     =           8
 irank grid band   bz spin
     0    0    0    0    0    0
     1    1    0    0    0    0
     2    2    0    0    0    0
     3    3    0    0    0    0
     4    4    0    0    0    0
     5    5    0    0    0    0
     6    6    0    0    0    0
     7    7    0    0    0    0
--- fock-band-parallel ---
 Nband  =           8
 np_fkmb=           1
        i id_fkmb ir_fkmb
        0       0       8
 nprocs_f =           8
--- spin-parallel ---
 nspin  =           1
 np_spin=           1
        i id_spin ir_spin
        0       0       1
 nprocs_s =           8
--- k-parallel ---
 Nbzsm    =           1
 np_bzsm=           1
        i id_bzsm ir_bzsm
        0       0       1
 nprocs_k =           8
--- band-parallel ---
 Nband  =           8
 np_band=           1
        i id_band ir_band
        0       0       8
 nprocs_b =           8
--- grid-parallel ---
 nprocs_g =           1
 nprocs_b =           8
 nprocs_k =           8
 nprocs_s =           8
 nprocs_f =           8
 nprocs   =           8
 comm_world, nprocs   =           0           8
 comm_grid,  nprocs_g =           3           8
 comm_band,  nprocs_b =           4           1
 comm_bzsm,  nprocs_k =           5           1
 comm_spin,  nprocs_s =           6           1
 comm_fkmb,  nprocs_f =           7           1
------------------------------------------------------------- init_parallel(end)
------------------------------------------------------ InitParallel_Rgrid(start)
-------------------------------------------------------- InitParallel_Rgrid(end)
------------------------------------------------------ InitParallel_Ggrid(start)
-------------------------------------------------------- InitParallel_Ggrid(end)
---------------------------------------------------------------- init_omp(start)
 nn(ini)=          20          20          20
 nn(1:3)=          20          20          20
 np(1:3)=           1           1           1
 m      =           1
 Ngrid_omp   20   20   20
 IGIG        1    8000       0      19       0      19       0      19    8000
 omp_get_num_threads=           1
------------------------------------------------------------------ init_omp(end)
---------------------------------------------------------- init_bcset_sol(start)
------------------------------------------------------------ init_bcset_sol(end)
------------------------------------------------------------ init_kinetic(start)
  -2.98277778 -2.98277778    0.00000000  0.00000000
   1.71428571  1.71428571    0.85714286  0.85714286
  -0.26785714 -0.26785714   -0.26785714 -0.26785714
   0.05291005  0.05291005    0.07936508  0.07936508
  -0.00892857 -0.00892857   -0.01785714 -0.01785714
   0.00103896  0.00103896    0.00259740  0.00259740
  -0.00006013 -0.00006013   -0.00018038 -0.00018038
 ggg=   1.00000   1.00000   1.00000   0.00000   0.00000   0.00000
                        lap               coef_lap
   0     -2.982777777777778     17.896666666666668
   1      1.714285714285714     -3.428571428571428  -3.428571428571428  -3.428571428571428
   2     -0.267857142857143      0.535714285714286   0.535714285714286   0.535714285714286
   3      0.052910052910053     -0.105820105820106  -0.105820105820106  -0.105820105820106
   4     -0.008928571428571      0.017857142857143   0.017857142857143   0.017857142857143
   5      0.001038961038961     -0.002077922077922  -0.002077922077922  -0.002077922077922
   6     -0.000060125060125      0.000120250120250   0.000120250120250   0.000120250120250
                        nab               coef_nab
   1      0.857142857142857      1.714285714285714   1.714285714285714   1.714285714285714
   2     -0.267857142857143     -0.535714285714286  -0.535714285714286  -0.535714285714286
   3      0.079365079365079      0.158730158730159   0.158730158730159   0.158730158730159
   4     -0.017857142857143     -0.035714285714286  -0.035714285714286  -0.035714285714286
   5      0.002597402597403      0.005194805194805   0.005194805194805   0.005194805194805
   6     -0.000180375180375     -0.000360750360750  -0.000360750360750  -0.000360750360750
-------------------------------------------------------------- init_kinetic(end)
--------------------------------------------------------- set_array_bound(start)
----------------------------------------------------------- set_array_bound(end)
----------------------------------------------------------- init_ps_local(start)
------------------------------------------------------------- init_ps_local(end)
------------------------------------------------------------- init_ps_pcc(start)
-------------------------------------------------------- construct_strfac(start)
---------------------------------------------------------- construct_strfac(end)
------------------------------------------------------ construct_ps_local(start)
-------------------------------------------------------- construct_ps_local(end)
---------------------------------------------------- construct_ps_initrho(start)
 iswitch_initrho =           0
 analytic        = F
 WARNING: rho is negative at some points -2.361465810817345E-004
 WARNING: rho is negative at some points -2.361465810817352E-004
 WARNING: rho is negative at some points -2.361465810817345E-004
 WARNING: rho is negative at some points -2.361465810817352E-004
 WARNING: rho is negative at some points -2.361465810817346E-004
 WARNING: rho is negative at some points -2.361465810817349E-004
 WARNING: rho is negative at some points -2.305009349325595E-004
 WARNING: rho is negative at some points -2.361465810817352E-004
    Nelectron                 sum                 min                 max
      4.00000          4.2136716701        0.0000000000        0.2117351067
    Nelectron                 sum                 min                 max
      4.00000          4.0000000000        0.0000000000        0.2009982013
------------------------------------------------------ construct_ps_initrho(end)
--------------------------------------------------------- destruct_strfac(start)
----------------------------------------------------------- destruct_strfac(end)
-------------------------------------------------------- ps_nloc_initiate(start)
----------------------------------------------------------- prep_ps_nloc2(start)
------------------------------------------------------------- prep_ps_nloc2(end)
---------------------------------------------------------- ps_nloc_initiate(end)
--------------------------------------------------------------- init_eion(start)
---------------------------------------------------------------calc_ewald(start)
---------------------------------------------------------------- calc_ewald(end)
 Eewald(SYSTYPE=0)=       -1.134918991792248
----------------------------------------------------------------- init_eion(end)
------------------------------------------------------ init_subspace_diag(start)
     rank_b       tri         m         n       nme      idis
          0        36         0         8        36         0
-------------------------------------------------------- init_subspace_diag(end)
----------------------------------------------------------------- init_wf(start)
------------------------------------------------------------------- init_wf(end)
------------------------------------------------------- init_occ_electron(start)
--------------------------------------------------------- init_occ_electron(end)
------------------------------------------------------------ main
 Natom    =           1
 Nelement =           1
 Nband =           8
 Nspin =           1
 Nbzsm =           1           1
 Nelectron =   4.00000000000000     
 Next_electron =  0.000000000000000E+000
 Ndspin,Nfixed =  0.000000000000000E+000           0
 Zps   =   4.00000000000000     
 sum(occ)=   4.00000000000000     
           1           1   2.00000000000000     
           2           1   2.00000000000000     
           3           1  0.000000000000000E+000
           4           1  0.000000000000000E+000
           5           1  0.000000000000000E+000
           6           1  0.000000000000000E+000
           7           1  0.000000000000000E+000
           8           1  0.000000000000000E+000
---------------------------------------------------------- init_xc_hybrid(start)
------------------------------------------------------------ init_hartree(start)
-------------------------------------------------------------- init_hartree(end)
----------------------------------------------------------- init_localpot(start)
------------------------------------------------------------- init_localpot(end)
--------------------------------------------------------------------------------
--------------------------------------------------------- SWEEP START ----------
---------------------------------------------------------------- sweep_iter=   1
 NCG =           3
 ICG =           1
 SWGS=           0
 SYStype=           0
 mloop  =           3
---------------------------------------------------------- prep_scalapack(start)
 NPROW,NPCOL,MBSIZE,NBSIZE
           2           4           2           2
 ICTXTX,ICTXT0    =           0           0
 NPROW,NPCOL      =           2           4
 MBSIZE,NBSIZE    =           2           2
 MYROW,MYCOL      =           0           0
 LLD_R,LLD_C,MXLLD=           4           2           4
 NP0,NQ0          =           4           2
 NPX,NQX          =           4           2
 iblacs           = T
------------------------------------------------------------ prep_scalapack(end)

 Echk,dif/tol =  -3.684084151       -40.759     / 1.00000E-12

   k     n          esp(n,k,s)    esp_err   occ(n,k,s)   
   1     1  -0.271065266413438  -4.7433       2.0000    
   1     2   0.018687693647508  -15.877      0.66667    
   1     3   0.371260130509028  -16.730      0.66667    
   1     4   0.388890455609935  -17.153      0.66667    
   1     5   0.432011964092901  -17.189       0.0000    
   1     6   0.577045582299631  -17.178       0.0000    
   1     7   0.616781763796006  -17.276       0.0000    
 
 time(sweep)=     0.025(rank0)     0.025(min)     0.025(max)
 
---------------------------------------------------------------- sweep_iter=   2

 Echk,dif/tol =  -4.825940335       -1.1419     / 1.00000E-12

   k     n          esp(n,k,s)    esp_err   occ(n,k,s)   
   1     1  -0.579664132258363 -0.30860       2.0000    
   1     2  -0.121992085825195 -0.14068      0.66667    
   1     3   0.030849064231049 -0.34041      0.66667    
   1     4   0.082993622483023 -0.30590      0.66667    
   1     5   0.137912329877933 -0.29410       0.0000    
   1     6   0.174220860341158 -0.40282       0.0000    
   1     7   0.303642246027984 -0.31314       0.0000    
 
 time(sweep)=     0.023(rank0)     0.023(min)     0.023(max)
 
---------------------------------------------------------------- sweep_iter=   3

 Echk,dif/tol =  -5.240268159      -0.41433     / 1.00000E-12

   k     n          esp(n,k,s)    esp_err   occ(n,k,s)   
   1     1  -0.581053731294599 -0.13896E-02   2.0000    
   1     2  -0.253664662876596 -0.13167      0.66667    
   1     3  -0.221691335550636 -0.25254      0.66667    
   1     4  -0.150116339401451 -0.23311      0.66667    
   1     5   0.009229868187087 -0.12868       0.0000    
   1     6   0.080598540928225 -0.93622E-01   0.0000    
   1     7   0.116074386102693 -0.18757       0.0000    
 
 time(sweep)=     0.023(rank0)     0.023(min)     0.023(max)
 
---------------------------------------------------------------- sweep_iter=   4

 Echk,dif/tol =  -5.343304167      -0.10304     / 1.00000E-12

   k     n          esp(n,k,s)    esp_err   occ(n,k,s)   
   1     1  -0.581063643400128 -0.99121E-05   2.0000    
   1     2  -0.261417251427428 -0.77526E-02  0.66667    
   1     3  -0.260610231835097 -0.38919E-01  0.66667    
   1     4  -0.257969130664781 -0.10785      0.66667    
   1     5  -0.016082772124132 -0.25313E-01   0.0000    
   1     6   0.032631221319383 -0.47967E-01   0.0000    
   1     7   0.042885618158216 -0.73189E-01   0.0000    
 
 time(sweep)=     0.023(rank0)     0.023(min)     0.023(max)
 
---------------------------------------------------------------- sweep_iter=   5

 Echk,dif/tol =  -5.346436860      -0.31327E-02 / 1.00000E-12

   k     n          esp(n,k,s)    esp_err   occ(n,k,s)   
   1     1  -0.581063720276714 -0.76877E-07   2.0000    
   1     2  -0.261598632877899 -0.18138E-03  0.66667    
   1     3  -0.261577346908026 -0.96712E-03  0.66667    
   1     4  -0.261519442223018 -0.35503E-02  0.66667    
   1     5  -0.021692889026731 -0.56101E-02   0.0000    
   1     6   0.028079492500832 -0.45517E-02   0.0000    
   1     7   0.032448588247230 -0.10437E-01   0.0000    
 
 time(sweep)=     0.023(rank0)     0.023(min)     0.023(max)
 
-------------------------------------------------------------- write_data(start)
 write to vrho.dat1.sweep               
 OC =           3
 WF: real(8) -> real(8)
 write to wf.dat1.sweep                 
 MBwr1,MBwr2 =           1           8
---------------------------------------------------------------- write_data(end)
----------------------------------------------------------- SWEEP END ----------
--------------------------------------------------------------------------------
--------------------------------------------------------------------------------
---------------------------------------------------------- SCF START -----------
------------------------------------------------------------- init_mixing(start)
--------------------------------------------------------------- init_mixing(end)
------------------------------------------------------------------ scf_iter=   1
 
 Total Energy :     -5.33469098  (Hartree)
 Harris Energy:     -5.34651186  (Hartree)
  ( diff/tol =  1.18209E-02 / 1.00000E-12 )    F
 
 Charge:     3.999999999999999
 
 |Vloc-Vloc0|^2/tol =   1.09692E-03   / 1.00000E-15    F
 |rho -rho0 |^2/tol =   6.54817E-07   / 0.00000E+00

   k     n          esp(n,k,s)    esp_err   occ(n,k,s)   
   1     1  -0.581063720909148 -0.63243E-09   2.0000    
   1     2  -0.261603666263601 -0.50334E-05  0.66667    
   1     3  -0.261602976049430 -0.25629E-04  0.66667    
   1     4  -0.261601284775857 -0.81843E-04  0.66667    
   1     5  -0.023256701564193 -0.15638E-02   0.0000    
   1     6   0.027317886940873 -0.76161E-03   0.0000    
   1     7   0.028314118841159 -0.41345E-02   0.0000    
 
 time(scf)=     0.267(rank0)     0.267(min)     0.267(max)
------------------------------------------------------------------ scf_iter=   2
 
 Total Energy :     -5.33675979  (Hartree)
 Harris Energy:     -5.34537617  (Hartree)
  ( diff/tol =  8.61638E-03 / 1.00000E-12 )    F
 
 Charge:     4.000000000000000
 
 |Vloc-Vloc0|^2/tol =   6.24866E-05   / 1.00000E-15    F
 |rho -rho0 |^2/tol =   4.98650E-07   / 0.00000E+00

   k     n          esp(n,k,s)    esp_err   occ(n,k,s)   
   1     1  -0.465650834607509  0.11541       2.0000    
   1     2  -0.155802822643396  0.10580      0.66667    
   1     3  -0.155786211595067  0.10582      0.66667    
   1     4  -0.155760979599159  0.10584      0.66667    
   1     5  -0.007019691778605  0.16237E-01   0.0000    
   1     6   0.044023657158865  0.16706E-01   0.0000    
   1     7   0.044763793247168  0.16450E-01   0.0000    
 
 time(scf)=     0.267(rank0)     0.267(min)     0.267(max)
------------------------------------------------------------------ scf_iter=   3
 
 Total Energy :     -5.34081803  (Hartree)
 Harris Energy:     -5.34089085  (Hartree)
  ( diff/tol =  7.28206E-05 / 1.00000E-12 )    F
 
 Charge:     4.000000000000002
 
 |Vloc-Vloc0|^2/tol =   8.67910E-06   / 1.00000E-15    F
 |rho -rho0 |^2/tol =   3.14919E-09   / 0.00000E+00

   k     n          esp(n,k,s)    esp_err   occ(n,k,s)   
   1     1  -0.501514371600483 -0.35864E-01   2.0000    
   1     2  -0.188249688652854 -0.32447E-01  0.66667    
   1     3  -0.188244287284282 -0.32458E-01  0.66667    
   1     4  -0.188239848121213 -0.32479E-01  0.66667    
   1     5  -0.010999405993372 -0.39797E-02   0.0000    
   1     6   0.039674366894963 -0.43493E-02   0.0000    
   1     7   0.039931803428580 -0.48320E-02   0.0000    
 
 time(scf)=     0.267(rank0)     0.267(min)     0.267(max)
------------------------------------------------------------------ scf_iter=   4
 
 Total Energy :     -5.34085274  (Hartree)
 Harris Energy:     -5.34091290  (Hartree)
  ( diff/tol =  6.01614E-05 / 1.00000E-12 )    F
 
 Charge:     4.000000000000002
 
 |Vloc-Vloc0|^2/tol =   9.47888E-07   / 1.00000E-15    F
 |rho -rho0 |^2/tol =   3.17162E-09   / 0.00000E+00

   k     n          esp(n,k,s)    esp_err   occ(n,k,s)   
   1     1  -0.509169463701896 -0.76551E-02   2.0000    
   1     2  -0.195307182308850 -0.70575E-02  0.66667    
   1     3  -0.195307308528891 -0.70630E-02  0.66667    
   1     4  -0.195309457352525 -0.70696E-02  0.66667    
   1     5  -0.012439040720524 -0.14396E-02   0.0000    
   1     6   0.038509615615436 -0.11648E-02   0.0000    
   1     7   0.038775406028491 -0.11564E-02   0.0000    
 
 time(scf)=     0.268(rank0)     0.268(min)     0.268(max)
------------------------------------------------------------------ scf_iter=   5
 
 Total Energy :     -5.34088136  (Hartree)
 Harris Energy:     -5.34088136  (Hartree)
  ( diff/tol =  2.56137E-09 / 1.00000E-12 )    F
 
 Charge:     4.000000000000000
 
 |Vloc-Vloc0|^2/tol =   8.57406E-08   / 1.00000E-15    F
 |rho -rho0 |^2/tol =   2.47271E-12   / 0.00000E+00

   k     n          esp(n,k,s)    esp_err   occ(n,k,s)   
   1     1  -0.505615703801371  0.35538E-02   2.0000    
   1     2  -0.192047813057142  0.32594E-02  0.66667    
   1     3  -0.192047155524138  0.32602E-02  0.66667    
   1     4  -0.192045950803547  0.32635E-02  0.66667    
   1     5  -0.011982377374979  0.45666E-03   0.0000    
   1     6   0.038642871185657  0.13326E-03   0.0000    
   1     7   0.038776034318557  0.62829E-06   0.0000    
 
 time(scf)=     0.370(rank0)     0.370(min)     0.370(max)
------------------------------------------------------------------ scf_iter=   6
 
 Total Energy :     -5.34088157  (Hartree)
 Harris Energy:     -5.34088157  (Hartree)
  ( diff/tol =  5.18673E-10 / 1.00000E-12 )    F
 
 Charge:     4.000000000000004
 
 |Vloc-Vloc0|^2/tol =   3.41431E-09   / 1.00000E-15    F
 |rho -rho0 |^2/tol =   3.39474E-13   / 0.00000E+00

   k     n          esp(n,k,s)    esp_err   occ(n,k,s)   
   1     1  -0.505513081240414  0.10262E-03   2.0000    
   1     2  -0.191951642733770  0.96170E-04  0.66667    
   1     3  -0.191951165811840  0.95990E-04  0.66667    
   1     4  -0.191950650257268  0.95301E-04  0.66667    
   1     5  -0.011881404426054  0.10097E-03   0.0000    
   1     6   0.038604122393172 -0.38749E-04   0.0000    
   1     7   0.038789728396124  0.13694E-04   0.0000    
 
 time(scf)=     0.268(rank0)     0.268(min)     0.269(max)
------------------------------------------------------------------ scf_iter=   7
 
 Total Energy :     -5.34088158  (Hartree)
 Harris Energy:     -5.34088158  (Hartree)
  ( diff/tol =  4.92039E-09 / 1.00000E-12 )    F
 
 Charge:     4.000000000000002
 
 |Vloc-Vloc0|^2/tol =   1.78447E-10   / 1.00000E-15    F
 |rho -rho0 |^2/tol =   2.38563E-13   / 0.00000E+00

   k     n          esp(n,k,s)    esp_err   occ(n,k,s)   
   1     1  -0.505492364131732  0.20717E-04   2.0000    
   1     2  -0.191932459185000  0.19184E-04  0.66667    
   1     3  -0.191932332059615  0.18834E-04  0.66667    
   1     4  -0.191932079744281  0.18571E-04  0.66667    
   1     5  -0.011824889204761  0.56515E-04   0.0000    
   1     6   0.038606671550243  0.25492E-05   0.0000    
   1     7   0.038842930389630  0.53202E-04   0.0000    
 
 time(scf)=     0.268(rank0)     0.268(min)     0.269(max)
------------------------------------------------------------------ scf_iter=   8
 
 Total Energy :     -5.34088158  (Hartree)
 Harris Energy:     -5.34088158  (Hartree)
  ( diff/tol =  4.47038E-11 / 1.00000E-12 )    F
 
 Charge:     4.000000000000000
 
 |Vloc-Vloc0|^2/tol =   1.19340E-11   / 1.00000E-15    F
 |rho -rho0 |^2/tol =   3.24752E-15   / 0.00000E+00

   k     n          esp(n,k,s)    esp_err   occ(n,k,s)   
   1     1  -0.505535927579030 -0.43563E-04   2.0000    
   1     2  -0.191972726244289 -0.40267E-04  0.66667    
   1     3  -0.191972721043070 -0.40389E-04  0.66667    
   1     4  -0.191972648158756 -0.40568E-04  0.66667    
   1     5  -0.011842827961046 -0.17939E-04   0.0000    
   1     6   0.038570335383604 -0.36336E-04   0.0000    
   1     7   0.038833685546079 -0.92448E-05   0.0000    
 
 time(scf)=     0.269(rank0)     0.269(min)     0.269(max)
------------------------------------------------------------------ scf_iter=   9
 
 Total Energy :     -5.34088158  (Hartree)
 Harris Energy:     -5.34088158  (Hartree)
  ( diff/tol = -6.21725E-14 / 1.00000E-12 )    T
 
 Charge:     4.000000000000002
 
 |Vloc-Vloc0|^2/tol =   3.51584E-13   / 1.00000E-15    F
 |rho -rho0 |^2/tol =   1.83382E-16   / 0.00000E+00

   k     n          esp(n,k,s)    esp_err   occ(n,k,s)   
   1     1  -0.505534288456885  0.16391E-05   2.0000    
   1     2  -0.191971149566167  0.15767E-05  0.66667    
   1     3  -0.191971141221262  0.15798E-05  0.66667    
   1     4  -0.191971133756547  0.15144E-05  0.66667    
   1     5  -0.011842748133079  0.79828E-07   0.0000    
   1     6   0.038560572872942 -0.97625E-05   0.0000    
   1     7   0.038828175092468 -0.55105E-05   0.0000    
 
 time(scf)=     0.147(rank0)     0.147(min)     0.147(max)
-------------------------------------------------------------- write_data(start)
 write to vrho.dat1                     
 OC =           3
 WF: real(8) -> real(8)
 write to wf.dat1                       
 MBwr1,MBwr2 =           1           8
---------------------------------------------------------------- write_data(end)
------------------------------------------------------------------ SCF END -----
 scf converged ( total # of iteration =   9 )
 Total SCF time :     2.405(rank0)     2.405(min)     2.405(max)
--------------------------------------------------------------------------------
 END_PROGRAM : MAIN
 TIME(END)     3.21351     3.21925
 Start time  2016/02/19 07:26:19.926
 End   time  2016/02/19 07:26:23.145
