----------------------------------------------------------------------
 RSDFT ver.0.0.0
------------------------------------------------------------ header_info
 Start time  2015/12/16 13:58:43.111
 preprocessor option list ( -cpp -Dxxxx )
 _DRSDFT_ (wave functions are REAL8)
 _FFTW_ (FFTW is used)
  INFOLEVEL :          1
--------------------------------------------------------- read_parameters(start)
         AX :   20.0000000000
         A1 :   1.0000000E+00  0.0000000E+00  0.0000000E+00
         A2 :   0.0000000E+00  1.0000000E+00  0.0000000E+00
         A3 :   0.0000000E+00  0.0000000E+00  1.0000000E+00
 Nband=           0
 Nspin=           1
 Ndspin=  0.000000000000000E+000
 Nfixed=           0
 Next_electron=  0.000000000000000E+000
 Ngrid(1:3)=           0           0           0
 Md =           6
 SYStype =           1
 rcfac =   1.50000000000000     
 qcfac =   1.00000000000000     
 etafac=   8.00000000000000     
 node_partition(1:6)=   1   2   2   1   1   1
 MB_d=           0
----------------------------------------------------------------- read_wf(start)
 iwork_wf=           0
------------------------------------------------------------------- read_wf(end)
 NBLK =           0
 NBLK1=           0
 iswitch_cgpc=           4
------------------------------------------------------------- read_mixing(start)
         IC :          0
         OC :          3
 beta       =   1.00000000000000     
 iomix,IC,OC=           0           0           3
--------------------------------------------------------------- read_mixing(end)
 ekbt   =  1.000000000000000E-005
 kinteg =           5
 nsetocc=           0
 isetocc=           0           0
 IC =           0
 OC =           3
 OC2=         100
 IO_ctrl=           0
 MBwr1,MBwr2=           0           0
 etime_limit=   10000000000.0000     
      SWSCF :          1
 ncycl, most, nrfr =           0           6           5
 okatom, eeps      =  0.500000000000000       1.000000000000000E-010
 feps, decr        =  5.000000000000000E-004  0.100000000000000     
 diter_opt         =          50
 strlog            =           0
 isymmetry=           0
 file_symdat=                              
----------------------------------------------------------------- read_xc(start)
     XCTYPE :   LDAPZ81 
------------------------------------------------------------------- read_xc(end)
---------------------------------------------------------- read_xc_hybrid(start)
     XCTYPE :   LDAPZ81 
         IC :          0
------------------------------------------------------------ read_xc_hybrid(end)
     NSWEEP :          5
    SCFCONV :   1.0000000E-15  0.0000000E+00
      DITER :        100
--------------------------------------------------------------- read_band(start)
----------------------------------------------------------------- read_band(end)
-------------------------------------------------------- read_band_unfold(start)
 iswitch_banduf= F
---------------------------------------------------------- read_band_unfold(end)
----------------------------------------------------------- read_parameters(end)
    SYSTYPE :          1
--------------------------------------------------------------- read_atom(start)
 AA format is assumed           1
 Nelment,Natom=           1           2
 zn_atom=           7
        ki_atom          aa_atom1          aa_atom2          aa_atom3  md_atom
     1        1    0.000000000000    0.000000000000    0.051000000000        1
     2        1    0.000000000000    0.000000000000   -0.051000000000        1
----------------------------------------------------------------- read_atom(end)
--------------------------------------------------------- main( aa & bb )(start)
----------------------------------------------------------- main( aa & bb )(end)
---------------------------------------------------------- read_pseudopot(start)
         PP :    2  N_psv.dat           
 *** PSV format ***
 zatom                   =   7.00000000000000     
 # of radial mesh points =        2001
 r(1),...,r(end)         =  0.000000000000000E+000   45.0000000000000     
 NRps                    =        1632        1632
 # of orbitals           =           2
 angular momentum        =           0           1
 cut off radius          =   1.53080765336510        1.53080765336510     
 Zps                     =   5.00000000000000     
 xc_pot                  =   LDAPZ81 
 a1,a2,a3,a4             = -9.716617000000000E-002  0.556847110000000     
                             1.09716617000000        3.11092575000000     
 Reference               =           1           1
 anorm                   =  0.516784929688000       0.294802866480000     
 inorm                   =           1          -1
 sum(cdd)                =   4.89438999223969     
 sum(cdc)                =  0.000000000000000E+000
 ps_type =            0
------------------------------------------------------------ read_pseudopot(end)
--------------------------------------------------------- write_info_atom(start)
           Zatom    Zion     Num    FilePS
       1       7       5       2    N_psv.dat                     
   total      14      10       2
----------------------------------------------------------- write_info_atom(end)
---------------------------------------------------------- count_electron(start)
------------------------------------------------------------ count_electron(end)
---------------------------------------------------- check_Nband_electron(start)
 Nband is replaced to        8
------------------------------------------------------ check_Nband_electron(end)
-------------------------------------------------------------- init_force(start)
 Ntim=           1
-------------------------------------------------------------- read_force(start)
    SYSTYPE :          1
---------------------------------------------------------------- read_force(end)
---------------------------------------------------------------- init_force(end)
-------------------------------------------------------------- init_rgrid(start)
------------------------------------------------------------ read_rgrid_mol
 Box_Shape=           1
 Hsize=  0.500000000000000     
 Rsize=   10.0000000000000     
 Zsize=  0.000000000000000E+000
 iswitch_eqdiv=           1
 SYStype=           1
 aa    20.5000000000   0.0000000000   0.0000000000
        0.0000000000  20.5000000000   0.0000000000
        0.0000000000   0.0000000000  20.5000000000
 Ngrid(1:3)=   41   41   41
 Ngrid(0)  =   33401
 Hgrid(1:3)=     0.50000000     0.50000000     0.50000000
---------------------------------------------------------------- init_rgrid(end)
-------------------------------------------------------------- Init_Ggrid(start)
 Ecut,Gcut=   39.4784176043574        6.28318530717959     
 NGgrid=       36137          20          20          20
 NMGL=         353
---------------------------------------------------------------- Init_Ggrid(end)
------------------------------------------------------------- generate_bz(start)
 Nbzsm, MMBZ =           1           1
                                kbb   weight_bz
    1   0.00000   0.00000   0.00000     1.00000
--------------------------------------------------------------- generate_bz(end)
---------------------------------------------------------- init_scalapack(start)
 NPROW,NPCOL,MBSIZE,NBSIZE
           2           2           4           4
------------------------------------------------------------ init_scalapack(end)
----------------------------------------------------------- init_parallel(start)
 np1,np2,np3=           1           2           2
 np_grid    =           4
 np_band    =           1
 np_bz      =           1
 np_spin    =           1
 np_fkmb    =           1
 nprocs     =           4
 irank grid band   bz spin
     0    0    0    0    0    0
     1    1    0    0    0    0
     2    2    0    0    0    0
     3    3    0    0    0    0
--- fock-band-parallel ---
 Nband  =           8
 np_fkmb=           1
        i id_fkmb ir_fkmb
        0       0       8
 nprocs_f =           4
--- spin-parallel ---
 nspin  =           1
 np_spin=           1
        i id_spin ir_spin
        0       0       1
 nprocs_s =           4
--- k-parallel ---
 Nbzsm    =           1
 np_bzsm=           1
        i id_bzsm ir_bzsm
        0       0       1
 nprocs_k =           4
--- band-parallel ---
 Nband  =           8
 np_band=           1
        i id_band ir_band
        0       0       8
 nprocs_b =           4
--- grid-parallel ---
 nprocs_g =           1
 nprocs_b =           4
 nprocs_k =           4
 nprocs_s =           4
 nprocs_f =           4
 nprocs   =           4
 comm_world, nprocs   =           0           4
 comm_grid,  nprocs_g =           3           4
 comm_band,  nprocs_b =           4           1
 comm_bzsm,  nprocs_k =           5           1
 comm_spin,  nprocs_s =           6           1
 comm_fkmb,  nprocs_f =           7           1
------------------------------------------------------------- init_parallel(end)
------------------------------------------------------ InitParallel_Rgrid(start)
  rank   mxp myp mzp         #
     0   -20  20 -20   0 -20   0         0    8989
     1   -20  20   1  20 -20   0      8989    8340
     2   -20  20 -20   0   1  20     17329    8340
     3   -20  20   1  20   1  20     25669    7732
-------------------------------------------------------- InitParallel_Rgrid(end)
------------------------------------------------------ InitParallel_Ggrid(start)
-------------------------------------------------------- InitParallel_Ggrid(end)
---------------------------------------------------------------- init_omp(start)
 nn(ini)=          41          21          21
 nn(1:3)=          41          21          21
 np(1:3)=           1           1           1
 m      =           1
 Ngrid_omp   41   21   21
 IGIG        1    8989     -20      20     -20       0     -20       0    8989
 omp_get_num_threads=           1
------------------------------------------------------------------ init_omp(end)
------------------------------------------------------------ init_bcset_mol(start)
------------------------------------------------------------ init_bcset_mol(end)
------------------------------------------------------------ init_kinetic(start)
  -2.98277778 -2.98277778    0.00000000  0.00000000
   1.71428571  1.71428571    0.85714286  0.85714286
  -0.26785714 -0.26785714   -0.26785714 -0.26785714
   0.05291005  0.05291005    0.07936508  0.07936508
  -0.00892857 -0.00892857   -0.01785714 -0.01785714
   0.00103896  0.00103896    0.00259740  0.00259740
  -0.00006013 -0.00006013   -0.00018038 -0.00018038
 ggg=   1.00000   1.00000   1.00000   0.00000   0.00000   0.00000
                        lap               coef_lap
   0     -2.982777777777778     17.896666666666661
   1      1.714285714285714     -3.428571428571427  -3.428571428571427  -3.428571428571427
   2     -0.267857142857143      0.535714285714285   0.535714285714285   0.535714285714285
   3      0.052910052910053     -0.105820105820106  -0.105820105820106  -0.105820105820106
   4     -0.008928571428571      0.017857142857143   0.017857142857143   0.017857142857143
   5      0.001038961038961     -0.002077922077922  -0.002077922077922  -0.002077922077922
   6     -0.000060125060125      0.000120250120250   0.000120250120250   0.000120250120250
                        nab               coef_nab
   1      0.857142857142857      1.714285714285714   1.714285714285714   1.714285714285714
   2     -0.267857142857143     -0.535714285714286  -0.535714285714286  -0.535714285714286
   3      0.079365079365079      0.158730158730159   0.158730158730159   0.158730158730159
   4     -0.017857142857143     -0.035714285714286  -0.035714285714286  -0.035714285714286
   5      0.002597402597403      0.005194805194805   0.005194805194805   0.005194805194805
   6     -0.000180375180375     -0.000360750360750  -0.000360750360750  -0.000360750360750
-------------------------------------------------------------- init_kinetic(end)
--------------------------------------------------------- set_array_bound(start)
----------------------------------------------------------- set_array_bound(end)
------------------------------------------------------------ prep_ps_nloc2_mol
 rmin(1),rmin(1)+max(Rps)=  0.000000000000000E+000  -2.31196157232793     
 rmin(2),rmin(2)+max(Rps)=  0.000000000000000E+000  -2.31196157232793     
 rmin(3),rmin(3)+max(Rps)=  -1.02000000000000       -3.33196157232793     
 rmax(0),rmax(0)+max(Rps)=   1.02000000000000        3.33196157232793     
 rmax(1),rmax(1)+max(Rps)=  0.000000000000000E+000   2.31196157232793     
 rmax(2),rmax(2)+max(Rps)=  0.000000000000000E+000   2.31196157232793     
 rmax(3),rmax(3)+max(Rps)=   1.02000000000000        3.33196157232793     
---------------------------------------------------------- init_xc_hybrid(start)
--------------------------------------------------------------- init_eion(start)
 Eewald(SYSTYPE=1)=       12.254901960784315
----------------------------------------------------------------- init_eion(end)
------------------------------------------------------ init_subspace_diag(start)
     rank_b       tri         m         n       nme      idis
          0        36         0         8        36         0
-------------------------------------------------------- init_subspace_diag(end)
----------------------------------------------------------------- init_wf(start)
------------------------------------------------------------------- init_wf(end)
------------------------------------------------------- init_occ_electron(start)
--------------------------------------------------------- init_occ_electron(end)
------------------------------------------------------------ main
 Natom    =           2
 Nelement =           1
 Nband =           8
 Nspin =           1
 Nbzsm =           1           1
 Nelectron =   10.0000000000000     
 Next_electron =  0.000000000000000E+000
 Ndspin,Nfixed =  0.000000000000000E+000           0
 Zps   =   5.00000000000000     
 sum(occ)=   10.0000000000000     
           1           1   2.00000000000000     
           2           1   2.00000000000000     
           3           1   2.00000000000000     
           4           1   2.00000000000000     
           5           1   2.00000000000000     
           6           1  0.000000000000000E+000
           7           1  0.000000000000000E+000
           8           1  0.000000000000000E+000
------------------------------------------------------------ init_hartree(start)
 nthreads=           1
 MEO     =           1
 Lmax_ME =           8
 M_max   =           8
 lmmax_ME=          81
 Md      =           6
-------------------------------------------------------------- init_hartree(end)
----------------------------------------------------------- init_localpot(start)
------------------------------------------------------------- init_localpot(end)
--------------------------------------------------------------------------------
--------------------------------------------------------- SWEEP START ----------
---------------------------------------------------------------- sweep_iter=   1
 NCG =           3
 ICG =           1
 SWGS=           0
 SYStype=           1
 mloop  =           3
---------------------------------------------------------- prep_scalapack(start)
 NPROW,NPCOL,MBSIZE,NBSIZE
           2           2           4           4
 ICTXTX,ICTXT0    =           0           0
 NPROW,NPCOL      =           2           2
 MBSIZE,NBSIZE    =           4           4
 MYROW,MYCOL      =           0           0
 LLD_R,LLD_C,MXLLD=           4           4           4
 NP0,NQ0          =           4           4
 NPX,NQX          =           4           4
 iblacs           = T
------------------------------------------------------------ prep_scalapack(end)

 Echk,dif/tol =  -10.71674705       -143.26     / 1.00000E-12

   k     n          esp(n,k,s)    esp_err   occ(n,k,s)   
   1     1  -0.686807159057592  -5.5567       2.0000    
   1     2   0.160586567963772  -15.834       2.0000    
   1     3   0.413234986916088  -16.705       2.0000    
   1     4   0.518276320692773  -16.973       2.0000    
   1     5   1.075530706618948  -16.564       2.0000    
   1     6   1.598913484711486  -16.112       0.0000    
   1     7   2.755300773659595  -14.966       0.0000    
   1     8   3.891604048706713  -13.853       0.0000    
 
 time(sweep)=     0.026(rank0)     0.026(min)     0.026(max)
 
---------------------------------------------------------------- sweep_iter=   2

 Echk,dif/tol =  -17.06196529       -6.3452     / 1.00000E-12

   k     n          esp(n,k,s)    esp_err   occ(n,k,s)   
   1     1  -1.123337926316436 -0.43653       2.0000    
   1     2  -0.484833639920972 -0.64542       2.0000    
   1     3  -0.368310005957058 -0.78154       2.0000    
   1     4  -0.133490803538161 -0.65177       2.0000    
   1     5   0.418184676958219 -0.65735       2.0000    
   1     6   0.445192277125202  -1.1537       0.0000    
   1     7   0.639706585489732  -2.1156       0.0000    
   1     8   0.803015781075210  -3.0886       0.0000    
 
 time(sweep)=     0.026(rank0)     0.026(min)     0.026(max)
 
---------------------------------------------------------------- sweep_iter=   3

 Echk,dif/tol =  -19.58160759       -2.5196     / 1.00000E-12

   k     n          esp(n,k,s)    esp_err   occ(n,k,s)   
   1     1  -1.138122137109263 -0.14784E-01   2.0000    
   1     2  -0.532607645263483 -0.47774E-01   2.0000    
   1     3  -0.470575821360906 -0.10227       2.0000    
   1     4  -0.456605931005564 -0.32312       2.0000    
   1     5  -0.353697315098090 -0.77188       2.0000    
   1     6   0.157047756684392 -0.28814       0.0000    
   1     7   0.308031826121621 -0.33167       0.0000    
   1     8   0.422660496971949 -0.38036       0.0000    
 
 time(sweep)=     0.026(rank0)     0.025(min)     0.026(max)
 
---------------------------------------------------------------- sweep_iter=   4

 Echk,dif/tol =  -19.77761338      -0.19601     / 1.00000E-12

   k     n          esp(n,k,s)    esp_err   occ(n,k,s)   
   1     1  -1.138273335104564 -0.15120E-03   2.0000    
   1     2  -0.533685447346340 -0.10778E-02   2.0000    
   1     3  -0.473841386913347 -0.32656E-02   2.0000    
   1     4  -0.473479921326894 -0.16874E-01   2.0000    
   1     5  -0.430331650449121 -0.76634E-01   2.0000    
   1     6   0.013185668906522 -0.14386       0.0000    
   1     7   0.038433906570642 -0.26960       0.0000    
   1     8   0.067155754132001 -0.35550       0.0000    
 
 time(sweep)=     0.026(rank0)     0.025(min)     0.026(max)
 
---------------------------------------------------------------- sweep_iter=   5

 Echk,dif/tol =  -19.78112799      -0.35146E-02 / 1.00000E-12

   k     n          esp(n,k,s)    esp_err   occ(n,k,s)   
   1     1  -1.138274133510121 -0.79841E-06   2.0000    
   1     2  -0.533733946300326 -0.48499E-04   2.0000    
   1     3  -0.473981814924710 -0.14043E-03   2.0000    
   1     4  -0.473968050563239 -0.48813E-03   2.0000    
   1     5  -0.431411102546032 -0.10795E-02   2.0000    
   1     6  -0.071282529442119 -0.84468E-01   0.0000    
   1     7  -0.025832212074510 -0.64266E-01   0.0000    
   1     8   0.051328747610365 -0.15827E-01   0.0000    
 
 time(sweep)=     0.026(rank0)     0.025(min)     0.026(max)
 
-------------------------------------------------------------- write_data(start)
 write to vrho.dat1.sweep               
 OC =           3
 WF: real(8) -> real(8)
 write to wf.dat1.sweep                 
 MBwr1,MBwr2 =           1           8
---------------------------------------------------------------- write_data(end)
----------------------------------------------------------- SWEEP END ----------
--------------------------------------------------------------------------------
--------------------------------------------------------------------------------
---------------------------------------------------------- SCF START -----------
------------------------------------------------------------- init_mixing(start)
--------------------------------------------------------------- init_mixing(end)
------------------------------------------------------------------ scf_iter=   1
 
 Total Energy :    -19.74743477  (Hartree)
 Harris Energy:    -19.78118603  (Hartree)
  ( diff/tol =  3.37513E-02 / 0.00000E+00 )    F
 
 Charge:     9.999999999999996
 
 |Vloc-Vloc0|^2/tol =   1.15765E-04   / 1.00000E-15    F
 |rho -rho0 |^2/tol =   1.53967E-05   / 0.00000E+00

   k     n          esp(n,k,s)    esp_err   occ(n,k,s)   
   1     1  -1.138274137427597 -0.39175E-08   2.0000    
   1     2  -0.533735410302839 -0.14640E-05   2.0000    
   1     3  -0.473985212169617 -0.33972E-05   2.0000    
   1     4  -0.473984321242821 -0.16271E-04   2.0000    
   1     5  -0.431418986633253 -0.78841E-05   2.0000    
   1     6  -0.091731768449362 -0.20449E-01   0.0000    
   1     7  -0.079936534414746 -0.54104E-01   0.0000    
   1     8   0.027441522440620 -0.23887E-01   0.0000    
 
 time(scf)=     0.081(rank0)     0.081(min)     0.081(max)
------------------------------------------------------------------ scf_iter=   2
 
 Total Energy :    -19.66219793  (Hartree)
 Harris Energy:    -19.68887423  (Hartree)
  ( diff/tol =  2.66763E-02 / 0.00000E+00 )    F
 
 Charge:    10.000000000000004
 
 |Vloc-Vloc0|^2/tol =   3.45401E-04   / 1.00000E-15    F
 |rho -rho0 |^2/tol =   3.88088E-06   / 0.00000E+00

   k     n          esp(n,k,s)    esp_err   occ(n,k,s)   
   1     1  -0.995905825008571  0.14237       2.0000    
   1     2  -0.462950230849789  0.70785E-01   2.0000    
   1     3  -0.395908955823918  0.78076E-01   2.0000    
   1     4  -0.395910602272417  0.78074E-01   2.0000    
   1     5  -0.301290119390904  0.13013       2.0000    
   1     6  -0.031654842730282  0.60077E-01   0.0000    
   1     7  -0.030324997317998  0.49612E-01   0.0000    
   1     8   0.032689771143214  0.52482E-02   0.0000    
 
 time(scf)=     0.083(rank0)     0.083(min)     0.083(max)
------------------------------------------------------------------ scf_iter=   3
 
 Total Energy :    -19.73753224  (Hartree)
 Harris Energy:    -19.77577208  (Hartree)
  ( diff/tol =  3.82398E-02 / 0.00000E+00 )    F
 
 Charge:     9.999999999999998
 
 |Vloc-Vloc0|^2/tol =   4.23901E-04   / 1.00000E-15    F
 |rho -rho0 |^2/tol =   5.00689E-06   / 0.00000E+00

   k     n          esp(n,k,s)    esp_err   occ(n,k,s)   
   1     1  -1.166180338272890 -0.17027       2.0000    
   1     2  -0.565717283102312 -0.10277       2.0000    
   1     3  -0.516919959405270 -0.12101       2.0000    
   1     4  -0.516909298468068 -0.12100       2.0000    
   1     5  -0.451243738455075 -0.14995       2.0000    
   1     6  -0.133066351933586 -0.10141       0.0000    
   1     7  -0.132745423606443 -0.10242       0.0000    
   1     8   0.009011292270954 -0.23678E-01   0.0000    
 
 time(scf)=     0.127(rank0)     0.127(min)     0.127(max)
------------------------------------------------------------------ scf_iter=   4
 
 Total Energy :    -19.75738254  (Hartree)
 Harris Energy:    -19.75740830  (Hartree)
  ( diff/tol =  2.57675E-05 / 0.00000E+00 )    F
 
 Charge:    10.000000000000004
 
 |Vloc-Vloc0|^2/tol =   6.32952E-05   / 1.00000E-15    F
 |rho -rho0 |^2/tol =   1.19343E-07   / 0.00000E+00

   k     n          esp(n,k,s)    esp_err   occ(n,k,s)   
   1     1  -1.065550844608847  0.10063       2.0000    
   1     2  -0.505470118685368  0.60247E-01   2.0000    
   1     3  -0.444350927124358  0.72569E-01   2.0000    
   1     4  -0.444342967204225  0.72566E-01   2.0000    
   1     5  -0.387021927362725  0.64222E-01   2.0000    
   1     6  -0.071980834806955  0.61086E-01   0.0000    
   1     7  -0.071931523235237  0.60814E-01   0.0000    
   1     8   0.020752475567223  0.11741E-01   0.0000    
 
 time(scf)=     0.125(rank0)     0.125(min)     0.125(max)
------------------------------------------------------------------ scf_iter=   5
 
 Total Energy :    -19.75734260  (Hartree)
 Harris Energy:    -19.75766714  (Hartree)
  ( diff/tol =  3.24541E-04 / 0.00000E+00 )    F
 
 Charge:    10.000000000000002
 
 |Vloc-Vloc0|^2/tol =   8.99191E-07   / 1.00000E-15    F
 |rho -rho0 |^2/tol =   1.29814E-07   / 0.00000E+00

   k     n          esp(n,k,s)    esp_err   occ(n,k,s)   
   1     1  -1.071304049565388 -0.57532E-02   2.0000    
   1     2  -0.508103556898236 -0.26334E-02   2.0000    
   1     3  -0.448114004434650 -0.37631E-02   2.0000    
   1     4  -0.448106655689038 -0.37637E-02   2.0000    
   1     5  -0.390070863672328 -0.30489E-02   2.0000    
   1     6  -0.074913296882399 -0.29325E-02   0.0000    
   1     7  -0.074909712354033 -0.29782E-02   0.0000    
   1     8   0.020394246534157 -0.35823E-03   0.0000    
 
 time(scf)=     0.132(rank0)     0.132(min)     0.132(max)
------------------------------------------------------------------ scf_iter=   6
 
 Total Energy :    -19.75747102  (Hartree)
 Harris Energy:    -19.75758648  (Hartree)
  ( diff/tol =  1.15461E-04 / 0.00000E+00 )    F
 
 Charge:    10.000000000000000
 
 |Vloc-Vloc0|^2/tol =   9.48887E-08   / 1.00000E-15    F
 |rho -rho0 |^2/tol =   6.94059E-08   / 0.00000E+00

   k     n          esp(n,k,s)    esp_err   occ(n,k,s)   
   1     1  -1.066889806991560  0.44142E-02   2.0000    
   1     2  -0.505089613032730  0.30139E-02   2.0000    
   1     3  -0.444953744725111  0.31603E-02   2.0000    
   1     4  -0.444948334644500  0.31583E-02   2.0000    
   1     5  -0.386720910660472  0.33500E-02   2.0000    
   1     6  -0.072137311683631  0.27760E-02   0.0000    
   1     7  -0.072137173108196  0.27725E-02   0.0000    
   1     8   0.021297372623241  0.90313E-03   0.0000    
 
 time(scf)=     0.131(rank0)     0.131(min)     0.131(max)
------------------------------------------------------------------ scf_iter=   7
 
 Total Energy :    -19.75754866  (Hartree)
 Harris Energy:    -19.75758306  (Hartree)
  ( diff/tol =  3.43971E-05 / 0.00000E+00 )    F
 
 Charge:     9.999999999999996
 
 |Vloc-Vloc0|^2/tol =   5.62154E-07   / 1.00000E-15    F
 |rho -rho0 |^2/tol =   2.01372E-08   / 0.00000E+00

   k     n          esp(n,k,s)    esp_err   occ(n,k,s)   
   1     1  -1.057665368748253  0.92244E-02   2.0000    
   1     2  -0.498375470541280  0.67141E-02   2.0000    
   1     3  -0.437974283754917  0.69795E-02   2.0000    
   1     4  -0.437972538246105  0.69758E-02   2.0000    
   1     5  -0.379485256724998  0.72357E-02   2.0000    
   1     6  -0.065907863423194  0.62294E-02   0.0000    
   1     7  -0.065907296577300  0.62299E-02   0.0000    
   1     8   0.023759444831459  0.24621E-02   0.0000    
 
 time(scf)=     0.119(rank0)     0.119(min)     0.119(max)
------------------------------------------------------------------ scf_iter=   8
 
 Total Energy :    -19.75755536  (Hartree)
 Harris Energy:    -19.75757237  (Hartree)
  ( diff/tol =  1.70045E-05 / 0.00000E+00 )    F
 
 Charge:    10.000000000000004
 
 |Vloc-Vloc0|^2/tol =   2.94403E-07   / 1.00000E-15    F
 |rho -rho0 |^2/tol =   5.86768E-09   / 0.00000E+00

   k     n          esp(n,k,s)    esp_err   occ(n,k,s)   
   1     1  -1.057914206609987 -0.24884E-03   2.0000    
   1     2  -0.498155569571789  0.21990E-03   2.0000    
   1     3  -0.437488556922056  0.48573E-03   2.0000    
   1     4  -0.437487666437248  0.48487E-03   2.0000    
   1     5  -0.379661101456990 -0.17584E-03   2.0000    
   1     6  -0.065424088391241  0.48378E-03   0.0000    
   1     7  -0.065423649802797  0.48365E-03   0.0000    
   1     8   0.024278968398059  0.51952E-03   0.0000    
 
 time(scf)=     0.124(rank0)     0.124(min)     0.124(max)
------------------------------------------------------------------ scf_iter=   9
 
 Total Energy :    -19.75756902  (Hartree)
 Harris Energy:    -19.75757137  (Hartree)
  ( diff/tol =  2.34470E-06 / 0.00000E+00 )    F
 
 Charge:     9.999999999999996
 
 |Vloc-Vloc0|^2/tol =   6.08897E-08   / 1.00000E-15    F
 |rho -rho0 |^2/tol =   6.25091E-10   / 0.00000E+00

   k     n          esp(n,k,s)    esp_err   occ(n,k,s)   
   1     1  -1.056727578762765  0.11866E-02   2.0000    
   1     2  -0.496807162298114  0.13484E-02   2.0000    
   1     3  -0.436030395551792  0.14582E-02   2.0000    
   1     4  -0.436030277520881  0.14574E-02   2.0000    
   1     5  -0.378549771155393  0.11113E-02   2.0000    
   1     6  -0.064034634293684  0.13895E-02   0.0000    
   1     7  -0.064034404137720  0.13892E-02   0.0000    
   1     8   0.025166852575819  0.88788E-03   0.0000    
 
 time(scf)=     0.110(rank0)     0.110(min)     0.110(max)
------------------------------------------------------------------ scf_iter=  10
 
 Total Energy :    -19.75756815  (Hartree)
 Harris Energy:    -19.75757166  (Hartree)
  ( diff/tol =  3.51614E-06 / 0.00000E+00 )    F
 
 Charge:    10.000000000000000
 
 |Vloc-Vloc0|^2/tol =   2.79396E-08   / 1.00000E-15    F
 |rho -rho0 |^2/tol =   4.24906E-10   / 0.00000E+00

   k     n          esp(n,k,s)    esp_err   occ(n,k,s)   
   1     1  -1.057664323899071 -0.93675E-03   2.0000    
   1     2  -0.497689296546110 -0.88213E-03   2.0000    
   1     3  -0.436802166282787 -0.77177E-03   2.0000    
   1     4  -0.436802136523635 -0.77186E-03   2.0000    
   1     5  -0.379456522141706 -0.90675E-03   2.0000    
   1     6  -0.064754157992263 -0.71952E-03   0.0000    
   1     7  -0.064754142030039 -0.71974E-03   0.0000    
   1     8   0.025010406161425 -0.15645E-03   0.0000    
 
 time(scf)=     0.111(rank0)     0.111(min)     0.111(max)
------------------------------------------------------------------ scf_iter=  11
 
 Total Energy :    -19.75757036  (Hartree)
 Harris Energy:    -19.75757044  (Hartree)
  ( diff/tol =  8.40277E-08 / 0.00000E+00 )    F
 
 Charge:    10.000000000000004
 
 |Vloc-Vloc0|^2/tol =   1.39015E-08   / 1.00000E-15    F
 |rho -rho0 |^2/tol =   1.05527E-11   / 0.00000E+00

   k     n          esp(n,k,s)    esp_err   occ(n,k,s)   
   1     1  -1.057108516781830  0.55581E-03   2.0000    
   1     2  -0.497258081830138  0.43121E-03   2.0000    
   1     3  -0.436371408540082  0.43076E-03   2.0000    
   1     4  -0.436371393540243  0.43074E-03   2.0000    
   1     5  -0.379005184913925  0.45134E-03   2.0000    
   1     6  -0.064369665078058  0.38449E-03   0.0000    
   1     7  -0.064369653045793  0.38449E-03   0.0000    
   1     8   0.025078748378368  0.68342E-04   0.0000    
 
 time(scf)=     0.106(rank0)     0.106(min)     0.106(max)
------------------------------------------------------------------ scf_iter=  12
 
 Total Energy :    -19.75757038  (Hartree)
 Harris Energy:    -19.75757043  (Hartree)
  ( diff/tol =  4.40662E-08 / 0.00000E+00 )    F
 
 Charge:     9.999999999999996
 
 |Vloc-Vloc0|^2/tol =   1.96095E-10   / 1.00000E-15    F
 |rho -rho0 |^2/tol =   4.62707E-12   / 0.00000E+00

   k     n          esp(n,k,s)    esp_err   occ(n,k,s)   
   1     1  -1.057266771794671 -0.15826E-03   2.0000    
   1     2  -0.497328242057938 -0.70160E-04   2.0000    
   1     3  -0.436472847248769 -0.10144E-03   2.0000    
   1     4  -0.436472845783046 -0.10145E-03   2.0000    
   1     5  -0.379087314473262 -0.82130E-04   2.0000    
   1     6  -0.064446283877414 -0.76619E-04   0.0000    
   1     7  -0.064446282106246 -0.76629E-04   0.0000    
   1     8   0.025070019527191 -0.87289E-05   0.0000    
 
 time(scf)=     0.106(rank0)     0.106(min)     0.106(max)
------------------------------------------------------------------ scf_iter=  13
 
 Total Energy :    -19.75757041  (Hartree)
 Harris Energy:    -19.75757041  (Hartree)
  ( diff/tol =  1.60952E-09 / 0.00000E+00 )    F
 
 Charge:    10.000000000000004
 
 |Vloc-Vloc0|^2/tol =   2.18670E-10   / 1.00000E-15    F
 |rho -rho0 |^2/tol =   1.96107E-13   / 0.00000E+00

   k     n          esp(n,k,s)    esp_err   occ(n,k,s)   
   1     1  -1.057216872610626  0.49899E-04   2.0000    
   1     2  -0.497304734810658  0.23507E-04   2.0000    
   1     3  -0.436439600581223  0.33247E-04   2.0000    
   1     4  -0.436439599399762  0.33246E-04   2.0000    
   1     5  -0.379060650661510  0.26664E-04   2.0000    
   1     6  -0.064420873273704  0.25411E-04   0.0000    
   1     7  -0.064420872382220  0.25410E-04   0.0000    
   1     8   0.025071723731403  0.17042E-05   0.0000    
 
 time(scf)=     0.101(rank0)     0.101(min)     0.101(max)
------------------------------------------------------------------ scf_iter=  14
 
 Total Energy :    -19.75757041  (Hartree)
 Harris Energy:    -19.75757041  (Hartree)
  ( diff/tol =  5.35962E-11 / 0.00000E+00 )    F
 
 Charge:    10.000000000000000
 
 |Vloc-Vloc0|^2/tol =   5.59761E-12   / 1.00000E-15    F
 |rho -rho0 |^2/tol =   5.57526E-15   / 0.00000E+00

   k     n          esp(n,k,s)    esp_err   occ(n,k,s)   
   1     1  -1.057216887407005 -0.14796E-07   2.0000    
   1     2  -0.497306673423732 -0.19386E-05   2.0000    
   1     3  -0.436440478424171 -0.87784E-06   2.0000    
   1     4  -0.436440478168367 -0.87877E-06   2.0000    
   1     5  -0.379062272054146 -0.16214E-05   2.0000    
   1     6  -0.064422169294584 -0.12960E-05   0.0000    
   1     7  -0.064422168715528 -0.12963E-05   0.0000    
   1     8   0.025070914315345 -0.80942E-06   0.0000    
 
 time(scf)=     0.098(rank0)     0.098(min)     0.098(max)
------------------------------------------------------------------ scf_iter=  15
 
 Total Energy :    -19.75757041  (Hartree)
 Harris Energy:    -19.75757041  (Hartree)
  ( diff/tol =  1.50244E-11 / 0.00000E+00 )    F
 
 Charge:    10.000000000000000
 
 |Vloc-Vloc0|^2/tol =   1.19752E-13   / 1.00000E-15    F
 |rho -rho0 |^2/tol =   1.05675E-15   / 0.00000E+00

   k     n          esp(n,k,s)    esp_err   occ(n,k,s)   
   1     1  -1.057217007571213 -0.12016E-06   2.0000    
   1     2  -0.497307388049834 -0.71463E-06   2.0000    
   1     3  -0.436440845792560 -0.36737E-06   2.0000    
   1     4  -0.436440845600038 -0.36743E-06   2.0000    
   1     5  -0.379062900464494 -0.62841E-06   2.0000    
   1     6  -0.064422657204015 -0.48791E-06   0.0000    
   1     7  -0.064422656931125 -0.48822E-06   0.0000    
   1     8   0.025070126398963 -0.78792E-06   0.0000    
 
 time(scf)=     0.094(rank0)     0.094(min)     0.095(max)
------------------------------------------------------------------ scf_iter=  16
 
 Total Energy :    -19.75757041  (Hartree)
 Harris Energy:    -19.75757041  (Hartree)
  ( diff/tol =  1.56639E-11 / 0.00000E+00 )    F
 
 Charge:    10.000000000000004
 
 |Vloc-Vloc0|^2/tol =   4.69596E-14   / 1.00000E-15    F
 |rho -rho0 |^2/tol =   6.23928E-16   / 0.00000E+00

   k     n          esp(n,k,s)    esp_err   occ(n,k,s)   
   1     1  -1.057216052759614  0.95481E-06   2.0000    
   1     2  -0.497306479858950  0.90819E-06   2.0000    
   1     3  -0.436440050509317  0.79528E-06   2.0000    
   1     4  -0.436440050415725  0.79518E-06   2.0000    
   1     5  -0.379061966993504  0.93347E-06   2.0000    
   1     6  -0.064421897608323  0.75960E-06   0.0000    
   1     7  -0.064421897535463  0.75940E-06   0.0000    
   1     8   0.025070192822517  0.66424E-07   0.0000    
 
 time(scf)=     0.092(rank0)     0.092(min)     0.092(max)
------------------------------------------------------------------ scf_iter=  17
 
 Total Energy :    -19.75757041  (Hartree)
 Harris Energy:    -19.75757041  (Hartree)
  ( diff/tol =  3.15126E-12 / 0.00000E+00 )    F
 
 Charge:    10.000000000000000
 
 |Vloc-Vloc0|^2/tol =   2.50306E-14   / 1.00000E-15    F
 |rho -rho0 |^2/tol =   1.57539E-17   / 0.00000E+00

   k     n          esp(n,k,s)    esp_err   occ(n,k,s)   
   1     1  -1.057216513474363 -0.46071E-06   2.0000    
   1     2  -0.497306819077864 -0.33922E-06   2.0000    
   1     3  -0.436440398468986 -0.34796E-06   2.0000    
   1     4  -0.436440398434151 -0.34802E-06   2.0000    
   1     5  -0.379062326173968 -0.35918E-06   2.0000    
   1     6  -0.064422204062416 -0.30645E-06   0.0000    
   1     7  -0.064422204028901 -0.30649E-06   0.0000    
   1     8   0.025070111444058 -0.81378E-07   0.0000    
 
 time(scf)=     0.087(rank0)     0.087(min)     0.087(max)
------------------------------------------------------------------ scf_iter=  18
 
 Total Energy :    -19.75757041  (Hartree)
 Harris Energy:    -19.75757041  (Hartree)
  ( diff/tol =  1.22249E-11 / 0.00000E+00 )    F
 
 Charge:    10.000000000000000
 
 |Vloc-Vloc0|^2/tol =   2.71065E-16   / 1.00000E-15    T
 |rho -rho0 |^2/tol =   4.01974E-19   / 0.00000E+00

   k     n          esp(n,k,s)    esp_err   occ(n,k,s)   
   1     1  -1.057216481232573  0.32242E-07   2.0000    
   1     2  -0.497306786673480  0.32404E-07   2.0000    
   1     3  -0.436440369698073  0.28771E-07   2.0000    
   1     4  -0.436440369694577  0.28740E-07   2.0000    
   1     5  -0.379062293659655  0.32514E-07   2.0000    
   1     6  -0.064422176513309  0.27549E-07   0.0000    
   1     7  -0.064422176507281  0.27522E-07   0.0000    
   1     8   0.025070093844533 -0.17600E-07   0.0000    
 
 time(scf)=     0.048(rank0)     0.048(min)     0.048(max)
-------------------------------------------------------------- write_data(start)
 write to vrho.dat1                     
 OC =           3
 WF: real(8) -> real(8)
 write to wf.dat1                       
 MBwr1,MBwr2 =           1           8
---------------------------------------------------------------- write_data(end)
------------------------------------------------------------------ SCF END -----
 scf converged ( total # of iteration =  18 )
 Total SCF time :     1.883(rank0)     1.883(min)     1.883(max)
--------------------------------------------------------------------------------
 END_PROGRAM : MAIN
 TIME(END)     3.20551     3.20595
 Start time  2015/12/16 13:58:43.111
 End   time  2015/12/16 13:58:46.317
