----------------------------------------------------------------------
 RSDFT ver.0.0.0
------------------------------------------------------------ header_info
 Start time  2015/12/16 13:49:59.363
 preprocessor option list ( -cpp -Dxxxx )
 _DRSDFT_ (wave functions are REAL8)
 _FFTW_ (FFTW is used)
--------------------------------------------------------- read_parameters(start)
         AX :   30.7830000000
         A1 :   1.0000000E+00  0.0000000E+00  0.0000000E+00
         A2 :   0.0000000E+00  1.0000000E+00  0.0000000E+00
         A3 :   0.0000000E+00  0.0000000E+00  1.0000000E+00
 Nband=           0
 Nspin=           1
 Ndspin=  0.000000000000000E+000
 Nfixed=           0
 Next_electron=  0.000000000000000E+000
 Ngrid(1:3)=          48          48          48
 Md =           6
 SYStype =           0
 rcfac =   1.50000000000000     
 qcfac =   1.00000000000000     
 etafac=   8.00000000000000     
 node_partition(1:6)=   4   4   2   1   1   1
 MB_d=           0
----------------------------------------------------------------- read_wf(start)
 iwork_wf=           0
------------------------------------------------------------------- read_wf(end)
 NBLK =           0
 NBLK1=           0
 iswitch_cgpc=           4
------------------------------------------------------------- read_mixing(start)
         IC :          0
         OC :          0
 beta       =   1.00000000000000     
 iomix,IC,OC=           0           0           0
--------------------------------------------------------------- read_mixing(end)
 ekbt   =  1.000000000000000E-005
 kinteg =           5
 nsetocc=           0
 isetocc=           0           0
 IC =           0
 OC =           0
 OC2=         100
 IO_ctrl=           0
 MBwr1,MBwr2=           0           0
 etime_limit=   10000000000.0000     
      SWSCF :          1
 ncycl, most, nrfr =           0           6           5
 okatom, eeps      =  0.500000000000000       1.000000000000000E-010
 feps, decr        =  5.000000000000000E-004  0.100000000000000     
 diter_opt         =          50
 strlog            =           0
 isymmetry=           0
 file_symdat=                              
----------------------------------------------------------------- read_xc(start)
     XCTYPE :   LDAPZ81 
------------------------------------------------------------------- read_xc(end)
---------------------------------------------------------- read_xc_hybrid(start)
     XCTYPE :   LDAPZ81 
         IC :          0
------------------------------------------------------------ read_xc_hybrid(end)
     NSWEEP :         10
    SCFCONV :   1.0000000E-15  0.0000000E+00
      DITER :        100
--------------------------------------------------------------- read_band(start)
----------------------------------------------------------------- read_band(end)
-------------------------------------------------------- read_band_unfold(start)
 iswitch_banduf= F
---------------------------------------------------------- read_band_unfold(end)
----------------------------------------------------------- read_parameters(end)
--------------------------------------------------------------- read_atom(start)
 AA format is assumed           1
 Nelment,Natom=           1         216
 zn_atom=          14
        ki_atom          aa_atom1          aa_atom2          aa_atom3  md_atom
     1        1    0.000000000000    0.000000000000    0.000000000000        1
     2        1    0.083333333300    0.083333333300    0.083333333300        1
     3        1    0.166666666700    0.000000000000    0.166666666700        1
     4        1    0.000000000000    0.166666666700    0.166666666700        1
     5        1    0.166666666700    0.166666666700    0.000000000000        1
           .
           .
           .
   211        1    0.833333333300    0.666666666700    0.833333333300        1
   212        1    0.666666666700    0.833333333300    0.833333333300        1
   213        1    0.833333333300    0.833333333300    0.666666666700        1
   214        1    0.916666666700    0.750000000000    0.916666666700        1
   215        1    0.750000000000    0.916666666700    0.916666666700        1
   216        1    0.916666666700    0.916666666700    0.750000000000        1
----------------------------------------------------------------- read_atom(end)
--------------------------------------------------------- main( aa & bb )(start)
----------------------------------------------------------- main( aa & bb )(end)
---------------------------------------------------------- read_pseudopot(start)
         PP :    2  Si_psv.dat          
 *** PSV format ***
 zatom                   =   14.0000000000000     
 # of radial mesh points =        1991
 r(1),...,r(end)         =  0.000000000000000E+000   25.0000000000000     
 NRps                    =        1734        1734
 # of orbitals           =           2
 angular momentum        =           0           1
 cut off radius          =   2.53017769990913        2.53017769990913     
 Zps                     =   4.00000000000000     
 xc_pot                  =   LDAPZ81 
 a1,a2,a3,a4             =   2.03068285000000        1.11643011000000     
                            -1.03068285000000       0.553021070000000     
 Reference               =           1           1
 anorm                   =  0.394361211686000       0.130960522077000     
 inorm                   =           1           1
 sum(cdd)                =   3.99144241688915     
 sum(cdc)                =  0.000000000000000E+000
 ps_type =            0
------------------------------------------------------------ read_pseudopot(end)
--------------------------------------------------------- write_info_atom(start)
           Zatom    Zion     Num    FilePS
       1      14       4     216    Si_psv.dat                    
   total    3024     864     216
----------------------------------------------------------- write_info_atom(end)
---------------------------------------------------------- count_electron(start)
------------------------------------------------------------ count_electron(end)
---------------------------------------------------- check_Nband_electron(start)
 Nband is replaced to      648
------------------------------------------------------ check_Nband_electron(end)
-------------------------------------------------------------- init_force(start)
 Ntim=           1
-------------------------------------------------------------- read_force(start)
---------------------------------------------------------------- read_force(end)
---------------------------------------------------------------- init_force(end)
-------------------------------------------------------------- init_rgrid(start)
 SYStype=           0
 aa    30.7830000000   0.0000000000   0.0000000000
        0.0000000000  30.7830000000   0.0000000000
        0.0000000000   0.0000000000  30.7830000000
 Ngrid(1:3)=   48   48   48
 Ngrid(0)  =  110592
 Hgrid(1:3)=     0.64131250     0.64131250     0.64131250
---------------------------------------------------------------- init_rgrid(end)
-------------------------------------------------------------- Init_Ggrid(start)
 Ecut,Gcut=   23.0077196373542        4.79663628362149     
 NGgrid=       54435          23          23          23
 NMGL=         462
---------------------------------------------------------------- Init_Ggrid(end)
------------------------------------------------------------- generate_bz(start)
 Nbzsm, MMBZ =           1           1
                                kbb   weight_bz
    1   0.00000   0.00000   0.00000     1.00000
--------------------------------------------------------------- generate_bz(end)
---------------------------------------------------------- init_scalapack(start)
 NPROW,NPCOL,MBSIZE,NBSIZE
           4           8          81          81
------------------------------------------------------------ init_scalapack(end)
----------------------------------------------------------- init_parallel(start)
 np1,np2,np3=           4           4           2
 np_grid    =          32
 np_band    =           1
 np_bz      =           1
 np_spin    =           1
 np_fkmb    =           1
 nprocs     =          32
 irank grid band   bz spin
     0    0    0    0    0    0
     1    1    0    0    0    0
     2    2    0    0    0    0
     3    3    0    0    0    0
     4    4    0    0    0    0
     5    5    0    0    0    0
     6    6    0    0    0    0
     7    7    0    0    0    0
     8    8    0    0    0    0
     9    9    0    0    0    0
    10   10    0    0    0    0
    11   11    0    0    0    0
    12   12    0    0    0    0
    13   13    0    0    0    0
    14   14    0    0    0    0
    15   15    0    0    0    0
    16   16    0    0    0    0
    17   17    0    0    0    0
    18   18    0    0    0    0
    19   19    0    0    0    0
    20   20    0    0    0    0
    21   21    0    0    0    0
    22   22    0    0    0    0
    23   23    0    0    0    0
    24   24    0    0    0    0
    25   25    0    0    0    0
    26   26    0    0    0    0
    27   27    0    0    0    0
    28   28    0    0    0    0
    29   29    0    0    0    0
    30   30    0    0    0    0
    31   31    0    0    0    0
--- fock-band-parallel ---
 Nband  =         648
 np_fkmb=           1
        i id_fkmb ir_fkmb
        0       0     648
 nprocs_f =          32
--- spin-parallel ---
 nspin  =           1
 np_spin=           1
        i id_spin ir_spin
        0       0       1
 nprocs_s =          32
--- k-parallel ---
 Nbzsm    =           1
 np_bzsm=           1
        i id_bzsm ir_bzsm
        0       0       1
 nprocs_k =          32
--- band-parallel ---
 Nband  =         648
 np_band=           1
        i id_band ir_band
        0       0     648
 nprocs_b =          32
--- grid-parallel ---
 nprocs_g =           1
 nprocs_b =          32
 nprocs_k =          32
 nprocs_s =          32
 nprocs_f =          32
 nprocs   =          32
 comm_world, nprocs   =           0          32
 comm_grid,  nprocs_g =           3          32
 comm_band,  nprocs_b =           4           1
 comm_bzsm,  nprocs_k =           5           1
 comm_spin,  nprocs_s =           6           1
 comm_fkmb,  nprocs_f =           7           1
------------------------------------------------------------- init_parallel(end)
------------------------------------------------------ InitParallel_Rgrid(start)
-------------------------------------------------------- InitParallel_Rgrid(end)
------------------------------------------------------ InitParallel_Ggrid(start)
-------------------------------------------------------- InitParallel_Ggrid(end)
---------------------------------------------------------------- init_omp(start)
 nn(ini)=          12          12          24
 nn(1:3)=          12          12          24
 np(1:3)=           1           1           1
 m      =           1
 Ngrid_omp   12   12   24
 IGIG        1    3456       0      11       0      11       0      23    3456
 omp_get_num_threads=           1
------------------------------------------------------------------ init_omp(end)
--------------------------------------------------------------- init_fftw(start)
----------------------------------------------------------------- init_fftw(end)
---------------------------------------------------------- init_bcset_sol(start)
------------------------------------------------------------ init_bcset_sol(end)
------------------------------------------------------------ init_kinetic(start)
  -2.98277778 -2.98277778    0.00000000  0.00000000
   1.71428571  1.71428571    0.85714286  0.85714286
  -0.26785714 -0.26785714   -0.26785714 -0.26785714
   0.05291005  0.05291005    0.07936508  0.07936508
  -0.00892857 -0.00892857   -0.01785714 -0.01785714
   0.00103896  0.00103896    0.00259740  0.00259740
  -0.00006013 -0.00006013   -0.00018038 -0.00018038
 ggg=   1.00000   1.00000   1.00000   0.00000   0.00000   0.00000
                        lap               coef_lap
   0     -2.982777777777778     10.878593480328773
   1      1.714285714285714     -2.084077190707691  -2.084077190707691  -2.084077190707691
   2     -0.267857142857143      0.325637061048077   0.325637061048077   0.325637061048077
   3      0.052910052910053     -0.064323370083571  -0.064323370083571  -0.064323370083571
   4     -0.008928571428571      0.010854568701603   0.010854568701603   0.010854568701603
   5      0.001038961038961     -0.001263077085277  -0.001263077085277  -0.001263077085277
   6     -0.000060125060125      0.000073094738731   0.000073094738731   0.000073094738731
                        nab               coef_nab
   1      0.857142857142857      1.336544753365726   1.336544753365726   1.336544753365726
   2     -0.267857142857143     -0.417670235426789  -0.417670235426789  -0.417670235426789
   3      0.079365079365079      0.123754143830160   0.123754143830160   0.123754143830160
   4     -0.017857142857143     -0.027844682361786  -0.027844682361786  -0.027844682361786
   5      0.002597402597403      0.004050135616260   0.004050135616260   0.004050135616260
   6     -0.000180375180375     -0.000281259417796  -0.000281259417796  -0.000281259417796
-------------------------------------------------------------- init_kinetic(end)
--------------------------------------------------------- set_array_bound(start)
----------------------------------------------------------- set_array_bound(end)
----------------------------------------------------------- init_ps_local(start)
------------------------------------------------------------- init_ps_local(end)
------------------------------------------------------------- init_ps_pcc(start)
-------------------------------------------------------- construct_strfac(start)
---------------------------------------------------------- construct_strfac(end)
------------------------------------------------------ construct_ps_local(start)
------------------------------------------------- construct_ps_local_fftw(start)
--------------------------------------------------- construct_ps_local_fftw(end)
---------------------------------------------------- construct_ps_initrho(start)
 iswitch_initrho =           0
 analytic        = F
    Nelectron                 sum                 min                 max
    864.00000        862.1515620481        0.0062029720        0.0595291521
    Nelectron                 sum                 min                 max
    864.00000        864.0000000000        0.0062162711        0.0596567816
------------------------------------------------------ construct_ps_initrho(end)
--------------------------------------------------------- destruct_strfac(start)
----------------------------------------------------------- destruct_strfac(end)
-------------------------------------------------------- ps_nloc_initiate(start)
----------------------------------------------------------- prep_ps_nloc2(start)
------------------------------------------------------------- prep_ps_nloc2(end)
---------------------------------------------------------- ps_nloc_initiate(end)
---------------------------------------------------------- init_xc_hybrid(start)
--------------------------------------------------------------- init_eion(start)
---------------------------------------------------------------calc_ewald(start)
---------------------------------------------------------------- calc_ewald(end)
 Eewald(SYSTYPE=0)=     -907.161779580626444
----------------------------------------------------------------- init_eion(end)
------------------------------------------------------ init_subspace_diag(start)
     rank_b       tri         m         n       nme      idis
          0    210276         0       648    210276         0
-------------------------------------------------------- init_subspace_diag(end)
----------------------------------------------------------------- init_wf(start)
------------------------------------------------------------------- init_wf(end)
------------------------------------------------------- init_occ_electron(start)
--------------------------------------------------------- init_occ_electron(end)
------------------------------------------------------------ main
 Natom    =         216
 Nelement =           1
 Nband =         648
 Nspin =           1
 Nbzsm =           1           1
 Nelectron =   864.000000000000     
 Next_electron =  0.000000000000000E+000
 Ndspin,Nfixed =  0.000000000000000E+000           0
 Zps   =   4.00000000000000     
 sum(occ)=   864.000000000000     
         422           1   2.00000000000000     
         423           1   2.00000000000000     
         424           1   2.00000000000000     
         425           1   2.00000000000000     
         426           1   2.00000000000000     
         427           1   2.00000000000000     
         428           1   2.00000000000000     
         429           1   2.00000000000000     
         430           1   2.00000000000000     
         431           1   2.00000000000000     
         432           1   2.00000000000000     
         433           1  0.000000000000000E+000
         434           1  0.000000000000000E+000
         435           1  0.000000000000000E+000
         436           1  0.000000000000000E+000
         437           1  0.000000000000000E+000
         438           1  0.000000000000000E+000
         439           1  0.000000000000000E+000
         440           1  0.000000000000000E+000
         441           1  0.000000000000000E+000
         442           1  0.000000000000000E+000
------------------------------------------------------------ init_hartree(start)
-------------------------------------------------------------- init_hartree(end)
----------------------------------------------------------- init_localpot(start)
------------------------------------------------------------- init_localpot(end)
--------------------------------------------------------------------------------
--------------------------------------------------------- SWEEP START ----------
---------------------------------------------------------------- sweep_iter=   1
 NCG =           3
 ICG =           1
 SWGS=           0
 SYStype=           0
 mloop  =           3
---------------------------------------------------------- prep_scalapack(start)
 NPROW,NPCOL,MBSIZE,NBSIZE
           4           8          81          81
 ICTXTX,ICTXT0    =           0           0
 NPROW,NPCOL      =           4           8
 MBSIZE,NBSIZE    =          81          81
 MYROW,MYCOL      =           0           0
 LLD_R,LLD_C,MXLLD=         162          81         162
 NP0,NQ0          =         162          81
 NPX,NQX          =         162          81
 iblacs           = T
------------------------------------------------------------ prep_scalapack(end)

 Echk,dif/tol =  -735.9048824       -8964.5     / 1.00000E-12
 
 time(sweep)=     2.547(rank0)     2.547(min)     2.548(max)
 
---------------------------------------------------------------- sweep_iter=   2

 Echk,dif/tol =  -838.9531364       -103.05     / 1.00000E-12
 
 time(sweep)=     2.344(rank0)     2.343(min)     2.344(max)
 
---------------------------------------------------------------- sweep_iter=   3

 Echk,dif/tol =  -859.8222789       -20.869     / 1.00000E-12
 
 time(sweep)=     2.343(rank0)     2.342(min)     2.343(max)
 
---------------------------------------------------------------- sweep_iter=   4

 Echk,dif/tol =  -860.0971410      -0.27486     / 1.00000E-12
 
 time(sweep)=     2.353(rank0)     2.353(min)     2.353(max)
 
---------------------------------------------------------------- sweep_iter=   5

 Echk,dif/tol =  -860.1048731      -0.77321E-02 / 1.00000E-12
 
 time(sweep)=     2.343(rank0)     2.343(min)     2.343(max)
 
---------------------------------------------------------------- sweep_iter=   6

 Echk,dif/tol =  -860.1052119      -0.33884E-03 / 1.00000E-12
 
 time(sweep)=     2.348(rank0)     2.348(min)     2.348(max)
 
---------------------------------------------------------------- sweep_iter=   7

 Echk,dif/tol =  -860.1052304      -0.18468E-04 / 1.00000E-12
 
 time(sweep)=     2.332(rank0)     2.332(min)     2.332(max)
 
---------------------------------------------------------------- sweep_iter=   8

 Echk,dif/tol =  -860.1052315      -0.11151E-05 / 1.00000E-12
 
 time(sweep)=     2.191(rank0)     2.191(min)     2.191(max)
 
---------------------------------------------------------------- sweep_iter=   9

 Echk,dif/tol =  -860.1052316      -0.72028E-07 / 1.00000E-12
 
 time(sweep)=     2.122(rank0)     2.122(min)     2.122(max)
 
---------------------------------------------------------------- sweep_iter=  10

 Echk,dif/tol =  -860.1052316      -0.49628E-08 / 1.00000E-12
 
 time(sweep)=     2.059(rank0)     2.058(min)     2.059(max)
 
----------------------------------------------------------- SWEEP END ----------
--------------------------------------------------------------------------------
--------------------------------------------------------------------------------
---------------------------------------------------------- SCF START -----------
------------------------------------------------------------- init_mixing(start)
--------------------------------------------------------------- init_mixing(end)
------------------------------------------------------------------ scf_iter=   1
 
 Total Energy :   -858.90151775  (Hartree)
 Harris Energy:   -860.10523161  (Hartree)
  ( diff/tol =  1.20371E+00 / 0.00000E+00 )    F
 
 Charge:   864.000000000000227
 
 |Vloc-Vloc0|^2/tol =   4.78209E-04   / 1.00000E-15    F
 |rho -rho0 |^2/tol =   5.29008E-05   / 0.00000E+00
 
 time(scf)=     2.178(rank0)     2.178(min)     2.179(max)
------------------------------------------------------------------ scf_iter=   2
 
 Total Energy :   -859.14268477  (Hartree)
 Harris Energy:   -859.29309613  (Hartree)
  ( diff/tol =  1.50411E-01 / 0.00000E+00 )    F
 
 Charge:   864.000000000000000
 
 |Vloc-Vloc0|^2/tol =   6.85352E-05   / 1.00000E-15    F
 |rho -rho0 |^2/tol =   2.30221E-06   / 0.00000E+00
 
 time(scf)=     2.656(rank0)     2.656(min)     2.660(max)
------------------------------------------------------------------ scf_iter=   3
 
 Total Energy :   -859.17996771  (Hartree)
 Harris Energy:   -859.20306683  (Hartree)
  ( diff/tol =  2.30991E-02 / 0.00000E+00 )    F
 
 Charge:   864.000000000000000
 
 |Vloc-Vloc0|^2/tol =   1.06625E-05   / 1.00000E-15    F
 |rho -rho0 |^2/tol =   3.27214E-07   / 0.00000E+00
 
 time(scf)=     2.612(rank0)     2.612(min)     2.615(max)
------------------------------------------------------------------ scf_iter=   4
 
 Total Energy :   -859.18508058  (Hartree)
 Harris Energy:   -859.18904209  (Hartree)
  ( diff/tol =  3.96151E-03 / 0.00000E+00 )    F
 
 Charge:   864.000000000000114
 
 |Vloc-Vloc0|^2/tol =   7.90241E-06   / 1.00000E-15    F
 |rho -rho0 |^2/tol =   4.87303E-08   / 0.00000E+00
 
 time(scf)=     2.638(rank0)     2.638(min)     2.642(max)
------------------------------------------------------------------ scf_iter=   5
 
 Total Energy :   -859.18418420  (Hartree)
 Harris Energy:   -859.18683625  (Hartree)
  ( diff/tol =  2.65204E-03 / 0.00000E+00 )    F
 
 Charge:   864.000000000000000
 
 |Vloc-Vloc0|^2/tol =   6.23621E-05   / 1.00000E-15    F
 |rho -rho0 |^2/tol =   1.78473E-09   / 0.00000E+00
 
 time(scf)=     2.565(rank0)     2.565(min)     2.569(max)
------------------------------------------------------------------ scf_iter=   6
 
 Total Energy :   -859.18596195  (Hartree)
 Harris Energy:   -859.18655882  (Hartree)
  ( diff/tol =  5.96863E-04 / 0.00000E+00 )    F
 
 Charge:   864.000000000000114
 
 |Vloc-Vloc0|^2/tol =   7.24611E-05   / 1.00000E-15    F
 |rho -rho0 |^2/tol =   3.73400E-10   / 0.00000E+00
 
 time(scf)=     2.635(rank0)     2.635(min)     2.639(max)
------------------------------------------------------------------ scf_iter=   7
 
 Total Energy :   -859.18641671  (Hartree)
 Harris Energy:   -859.18649585  (Hartree)
  ( diff/tol =  7.91477E-05 / 0.00000E+00 )    F
 
 Charge:   864.000000000000227
 
 |Vloc-Vloc0|^2/tol =   1.46498E-05   / 1.00000E-15    F
 |rho -rho0 |^2/tol =   5.72406E-11   / 0.00000E+00
 
 time(scf)=     2.637(rank0)     2.637(min)     2.641(max)
------------------------------------------------------------------ scf_iter=   8
 
 Total Energy :   -859.18644203  (Hartree)
 Harris Energy:   -859.18649257  (Hartree)
  ( diff/tol =  5.05384E-05 / 0.00000E+00 )    F
 
 Charge:   864.000000000000227
 
 |Vloc-Vloc0|^2/tol =   2.79700E-06   / 1.00000E-15    F
 |rho -rho0 |^2/tol =   4.15448E-11   / 0.00000E+00
 
 time(scf)=     2.606(rank0)     2.606(min)     2.609(max)
------------------------------------------------------------------ scf_iter=   9
 
 Total Energy :   -859.18647905  (Hartree)
 Harris Energy:   -859.18648696  (Hartree)
  ( diff/tol =  7.91620E-06 / 0.00000E+00 )    F
 
 Charge:   864.000000000000114
 
 |Vloc-Vloc0|^2/tol =   7.95060E-07   / 1.00000E-15    F
 |rho -rho0 |^2/tol =   1.08864E-11   / 0.00000E+00
 
 time(scf)=     2.638(rank0)     2.638(min)     2.642(max)
------------------------------------------------------------------ scf_iter=  10
 
 Total Energy :   -859.18648263  (Hartree)
 Harris Energy:   -859.18648599  (Hartree)
  ( diff/tol =  3.35853E-06 / 0.00000E+00 )    F
 
 Charge:   864.000000000000227
 
 |Vloc-Vloc0|^2/tol =   8.11840E-08   / 1.00000E-15    F
 |rho -rho0 |^2/tol =   2.35724E-12   / 0.00000E+00
 
 time(scf)=     2.667(rank0)     2.667(min)     2.671(max)
------------------------------------------------------------------ scf_iter=  11
 
 Total Energy :   -859.18648002  (Hartree)
 Harris Energy:   -859.18648626  (Hartree)
  ( diff/tol =  6.24565E-06 / 0.00000E+00 )    F
 
 Charge:   864.000000000000000
 
 |Vloc-Vloc0|^2/tol =   2.54398E-07   / 1.00000E-15    F
 |rho -rho0 |^2/tol =   3.46137E-12   / 0.00000E+00
 
 time(scf)=     2.609(rank0)     2.609(min)     2.613(max)
------------------------------------------------------------------ scf_iter=  12
 
 Total Energy :   -859.18648546  (Hartree)
 Harris Energy:   -859.18648556  (Hartree)
  ( diff/tol =  9.48495E-08 / 0.00000E+00 )    F
 
 Charge:   864.000000000000000
 
 |Vloc-Vloc0|^2/tol =   1.15462E-07   / 1.00000E-15    F
 |rho -rho0 |^2/tol =   6.48725E-14   / 0.00000E+00
 
 time(scf)=     2.604(rank0)     2.604(min)     2.607(max)
------------------------------------------------------------------ scf_iter=  13
 
 Total Energy :   -859.18648515  (Hartree)
 Harris Energy:   -859.18648561  (Hartree)
  ( diff/tol =  4.56347E-07 / 0.00000E+00 )    F
 
 Charge:   864.000000000000000
 
 |Vloc-Vloc0|^2/tol =   1.09968E-08   / 1.00000E-15    F
 |rho -rho0 |^2/tol =   3.67228E-13   / 0.00000E+00
 
 time(scf)=     2.666(rank0)     2.666(min)     2.670(max)
------------------------------------------------------------------ scf_iter=  14
 
 Total Energy :   -859.18648554  (Hartree)
 Harris Energy:   -859.18648555  (Hartree)
  ( diff/tol =  1.08030E-08 / 0.00000E+00 )    F
 
 Charge:   864.000000000000227
 
 |Vloc-Vloc0|^2/tol =   5.41594E-09   / 1.00000E-15    F
 |rho -rho0 |^2/tol =   1.39914E-14   / 0.00000E+00
 
 time(scf)=     2.598(rank0)     2.598(min)     2.601(max)
------------------------------------------------------------------ scf_iter=  15
 
 Total Energy :   -859.18648553  (Hartree)
 Harris Energy:   -859.18648555  (Hartree)
  ( diff/tol =  2.13287E-08 / 0.00000E+00 )    F
 
 Charge:   864.000000000000000
 
 |Vloc-Vloc0|^2/tol =   4.70901E-10   / 1.00000E-15    F
 |rho -rho0 |^2/tol =   2.08751E-14   / 0.00000E+00
 
 time(scf)=     2.557(rank0)     2.557(min)     2.561(max)
------------------------------------------------------------------ scf_iter=  16
 
 Total Energy :   -859.18648554  (Hartree)
 Harris Energy:   -859.18648555  (Hartree)
  ( diff/tol =  1.00251E-08 / 0.00000E+00 )    F
 
 Charge:   864.000000000000114
 
 |Vloc-Vloc0|^2/tol =   6.67435E-10   / 1.00000E-15    F
 |rho -rho0 |^2/tol =   6.45481E-15   / 0.00000E+00
 
 time(scf)=     2.623(rank0)     2.623(min)     2.627(max)
------------------------------------------------------------------ scf_iter=  17
 
 Total Energy :   -859.18648554  (Hartree)
 Harris Energy:   -859.18648555  (Hartree)
  ( diff/tol =  1.05233E-08 / 0.00000E+00 )    F
 
 Charge:   864.000000000000227
 
 |Vloc-Vloc0|^2/tol =   4.88027E-10   / 1.00000E-15    F
 |rho -rho0 |^2/tol =   5.49175E-15   / 0.00000E+00
 
 time(scf)=     2.587(rank0)     2.587(min)     2.592(max)
------------------------------------------------------------------ scf_iter=  18
 
 Total Energy :   -859.18648554  (Hartree)
 Harris Energy:   -859.18648555  (Hartree)
  ( diff/tol =  4.99995E-10 / 0.00000E+00 )    F
 
 Charge:   864.000000000000114
 
 |Vloc-Vloc0|^2/tol =   2.22063E-10   / 1.00000E-15    F
 |rho -rho0 |^2/tol =   3.19087E-16   / 0.00000E+00
 
 time(scf)=     2.543(rank0)     2.543(min)     2.547(max)
------------------------------------------------------------------ scf_iter=  19
 
 Total Energy :   -859.18648555  (Hartree)
 Harris Energy:   -859.18648555  (Hartree)
  ( diff/tol =  1.67574E-10 / 0.00000E+00 )    F
 
 Charge:   864.000000000000114
 
 |Vloc-Vloc0|^2/tol =   1.32323E-11   / 1.00000E-15    F
 |rho -rho0 |^2/tol =   1.51548E-16   / 0.00000E+00
 
 time(scf)=     2.503(rank0)     2.503(min)     2.507(max)
------------------------------------------------------------------ scf_iter=  20
 
 Total Energy :   -859.18648555  (Hartree)
 Harris Energy:   -859.18648555  (Hartree)
  ( diff/tol =  8.75389E-12 / 0.00000E+00 )    F
 
 Charge:   864.000000000000114
 
 |Vloc-Vloc0|^2/tol =   2.39813E-12   / 1.00000E-15    F
 |rho -rho0 |^2/tol =   7.92758E-18   / 0.00000E+00
 
 time(scf)=     2.390(rank0)     2.390(min)     2.393(max)
------------------------------------------------------------------ scf_iter=  21
 
 Total Energy :   -859.18648555  (Hartree)
 Harris Energy:   -859.18648555  (Hartree)
  ( diff/tol =  1.97815E-11 / 0.00000E+00 )    F
 
 Charge:   864.000000000000000
 
 |Vloc-Vloc0|^2/tol =   3.31265E-13   / 1.00000E-15    F
 |rho -rho0 |^2/tol =   1.97887E-17   / 0.00000E+00
 
 time(scf)=     2.178(rank0)     2.178(min)     2.182(max)
------------------------------------------------------------------ scf_iter=  22
 
 Total Energy :   -859.18648555  (Hartree)
 Harris Energy:   -859.18648555  (Hartree)
  ( diff/tol =  1.89857E-11 / 0.00000E+00 )    F
 
 Charge:   864.000000000000000
 
 |Vloc-Vloc0|^2/tol =   6.16105E-13   / 1.00000E-15    F
 |rho -rho0 |^2/tol =   1.02531E-17   / 0.00000E+00
 
 time(scf)=     2.174(rank0)     2.174(min)     2.178(max)
------------------------------------------------------------------ scf_iter=  23
 
 Total Energy :   -859.18648555  (Hartree)
 Harris Energy:   -859.18648555  (Hartree)
  ( diff/tol =  1.47793E-12 / 0.00000E+00 )    F
 
 Charge:   864.000000000000114
 
 |Vloc-Vloc0|^2/tol =   3.83000E-13   / 1.00000E-15    F
 |rho -rho0 |^2/tol =   8.87156E-19   / 0.00000E+00
 
 time(scf)=     2.117(rank0)     2.117(min)     2.121(max)
------------------------------------------------------------------ scf_iter=  24
 
 Total Energy :   -859.18648555  (Hartree)
 Harris Energy:   -859.18648555  (Hartree)
  ( diff/tol =  2.04636E-12 / 0.00000E+00 )    F
 
 Charge:   864.000000000000227
 
 |Vloc-Vloc0|^2/tol =   8.10281E-14   / 1.00000E-15    F
 |rho -rho0 |^2/tol =   1.04845E-18   / 0.00000E+00
 
 time(scf)=     1.996(rank0)     1.996(min)     2.000(max)
------------------------------------------------------------------ scf_iter=  25
 
 Total Energy :   -859.18648555  (Hartree)
 Harris Energy:   -859.18648555  (Hartree)
  ( diff/tol =  2.27374E-13 / 0.00000E+00 )    F
 
 Charge:   864.000000000000000
 
 |Vloc-Vloc0|^2/tol =   3.85900E-14   / 1.00000E-15    F
 |rho -rho0 |^2/tol =   7.42437E-20   / 0.00000E+00
 
 time(scf)=     1.913(rank0)     1.913(min)     1.917(max)
------------------------------------------------------------------ scf_iter=  26
 
 Total Energy :   -859.18648555  (Hartree)
 Harris Energy:   -859.18648555  (Hartree)
  ( diff/tol = -1.13687E-13 / 0.00000E+00 )    F
 
 Charge:   864.000000000000227
 
 |Vloc-Vloc0|^2/tol =   1.47727E-15   / 1.00000E-15    F
 |rho -rho0 |^2/tol =   4.49617E-20   / 0.00000E+00
 
 time(scf)=     1.876(rank0)     1.876(min)     1.879(max)
------------------------------------------------------------------ scf_iter=  27
 
 Total Energy :   -859.18648555  (Hartree)
 Harris Energy:   -859.18648555  (Hartree)
  ( diff/tol =  3.41061E-13 / 0.00000E+00 )    F
 
 Charge:   864.000000000000227
 
 |Vloc-Vloc0|^2/tol =   8.42105E-16   / 1.00000E-15    T
 |rho -rho0 |^2/tol =   2.78841E-21   / 0.00000E+00
 
 time(scf)=     1.895(rank0)     1.895(min)     1.898(max)
------------------------------------------------------------------ SCF END -----
 scf converged ( total # of iteration =  27 )
 Total SCF time :    65.769(rank0)    65.769(min)    65.770(max)
--------------------------------------------------------------------------------
 END_PROGRAM : MAIN
 TIME(END)    91.62207    91.75839
 Start time  2015/12/16 13:49:59.363
 End   time  2015/12/16 13:51:31.121
