----------------------------------------------------------------------
 RSDFT ver.0.0.0
------------------------------------------------------------ header_info
 Start time  2015/12/22 13:54:00.472
 preprocessor option list ( -cpp -Dxxxx )
          (wave functions are COMPLEX16)
  INFOLEVEL :          1
--------------------------------------------------------------- read_atom(start)
 AA format is assumed           1
 Nelment,Natom=           1           8
 zn_atom=           0
        ki_atom          aa_atom1          aa_atom2          aa_atom3  md_atom
     1        1    0.000000000000    0.000000000000    0.000000000000        0
     2        1    0.250000000000    0.250000000000    0.250000000000        0
     3        1    0.500000000000    0.000000000000    0.500000000000        0
     4        1    0.000000000000    0.500000000000    0.500000000000        0
     5        1    0.500000000000    0.500000000000    0.000000000000        0
     6        1    0.750000000000    0.250000000000    0.750000000000        0
     7        1    0.250000000000    0.750000000000    0.750000000000        0
     8        1    0.750000000000    0.750000000000    0.250000000000        0
----------------------------------------------------------------- read_atom(end)
--------------------------------------------------------- read_parameters(start)
         AX :   10.2610000000
         A1 :   1.0000000E+00  0.0000000E+00  0.0000000E+00
         A2 :   0.0000000E+00  1.0000000E+00  0.0000000E+00
         A3 :   0.0000000E+00  0.0000000E+00  1.0000000E+00
         NK :          8
       MMM1 :          5         5         5
       MMM2 :          2         2         2
 Nband=           0
 Nspin=           1
 Ndspin=  0.000000000000000E+000
 Nfixed=           0
 Next_electron=  0.000000000000000E+000
 Ngrid(1:3)=          16          16          16
 Md =           6
 SYStype =           0
 rcfac =   1.50000000000000     
 qcfac =   1.00000000000000     
 etafac=   8.00000000000000     
 node_partition(1:6)=   1   1   1   1   4   1
 MB_d=           0
----------------------------------------------------------------- read_wf(start)
 iwork_wf=           0
------------------------------------------------------------------- read_wf(end)
 NBLK =           0
 NBLK1=           0
 iswitch_cgpc=           4
------------------------------------------------------------- read_mixing(start)
         IC :          0
         OC :          3
 beta       =   1.00000000000000     
 iomix,IC,OC=           0           0           3
--------------------------------------------------------------- read_mixing(end)
 ekbt   =  1.000000000000000E-005
 kinteg =           5
 nsetocc=           0
 isetocc=           0           0
 IC =           0
 OC =           3
 OC2=         100
 IO_ctrl=           0
 MBwr1,MBwr2=           0           0
 etime_limit=   10000000000.0000     
      SWSCF :          1
 ncycl, most, nrfr =           0           6           5
 okatom, eeps      =  0.500000000000000       1.000000000000000E-010
 feps, decr        =  5.000000000000000E-004  0.100000000000000     
 diter_opt         =          50
 strlog            =           0
 isymmetry=           1
 file_symdat=symdat_diamond_cubic_1        
----------------------------------------------------------------- read_xc(start)
     XCTYPE :   LDAPZ81 
------------------------------------------------------------------- read_xc(end)
---------------------------------------------------------- read_xc_hybrid(start)
     XCTYPE :   LDAPZ81 
         IC :          0
------------------------------------------------------------ read_xc_hybrid(end)
--------------------------------------------------------- read_vdw_grimme(start)
     XCTYPE :   LDAPZ81 
----------------------------------------------------------- read_vdw_grimme(end)
     NSWEEP :         10
    SCFCONV :   1.0000000E-20  0.0000000E+00
      DITER :        100
--------------------------------------------------------------- read_band(start)
----------------------------------------------------------------- read_band(end)
-------------------------------------------------------- read_band_unfold(start)
 iswitch_banduf= F
---------------------------------------------------------- read_band_unfold(end)
----------------------------------------------------------- read_parameters(end)
--------------------------------------------------------- main( aa & bb )(start)
----------------------------------------------------------- main( aa & bb )(end)
---------------------------------------------------------- read_pseudopot(start)
         PP :    2  Si_psv.dat          
 *** PSV format ***
 zatom                   =   14.0000000000000     
 # of radial mesh points =        1991
 r(1),...,r(end)         =  0.000000000000000E+000   25.0000000000000     
 NRps                    =        1734        1734
 # of orbitals           =           2
 angular momentum        =           0           1
 cut off radius          =   2.53017769990913        2.53017769990913     
 Zps                     =   4.00000000000000     
 xc_pot                  =   LDAPZ81 
 a1,a2,a3,a4             =   2.03068285000000        1.11643011000000     
                            -1.03068285000000       0.553021070000000     
 Reference               =           1           1
 anorm                   =  0.394361211686000       0.130960522077000     
 inorm                   =           1           1
 sum(cdd)                =   3.99144241688915     
 sum(cdc)                =  0.000000000000000E+000
 ps_type =            0
------------------------------------------------------------ read_pseudopot(end)
--------------------------------------------------------- write_info_atom(start)
           Zatom    Zion     Num    FilePS
       1       0       4       8    Si_psv.dat                    
   total       0      32       8
----------------------------------------------------------- write_info_atom(end)
---------------------------------------------------------- count_electron(start)
------------------------------------------------------------ count_electron(end)
---------------------------------------------------- check_Nband_electron(start)
 Nband is replaced to       24
------------------------------------------------------ check_Nband_electron(end)
-------------------------------------------------------------- init_force(start)
 Ntim=           1
-------------------------------------------------------------- read_force(start)
---------------------------------------------------------------- read_force(end)
---------------------------------------------------------------- init_force(end)
-------------------------------------------------------------- init_rgrid(start)
 SYStype=           0
 aa    10.2610000000   0.0000000000   0.0000000000
        0.0000000000  10.2610000000   0.0000000000
        0.0000000000   0.0000000000  10.2610000000
 Ngrid(1:3)=   16   16   16
 Ngrid(0)  =    4096
 Hgrid(1:3)=     0.64131250     0.64131250     0.64131250
---------------------------------------------------------------- init_rgrid(end)
-------------------------------------------------------------- Init_Ggrid(start)
 Ecut,Gcut=   21.0912776213862        4.59252410133972     
 NGgrid=        1791           7           7           7
 NMGL=          49
---------------------------------------------------------------- Init_Ggrid(end)
----------------------------------------------------------- init_symmetry(start)
------------------------------------------------------------ input_symdat(start)
 isymmetry=           1
 nsym,nnp=         192           4
-------------------------------------------------------------- input_symdat(end)
---------------------------------------------------------- input_symdat_2(start)
------------------------------------------------------------ input_symdat_2(end)
------------------------------------------------------------- init_symmetry(end)
--------------------------------------------------------- generate_bz_sym(start)
 Nbzsm, MMBZ =           4          64
 KBB
    1   0.37500   0.37500   0.37500     0.12500    8    1
    2   0.37500   0.37500  -0.12500     0.37500   24    1
    3   0.37500  -0.12500  -0.12500     0.37500   24    1
    4  -0.12500  -0.12500  -0.12500     0.12500    8    1
 sum(w)  =          64           4          64
 sum(wbz)=   1.00000000000000     
----------------------------------------------------------- generate_bz_sym(end)
---------------------------------------------------------- init_scalapack(start)
 NPROW,NPCOL,MBSIZE,NBSIZE
           1           1          24          24
------------------------------------------------------------ init_scalapack(end)
----------------------------------------------------------- init_parallel(start)
 np1,np2,np3=           1           1           1
 np_grid    =           1
 np_band    =           1
 np_bz      =           4
 np_spin    =           1
 np_fkmb    =           1
 nprocs     =           4
 irank grid band   bz spin
     0    0    0    0    0    0
     1    0    0    1    0    0
     2    0    0    2    0    0
     3    0    0    3    0    0
--- fock-band-parallel ---
 Nband  =          24
 np_fkmb=           1
        i id_fkmb ir_fkmb
        0       0      24
 nprocs_f =           4
--- spin-parallel ---
 nspin  =           1
 np_spin=           1
        i id_spin ir_spin
        0       0       1
 nprocs_s =           4
--- k-parallel ---
 Nbzsm    =           4
 np_bzsm=           4
        i id_bzsm ir_bzsm
        0       0       1
        1       1       1
        2       2       1
        3       3       1
 nprocs_k =           1
--- band-parallel ---
 Nband  =          24
 np_band=           1
        i id_band ir_band
        0       0      24
 nprocs_b =           1
--- grid-parallel ---
 nprocs_g =           1
 nprocs_b =           1
 nprocs_k =           1
 nprocs_s =           4
 nprocs_f =           4
 nprocs   =           4
 comm_world, nprocs   =           0           4
 comm_grid,  nprocs_g =           3           1
 comm_band,  nprocs_b =           4           1
 comm_bzsm,  nprocs_k =           5           4
 comm_spin,  nprocs_s =           6           1
 comm_fkmb,  nprocs_f =           7           1
------------------------------------------------------------- init_parallel(end)
------------------------------------------------------ InitParallel_Rgrid(start)
-------------------------------------------------------- InitParallel_Rgrid(end)
------------------------------------------------------ InitParallel_Ggrid(start)
-------------------------------------------------------- InitParallel_Ggrid(end)
----------------------------------------------------------- prep_symmetry(start)
------------------------------------------------------------- prep_symmetry(end)
---------------------------------------------------------------- init_omp(start)
 nn(ini)=          16          16          16
 nn(1:3)=          16          16          16
 np(1:3)=           1           1           1
 m      =           1
 Ngrid_omp   16   16   16
 IGIG        1    4096       0      15       0      15       0      15    4096
 omp_get_num_threads=           1
------------------------------------------------------------------ init_omp(end)
---------------------------------------------------------- init_bcset_sol(start)
------------------------------------------------------------ init_bcset_sol(end)
------------------------------------------------------------ init_kinetic(start)
  -2.98277778 -2.98277778    0.00000000  0.00000000
   1.71428571  1.71428571    0.85714286  0.85714286
  -0.26785714 -0.26785714   -0.26785714 -0.26785714
   0.05291005  0.05291005    0.07936508  0.07936508
  -0.00892857 -0.00892857   -0.01785714 -0.01785714
   0.00103896  0.00103896    0.00259740  0.00259740
  -0.00006013 -0.00006013   -0.00018038 -0.00018038
 ggg=   1.00000   1.00000   1.00000   0.00000   0.00000   0.00000
                        lap               coef_lap
   0     -2.982777777777778     10.878593480328767
   1      1.714285714285714     -2.084077190707690  -2.084077190707690  -2.084077190707690
   2     -0.267857142857143      0.325637061048077   0.325637061048077   0.325637061048077
   3      0.052910052910053     -0.064323370083571  -0.064323370083571  -0.064323370083571
   4     -0.008928571428571      0.010854568701603   0.010854568701603   0.010854568701603
   5      0.001038961038961     -0.001263077085277  -0.001263077085277  -0.001263077085277
   6     -0.000060125060125      0.000073094738731   0.000073094738731   0.000073094738731
                        nab               coef_nab
   1      0.857142857142857      1.336544753365726   1.336544753365726   1.336544753365726
   2     -0.267857142857143     -0.417670235426789  -0.417670235426789  -0.417670235426789
   3      0.079365079365079      0.123754143830160   0.123754143830160   0.123754143830160
   4     -0.017857142857143     -0.027844682361786  -0.027844682361786  -0.027844682361786
   5      0.002597402597403      0.004050135616260   0.004050135616260   0.004050135616260
   6     -0.000180375180375     -0.000281259417796  -0.000281259417796  -0.000281259417796
-------------------------------------------------------------- init_kinetic(end)
--------------------------------------------------------- set_array_bound(start)
----------------------------------------------------------- set_array_bound(end)
----------------------------------------------------------- init_ps_local(start)
------------------------------------------------------------- init_ps_local(end)
------------------------------------------------------------- init_ps_pcc(start)
-------------------------------------------------------- construct_strfac(start)
---------------------------------------------------------- construct_strfac(end)
------------------------------------------------------ construct_ps_local(start)
-------------------------------------------------------- construct_ps_local(end)
---------------------------------------------------- construct_ps_initrho(start)
 iswitch_initrho =           0
 analytic        = F
    Nelectron                 sum                 min                 max
     32.00000         31.9315393351        0.0069358745        0.0592823024
    Nelectron                 sum                 min                 max
     32.00000         32.0000000000        0.0069507449        0.0594094026
------------------------------------------------------ construct_ps_initrho(end)
--------------------------------------------------------- destruct_strfac(start)
----------------------------------------------------------- destruct_strfac(end)
-------------------------------------------------------- ps_nloc_initiate(start)
----------------------------------------------------------- prep_ps_nloc2(start)
------------------------------------------------------------- prep_ps_nloc2(end)
---------------------------------------------------------- ps_nloc_initiate(end)
---------------------------------------------------------- init_xc_hybrid(start)
--------------------------------------------------------------- init_eion(start)
---------------------------------------------------------------calc_ewald(start)
---------------------------------------------------------------- calc_ewald(end)
 Eewald(SYSTYPE=0)=      -33.598584428913064
----------------------------------------------------------------- init_eion(end)
------------------------------------------------------ init_subspace_diag(start)
     rank_b       tri         m         n       nme      idis
          0       300         0        24       300         0
-------------------------------------------------------- init_subspace_diag(end)
----------------------------------------------------------------- init_wf(start)
------------------------------------------------------------------- init_wf(end)
------------------------------------------------------- init_occ_electron(start)
--------------------------------------------------------- init_occ_electron(end)
------------------------------------------------------------ main
 Natom    =           8
 Nelement =           1
 Nband =          24
 Nspin =           1
 Nbzsm =           4           4
 Nelectron =   32.0000000000000     
 Next_electron =  0.000000000000000E+000
 Ndspin,Nfixed =  0.000000000000000E+000           0
 Zps   =   4.00000000000000     
 sum(occ)=   32.0000000000000     
           6           1  0.250000000000000     
           6           2  0.750000000000000     
           6           3  0.750000000000000     
           6           4  0.250000000000000     
           7           1  0.250000000000000     
           7           2  0.750000000000000     
           7           3  0.750000000000000     
           7           4  0.250000000000000     
           8           1  0.250000000000000     
           8           2  0.750000000000000     
           8           3  0.750000000000000     
           8           4  0.250000000000000     
           9           1  0.250000000000000     
           9           2  0.750000000000000     
           9           3  0.750000000000000     
           9           4  0.250000000000000     
          10           1  0.250000000000000     
          10           2  0.750000000000000     
          10           3  0.750000000000000     
          10           4  0.250000000000000     
          11           1  0.250000000000000     
          11           2  0.750000000000000     
          11           3  0.750000000000000     
          11           4  0.250000000000000     
          12           1  0.250000000000000     
          12           2  0.750000000000000     
          12           3  0.750000000000000     
          12           4  0.250000000000000     
          13           1  0.250000000000000     
          13           2  0.750000000000000     
          13           3  0.750000000000000     
          13           4  0.250000000000000     
          14           1  0.250000000000000     
          14           2  0.750000000000000     
          14           3  0.750000000000000     
          14           4  0.250000000000000     
          15           1  0.250000000000000     
          15           2  0.750000000000000     
          15           3  0.750000000000000     
          15           4  0.250000000000000     
          16           1  0.250000000000000     
          16           2  0.750000000000000     
          16           3  0.750000000000000     
          16           4  0.250000000000000     
          17           1  0.000000000000000E+000
          17           2  0.000000000000000E+000
          17           3  0.000000000000000E+000
          17           4  0.000000000000000E+000
          18           1  0.000000000000000E+000
          18           2  0.000000000000000E+000
          18           3  0.000000000000000E+000
          18           4  0.000000000000000E+000
          19           1  0.000000000000000E+000
          19           2  0.000000000000000E+000
          19           3  0.000000000000000E+000
          19           4  0.000000000000000E+000
          20           1  0.000000000000000E+000
          20           2  0.000000000000000E+000
          20           3  0.000000000000000E+000
          20           4  0.000000000000000E+000
          21           1  0.000000000000000E+000
          21           2  0.000000000000000E+000
          21           3  0.000000000000000E+000
          21           4  0.000000000000000E+000
          22           1  0.000000000000000E+000
          22           2  0.000000000000000E+000
          22           3  0.000000000000000E+000
          22           4  0.000000000000000E+000
          23           1  0.000000000000000E+000
          23           2  0.000000000000000E+000
          23           3  0.000000000000000E+000
          23           4  0.000000000000000E+000
          24           1  0.000000000000000E+000
          24           2  0.000000000000000E+000
          24           3  0.000000000000000E+000
          24           4  0.000000000000000E+000
------------------------------------------------------------ init_hartree(start)
-------------------------------------------------------------- init_hartree(end)
----------------------------------------------------------- init_localpot(start)
------------------------------------------------------------- init_localpot(end)
--------------------------------------------------------------------------------
--------------------------------------------------------- SWEEP START ----------
---------------------------------------------------------------- sweep_iter=   1
 NCG =           3
 ICG =           1
 SWGS=           0
 SYStype=           0
 mloop  =           3
---------------------------------------------------------- prep_scalapack(start)
 NPROW,NPCOL,MBSIZE,NBSIZE
           1           1          24          24
 ICTXTX,ICTXT0    =           0           0
 NPROW,NPCOL      =           1           1
 MBSIZE,NBSIZE    =          24          24
 MYROW,MYCOL      =           0           0
 LLD_R,LLD_C,MXLLD=          24          24          24
 NP0,NQ0          =          24          24
 NPX,NQX          =          24          24
 iblacs           = T
------------------------------------------------------------ prep_scalapack(end)

 Echk,dif/tol =  -25.86619440       -312.74     / 1.00000E-12

   k     n          esp(n,k,s)    esp_err   occ(n,k,s)   
   1    11   0.295440309808666  -10.312      0.25000    
   1    12   0.357976882505020  -10.298      0.25000    
   1    13   0.395117231003299  -10.205      0.25000    
   1    14   0.435185134549618  -10.200      0.25000    
   1    15   0.540410313499486  -10.117      0.25000    
   1    16   0.553925333111362  -10.136      0.25000    
   1    17   0.603436327577290  -10.091      0.25000    
   1    18   0.696964395001331  -9.6876       0.0000    
   1    19   0.777248460752395  -9.7009       0.0000    
   1    20   0.954655404664572  -9.7544       0.0000    
   1    21   1.084500059289910  -9.5296       0.0000    
   2    11   0.285798363919575  -10.293      0.75000    
   2    12   0.336181229263253  -10.292      0.75000    
   2    13   0.377540919350976  -10.204      0.75000    
   2    14   0.424452907841834  -10.161      0.75000    
   2    15   0.541601342115341  -10.098      0.75000    
   2    16   0.590879037433407  -10.069      0.75000    
   2    17   0.655563187973747  -10.015       0.0000    
   2    18   0.689732862645647  -9.6704       0.0000    
   2    19   0.836615439261312  -9.6242       0.0000    
   2    20   0.903224493811639  -9.7900       0.0000    
   2    21   1.154690188807825  -9.4363       0.0000    
   3    11   0.298880705891341  -10.252      0.75000    
   3    12   0.373164271050031  -10.238      0.75000    
   3    13   0.422656522816051  -10.129      0.75000    
   3    14   0.470152622930994  -10.091      0.75000    
   3    15   0.514544438127260  -10.113      0.75000    
   3    16   0.597875149224421  -10.029      0.75000    
   3    17   0.700174016906974  -9.9543       0.0000    
   3    18   0.765425441014165  -9.5667       0.0000    
   3    19   0.846843488890322  -9.6008       0.0000    
   3    20   1.003655821610439  -9.6709       0.0000    
   3    21   1.115825353305317  -9.4511       0.0000    
   4    11   0.357827918689707  -10.162      0.25000    
   4    12   0.400458727898488  -10.189      0.25000    
   4    13   0.427350462922855  -10.093      0.25000    
   4    14   0.449059232076630  -10.107      0.25000    
   4    15   0.479027684108009  -10.131      0.25000    
   4    16   0.603539167391175  -9.9951     -0.56782E-16
   4    17   0.659263857945096  -9.9757       0.0000    
   4    18   0.746894820561666  -9.5675       0.0000    
   4    19   0.916953846321847  -9.5091       0.0000    
   4    20   1.136768934847536  -9.5098       0.0000    
   4    21   1.252229095988827  -9.2848       0.0000    
 
 time(sweep)=     0.119(rank0)     0.119(min)     0.121(max)
 
---------------------------------------------------------------- sweep_iter=   2

 Echk,dif/tol =  -31.39287911       -5.5267     / 1.00000E-12

   k     n          esp(n,k,s)    esp_err   occ(n,k,s)   
   1    11   0.155898982339459 -0.13954      0.25000    
   1    12   0.166596977296254 -0.19138      0.25000    
   1    13   0.175804959059005 -0.21931      0.25000    
   1    14   0.180701129531250 -0.25448      0.25000    
   1    15   0.197781875824397 -0.34263      0.25000    
   1    16   0.226645934305949 -0.32728      0.25000    
   1    17   0.378293428939196 -0.22514       0.0000    
   1    18   0.413663583679350 -0.28330       0.0000    
   1    19   0.476863831518341 -0.30038       0.0000    
   1    20   0.503662207836564 -0.45099       0.0000    
   1    21   0.546334404154051 -0.53817       0.0000    
   2    11   0.095846166694055 -0.18995      0.75000    
   2    12   0.134736150839692 -0.20145      0.75000    
   2    13   0.147562776253747 -0.22998      0.75000    
   2    14   0.152617146345191 -0.27184      0.75000    
   2    15   0.156188938218616 -0.38541      0.75000    
   2    16   0.206754249367087 -0.38412      0.75000    
   2    17   0.380241664119552 -0.27532       0.0000    
   2    18   0.440409307471824 -0.24932       0.0000    
   2    19   0.483276367802783 -0.35334       0.0000    
   2    20   0.526284582875421 -0.37694       0.0000    
   2    21   0.577204793703301 -0.57749       0.0000    
   3    11   0.106890133900593 -0.19199      0.75000    
   3    12   0.118080800450389 -0.25508      0.75000    
   3    13   0.130177098920750 -0.29248      0.75000    
   3    14   0.149078985337926 -0.32107      0.75000    
   3    15   0.194803065931455 -0.31974      0.75000    
   3    16   0.200583318879643 -0.39729      0.75000    
   3    17   0.372518103673782 -0.32766       0.0000    
   3    18   0.400457457824522 -0.36497       0.0000    
   3    19   0.451660710316926 -0.39518       0.0000    
   3    20   0.480394719519976 -0.52326       0.0000    
   3    21   0.608897997618996 -0.50693       0.0000    
   4    11   0.118905708874642 -0.23892      0.25000    
   4    12   0.123568887628372 -0.27689      0.25000    
   4    13   0.136947034625967 -0.29040      0.25000    
   4    14   0.199377304034325 -0.24968      0.25000    
   4    15   0.232186959154516 -0.24684      0.25000    
   4    16   0.273821744277896 -0.32972      0.25000    
   4    17   0.314473425404235 -0.34479       0.0000    
   4    18   0.327771915853759 -0.41912       0.0000    
   4    19   0.363182163406319 -0.55377       0.0000    
   4    20   0.378403497013265 -0.75837       0.0000    
   4    21   0.447778230492451 -0.80445       0.0000    
 
 time(sweep)=     0.118(rank0)     0.117(min)     0.118(max)
 
---------------------------------------------------------------- sweep_iter=   3

 Echk,dif/tol =  -31.85184034      -0.45896     / 1.00000E-12

   k     n          esp(n,k,s)    esp_err   occ(n,k,s)   
   1    11   0.119570450240879 -0.36329E-01  0.25000    
   1    12   0.144331526236354 -0.22265E-01  0.25000    
   1    13   0.144596099486820 -0.31209E-01  0.25000    
   1    14   0.145076518765679 -0.35625E-01  0.25000    
   1    15   0.161208367770593 -0.36574E-01  0.25000    
   1    16   0.163165706595282 -0.63480E-01  0.25000    
   1    17   0.269586345629021 -0.10871       0.0000    
   1    18   0.291038536462165 -0.12263       0.0000    
   1    19   0.298861549459723 -0.17800       0.0000    
   1    20   0.308473532017900 -0.19519       0.0000    
   1    21   0.344346762203626 -0.20199       0.0000    
   2    11   0.083199235821830 -0.12647E-01  0.75000    
   2    12   0.118863883321755 -0.15872E-01  0.75000    
   2    13   0.132059060812996 -0.15504E-01  0.75000    
   2    14   0.132299082420048 -0.20318E-01  0.75000    
   2    15   0.133063443385055 -0.23125E-01  0.75000    
   2    16   0.172206235605324 -0.34548E-01  0.75000    
   2    17   0.283061697916436 -0.97180E-01   0.0000    
   2    18   0.311417020699928 -0.12899       0.0000    
   2    19   0.319362581836414 -0.16391       0.0000    
   2    20   0.329114537186303 -0.19717       0.0000    
   2    21   0.358182939636632 -0.21902       0.0000    
   3    11   0.096317963269301 -0.10572E-01  0.75000    
   3    12   0.096451871119833 -0.21629E-01  0.75000    
   3    13   0.106555460605145 -0.23622E-01  0.75000    
   3    14   0.122188847722192 -0.26890E-01  0.75000    
   3    15   0.153923050599061 -0.40880E-01  0.75000    
   3    16   0.156279698234198 -0.44304E-01  0.75000    
   3    17   0.262894291022136 -0.10962       0.0000    
   3    18   0.292749016700003 -0.10771       0.0000    
   3    19   0.303794257703660 -0.14787       0.0000    
   3    20   0.305979703830802 -0.17442       0.0000    
   3    21   0.336022453790221 -0.27288       0.0000    
   4    11   0.105016144418310 -0.13890E-01  0.25000    
   4    12   0.105066804750750 -0.18502E-01  0.25000    
   4    13   0.105764508334462 -0.31183E-01  0.25000    
   4    14   0.144355835863077 -0.55021E-01  0.25000    
   4    15   0.190276136722094 -0.41911E-01  0.25000    
   4    16   0.191886912086485 -0.81935E-01  0.25000    
   4    17   0.245957953220604 -0.68515E-01   0.0000    
   4    18   0.248233158635160 -0.79539E-01   0.0000    
   4    19   0.249993132411983 -0.11319       0.0000    
   4    20   0.284716774817004 -0.93687E-01   0.0000    
   4    21   0.289001974716717 -0.15878       0.0000    
 
 time(sweep)=     0.117(rank0)     0.117(min)     0.117(max)
 
---------------------------------------------------------------- sweep_iter=   4

 Echk,dif/tol =  -31.86067981      -0.88395E-02 / 1.00000E-12

   k     n          esp(n,k,s)    esp_err   occ(n,k,s)   
   1    11   0.118959203327501 -0.61125E-03  0.25000    
   1    12   0.143995130309570 -0.33640E-03  0.25000    
   1    13   0.144025407596751 -0.57069E-03  0.25000    
   1    14   0.144060832257932 -0.10157E-02  0.25000    
   1    15   0.160383736208192 -0.82463E-03  0.25000    
   1    16   0.160567534533479 -0.25982E-02  0.25000    
   1    17   0.264696328286346 -0.48900E-02   0.0000    
   1    18   0.286554462009852 -0.44841E-02   0.0000    
   1    19   0.289483391078926 -0.93782E-02   0.0000    
   1    20   0.293861963594293 -0.14612E-01   0.0000    
   1    21   0.336350149476149 -0.79966E-02   0.0000    
   2    11   0.083019184765491 -0.18005E-03  0.75000    
   2    12   0.118603408788809 -0.26047E-03  0.75000    
   2    13   0.131839597964867 -0.21946E-03  0.75000    
   2    14   0.131853348147209 -0.44573E-03  0.75000    
   2    15   0.132777436953873 -0.28601E-03  0.75000    
   2    16   0.171211288621291 -0.99495E-03  0.75000    
   2    17   0.278232042956084 -0.48297E-02   0.0000    
   2    18   0.305469773832421 -0.59472E-02   0.0000    
   2    19   0.313677002714059 -0.56856E-02   0.0000    
   2    20   0.316614351536739 -0.12500E-01   0.0000    
   2    21   0.342686865021645 -0.15496E-01   0.0000    
   3    11   0.096167350494469 -0.15061E-03  0.75000    
   3    12   0.096169895174230 -0.28198E-03  0.75000    
   3    13   0.106085693862937 -0.46977E-03  0.75000    
   3    14   0.121758956243903 -0.42989E-03  0.75000    
   3    15   0.153148987959368 -0.77406E-03  0.75000    
   3    16   0.155459513614841 -0.82018E-03  0.75000    
   3    17   0.259106648821741 -0.37876E-02   0.0000    
   3    18   0.287054610963864 -0.56944E-02   0.0000    
   3    19   0.296736317845394 -0.70579E-02   0.0000    
   3    20   0.298024168261120 -0.79555E-02   0.0000    
   3    21   0.321003317219836 -0.15019E-01   0.0000    
   4    11   0.104852423785122 -0.16372E-03  0.25000    
   4    12   0.104855705028127 -0.21110E-03  0.25000    
   4    13   0.104884579140921 -0.87993E-03  0.25000    
   4    14   0.141940003036924 -0.24158E-02  0.25000    
   4    15   0.188374491728003 -0.19016E-02  0.25000    
   4    16   0.188644601167464 -0.32423E-02  0.25000    
   4    17   0.243531832105709 -0.24261E-02   0.0000    
   4    18   0.243685941736016 -0.45472E-02   0.0000    
   4    19   0.245273586209898 -0.47195E-02   0.0000    
   4    20   0.281531721608968 -0.31851E-02   0.0000    
   4    21   0.281714061509237 -0.72879E-02   0.0000    
 
 time(sweep)=     0.118(rank0)     0.117(min)     0.118(max)
 
---------------------------------------------------------------- sweep_iter=   5

 Echk,dif/tol =  -31.86103791      -0.35810E-03 / 1.00000E-12

   k     n          esp(n,k,s)    esp_err   occ(n,k,s)   
   1    11   0.118922920781082 -0.36283E-04  0.25000    
   1    12   0.143987066765635 -0.80635E-05  0.25000    
   1    13   0.143989272413655 -0.36135E-04  0.25000    
   1    14   0.143991674428220 -0.69158E-04  0.25000    
   1    15   0.160324015927936 -0.59720E-04  0.25000    
   1    16   0.160342378838930 -0.22516E-03  0.25000    
   1    17   0.264159429068369 -0.53690E-03   0.0000    
   1    18   0.286012774457677 -0.54169E-03   0.0000    
   1    19   0.287099552051727 -0.23838E-02   0.0000    
   1    20   0.288836588334186 -0.50254E-02   0.0000    
   1    21   0.335501575882778 -0.84857E-03   0.0000    
   2    11   0.083013817524884 -0.53672E-05  0.75000    
   2    12   0.118595388375147 -0.80204E-05  0.75000    
   2    13   0.131833072475684 -0.65255E-05  0.75000    
   2    14   0.131833589315482 -0.19759E-04  0.75000    
   2    15   0.132768171878049 -0.92651E-05  0.75000    
   2    16   0.171155277496565 -0.56011E-04  0.75000    
   2    17   0.277227065710252 -0.10050E-02   0.0000    
   2    18   0.303622500690423 -0.18473E-02   0.0000    
   2    19   0.312572301226060 -0.11047E-02   0.0000    
   2    20   0.313431206089226 -0.31831E-02   0.0000    
   2    21   0.338564322062964 -0.41225E-02   0.0000    
   3    11   0.096164240046644 -0.31104E-05  0.75000    
   3    12   0.096164272993026 -0.56222E-05  0.75000    
   3    13   0.106078390753140 -0.73031E-05  0.75000    
   3    14   0.121752905963944 -0.60503E-05  0.75000    
   3    15   0.153126410796060 -0.22577E-04  0.75000    
   3    16   0.155438281890850 -0.21232E-04  0.75000    
   3    17   0.258660918298174 -0.44573E-03   0.0000    
   3    18   0.286060446854959 -0.99416E-03   0.0000    
   3    19   0.296046785822405 -0.68953E-03   0.0000    
   3    20   0.296471884189902 -0.15523E-02   0.0000    
   3    21   0.317703981516396 -0.32993E-02   0.0000    
   4    11   0.104850671524114 -0.17523E-05  0.25000    
   4    12   0.104850765161079 -0.49399E-05  0.25000    
   4    13   0.104851872236137 -0.32707E-04  0.25000    
   4    14   0.141909366789112 -0.30636E-04  0.25000    
   4    15   0.188334427220141 -0.40065E-04  0.25000    
   4    16   0.188360170577869 -0.28443E-03  0.25000    
   4    17   0.243432320524498 -0.99512E-04   0.0000    
   4    18   0.243455386420960 -0.23056E-03   0.0000    
   4    19   0.243903553483517 -0.13700E-02   0.0000    
   4    20   0.281298774245721 -0.23295E-03   0.0000    
   4    21   0.281366071773400 -0.34799E-03   0.0000    
 
 time(sweep)=     0.117(rank0)     0.117(min)     0.117(max)
 
---------------------------------------------------------------- sweep_iter=   6

 Echk,dif/tol =  -31.86105971      -0.21794E-04 / 1.00000E-12

   k     n          esp(n,k,s)    esp_err   occ(n,k,s)   
   1    11   0.118920907085351 -0.20137E-05  0.25000    
   1    12   0.143986655351529 -0.41141E-06  0.25000    
   1    13   0.143986810063843 -0.24623E-05  0.25000    
   1    14   0.143986977841799 -0.46966E-05  0.25000    
   1    15   0.160319529314221 -0.44866E-05  0.25000    
   1    16   0.160320785845297 -0.21593E-04  0.25000    
   1    17   0.264017880948163 -0.14155E-03   0.0000    
   1    18   0.285837616888577 -0.17516E-03   0.0000    
   1    19   0.286204848315290 -0.89470E-03   0.0000    
   1    20   0.286965330143119 -0.18713E-02   0.0000    
   1    21   0.335392254010303 -0.10932E-03   0.0000    
   2    11   0.083013686452617 -0.13107E-06  0.75000    
   2    12   0.118595164794455 -0.22358E-06  0.75000    
   2    13   0.131832886443384 -0.18603E-06  0.75000    
   2    14   0.131832904397361 -0.68492E-06  0.75000    
   2    15   0.132767850631909 -0.32125E-06  0.75000    
   2    16   0.171152381007849 -0.28965E-05  0.75000    
   2    17   0.277024944311226 -0.20212E-03   0.0000    
   2    18   0.303058887339454 -0.56361E-03   0.0000    
   2    19   0.312314169019716 -0.25813E-03   0.0000    
   2    20   0.312552385235547 -0.87882E-03   0.0000    
   2    21   0.337263929084497 -0.13004E-02   0.0000    
   3    11   0.096164159046577 -0.81000E-07  0.75000    
   3    12   0.096164159517628 -0.11348E-06  0.75000    
   3    13   0.106078221759492 -0.16899E-06  0.75000    
   3    14   0.121752751415748 -0.15455E-06  0.75000    
   3    15   0.153125519291944 -0.89150E-06  0.75000    
   3    16   0.155437454000408 -0.82789E-06  0.75000    
   3    17   0.258601565188225 -0.59353E-04   0.0000    
   3    18   0.285876331809048 -0.18412E-03   0.0000    
   3    19   0.295950633192790 -0.96153E-04   0.0000    
   3    20   0.296065117649609 -0.40677E-03   0.0000    
   3    21   0.316565677984303 -0.11383E-02   0.0000    
   4    11   0.104850631790158 -0.39734E-07  0.25000    
   4    12   0.104850635677802 -0.12948E-06  0.25000    
   4    13   0.104850666527551 -0.12057E-05  0.25000    
   4    14   0.141907372853234 -0.19939E-05  0.25000    
   4    15   0.188333890469672 -0.53675E-06  0.25000    
   4    16   0.188335146049990 -0.25025E-04  0.25000    
   4    17   0.243423684065186 -0.86365E-05   0.0000    
   4    18   0.243427349827214 -0.28037E-04   0.0000    
   4    19   0.243552425034855 -0.35113E-03   0.0000    
   4    20   0.281284961359073 -0.13813E-04   0.0000    
   4    21   0.281299469213688 -0.66603E-04   0.0000    
 
 time(sweep)=     0.118(rank0)     0.117(min)     0.118(max)
 
---------------------------------------------------------------- sweep_iter=   7

 Echk,dif/tol =  -31.86106088      -0.11761E-05 / 1.00000E-12

   k     n          esp(n,k,s)    esp_err   occ(n,k,s)   
   1    11   0.118920789667098 -0.11742E-06  0.25000    
   1    12   0.143986631446360 -0.23905E-07  0.25000    
   1    13   0.143986641767126 -0.16830E-06  0.25000    
   1    14   0.143986652955167 -0.32489E-06  0.25000    
   1    15   0.160319184768269 -0.34455E-06  0.25000    
   1    16   0.160319281892509 -0.15040E-05  0.25000    
   1    17   0.263977439073463 -0.40442E-04   0.0000    
   1    18   0.285776017390579 -0.61599E-04   0.0000    
   1    19   0.285898059968707 -0.30679E-03   0.0000    
   1    20   0.286153997096670 -0.81133E-03   0.0000    
   1    21   0.335377166261812 -0.15088E-04   0.0000    
   2    11   0.083013683372290 -0.30803E-08  0.75000    
   2    12   0.118595158419830 -0.63746E-08  0.75000    
   2    13   0.131832879991986 -0.64514E-08  0.75000    
   2    14   0.131832880677517 -0.23720E-07  0.75000    
   2    15   0.132767838681751 -0.11950E-07  0.75000    
   2    16   0.171152255288379 -0.12572E-06  0.75000    
   2    17   0.276989633789561 -0.35311E-04   0.0000    
   2    18   0.302921370730764 -0.13752E-03   0.0000    
   2    19   0.312247540549115 -0.66628E-04   0.0000    
   2    20   0.312310035661951 -0.24235E-03   0.0000    
   2    21   0.336859111007333 -0.40482E-03   0.0000    
   3    11   0.096164156952404 -0.20942E-08  0.75000    
   3    12   0.096164156963289 -0.25543E-08  0.75000    
   3    13   0.106078217332015 -0.44275E-08  0.75000    
   3    14   0.121752747107115 -0.43086E-08  0.75000    
   3    15   0.153125479540558 -0.39751E-07  0.75000    
   3    16   0.155437425093261 -0.28907E-07  0.75000    
   3    17   0.258591950888212 -0.96143E-05   0.0000    
   3    18   0.285833636643463 -0.42695E-04   0.0000    
   3    19   0.295929445902034 -0.21187E-04   0.0000    
   3    20   0.295961302760672 -0.10381E-03   0.0000    
   3    21   0.316096771335000 -0.46891E-03   0.0000    
   4    11   0.104850630928563 -0.86159E-09  0.25000    
   4    12   0.104850631042771 -0.46350E-08  0.25000    
   4    13   0.104850631994123 -0.34533E-07  0.25000    
   4    14   0.141907254704991 -0.11815E-06  0.25000    
   4    15   0.188333869899518 -0.20570E-07  0.25000    
   4    16   0.188333971759498 -0.11743E-05  0.25000    
   4    17   0.243423140275495 -0.54379E-06   0.0000    
   4    18   0.243423608932418 -0.37409E-05   0.0000    
   4    19   0.243455201128103 -0.97224E-04   0.0000    
   4    20   0.281283958499921 -0.10029E-05   0.0000    
   4    21   0.281287087316074 -0.12382E-04   0.0000    
 
 time(sweep)=     0.117(rank0)     0.117(min)     0.117(max)
 
---------------------------------------------------------------- sweep_iter=   8

 Echk,dif/tol =  -31.86106096      -0.80068E-07 / 1.00000E-12

   k     n          esp(n,k,s)    esp_err   occ(n,k,s)   
   1    11   0.118920784489805 -0.51773E-08  0.25000    
   1    12   0.143986629962149 -0.14842E-08  0.25000    
   1    13   0.143986630645518 -0.11122E-07  0.25000    
   1    14   0.143986631552833 -0.21402E-07  0.25000    
   1    15   0.160319158923516 -0.25845E-07  0.25000    
   1    16   0.160319165352843 -0.11654E-06  0.25000    
   1    17   0.263967582512968 -0.98566E-05   0.0000    
   1    18   0.285757543878712 -0.18474E-04   0.0000    
   1    19   0.285794702318037 -0.10336E-03   0.0000    
   1    20   0.285890125708241 -0.26387E-03   0.0000    
   1    21   0.335371744797974 -0.54215E-05   0.0000    
   2    11   0.083013683320021 -0.52268E-10  0.75000    
   2    12   0.118595158289366 -0.13046E-09  0.75000    
   2    13   0.131832879813120 -0.17887E-09  0.75000    
   2    14   0.131832879836498 -0.84102E-09  0.75000    
   2    15   0.132767838321294 -0.36046E-09  0.75000    
   2    16   0.171152250033078 -0.52553E-08  0.75000    
   2    17   0.276983687097646 -0.59467E-05   0.0000    
   2    18   0.302897233796259 -0.24137E-04   0.0000    
   2    19   0.312235286531925 -0.12254E-04   0.0000    
   2    20   0.312250939003206 -0.59097E-04   0.0000    
   2    21   0.336734891887135 -0.12422E-03   0.0000    
   3    11   0.096164156897906 -0.54498E-10  0.75000    
   3    12   0.096164156898152 -0.65137E-10  0.75000    
   3    13   0.106078217210106 -0.12191E-09  0.75000    
   3    14   0.121752746991353 -0.11576E-09  0.75000    
   3    15   0.153125478089502 -0.14511E-08  0.75000    
   3    16   0.155437423820550 -0.12727E-08  0.75000    
   3    17   0.258590819658763 -0.11312E-05   0.0000    
   3    18   0.285825894821234 -0.77418E-05   0.0000    
   3    19   0.295924300167150 -0.51457E-05   0.0000    
   3    20   0.295932416328920 -0.28886E-04   0.0000    
   3    21   0.315928294916399 -0.16848E-03   0.0000    
   4    11   0.104850630905680 -0.22883E-10  0.25000    
   4    12   0.104850630909778 -0.13299E-09  0.25000    
   4    13   0.104850630930039 -0.10641E-08  0.25000    
   4    14   0.141907247576661 -0.71283E-08  0.25000    
   4    15   0.188333869084392 -0.81513E-09  0.25000    
   4    16   0.188333875900221 -0.95859E-07  0.25000    
   4    17   0.243423081749984 -0.58526E-07   0.0000    
   4    18   0.243423142922882 -0.46601E-06   0.0000    
   4    19   0.243430942359088 -0.24259E-04   0.0000    
   4    20   0.281283884379654 -0.74120E-07   0.0000    
   4    21   0.281284519179547 -0.25681E-05   0.0000    
 
 time(sweep)=     0.116(rank0)     0.116(min)     0.116(max)
 
---------------------------------------------------------------- sweep_iter=   9

 Echk,dif/tol =  -31.86106097      -0.52501E-08 / 1.00000E-12

   k     n          esp(n,k,s)    esp_err   occ(n,k,s)   
   1    11   0.118920784239221 -0.25058E-09  0.25000    
   1    12   0.143986629867247 -0.94902E-10  0.25000    
   1    13   0.143986629912446 -0.73307E-09  0.25000    
   1    14   0.143986629949639 -0.16032E-08  0.25000    
   1    15   0.160319156794985 -0.21285E-08  0.25000    
   1    16   0.160319157288715 -0.80641E-08  0.25000    
   1    17   0.263965136368058 -0.24461E-05   0.0000    
   1    18   0.285751631511852 -0.59124E-05   0.0000    
   1    19   0.285761325314898 -0.33377E-04   0.0000    
   1    20   0.285799550855481 -0.90575E-04   0.0000    
   1    21   0.335365460775281 -0.62840E-05   0.0000    
   2    11   0.083013683318885 -0.11358E-11  0.75000    
   2    12   0.118595158286193 -0.31735E-11  0.75000    
   2    13   0.131832879807520 -0.55997E-11  0.75000    
   2    14   0.131832879808519 -0.27979E-10  0.75000    
   2    15   0.132767838307999 -0.13295E-10  0.75000    
   2    16   0.171152249811908 -0.22117E-09  0.75000    
   2    17   0.276982824144221 -0.86295E-06   0.0000    
   2    18   0.302893409812765 -0.38240E-05   0.0000    
   2    19   0.312232723891844 -0.25626E-05   0.0000    
   2    20   0.312235732628597 -0.15206E-04   0.0000    
   2    21   0.336696059339473 -0.38833E-04   0.0000    
   3    11   0.096164156896547 -0.13599E-11  0.75000    
   3    12   0.096164156896557 -0.15946E-11  0.75000    
   3    13   0.106078217206488 -0.36182E-11  0.75000    
   3    14   0.121752746988092 -0.32606E-11  0.75000    
   3    15   0.153125478030024 -0.59478E-10  0.75000    
   3    16   0.155437423766162 -0.54388E-10  0.75000    
   3    17   0.258590679129693 -0.14053E-06   0.0000    
   3    18   0.285824232090754 -0.16627E-05   0.0000    
   3    19   0.295922982552298 -0.13176E-05   0.0000    
   3    20   0.295925232724231 -0.71836E-05   0.0000    
   3    21   0.315857577494192 -0.70717E-04   0.0000    
   4    11   0.104850630905195 -0.48447E-12  0.25000    
   4    12   0.104850630905306 -0.44718E-11  0.25000    
   4    13   0.104850630905724 -0.24314E-10  0.25000    
   4    14   0.141907247161965 -0.41470E-09  0.25000    
   4    15   0.188333869028068 -0.56325E-10  0.25000    
   4    16   0.188333869654797 -0.62454E-08  0.25000    
   4    17   0.243423074434163 -0.73158E-08   0.0000    
   4    18   0.243423080623614 -0.62299E-07   0.0000    
   4    19   0.243424898929674 -0.60434E-05   0.0000    
   4    20   0.281283875273280 -0.91064E-08   0.0000    
   4    21   0.281284009995714 -0.50918E-06   0.0000    
 
 time(sweep)=     0.109(rank0)     0.108(min)     0.109(max)
 
---------------------------------------------------------------- sweep_iter=  10

 Echk,dif/tol =  -31.86106097      -0.38757E-09 / 1.00000E-12

   k     n          esp(n,k,s)    esp_err   occ(n,k,s)   
   1    11   0.118920784226804 -0.12416E-10  0.25000    
   1    12   0.143986629861243 -0.60042E-11  0.25000    
   1    13   0.143986629864066 -0.48380E-10  0.25000    
   1    14   0.143986629866951 -0.82688E-10  0.25000    
   1    15   0.160319156654755 -0.14023E-09  0.25000    
   1    16   0.160319156690076 -0.59864E-09  0.25000    
   1    17   0.263964494635603 -0.64173E-06   0.0000    
   1    18   0.285749878876130 -0.17526E-05   0.0000    
   1    19   0.285752369565389 -0.89557E-05   0.0000    
   1    20   0.285766343771408 -0.33207E-04   0.0000    
   1    21   0.335356358428446 -0.91023E-05   0.0000    
   2    11   0.083013683318859 -0.26507E-13  0.75000    
   2    12   0.118595158286126 -0.66808E-13  0.75000    
   2    13   0.131832879807322 -0.19817E-12  0.75000    
   2    14   0.131832879807352 -0.11670E-11  0.75000    
   2    15   0.132767838307488 -0.51115E-12  0.75000    
   2    16   0.171152249803477 -0.84311E-11  0.75000    
   2    17   0.276982689829842 -0.13431E-06   0.0000    
   2    18   0.302892733198825 -0.67661E-06   0.0000    
   2    19   0.312232226260274 -0.49763E-06   0.0000    
   2    20   0.312232837303123 -0.28953E-05   0.0000    
   2    21   0.336683749998326 -0.12309E-04   0.0000    
   3    11   0.096164156896512 -0.34514E-13  0.75000    
   3    12   0.096164156896512 -0.45047E-13  0.75000    
   3    13   0.106078217206395 -0.93509E-13  0.75000    
   3    14   0.121752746988008 -0.84446E-13  0.75000    
   3    15   0.153125478027380 -0.26441E-11  0.75000    
   3    16   0.155437423763409 -0.27534E-11  0.75000    
   3    17   0.258590659565531 -0.19564E-07   0.0000    
   3    18   0.285823928561357 -0.30353E-06   0.0000    
   3    19   0.295922673915690 -0.30864E-06   0.0000    
   3    20   0.295923233320158 -0.19994E-05   0.0000    
   3    21   0.315835234726912 -0.22343E-04   0.0000    
   4    11   0.104850630905182 -0.13406E-13  0.25000    
   4    12   0.104850630905185 -0.12154E-12  0.25000    
   4    13   0.104850630905193 -0.53178E-12  0.25000    
   4    14   0.141907247135463 -0.26502E-10  0.25000    
   4    15   0.188333869025601 -0.24664E-11  0.25000    
   4    16   0.188333869079501 -0.57530E-09  0.25000    
   4    17   0.243423073391455 -0.10427E-08   0.0000    
   4    18   0.243423074314897 -0.63087E-08   0.0000    
   4    19   0.243423484090107 -0.14148E-05   0.0000    
   4    20   0.281283874460809 -0.81247E-09   0.0000    
   4    21   0.281283901026496 -0.10897E-06   0.0000    
 
 time(sweep)=     0.101(rank0)     0.101(min)     0.101(max)
 
-------------------------------------------------------------- write_data(start)
 write to vrho.dat1.sweep               
 OC =           3
 WF: complex(8) -> complex(8)
 write to wf.dat1.sweep                 
 MBwr1,MBwr2 =           1          24
---------------------------------------------------------------- write_data(end)
----------------------------------------------------------- SWEEP END ----------
--------------------------------------------------------------------------------
--------------------------------------------------------------------------------
---------------------------------------------------------- SCF START -----------
------------------------------------------------------------- init_mixing(start)
--------------------------------------------------------------- init_mixing(end)
------------------------------------------------------------------ scf_iter=   1
 
 Total Energy :    -31.81784408  (Hartree)
 Harris Energy:    -31.86106097  (Hartree)
  ( diff/tol =  4.32169E-02 / 0.00000E+00 )    F
 
 Charge:    32.000000000000014
 
 |Vloc-Vloc0|^2/tol =   4.65671E-04   / 1.00000E-20    F
 |rho -rho0 |^2/tol =   5.23855E-05   / 0.00000E+00

   k     n          esp(n,k,s)    esp_err   occ(n,k,s)   
   1    11   0.118920784226264 -0.54028E-12  0.25000    
   1    12   0.143986629860855 -0.38766E-12  0.25000    
   1    13   0.143986629861006 -0.30596E-11  0.25000    
   1    14   0.143986629861271 -0.56804E-11  0.25000    
   1    15   0.160319156644833 -0.99226E-11  0.25000    
   1    16   0.160319156647432 -0.42644E-10  0.25000    
   1    17   0.263964329435823 -0.16520E-06   0.0000    
   1    18   0.285749360448199 -0.51843E-06   0.0000    
   1    19   0.285750169242612 -0.22003E-05   0.0000    
   1    20   0.285754632021698 -0.11712E-04   0.0000    
   1    21   0.335347703322525 -0.86551E-05   0.0000    
   2    11   0.083013683318859 -0.37470E-15  0.75000    
   2    12   0.118595158286125 -0.13045E-14  0.75000    
   2    13   0.131832879807315 -0.66891E-14  0.75000    
   2    14   0.131832879807316 -0.35610E-13  0.75000    
   2    15   0.132767838307469 -0.18791E-13  0.75000    
   2    16   0.171152249803145 -0.33265E-12  0.75000    
   2    17   0.276982670639892 -0.19190E-07   0.0000    
   2    18   0.302892619637636 -0.11356E-06   0.0000    
   2    19   0.312232123757355 -0.10250E-06   0.0000    
   2    20   0.312232270300183 -0.56700E-06   0.0000    
   2    21   0.336679765825827 -0.39842E-05   0.0000    
   3    11   0.096164156896512 -0.15266E-15  0.75000    
   3    12   0.096164156896512 -0.12490E-15  0.75000    
   3    13   0.106078217206392 -0.24702E-14  0.75000    
   3    14   0.121752746988005 -0.25951E-14  0.75000    
   3    15   0.153125478027267 -0.11308E-12  0.75000    
   3    16   0.155437423763300 -0.10861E-12  0.75000    
   3    17   0.258590656900887 -0.26646E-08   0.0000    
   3    18   0.285823872225717 -0.56336E-07   0.0000    
   3    19   0.295922598605018 -0.75311E-07   0.0000    
   3    20   0.295922744718825 -0.48860E-06   0.0000    
   3    21   0.315828295038928 -0.69397E-05   0.0000    
   4    11   0.104850630905181 -0.33307E-15  0.25000    
   4    12   0.104850630905181 -0.38303E-14  0.25000    
   4    13   0.104850630905181 -0.11213E-13  0.25000    
   4    14   0.141907247133873 -0.15899E-11  0.25000    
   4    15   0.188333869025343 -0.25840E-12  0.25000    
   4    16   0.188333869030504 -0.48997E-10  0.25000    
   4    17   0.243423073261256 -0.13020E-09   0.0000    
   4    18   0.243423073368162 -0.94673E-09   0.0000    
   4    19   0.243423162201929 -0.32189E-06   0.0000    
   4    20   0.281283874335443 -0.12537E-09   0.0000    
   4    21   0.281283879782962 -0.21244E-07   0.0000    
 
 time(scf)=     0.155(rank0)     0.155(min)     0.156(max)
------------------------------------------------------------------ scf_iter=   2
 
 Total Energy :    -31.82650655  (Hartree)
 Harris Energy:    -31.83203295  (Hartree)
  ( diff/tol =  5.52640E-03 / 0.00000E+00 )    F
 
 Charge:    31.999999999999801
 
 |Vloc-Vloc0|^2/tol =   6.80046E-05   / 1.00000E-20    F
 |rho -rho0 |^2/tol =   2.28044E-06   / 0.00000E+00

   k     n          esp(n,k,s)    esp_err   occ(n,k,s)   
   1    11   0.140614686274629  0.21694E-01  0.25000    
   1    12   0.167474064880039  0.23487E-01  0.25000    
   1    13   0.167472912104890  0.23486E-01  0.25000    
   1    14   0.167472979650768  0.23486E-01  0.25000    
   1    15   0.185247625368359  0.24928E-01  0.25000    
   1    16   0.185249372447955  0.24930E-01  0.25000    
   1    17   0.281775941779656  0.17812E-01   0.0000    
   1    18   0.300983027468278  0.15234E-01   0.0000    
   1    19   0.300990787500155  0.15241E-01   0.0000    
   1    20   0.301126384267463  0.15372E-01   0.0000    
   1    21   0.348622867589934  0.13275E-01   0.0000    
   2    11   0.101372896857718  0.18359E-01  0.75000    
   2    12   0.139035723908908  0.20441E-01  0.75000    
   2    13   0.153355551383224  0.21523E-01  0.75000    
   2    14   0.153355788426474  0.21523E-01  0.75000    
   2    15   0.155353352299885  0.22586E-01  0.75000    
   2    16   0.196891962704791  0.25740E-01  0.75000    
   2    17   0.287207884052907  0.10225E-01   0.0000    
   2    18   0.320777678022479  0.17885E-01   0.0000    
   2    19   0.326118061628661  0.13886E-01   0.0000    
   2    20   0.326119352420897  0.13887E-01   0.0000    
   2    21   0.351212715773536  0.14533E-01   0.0000    
   3    11   0.114535557736582  0.18371E-01  0.75000    
   3    12   0.114535936303144  0.18372E-01  0.75000    
   3    13   0.125542274475056  0.19464E-01  0.75000    
   3    14   0.143258678585553  0.21506E-01  0.75000    
   3    15   0.176226180978926  0.23101E-01  0.75000    
   3    16   0.179080705597546  0.23643E-01  0.75000    
   3    17   0.269341223049709  0.10751E-01   0.0000    
   3    18   0.299818531053296  0.13995E-01   0.0000    
   3    19   0.307525030172364  0.11602E-01   0.0000    
   3    20   0.307527284322649  0.11605E-01   0.0000    
   3    21   0.325451852360612  0.96236E-02   0.0000    
   4    11   0.125702477170963  0.20852E-01  0.25000    
   4    12   0.125702482602699  0.20852E-01  0.25000    
   4    13   0.125702482451787  0.20852E-01  0.25000    
   4    14   0.166292042681689  0.24385E-01  0.25000    
   4    15   0.214671900707617  0.26338E-01  0.25000    
   4    16   0.214696573638533  0.26363E-01  0.25000    
   4    17   0.251676334040470  0.82533E-02   0.0000    
   4    18   0.251676439087442  0.82534E-02   0.0000    
   4    19   0.251676526560765  0.82534E-02   0.0000    
   4    20   0.291714337776388  0.10430E-01   0.0000    
   4    21   0.291710745466858  0.10427E-01   0.0000    
 
 time(scf)=     0.173(rank0)     0.173(min)     0.174(max)
------------------------------------------------------------------ scf_iter=   3
 
 Total Energy :    -31.82790803  (Hartree)
 Harris Energy:    -31.82878169  (Hartree)
  ( diff/tol =  8.73657E-04 / 0.00000E+00 )    F
 
 Charge:    31.999999999999961
 
 |Vloc-Vloc0|^2/tol =   1.07333E-05   / 1.00000E-20    F
 |rho -rho0 |^2/tol =   3.32450E-07   / 0.00000E+00

   k     n          esp(n,k,s)    esp_err   occ(n,k,s)   
   1    11   0.132810657856056 -0.78040E-02  0.25000    
   1    12   0.159081857519564 -0.83922E-02  0.25000    
   1    13   0.159081867418484 -0.83910E-02  0.25000    
   1    14   0.159081812319420 -0.83912E-02  0.25000    
   1    15   0.176301052257019 -0.89466E-02  0.25000    
   1    16   0.176301066260354 -0.89483E-02  0.25000    
   1    17   0.274881579070726 -0.68944E-02   0.0000    
   1    18   0.295436694271301 -0.55463E-02   0.0000    
   1    19   0.295437349772621 -0.55534E-02   0.0000    
   1    20   0.295446625619327 -0.56798E-02   0.0000    
   1    21   0.344098217645327 -0.45246E-02   0.0000    
   2    11   0.094873787592464 -0.64991E-02  0.75000    
   2    12   0.131760174790774 -0.72755E-02  0.75000    
   2    13   0.145738824643935 -0.76167E-02  0.75000    
   2    14   0.145738832072215 -0.76170E-02  0.75000    
   2    15   0.147312375599417 -0.80410E-02  0.75000    
   2    16   0.187635238697958 -0.92567E-02  0.75000    
   2    17   0.283611246004481 -0.35966E-02   0.0000    
   2    18   0.314010675928683 -0.67670E-02   0.0000    
   2    19   0.321161843497330 -0.49562E-02   0.0000    
   2    20   0.321161809881126 -0.49575E-02   0.0000    
   2    21   0.345875354910417 -0.53374E-02   0.0000    
   3    11   0.108141673536922 -0.63939E-02  0.75000    
   3    12   0.108141759472461 -0.63942E-02  0.75000    
   3    13   0.118677946709188 -0.68643E-02  0.75000    
   3    14   0.135631501890673 -0.76272E-02  0.75000    
   3    15   0.167998371652488 -0.82278E-02  0.75000    
   3    16   0.170565419124831 -0.85153E-02  0.75000    
   3    17   0.265568699059974 -0.37725E-02   0.0000    
   3    18   0.294768622331140 -0.50499E-02   0.0000    
   3    19   0.303416360369747 -0.41087E-02   0.0000    
   3    20   0.303416495295636 -0.41108E-02   0.0000    
   3    21   0.322126599210212 -0.33253E-02   0.0000    
   4    11   0.118322767752558 -0.73797E-02  0.25000    
   4    12   0.118322766880412 -0.73797E-02  0.25000    
   4    13   0.118322766902725 -0.73797E-02  0.25000    
   4    14   0.157466814271841 -0.88252E-02  0.25000    
   4    15   0.205215802947097 -0.94561E-02  0.25000    
   4    16   0.205215874266089 -0.94807E-02  0.25000    
   4    17   0.248866771304372 -0.28096E-02   0.0000    
   4    18   0.248866752644521 -0.28097E-02   0.0000    
   4    19   0.248866754651642 -0.28098E-02   0.0000    
   4    20   0.288050164024742 -0.36642E-02   0.0000    
   4    21   0.288050110220807 -0.36606E-02   0.0000    
 
 time(scf)=     0.199(rank0)     0.199(min)     0.200(max)
------------------------------------------------------------------ scf_iter=   4
 
 Total Energy :    -31.82811947  (Hartree)
 Harris Energy:    -31.82825336  (Hartree)
  ( diff/tol =  1.33894E-04 / 0.00000E+00 )    F
 
 Charge:    32.000000000000028
 
 |Vloc-Vloc0|^2/tol =   1.64450E-06   / 1.00000E-20    F
 |rho -rho0 |^2/tol =   5.05044E-08   / 0.00000E+00

   k     n          esp(n,k,s)    esp_err   occ(n,k,s)   
   1    11   0.135856760905066  0.30461E-02  0.25000    
   1    12   0.162360399853902  0.32785E-02  0.25000    
   1    13   0.162360401867357  0.32785E-02  0.25000    
   1    14   0.162360398725767  0.32786E-02  0.25000    
   1    15   0.179799490914753  0.34984E-02  0.25000    
   1    16   0.179799546229574  0.34985E-02  0.25000    
   1    17   0.277578698583532  0.26971E-02   0.0000    
   1    18   0.297619684190010  0.21830E-02   0.0000    
   1    19   0.297620549145568  0.21832E-02   0.0000    
   1    20   0.297636888344165  0.21903E-02   0.0000    
   1    21   0.345830452290831  0.17322E-02   0.0000    
   2    11   0.097404133234391  0.25303E-02  0.75000    
   2    12   0.134601508679494  0.28413E-02  0.75000    
   2    13   0.148717684453128  0.29789E-02  0.75000    
   2    14   0.148717684067940  0.29789E-02  0.75000    
   2    15   0.150455138360249  0.31428E-02  0.75000    
   2    16   0.191254488392881  0.36192E-02  0.75000    
   2    17   0.284989856200311  0.13786E-02   0.0000    
   2    18   0.316658845200417  0.26482E-02   0.0000    
   2    19   0.323087763201260  0.19259E-02   0.0000    
   2    20   0.323087849797410  0.19260E-02   0.0000    
   2    21   0.347917447764867  0.20421E-02   0.0000    
   3    11   0.110638835941587  0.24972E-02  0.75000    
   3    12   0.110638847784568  0.24971E-02  0.75000    
   3    13   0.121357228395295  0.26793E-02  0.75000    
   3    14   0.138610898018547  0.29794E-02  0.75000    
   3    15   0.171214147370733  0.32158E-02  0.75000    
   3    16   0.173893361806914  0.33279E-02  0.75000    
   3    17   0.267021315585438  0.14526E-02   0.0000    
   3    18   0.296721284981821  0.19527E-02   0.0000    
   3    19   0.304996144077052  0.15798E-02   0.0000    
   3    20   0.304996342601707  0.15798E-02   0.0000    
   3    21   0.323398386149545  0.12718E-02   0.0000    
   4    11   0.121205214540211  0.28824E-02  0.25000    
   4    12   0.121205214515376  0.28824E-02  0.25000    
   4    13   0.121205214413485  0.28824E-02  0.25000    
   4    14   0.160928762008179  0.34619E-02  0.25000    
   4    15   0.208915664959558  0.36999E-02  0.25000    
   4    16   0.208916165452553  0.37003E-02  0.25000    
   4    17   0.249938310589557  0.10715E-02   0.0000    
   4    18   0.249938310641511  0.10716E-02   0.0000    
   4    19   0.249938317464668  0.10716E-02   0.0000    
   4    20   0.289452506459641  0.14023E-02   0.0000    
   4    21   0.289452506784633  0.14024E-02   0.0000    
 
 time(scf)=     0.173(rank0)     0.173(min)     0.174(max)
------------------------------------------------------------------ scf_iter=   5
 
 Total Energy :    -31.82815785  (Hartree)
 Harris Energy:    -31.82815785  (Hartree)
  ( diff/tol =  2.06875E-10 / 0.00000E+00 )    F
 
 Charge:    31.999999999999932
 
 |Vloc-Vloc0|^2/tol =   1.28541E-07   / 1.00000E-20    F
 |rho -rho0 |^2/tol =   1.24347E-12   / 0.00000E+00

   k     n          esp(n,k,s)    esp_err   occ(n,k,s)   
   1    11   0.134997177388514 -0.85958E-03  0.25000    
   1    12   0.161436202478548 -0.92420E-03  0.25000    
   1    13   0.161436203374010 -0.92420E-03  0.25000    
   1    14   0.161436203175151 -0.92420E-03  0.25000    
   1    15   0.178813237366810 -0.98625E-03  0.25000    
   1    16   0.178813239744690 -0.98631E-03  0.25000    
   1    17   0.276814434063577 -0.76426E-03   0.0000    
   1    18   0.297004150339224 -0.61553E-03   0.0000    
   1    19   0.297004409660528 -0.61614E-03   0.0000    
   1    20   0.297008936817600 -0.62795E-03   0.0000    
   1    21   0.345323561569899 -0.50689E-03   0.0000    
   2    11   0.096689729473058 -0.71440E-03  0.75000    
   2    12   0.133800111806526 -0.80140E-03  0.75000    
   2    13   0.147878435103225 -0.83925E-03  0.75000    
   2    14   0.147878434963368 -0.83925E-03  0.75000    
   2    15   0.149569267731053 -0.88587E-03  0.75000    
   2    16   0.190234059181653 -0.10204E-02  0.75000    
   2    17   0.284598203040579 -0.39165E-03   0.0000    
   2    18   0.315910110248950 -0.74873E-03   0.0000    
   2    19   0.322542970845628 -0.54479E-03   0.0000    
   2    20   0.322542996666719 -0.54485E-03   0.0000    
   2    21   0.347334069347165 -0.58338E-03   0.0000    
   3    11   0.109935377876670 -0.70346E-03  0.75000    
   3    12   0.109935378271106 -0.70347E-03  0.75000    
   3    13   0.120601779502527 -0.75545E-03  0.75000    
   3    14   0.137771074477750 -0.83982E-03  0.75000    
   3    15   0.170307803508919 -0.90634E-03  0.75000    
   3    16   0.172954672368913 -0.93869E-03  0.75000    
   3    17   0.266609067565006 -0.41225E-03   0.0000    
   3    18   0.296168052007765 -0.55323E-03   0.0000    
   3    19   0.304547448228821 -0.44870E-03   0.0000    
   3    20   0.304547498089113 -0.44884E-03   0.0000    
   3    21   0.323036445740774 -0.36194E-03   0.0000    
   4    11   0.120392766785831 -0.81245E-03  0.25000    
   4    12   0.120392766786433 -0.81245E-03  0.25000    
   4    13   0.120392766879724 -0.81245E-03  0.25000    
   4    14   0.159953341098999 -0.97542E-03  0.25000    
   4    15   0.207872867081747 -0.10428E-02  0.25000    
   4    16   0.207872874219467 -0.10433E-02  0.25000    
   4    17   0.249633082452297 -0.30523E-03   0.0000    
   4    18   0.249633082286192 -0.30523E-03   0.0000    
   4    19   0.249633086384364 -0.30523E-03   0.0000    
   4    20   0.289053607959877 -0.39890E-03   0.0000    
   4    21   0.289053608087081 -0.39890E-03   0.0000    
 
 time(scf)=     0.172(rank0)     0.172(min)     0.173(max)
------------------------------------------------------------------ scf_iter=   6
 
 Total Energy :    -31.82815794  (Hartree)
 Harris Energy:    -31.82815794  (Hartree)
  ( diff/tol = -9.55680E-12 / 0.00000E+00 )    F
 
 Charge:    31.999999999999964
 
 |Vloc-Vloc0|^2/tol =   4.26904E-12   / 1.00000E-20    F
 |rho -rho0 |^2/tol =   2.65240E-13   / 0.00000E+00

   k     n          esp(n,k,s)    esp_err   occ(n,k,s)   
   1    11   0.134995856597954 -0.13208E-05  0.25000    
   1    12   0.161434762536340 -0.14399E-05  0.25000    
   1    13   0.161434762599942 -0.14408E-05  0.25000    
   1    14   0.161434762596464 -0.14406E-05  0.25000    
   1    15   0.178811718983890 -0.15184E-05  0.25000    
   1    16   0.178811719246044 -0.15205E-05  0.25000    
   1    17   0.276813413790224 -0.10203E-05   0.0000    
   1    18   0.297003121146353 -0.10292E-05   0.0000    
   1    19   0.297003193446753 -0.12162E-05   0.0000    
   1    20   0.297004958293043 -0.39785E-05   0.0000    
   1    21   0.345312964025162 -0.10598E-04   0.0000    
   2    11   0.096688593228063 -0.11362E-05  0.75000    
   2    12   0.133798859359787 -0.12524E-05  0.75000    
   2    13   0.147877111817305 -0.13233E-05  0.75000    
   2    14   0.147877111816568 -0.13231E-05  0.75000    
   2    15   0.149567871497601 -0.13962E-05  0.75000    
   2    16   0.190232496900907 -0.15623E-05  0.75000    
   2    17   0.284597539407995 -0.66363E-06   0.0000    
   2    18   0.315909041435609 -0.10688E-05   0.0000    
   2    19   0.322541972293482 -0.99855E-06   0.0000    
   2    20   0.322541977259117 -0.10194E-05   0.0000    
   2    21   0.347332075569537 -0.19938E-05   0.0000    
   3    11   0.109934235154537 -0.11427E-05  0.75000    
   3    12   0.109934235166379 -0.11431E-05  0.75000    
   3    13   0.120600575965067 -0.12035E-05  0.75000    
   3    14   0.137769740357963 -0.13341E-05  0.75000    
   3    15   0.170306385610684 -0.14179E-05  0.75000    
   3    16   0.172953242204682 -0.14302E-05  0.75000    
   3    17   0.266608391371484 -0.67619E-06   0.0000    
   3    18   0.296167118486576 -0.93352E-06   0.0000    
   3    19   0.304546673439962 -0.77479E-06   0.0000    
   3    20   0.304546684358931 -0.81373E-06   0.0000    
   3    21   0.323035602211827 -0.84353E-06   0.0000    
   4    11   0.120391470294952 -0.12965E-05  0.25000    
   4    12   0.120391470294937 -0.12965E-05  0.25000    
   4    13   0.120391470296400 -0.12966E-05  0.25000    
   4    14   0.159951887351849 -0.14537E-05  0.25000    
   4    15   0.207871283752868 -0.15833E-05  0.25000    
   4    16   0.207871283988637 -0.15902E-05  0.25000    
   4    17   0.249632570871524 -0.51158E-06   0.0000    
   4    18   0.249632570877462 -0.51141E-06   0.0000    
   4    19   0.249632572215276 -0.51417E-06   0.0000    
   4    20   0.289052961835001 -0.64612E-06   0.0000    
   4    21   0.289052961860894 -0.64623E-06   0.0000    
 
 time(scf)=     0.173(rank0)     0.173(min)     0.174(max)
------------------------------------------------------------------ scf_iter=   7
 
 Total Energy :    -31.82815794  (Hartree)
 Harris Energy:    -31.82815794  (Hartree)
  ( diff/tol =  1.62149E-10 / 0.00000E+00 )    F
 
 Charge:    32.000000000000057
 
 |Vloc-Vloc0|^2/tol =   7.62973E-13   / 1.00000E-20    F
 |rho -rho0 |^2/tol =   1.20950E-13   / 0.00000E+00

   k     n          esp(n,k,s)    esp_err   occ(n,k,s)   
   1    11   0.134996073511868  0.21691E-06  0.25000    
   1    12   0.161435016798309  0.25426E-06  0.25000    
   1    13   0.161435016801174  0.25420E-06  0.25000    
   1    14   0.161435016801455  0.25420E-06  0.25000    
   1    15   0.178811991369880  0.27239E-06  0.25000    
   1    16   0.178811991388833  0.27214E-06  0.25000    
   1    17   0.276813531033693  0.11724E-06   0.0000    
   1    18   0.297003187665762  0.66519E-07   0.0000    
   1    19   0.297003208263066  0.14816E-07   0.0000    
   1    20   0.297003875931674 -0.10824E-05   0.0000    
   1    21   0.345306521047366 -0.64430E-05   0.0000    
   2    11   0.096688759399917  0.16617E-06  0.75000    
   2    12   0.133799058922179  0.19956E-06  0.75000    
   2    13   0.147877333036632  0.22122E-06  0.75000    
   2    14   0.147877333036592  0.22122E-06  0.75000    
   2    15   0.149568113930518  0.24243E-06  0.75000    
   2    16   0.190232777645928  0.28075E-06  0.75000    
   2    17   0.284597557012529  0.17605E-07   0.0000    
   2    18   0.315909192252219  0.15082E-06   0.0000    
   2    19   0.322542034371962  0.62078E-07   0.0000    
   2    20   0.322542035517883  0.58259E-07   0.0000    
   2    21   0.347331881834531 -0.19374E-06   0.0000    
   3    11   0.109934406696411  0.17154E-06  0.75000    
   3    12   0.109934406696934  0.17153E-06  0.75000    
   3    13   0.120600763104263  0.18714E-06  0.75000    
   3    14   0.137769967609384  0.22725E-06  0.75000    
   3    15   0.170306630840234  0.24523E-06  0.75000    
   3    16   0.172953486423406  0.24422E-06  0.75000    
   3    17   0.266608422876611  0.31505E-07   0.0000    
   3    18   0.296167217520475  0.99034E-07   0.0000    
   3    19   0.304546706244637  0.32805E-07   0.0000    
   3    20   0.304546708311301  0.23952E-07   0.0000    
   3    21   0.323035549783506 -0.52428E-07   0.0000    
   4    11   0.120391689777534  0.21948E-06  0.25000    
   4    12   0.120391689777534  0.21948E-06  0.25000    
   4    13   0.120391689777553  0.21948E-06  0.25000    
   4    14   0.159952135919456  0.24857E-06  0.25000    
   4    15   0.207871562676874  0.27892E-06  0.25000    
   4    16   0.207871562682982  0.27869E-06  0.25000    
   4    17   0.249632547914724 -0.22957E-07   0.0000    
   4    18   0.249632547915101 -0.22962E-07   0.0000    
   4    19   0.249632548210521 -0.24005E-07   0.0000    
   4    20   0.289052978267958  0.16433E-07   0.0000    
   4    21   0.289052978275728  0.16415E-07   0.0000    
 
 time(scf)=     0.181(rank0)     0.181(min)     0.182(max)
------------------------------------------------------------------ scf_iter=   8
 
 Total Energy :    -31.82815794  (Hartree)
 Harris Energy:    -31.82815794  (Hartree)
  ( diff/tol = -3.12639E-13 / 0.00000E+00 )    F
 
 Charge:    32.000000000000128
 
 |Vloc-Vloc0|^2/tol =   1.89053E-13   / 1.00000E-20    F
 |rho -rho0 |^2/tol =   4.63412E-15   / 0.00000E+00

   k     n          esp(n,k,s)    esp_err   occ(n,k,s)   
   1    11   0.134997084527190  0.10110E-05  0.25000    
   1    12   0.161436109391356  0.10926E-05  0.25000    
   1    13   0.161436109391440  0.10926E-05  0.25000    
   1    14   0.161436109391448  0.10926E-05  0.25000    
   1    15   0.178813155836830  0.11645E-05  0.25000    
   1    16   0.178813155838530  0.11644E-05  0.25000    
   1    17   0.276814401715660  0.87068E-06   0.0000    
   1    18   0.297003891276681  0.70361E-06   0.0000    
   1    19   0.297003897582000  0.68932E-06   0.0000    
   1    20   0.297004159422556  0.28349E-06   0.0000    
   1    21   0.345302760980637 -0.37601E-05   0.0000    
   2    11   0.096689600950724  0.84155E-06  0.75000    
   2    12   0.133800003467017  0.94454E-06  0.75000    
   2    13   0.147878325340264  0.99230E-06  0.75000    
   2    14   0.147878325340267  0.99230E-06  0.75000    
   2    15   0.149569162136038  0.10482E-05  0.75000    
   2    16   0.190233981292598  0.12036E-05  0.75000    
   2    17   0.284598006902651  0.44989E-06   0.0000    
   2    18   0.315910058167197  0.86591E-06   0.0000    
   2    19   0.322542663373069  0.62900E-06   0.0000    
   2    20   0.322542663639799  0.62812E-06   0.0000    
   2    21   0.347332468597835  0.58676E-06   0.0000    
   3    11   0.109935239512539  0.83282E-06  0.75000    
   3    12   0.109935239512557  0.83282E-06  0.75000    
   3    13   0.120601655367667  0.89226E-06  0.75000    
   3    14   0.137770962196607  0.99459E-06  0.75000    
   3    15   0.170307702140692  0.10713E-05  0.75000    
   3    16   0.172954590754166  0.11043E-05  0.75000    
   3    17   0.266608899427841  0.47655E-06   0.0000    
   3    18   0.296167864218937  0.64670E-06   0.0000    
   3    19   0.304547223368149  0.51712E-06   0.0000    
   3    20   0.304547223801670  0.51549E-06   0.0000    
   3    21   0.323035947913063  0.39813E-06   0.0000    
   4    11   0.120392652763060  0.96299E-06  0.25000    
   4    12   0.120392652763060  0.96299E-06  0.25000    
   4    13   0.120392652763060  0.96299E-06  0.25000    
   4    14   0.159953280153781  0.11442E-05  0.25000    
   4    15   0.207872790731443  0.12281E-05  0.25000    
   4    16   0.207872790732427  0.12280E-05  0.25000    
   4    17   0.249632894576376  0.34666E-06   0.0000    
   4    18   0.249632894576394  0.34666E-06   0.0000    
   4    19   0.249632894642964  0.34643E-06   0.0000    
   4    20   0.289053436548154  0.45828E-06   0.0000    
   4    21   0.289053436550029  0.45827E-06   0.0000    
 
 time(scf)=     0.172(rank0)     0.172(min)     0.173(max)
------------------------------------------------------------------ scf_iter=   9
 
 Total Energy :    -31.82815794  (Hartree)
 Harris Energy:    -31.82815794  (Hartree)
  ( diff/tol =  4.65405E-13 / 0.00000E+00 )    F
 
 Charge:    32.000000000000071
 
 |Vloc-Vloc0|^2/tol =   1.00756E-16   / 1.00000E-20    F
 |rho -rho0 |^2/tol =   2.48239E-16   / 0.00000E+00

   k     n          esp(n,k,s)    esp_err   occ(n,k,s)   
   1    11   0.134997101908727  0.17382E-07  0.25000    
   1    12   0.161436133565556  0.24174E-07  0.25000    
   1    13   0.161436133565558  0.24174E-07  0.25000    
   1    14   0.161436133565558  0.24174E-07  0.25000    
   1    15   0.178813181714055  0.25877E-07  0.25000    
   1    16   0.178813181714216  0.25876E-07  0.25000    
   1    17   0.276814394521044 -0.71946E-08   0.0000    
   1    18   0.297003885060397 -0.62163E-08   0.0000    
   1    19   0.297003886954881 -0.10627E-07   0.0000    
   1    20   0.297003987969361 -0.17145E-06   0.0000    
   1    21   0.345299855066063 -0.29059E-05   0.0000    
   2    11   0.096689612821588  0.11871E-07  0.75000    
   2    12   0.133800019508170  0.16041E-07  0.75000    
   2    13   0.147878345292181  0.19952E-07  0.75000    
   2    14   0.147878345292181  0.19952E-07  0.75000    
   2    15   0.149569185229146  0.23093E-07  0.75000    
   2    16   0.190234007989587  0.26697E-07  0.75000    
   2    17   0.284597995248156 -0.11654E-07   0.0000    
   2    18   0.315910059519423  0.13522E-08   0.0000    
   2    19   0.322542658944398 -0.44287E-08   0.0000    
   2    20   0.322542658994289 -0.46455E-08   0.0000    
   2    21   0.347332441652783 -0.26945E-07   0.0000    
   3    11   0.109935253644091  0.14132E-07  0.75000    
   3    12   0.109935253644092  0.14132E-07  0.75000    
   3    13   0.120601670678229  0.15311E-07  0.75000    
   3    14   0.137770983840122  0.21644E-07  0.75000    
   3    15   0.170307725395001  0.23254E-07  0.75000    
   3    16   0.172954611788165  0.21034E-07  0.75000    
   3    17   0.266608888314920 -0.11113E-07   0.0000    
   3    18   0.296167862562633 -0.16563E-08   0.0000    
   3    19   0.304547213966136 -0.94020E-08   0.0000    
   3    20   0.304547214046772 -0.97549E-08   0.0000    
   3    21   0.323035930201352 -0.17712E-07   0.0000    
   4    11   0.120392673748143  0.20985E-07  0.25000    
   4    12   0.120392673748143  0.20985E-07  0.25000    
   4    13   0.120392673748143  0.20985E-07  0.25000    
   4    14   0.159953300754790  0.20601E-07  0.25000    
   4    15   0.207872817379382  0.26648E-07  0.25000    
   4    16   0.207872817379485  0.26647E-07  0.25000    
   4    17   0.249632876478558 -0.18098E-07   0.0000    
   4    18   0.249632876478558 -0.18098E-07   0.0000    
   4    19   0.249632876493932 -0.18149E-07   0.0000    
   4    20   0.289053424188031 -0.12360E-07   0.0000    
   4    21   0.289053424188335 -0.12362E-07   0.0000    
 
 time(scf)=     0.199(rank0)     0.199(min)     0.200(max)
------------------------------------------------------------------ scf_iter=  10
 
 Total Energy :    -31.82815794  (Hartree)
 Harris Energy:    -31.82815794  (Hartree)
  ( diff/tol =  3.41061E-13 / 0.00000E+00 )    F
 
 Charge:    32.000000000000064
 
 |Vloc-Vloc0|^2/tol =   3.05801E-17   / 1.00000E-20    F
 |rho -rho0 |^2/tol =   1.17855E-16   / 0.00000E+00

   k     n          esp(n,k,s)    esp_err   occ(n,k,s)   
   1    11   0.134997078753846 -0.23155E-07  0.25000    
   1    12   0.161436109286964 -0.24279E-07  0.25000    
   1    13   0.161436109286963 -0.24279E-07  0.25000    
   1    14   0.161436109286963 -0.24279E-07  0.25000    
   1    15   0.178813155834751 -0.25879E-07  0.25000    
   1    16   0.178813155834762 -0.25879E-07  0.25000    
   1    17   0.276814372026065 -0.22495E-07   0.0000    
   1    18   0.297003866349560 -0.18711E-07   0.0000    
   1    19   0.297003866915882 -0.20039E-07   0.0000    
   1    20   0.297003905411864 -0.82557E-07   0.0000    
   1    21   0.345297924499824 -0.19306E-05   0.0000    
   2    11   0.096689593056181 -0.19765E-07  0.75000    
   2    12   0.133799997784607 -0.21724E-07  0.75000    
   2    13   0.147878322903003 -0.22389E-07  0.75000    
   2    14   0.147878322903003 -0.22389E-07  0.75000    
   2    15   0.149569161912759 -0.23316E-07  0.75000    
   2    16   0.190233981169530 -0.26820E-07  0.75000    
   2    17   0.284597982223652 -0.13025E-07   0.0000    
   2    18   0.315910038647131 -0.20872E-07   0.0000    
   2    19   0.322542642608628 -0.16336E-07   0.0000    
   2    20   0.322542642619705 -0.16375E-07   0.0000    
   2    21   0.347332417284780 -0.24368E-07   0.0000    
   3    11   0.109935234370730 -0.19273E-07  0.75000    
   3    12   0.109935234370730 -0.19273E-07  0.75000    
   3    13   0.120601650134072 -0.20544E-07  0.75000    
   3    14   0.137770961637442 -0.22203E-07  0.75000    
   3    15   0.170307701430338 -0.23965E-07  0.75000    
   3    16   0.172954586715846 -0.25072E-07  0.75000    
   3    17   0.266608874922179 -0.13393E-07   0.0000    
   3    18   0.296167846752966 -0.15810E-07   0.0000    
   3    19   0.304547199496230 -0.14470E-07   0.0000    
   3    20   0.304547199512406 -0.14534E-07   0.0000    
   3    21   0.323035916190050 -0.14011E-07   0.0000    
   4    11   0.120392652251606 -0.21497E-07  0.25000    
   4    12   0.120392652251606 -0.21497E-07  0.25000    
   4    13   0.120392652251607 -0.21497E-07  0.25000    
   4    14   0.159953274576377 -0.26178E-07  0.25000    
   4    15   0.207872789648096 -0.27731E-07  0.25000    
   4    16   0.207872789648108 -0.27731E-07  0.25000    
   4    17   0.249632864954421 -0.11524E-07   0.0000    
   4    18   0.249632864954422 -0.11524E-07   0.0000    
   4    19   0.249632864958044 -0.11536E-07   0.0000    
   4    20   0.289053410665274 -0.13523E-07   0.0000    
   4    21   0.289053410665324 -0.13523E-07   0.0000    
 
 time(scf)=     0.162(rank0)     0.162(min)     0.164(max)
------------------------------------------------------------------ scf_iter=  11
 
 Total Energy :    -31.82815794  (Hartree)
 Harris Energy:    -31.82815794  (Hartree)
  ( diff/tol =  7.46070E-14 / 0.00000E+00 )    F
 
 Charge:    32.000000000000043
 
 |Vloc-Vloc0|^2/tol =   4.11699E-16   / 1.00000E-20    F
 |rho -rho0 |^2/tol =   1.00734E-18   / 0.00000E+00

   k     n          esp(n,k,s)    esp_err   occ(n,k,s)   
   1    11   0.134997035240546 -0.43513E-07  0.25000    
   1    12   0.161436062522405 -0.46765E-07  0.25000    
   1    13   0.161436062522404 -0.46765E-07  0.25000    
   1    14   0.161436062522405 -0.46765E-07  0.25000    
   1    15   0.178813105982764 -0.49852E-07  0.25000    
   1    16   0.178813105982765 -0.49852E-07  0.25000    
   1    17   0.276814333699290 -0.38327E-07   0.0000    
   1    18   0.297003835016944 -0.31333E-07   0.0000    
   1    19   0.297003835183371 -0.31733E-07   0.0000    
   1    20   0.297003849763998 -0.55648E-07   0.0000    
   1    21   0.345296629476737 -0.12950E-05   0.0000    
   2    11   0.096689556666043 -0.36390E-07  0.75000    
   2    12   0.133799957100859 -0.40684E-07  0.75000    
   2    13   0.147878280312295 -0.42591E-07  0.75000    
   2    14   0.147878280312295 -0.42591E-07  0.75000    
   2    15   0.149569117041563 -0.44871E-07  0.75000    
   2    16   0.190233929600672 -0.51569E-07  0.75000    
   2    17   0.284597961951370 -0.20272E-07   0.0000    
   2    18   0.315910001124384 -0.37523E-07   0.0000    
   2    19   0.322542614843369 -0.27765E-07   0.0000    
   2    20   0.322542614844587 -0.27775E-07   0.0000    
   2    21   0.347332385661362 -0.31623E-07   0.0000    
   3    11   0.109935198457313 -0.35913E-07  0.75000    
   3    12   0.109935198457314 -0.35913E-07  0.75000    
   3    13   0.120601611695511 -0.38439E-07  0.75000    
   3    14   0.137770919031682 -0.42606E-07  0.75000    
   3    15   0.170307655505589 -0.45925E-07  0.75000    
   3    16   0.172954539242536 -0.47473E-07  0.75000    
   3    17   0.266608853651423 -0.21271E-07   0.0000    
   3    18   0.296167818727946 -0.28025E-07   0.0000    
   3    19   0.304547176349782 -0.23146E-07   0.0000    
   3    20   0.304547176352859 -0.23160E-07   0.0000    
   3    21   0.323035896862059 -0.19328E-07   0.0000    
   4    11   0.120392611002511 -0.41249E-07  0.25000    
   4    12   0.120392611002511 -0.41249E-07  0.25000    
   4    13   0.120392611002511 -0.41249E-07  0.25000    
   4    14   0.159953225293741 -0.49283E-07  0.25000    
   4    15   0.207872736850620 -0.52797E-07  0.25000    
   4    16   0.207872736850620 -0.52797E-07  0.25000    
   4    17   0.249632848823182 -0.16131E-07   0.0000    
   4    18   0.249632848823180 -0.16131E-07   0.0000    
   4    19   0.249632848824058 -0.16134E-07   0.0000    
   4    20   0.289053389916184 -0.20749E-07   0.0000    
   4    21   0.289053389916193 -0.20749E-07   0.0000    
 
 time(scf)=     0.160(rank0)     0.160(min)     0.161(max)
------------------------------------------------------------------ scf_iter=  12
 
 Total Energy :    -31.82815794  (Hartree)
 Harris Energy:    -31.82815794  (Hartree)
  ( diff/tol = -2.20268E-13 / 0.00000E+00 )    F
 
 Charge:    32.000000000000043
 
 |Vloc-Vloc0|^2/tol =   2.76174E-18   / 1.00000E-20    F
 |rho -rho0 |^2/tol =   1.17625E-20   / 0.00000E+00

   k     n          esp(n,k,s)    esp_err   occ(n,k,s)   
   1    11   0.134997038860526  0.36200E-08  0.25000    
   1    12   0.161436066363481  0.38411E-08  0.25000    
   1    13   0.161436066363480  0.38411E-08  0.25000    
   1    14   0.161436066363481  0.38411E-08  0.25000    
   1    15   0.178813110060221  0.40775E-08  0.25000    
   1    16   0.178813110060222  0.40775E-08  0.25000    
   1    17   0.276814336931067  0.32318E-08   0.0000    
   1    18   0.297003837731602  0.27147E-08   0.0000    
   1    19   0.297003837779989  0.25966E-08   0.0000    
   1    20   0.297003843288859 -0.64751E-08   0.0000    
   1    21   0.345295809692203 -0.81978E-06   0.0000    
   2    11   0.096689559789556  0.31235E-08  0.75000    
   2    12   0.133799960521607  0.34207E-08  0.75000    
   2    13   0.147878283860303  0.35480E-08  0.75000    
   2    14   0.147878283860303  0.35480E-08  0.75000    
   2    15   0.149569120738425  0.36969E-08  0.75000    
   2    16   0.190233933811372  0.42107E-08  0.75000    
   2    17   0.284597963971566  0.20202E-08   0.0000    
   2    18   0.315910004234569  0.31102E-08   0.0000    
   2    19   0.322542617378295  0.25349E-08   0.0000    
   2    20   0.322542617378419  0.25338E-08   0.0000    
   2    21   0.347332387639570  0.19782E-08   0.0000    
   3    11   0.109935201537110  0.30798E-08  0.75000    
   3    12   0.109935201537110  0.30798E-08  0.75000    
   3    13   0.120601614952806  0.32573E-08  0.75000    
   3    14   0.137770922559194  0.35275E-08  0.75000    
   3    15   0.170307659289123  0.37835E-08  0.75000    
   3    16   0.172954543151075  0.39085E-08  0.75000    
   3    17   0.266608855788294  0.21369E-08   0.0000    
   3    18   0.296167821280472  0.25525E-08   0.0000    
   3    19   0.304547178616555  0.22668E-08   0.0000    
   3    20   0.304547178617182  0.22643E-08   0.0000    
   3    21   0.323035898681676  0.18196E-08   0.0000    
   4    11   0.120392614425988  0.34235E-08  0.25000    
   4    12   0.120392614425987  0.34235E-08  0.25000    
   4    13   0.120392614425987  0.34235E-08  0.25000    
   4    14   0.159953229314174  0.40204E-08  0.25000    
   4    15   0.207872741168609  0.43180E-08  0.25000    
   4    16   0.207872741168610  0.43180E-08  0.25000    
   4    17   0.249632850632773  0.18096E-08   0.0000    
   4    18   0.249632850632773  0.18096E-08   0.0000    
   4    19   0.249632850632986  0.18089E-08   0.0000    
   4    20   0.289053392035599  0.21194E-08   0.0000    
   4    21   0.289053392035601  0.21194E-08   0.0000    
 
 time(scf)=     0.139(rank0)     0.139(min)     0.140(max)
------------------------------------------------------------------ scf_iter=  13
 
 Total Energy :    -31.82815794  (Hartree)
 Harris Energy:    -31.82815794  (Hartree)
  ( diff/tol =  3.55271E-14 / 0.00000E+00 )    F
 
 Charge:    32.000000000000099
 
 |Vloc-Vloc0|^2/tol =   4.27835E-21   / 1.00000E-20    T
 |rho -rho0 |^2/tol =   3.49594E-22   / 0.00000E+00

   k     n          esp(n,k,s)    esp_err   occ(n,k,s)   
   1    11   0.134997038765824 -0.94701E-10  0.25000    
   1    12   0.161436066257740 -0.10574E-09  0.25000    
   1    13   0.161436066257740 -0.10574E-09  0.25000    
   1    14   0.161436066257740 -0.10574E-09  0.25000    
   1    15   0.178813109944264 -0.11596E-09  0.25000    
   1    16   0.178813109944264 -0.11596E-09  0.25000    
   1    17   0.276814336837975 -0.93092E-10   0.0000    
   1    18   0.297003837667445 -0.64157E-10   0.0000    
   1    19   0.297003837681676 -0.98313E-10   0.0000    
   1    20   0.297003839803763 -0.34851E-08   0.0000    
   1    21   0.345295266864095 -0.54283E-06   0.0000    
   2    11   0.096689559724257 -0.65299E-10  0.75000    
   2    12   0.133799960438970 -0.82637E-10  0.75000    
   2    13   0.147878283770833 -0.89470E-10  0.75000    
   2    14   0.147878283770833 -0.89470E-10  0.75000    
   2    15   0.149569120639101 -0.99324E-10  0.75000    
   2    16   0.190233933690095 -0.12128E-09  0.75000    
   2    17   0.284597963967484 -0.40825E-11   0.0000    
   2    18   0.315910004141875 -0.92693E-10   0.0000    
   2    19   0.322542617343263 -0.35032E-10   0.0000    
   2    20   0.322542617343313 -0.35106E-10   0.0000    
   2    21   0.347332387414479 -0.22509E-09   0.0000    
   3    11   0.109935201474293 -0.62817E-10  0.75000    
   3    12   0.109935201474293 -0.62817E-10  0.75000    
   3    13   0.120601614879213 -0.73593E-10  0.75000    
   3    14   0.137770922467925 -0.91269E-10  0.75000    
   3    15   0.170307659187127 -0.10200E-09  0.75000    
   3    16   0.172954543042532 -0.10854E-09  0.75000    
   3    17   0.266608855785387 -0.29062E-11   0.0000    
   3    18   0.296167821243983 -0.36489E-10   0.0000    
   3    19   0.304547178606874 -0.96813E-11   0.0000    
   3    20   0.304547178606994 -0.10188E-10   0.0000    
   3    21   0.323035898648166 -0.33510E-10   0.0000    
   4    11   0.120392614339240 -0.86748E-10  0.25000    
   4    12   0.120392614339239 -0.86748E-10  0.25000    
   4    13   0.120392614339239 -0.86748E-10  0.25000    
   4    14   0.159953229195071 -0.11910E-09  0.25000    
   4    15   0.207872741045516 -0.12309E-09  0.25000    
   4    16   0.207872741045516 -0.12309E-09  0.25000    
   4    17   0.249632850653943  0.21170E-10   0.0000    
   4    18   0.249632850653942  0.21169E-10   0.0000    
   4    19   0.249632850653993  0.21007E-10   0.0000    
   4    20   0.289053392037698  0.20988E-11   0.0000    
   4    21   0.289053392037701  0.20999E-11   0.0000    
 
 time(scf)=     0.161(rank0)     0.161(min)     0.162(max)
-------------------------------------------------------------- write_data(start)
 write to vrho.dat1                     
 OC =           3
 WF: complex(8) -> complex(8)
 write to wf.dat1                       
 MBwr1,MBwr2 =           1          24
---------------------------------------------------------------- write_data(end)
------------------------------------------------------------------ SCF END -----
 scf converged ( total # of iteration =  13 )
 Total SCF time :     8.711(rank0)     6.900(min)     8.711(max)
--------------------------------------------------------------------------------
 END_PROGRAM : MAIN
 TIME(END)    16.22553    16.23220
 Start time  2015/12/22 13:54:00.472
 End   time  2015/12/22 13:54:16.704
