----------------------------------------------------------------------
 RSDFT ver.0.0.0
------------------------------------------------------------ header_info
 Start time  2015/12/16 14:16:55.102
 preprocessor option list ( -cpp -Dxxxx )
          (wave functions are COMPLEX16)
 _FFTW_ (FFTW is used)
  INFOLEVEL :          1
--------------------------------------------------------- read_parameters(start)
         AX :   10.2610000000
         A1 :   0.0000000E+00  5.0000000E-01  5.0000000E-01
         A2 :   5.0000000E-01  0.0000000E+00  5.0000000E-01
         A3 :   5.0000000E-01  5.0000000E-01  0.0000000E+00
         NK :          2
       MMM1 :          2         2         2
       MMM2 :          2         2         2
 Nband=           8
 Nspin=           1
 Ndspin=  0.000000000000000E+000
 Nfixed=           0
 Next_electron=  0.000000000000000E+000
 Ngrid(1:3)=          12          12          12
 Md =           6
 SYStype =           0
 rcfac =   1.50000000000000     
 qcfac =   1.00000000000000     
 etafac=   8.00000000000000     
 node_partition(1:6)=   1   1   1   1   1   1
 MB_d=           0
----------------------------------------------------------------- read_wf(start)
 iwork_wf=           0
------------------------------------------------------------------- read_wf(end)
 NBLK =           0
 NBLK1=           0
 iswitch_cgpc=           4
------------------------------------------------------------- read_mixing(start)
         IC :          0
         OC :          3
 beta       =   1.00000000000000     
 iomix,IC,OC=           0           0           3
--------------------------------------------------------------- read_mixing(end)
 ekbt   =  1.000000000000000E-005
 kinteg =           5
 nsetocc=           0
 isetocc=           0           0
 IC =           0
 OC =           3
 OC2=         100
 IO_ctrl=           0
 MBwr1,MBwr2=           0           0
 etime_limit=   10000.0000000000     
      SWSCF :          1
     SWBAND :          0
 ncycl, most, nrfr =           0           6           5
 okatom, eeps      =  0.500000000000000       1.000000000000000E-010
 feps, decr        =  5.000000000000000E-004  0.100000000000000     
 diter_opt         =          50
 strlog            =           0
 isymmetry=           0
 file_symdat=                              
----------------------------------------------------------------- read_xc(start)
     XCTYPE :   LDAPZ81 
------------------------------------------------------------------- read_xc(end)
---------------------------------------------------------- read_xc_hybrid(start)
     XCTYPE :   LDAPZ81 
         IC :          0
------------------------------------------------------------ read_xc_hybrid(end)
     NSWEEP :          5
    SCFCONV :   1.0000000E-15  0.0000000E+00
      DITER :        100
--------------------------------------------------------------- read_band(start)
       BAND
 nbk          =           7
 mb_band      =          24
 mb2_band     =          20
 esp_von_tol  =  1.000000000000000E-007
 maxiter_band =         100
----------------------------------------------------------------- read_band(end)
-------------------------------------------------------- read_band_unfold(start)
 iswitch_banduf= F
---------------------------------------------------------- read_band_unfold(end)
----------------------------------------------------------- read_parameters(end)
--------------------------------------------------------------- read_atom(start)
 AA format is assumed           1
 Nelment,Natom=           1           2
 zn_atom=           0
        ki_atom          aa_atom1          aa_atom2          aa_atom3  md_atom
     1        1    0.000000000000    0.000000000000    0.000000000000        1
     2        1    0.250000000000    0.250000000000    0.250000000000        1
----------------------------------------------------------------- read_atom(end)
--------------------------------------------------------- main( aa & bb )(start)
----------------------------------------------------------- main( aa & bb )(end)
---------------------------------------------------------- read_pseudopot(start)
         PP :    2  Si_psv.dat          
 *** PSV format ***
 zatom                   =   14.0000000000000     
 # of radial mesh points =        1991
 r(1),...,r(end)         =  0.000000000000000E+000   25.0000000000000     
 NRps                    =        1734        1734
 # of orbitals           =           2
 angular momentum        =           0           1
 cut off radius          =   2.53017769990913        2.53017769990913     
 Zps                     =   4.00000000000000     
 xc_pot                  =   LDAPZ81 
 a1,a2,a3,a4             =   2.03068285000000        1.11643011000000     
                            -1.03068285000000       0.553021070000000     
 Reference               =           1           1
 anorm                   =  0.394361211686000       0.130960522077000     
 inorm                   =           1           1
 sum(cdd)                =   3.99144241688915     
 sum(cdc)                =  0.000000000000000E+000
 ps_type =            0
------------------------------------------------------------ read_pseudopot(end)
--------------------------------------------------------- write_info_atom(start)
           Zatom    Zion     Num    FilePS
       1       0       4       2    Si_psv.dat                    
   total       0       8       2
----------------------------------------------------------- write_info_atom(end)
---------------------------------------------------------- count_electron(start)
------------------------------------------------------------ count_electron(end)
---------------------------------------------------- check_Nband_electron(start)
------------------------------------------------------ check_Nband_electron(end)
-------------------------------------------------------------- init_force(start)
 Ntim=           1
-------------------------------------------------------------- read_force(start)
---------------------------------------------------------------- read_force(end)
---------------------------------------------------------------- init_force(end)
-------------------------------------------------------------- init_rgrid(start)
 SYStype=           0
 aa     0.0000000000   5.1305000000   5.1305000000
        5.1305000000   0.0000000000   5.1305000000
        5.1305000000   5.1305000000   0.0000000000
 Ngrid(1:3)=   12   12   12
 Ngrid(0)  =    1728
 Hgrid(1:3)=     0.60463522     0.60463522     0.60463522
---------------------------------------------------------------- init_rgrid(end)
-------------------------------------------------------------- Init_Ggrid(start)
 Ecut,Gcut=   22.6848408194465        4.76286057106929     
 NGgrid=         531           5           5           5
 NMGL=          22
---------------------------------------------------------------- Init_Ggrid(end)
------------------------------------------------------------- generate_bz(start)
 Nbzsm, MMBZ =           1           1
                                kbb   weight_bz
    1   0.00000   0.00000   0.00000     1.00000
--------------------------------------------------------------- generate_bz(end)
---------------------------------------------------------- init_scalapack(start)
 NPROW,NPCOL,MBSIZE,NBSIZE
           1           1           8           8
------------------------------------------------------------ init_scalapack(end)
----------------------------------------------------------- init_parallel(start)
 np1,np2,np3=           1           1           1
 np_grid    =           1
 np_band    =           1
 np_bz      =           1
 np_spin    =           1
 np_fkmb    =           1
 nprocs     =           1
 irank grid band   bz spin
     0    0    0    0    0    0
--- fock-band-parallel ---
 Nband  =           8
 np_fkmb=           1
        i id_fkmb ir_fkmb
        0       0       8
 nprocs_f =           1
--- spin-parallel ---
 nspin  =           1
 np_spin=           1
        i id_spin ir_spin
        0       0       1
 nprocs_s =           1
--- k-parallel ---
 Nbzsm    =           1
 np_bzsm=           1
        i id_bzsm ir_bzsm
        0       0       1
 nprocs_k =           1
--- band-parallel ---
 Nband  =           8
 np_band=           1
        i id_band ir_band
        0       0       8
 nprocs_b =           1
--- grid-parallel ---
 nprocs_g =           1
 nprocs_b =           1
 nprocs_k =           1
 nprocs_s =           1
 nprocs_f =           1
 nprocs   =           1
 comm_world, nprocs   =           0           1
 comm_grid,  nprocs_g =           3           1
 comm_band,  nprocs_b =           4           1
 comm_bzsm,  nprocs_k =           5           1
 comm_spin,  nprocs_s =           6           1
 comm_fkmb,  nprocs_f =           7           1
------------------------------------------------------------- init_parallel(end)
------------------------------------------------------ InitParallel_Rgrid(start)
-------------------------------------------------------- InitParallel_Rgrid(end)
------------------------------------------------------ InitParallel_Ggrid(start)
-------------------------------------------------------- InitParallel_Ggrid(end)
---------------------------------------------------------------- init_omp(start)
 nn(ini)=          12          12          12
 nn(1:3)=          12          12          12
 np(1:3)=           1           1           1
 m      =           1
 Ngrid_omp   12   12   12
 IGIG        1    1728       0      11       0      11       0      11    1728
 omp_get_num_threads=           1
------------------------------------------------------------------ init_omp(end)
--------------------------------------------------------------- init_fftw(start)
----------------------------------------------------------------- init_fftw(end)
---------------------------------------------------------- init_bcset_sol(start)
------------------------------------------------------------ init_bcset_sol(end)
------------------------------------------------------------ init_kinetic(start)
  -2.98277778 -2.98277778    0.00000000  0.00000000
   1.71428571  1.71428571    0.85714286  0.85714286
  -0.26785714 -0.26785714   -0.26785714 -0.26785714
   0.05291005  0.05291005    0.07936508  0.07936508
  -0.00892857 -0.00892857   -0.01785714 -0.01785714
   0.00103896  0.00103896    0.00259740  0.00259740
  -0.00006013 -0.00006013   -0.00018038 -0.00018038
 ggg=   1.50000   1.50000   1.50000  -0.50000  -0.50000  -0.50000
                        lap               coef_lap
   0     -2.982777777777778     18.357626498054803
   1      1.714285714285714     -3.516880259319229  -3.516880259319229  -3.516880259319229
   2     -0.267857142857143      0.549512540518630   0.549512540518630   0.549512540518630
   3      0.052910052910053     -0.108545687016026  -0.108545687016026  -0.108545687016026
   4     -0.008928571428571      0.018317084683954   0.018317084683954   0.018317084683954
   5      0.001038961038961     -0.002131442581406  -0.002131442581406  -0.002131442581406
   6     -0.000060125060125      0.000123347371609   0.000123347371609   0.000123347371609
                        nab               coef_nab
   1      0.857142857142857      1.417619787696310   1.417619787696310   1.417619787696310
   2     -0.267857142857143     -0.443006183655097  -0.443006183655097  -0.443006183655097
   3      0.079365079365079      0.131261091453362   0.131261091453362   0.131261091453362
   4     -0.017857142857143     -0.029533745577006  -0.029533745577006  -0.029533745577006
   5      0.002597402597403      0.004295817538474   0.004295817538474   0.004295817538474
   6     -0.000180375180375     -0.000298320662394  -0.000298320662394  -0.000298320662394
-------------------------------------------------------------- init_kinetic(end)
--------------------------------------------------------- set_array_bound(start)
----------------------------------------------------------- set_array_bound(end)
----------------------------------------------------------- init_ps_local(start)
------------------------------------------------------------- init_ps_local(end)
------------------------------------------------------------- init_ps_pcc(start)
-------------------------------------------------------- construct_strfac(start)
---------------------------------------------------------- construct_strfac(end)
------------------------------------------------------ construct_ps_local(start)
------------------------------------------------- construct_ps_local_fftw(start)
--------------------------------------------------- construct_ps_local_fftw(end)
---------------------------------------------------- construct_ps_initrho(start)
 iswitch_initrho =           0
 analytic        = F
    Nelectron                 sum                 min                 max
      8.00000          7.9828848338        0.0062029720        0.0614278616
    Nelectron                 sum                 min                 max
      8.00000          8.0000000000        0.0062162711        0.0615595619
------------------------------------------------------ construct_ps_initrho(end)
--------------------------------------------------------- destruct_strfac(start)
----------------------------------------------------------- destruct_strfac(end)
-------------------------------------------------------- ps_nloc_initiate(start)
----------------------------------------------------------- prep_ps_nloc2(start)
------------------------------------------------------------- prep_ps_nloc2(end)
---------------------------------------------------------- ps_nloc_initiate(end)
---------------------------------------------------------- init_xc_hybrid(start)
--------------------------------------------------------------- init_eion(start)
---------------------------------------------------------------calc_ewald(start)
---------------------------------------------------------------- calc_ewald(end)
 Eewald(SYSTYPE=0)=       -8.399646107228264
----------------------------------------------------------------- init_eion(end)
------------------------------------------------------ init_subspace_diag(start)
     rank_b       tri         m         n       nme      idis
          0        36         0         8        36         0
-------------------------------------------------------- init_subspace_diag(end)
----------------------------------------------------------------- init_wf(start)
------------------------------------------------------------------- init_wf(end)
------------------------------------------------------- init_occ_electron(start)
--------------------------------------------------------- init_occ_electron(end)
------------------------------------------------------------ main
 Natom    =           2
 Nelement =           1
 Nband =           8
 Nspin =           1
 Nbzsm =           1           1
 Nelectron =   8.00000000000000     
 Next_electron =  0.000000000000000E+000
 Ndspin,Nfixed =  0.000000000000000E+000           0
 Zps   =   4.00000000000000     
 sum(occ)=   8.00000000000000     
           1           1   2.00000000000000     
           2           1   2.00000000000000     
           3           1   2.00000000000000     
           4           1   2.00000000000000     
           5           1  0.000000000000000E+000
           6           1  0.000000000000000E+000
           7           1  0.000000000000000E+000
           8           1  0.000000000000000E+000
------------------------------------------------------------ init_hartree(start)
-------------------------------------------------------------- init_hartree(end)
----------------------------------------------------------- init_localpot(start)
------------------------------------------------------------- init_localpot(end)
--------------------------------------------------------------------------------
--------------------------------------------------------- SWEEP START ----------
---------------------------------------------------------------- sweep_iter=   1
 NCG =           3
 ICG =           1
 SWGS=           0
 SYStype=           0
 mloop  =           3
---------------------------------------------------------- prep_scalapack(start)
 NPROW,NPCOL,MBSIZE,NBSIZE
           1           1           8           8
 ICTXTX,ICTXT0    =           0           0
 NPROW,NPCOL      =           1           1
 MBSIZE,NBSIZE    =           8           8
 MYROW,MYCOL      =           0           0
 LLD_R,LLD_C,MXLLD=           8           8           8
 NP0,NQ0          =           8           8
 NPX,NQX          =           8           8
 iblacs           = T
------------------------------------------------------------ prep_scalapack(end)

 Echk,dif/tol =  -5.347310791       -107.39     / 1.00000E-12

   k     n          esp(n,k,s)    esp_err   occ(n,k,s)   
   1     1  -0.230593262424325  -4.6913       2.0000    
   1     2   0.442718592347425  -15.481       2.0000    
   1     3   0.548609192045036  -16.708       2.0000    
   1     4   0.617885678826316  -16.815       2.0000    
   1     5   0.805848799893705  -16.932       0.0000    
   1     6   0.998847879181593  -16.725       0.0000    
   1     7   1.874671300856845  -16.032       0.0000    
   1     8   2.499925199265003  -15.339       0.0000    
 
 time(sweep)=     0.024(rank0)     0.024(min)     0.024(max)
 
---------------------------------------------------------------- sweep_iter=   2

 Echk,dif/tol =  -7.144853971       -1.7975     / 1.00000E-12

   k     n          esp(n,k,s)    esp_err   occ(n,k,s)   
   1     1  -0.233856417938584 -0.32632E-02   2.0000    
   1     2   0.217730792562235 -0.22499       2.0000    
   1     3   0.221405091622494 -0.32720       2.0000    
   1     4   0.274569144400150 -0.34332       2.0000    
   1     5   0.330680532152877 -0.47517       0.0000    
   1     6   0.346502125379082 -0.65235       0.0000    
   1     7   0.411746188814529  -1.4629       0.0000    
   1     8   0.549703338827984  -1.9502       0.0000    
 
 time(sweep)=     0.023(rank0)     0.023(min)     0.023(max)
 
---------------------------------------------------------------- sweep_iter=   3

 Echk,dif/tol =  -7.345614150      -0.20076     / 1.00000E-12

   k     n          esp(n,k,s)    esp_err   occ(n,k,s)   
   1     1  -0.233983580354572 -0.12716E-03   2.0000    
   1     2   0.199446096226063 -0.18285E-01   2.0000    
   1     3   0.200467075259937 -0.20938E-01   2.0000    
   1     4   0.213538930082972 -0.61030E-01   2.0000    
   1     5   0.305561950734864 -0.25119E-01   0.0000    
   1     6   0.310516930935057 -0.35985E-01   0.0000    
   1     7   0.320376635236119 -0.91370E-01   0.0000    
   1     8   0.478066287061351 -0.71637E-01   0.0000    
 
 time(sweep)=     0.023(rank0)     0.023(min)     0.023(max)
 
---------------------------------------------------------------- sweep_iter=   4

 Echk,dif/tol =  -7.376748973      -0.31135E-01 / 1.00000E-12

   k     n          esp(n,k,s)    esp_err   occ(n,k,s)   
   1     1  -0.233989560695248 -0.59803E-05   2.0000    
   1     2   0.198313247720645 -0.11328E-02   2.0000    
   1     3   0.198417568750297 -0.20495E-02   2.0000    
   1     4   0.201159853865820 -0.12379E-01   2.0000    
   1     5   0.302329854847798 -0.32321E-02   0.0000    
   1     6   0.303076935557314 -0.74400E-02   0.0000    
   1     7   0.312116638981810 -0.82600E-02   0.0000    
   1     8   0.360765769205482 -0.11730       0.0000    
 
 time(sweep)=     0.023(rank0)     0.023(min)     0.023(max)
 
---------------------------------------------------------------- sweep_iter=   5

 Echk,dif/tol =  -7.382664290      -0.59153E-02 / 1.00000E-12

   k     n          esp(n,k,s)    esp_err   occ(n,k,s)   
   1     1  -0.233990057848545 -0.49715E-06   2.0000    
   1     2   0.198212799148723 -0.10045E-03   2.0000    
   1     3   0.198242576117208 -0.17499E-03   2.0000    
   1     4   0.198478133746025 -0.26817E-02   2.0000    
   1     5   0.301993527561416 -0.33633E-03   0.0000    
   1     6   0.302094639262941 -0.98230E-03   0.0000    
   1     7   0.304508563339762 -0.76081E-02   0.0000    
   1     8   0.317148715435087 -0.43617E-01   0.0000    
 
 time(sweep)=     0.023(rank0)     0.023(min)     0.023(max)
 
-------------------------------------------------------------- write_data(start)
 write to vrho.dat1.sweep               
 OC =           3
 WF: complex(8) -> complex(8)
 write to wf.dat1.sweep                 
 MBwr1,MBwr2 =           1           8
---------------------------------------------------------------- write_data(end)
----------------------------------------------------------- SWEEP END ----------
--------------------------------------------------------------------------------
--------------------------------------------------------------------------------
---------------------------------------------------------- SCF START -----------
------------------------------------------------------------- init_mixing(start)
--------------------------------------------------------------- init_mixing(end)
------------------------------------------------------------------ scf_iter=   1
 
 Total Energy :     -7.31653426  (Hartree)
 Harris Energy:     -7.38298913  (Hartree)
  ( diff/tol =  6.64549E-02 / 0.00000E+00 )    F
 
 Charge:     7.999999999999998
 
 |Vloc-Vloc0|^2/tol =   3.10416E-03   / 1.00000E-15    F
 |rho -rho0 |^2/tol =   2.81384E-04   / 0.00000E+00

   k     n          esp(n,k,s)    esp_err   occ(n,k,s)   
   1     1  -0.233990079187253 -0.21339E-07   2.0000    
   1     2   0.198203358075445 -0.94411E-05   2.0000    
   1     3   0.198217371501701 -0.25205E-04   2.0000    
   1     4   0.198350378874555 -0.12775E-03   2.0000    
   1     5   0.301949103515966 -0.44424E-04   0.0000    
   1     6   0.301959125115712 -0.13551E-03   0.0000    
   1     7   0.302582452893928 -0.19261E-02   0.0000    
   1     8   0.315822419998368 -0.13263E-02   0.0000    
 
 time(scf)=     0.028(rank0)     0.028(min)     0.028(max)
------------------------------------------------------------------ scf_iter=   2
 
 Total Energy :     -7.32815293  (Hartree)
 Harris Energy:     -7.33258499  (Hartree)
  ( diff/tol =  4.43206E-03 / 0.00000E+00 )    F
 
 Charge:     7.999999999999998
 
 |Vloc-Vloc0|^2/tol =   2.16039E-04   / 1.00000E-15    F
 |rho -rho0 |^2/tol =   9.25723E-06   / 0.00000E+00

   k     n          esp(n,k,s)    esp_err   occ(n,k,s)   
   1     1  -0.183184066333958  0.50806E-01   2.0000    
   1     2   0.269168386765144  0.70965E-01   2.0000    
   1     3   0.269291723491860  0.71074E-01   2.0000    
   1     4   0.269328672959527  0.70978E-01   2.0000    
   1     5   0.341189229575477  0.39240E-01   0.0000    
   1     6   0.341194477775838  0.39235E-01   0.0000    
   1     7   0.341533303444281  0.38951E-01   0.0000    
   1     8   0.385527432313052  0.69705E-01   0.0000    
 
 time(scf)=     0.028(rank0)     0.028(min)     0.028(max)
------------------------------------------------------------------ scf_iter=   3
 
 Total Energy :     -7.32938323  (Hartree)
 Harris Energy:     -7.32981127  (Hartree)
  ( diff/tol =  4.28042E-04 / 0.00000E+00 )    F
 
 Charge:     8.000000000000005
 
 |Vloc-Vloc0|^2/tol =   2.07161E-05   / 1.00000E-15    F
 |rho -rho0 |^2/tol =   8.61945E-07   / 0.00000E+00

   k     n          esp(n,k,s)    esp_err   occ(n,k,s)   
   1     1  -0.196358346489178 -0.13174E-01   2.0000    
   1     2   0.250290635555975 -0.18878E-01   2.0000    
   1     3   0.250673925336485 -0.18618E-01   2.0000    
   1     4   0.250674109045892 -0.18655E-01   2.0000    
   1     5   0.331164427762329 -0.10025E-01   0.0000    
   1     6   0.331165989496354 -0.10028E-01   0.0000    
   1     7   0.331656043735576 -0.98773E-02   0.0000    
   1     8   0.366630524557059 -0.18897E-01   0.0000    
 
 time(scf)=     0.028(rank0)     0.028(min)     0.028(max)
------------------------------------------------------------------ scf_iter=   4
 
 Total Energy :     -7.32945879  (Hartree)
 Harris Energy:     -7.32957937  (Hartree)
  ( diff/tol =  1.20578E-04 / 0.00000E+00 )    F
 
 Charge:     7.999999999999996
 
 |Vloc-Vloc0|^2/tol =   6.06973E-06   / 1.00000E-15    F
 |rho -rho0 |^2/tol =   1.84912E-07   / 0.00000E+00

   k     n          esp(n,k,s)    esp_err   occ(n,k,s)   
   1     1  -0.192467668360314  0.38907E-02   2.0000    
   1     2   0.255946226767227  0.56556E-02   2.0000    
   1     3   0.255948275611427  0.52744E-02   2.0000    
   1     4   0.256326665462202  0.56526E-02   2.0000    
   1     5   0.334271465746617  0.31070E-02   0.0000    
   1     6   0.334273952382987  0.31080E-02   0.0000    
   1     7   0.334359215858493  0.27032E-02   0.0000    
   1     8   0.372341548613935  0.57110E-02   0.0000    
 
 time(scf)=     0.028(rank0)     0.028(min)     0.028(max)
------------------------------------------------------------------ scf_iter=   5
 
 Total Energy :     -7.32952808  (Hartree)
 Harris Energy:     -7.32953174  (Hartree)
  ( diff/tol =  3.65790E-06 / 0.00000E+00 )    F
 
 Charge:     8.000000000000000
 
 |Vloc-Vloc0|^2/tol =   3.06839E-06   / 1.00000E-15    F
 |rho -rho0 |^2/tol =   4.84186E-09   / 0.00000E+00

   k     n          esp(n,k,s)    esp_err   occ(n,k,s)   
   1     1  -0.193366769959219 -0.89910E-03   2.0000    
   1     2   0.254747799618119 -0.11984E-02   2.0000    
   1     3   0.254749029263590 -0.11992E-02   2.0000    
   1     4   0.254892970377160 -0.14337E-02   2.0000    
   1     5   0.333546121400907 -0.72534E-03   0.0000    
   1     6   0.333547761552699 -0.72619E-03   0.0000    
   1     7   0.333733044509994 -0.62617E-03   0.0000    
   1     8   0.371017432322496 -0.13241E-02   0.0000    
 
 time(scf)=     0.028(rank0)     0.028(min)     0.028(max)
------------------------------------------------------------------ scf_iter=   6
 
 Total Energy :     -7.32953118  (Hartree)
 Harris Energy:     -7.32953179  (Hartree)
  ( diff/tol =  6.07207E-07 / 0.00000E+00 )    F
 
 Charge:     8.000000000000005
 
 |Vloc-Vloc0|^2/tol =   1.65872E-07   / 1.00000E-15    F
 |rho -rho0 |^2/tol =   1.04171E-09   / 0.00000E+00

   k     n          esp(n,k,s)    esp_err   occ(n,k,s)   
   1     1  -0.193364751519363  0.20184E-05   2.0000    
   1     2   0.254754791309053  0.69917E-05   2.0000    
   1     3   0.254755698837796  0.66696E-05   2.0000    
   1     4   0.254875643697406 -0.17327E-04   2.0000    
   1     5   0.333549513876553  0.33925E-05   0.0000    
   1     6   0.333550050690942  0.22891E-05   0.0000    
   1     7   0.333729196850754 -0.38477E-05   0.0000    
   1     8   0.371014995792172 -0.24365E-05   0.0000    
 
 time(scf)=     0.028(rank0)     0.028(min)     0.028(max)
------------------------------------------------------------------ scf_iter=   7
 
 Total Energy :     -7.32953162  (Hartree)
 Harris Energy:     -7.32953165  (Hartree)
  ( diff/tol =  2.76889E-08 / 0.00000E+00 )    F
 
 Charge:     8.000000000000009
 
 |Vloc-Vloc0|^2/tol =   1.59072E-08   / 1.00000E-15    F
 |rho -rho0 |^2/tol =   6.71242E-11   / 0.00000E+00

   k     n          esp(n,k,s)    esp_err   occ(n,k,s)   
   1     1  -0.193371283308626 -0.65318E-05   2.0000    
   1     2   0.254742625562419 -0.12166E-04   2.0000    
   1     3   0.254742787866325 -0.12911E-04   2.0000    
   1     4   0.254870601847834 -0.50418E-05   2.0000    
   1     5   0.333545986084048 -0.35278E-05   0.0000    
   1     6   0.333546070091739 -0.39806E-05   0.0000    
   1     7   0.333720423688011 -0.87732E-05   0.0000    
   1     8   0.371004755098925 -0.10241E-04   0.0000    
 
 time(scf)=     0.028(rank0)     0.028(min)     0.028(max)
------------------------------------------------------------------ scf_iter=   8
 
 Total Energy :     -7.32953164  (Hartree)
 Harris Energy:     -7.32953166  (Hartree)
  ( diff/tol =  1.92971E-08 / 0.00000E+00 )    F
 
 Charge:     8.000000000000002
 
 |Vloc-Vloc0|^2/tol =   1.19011E-09   / 1.00000E-15    F
 |rho -rho0 |^2/tol =   3.10251E-11   / 0.00000E+00

   k     n          esp(n,k,s)    esp_err   occ(n,k,s)   
   1     1  -0.193375542549284 -0.42592E-05   2.0000    
   1     2   0.254729498976359 -0.13127E-04   2.0000    
   1     3   0.254729613452375 -0.13174E-04   2.0000    
   1     4   0.254877767062700  0.71652E-05   2.0000    
   1     5   0.333545176218224 -0.80987E-06   0.0000    
   1     6   0.333545243109300 -0.82698E-06   0.0000    
   1     7   0.333711101225950 -0.93225E-05   0.0000    
   1     8   0.370998394135547 -0.63610E-05   0.0000    
 
 time(scf)=     0.028(rank0)     0.028(min)     0.028(max)
------------------------------------------------------------------ scf_iter=   9
 
 Total Energy :     -7.32953165  (Hartree)
 Harris Energy:     -7.32953165  (Hartree)
  ( diff/tol =  3.09990E-09 / 0.00000E+00 )    F
 
 Charge:     8.000000000000012
 
 |Vloc-Vloc0|^2/tol =   4.96868E-10   / 1.00000E-15    F
 |rho -rho0 |^2/tol =   4.23550E-12   / 0.00000E+00

   k     n          esp(n,k,s)    esp_err   occ(n,k,s)   
   1     1  -0.193376455095154 -0.91255E-06   2.0000    
   1     2   0.254730025028178  0.52605E-06   2.0000    
   1     3   0.254730035600516  0.42215E-06   2.0000    
   1     4   0.254872925925577 -0.48411E-05   2.0000    
   1     5   0.333543824462837 -0.13518E-05   0.0000    
   1     6   0.333543843474723 -0.13996E-05   0.0000    
   1     7   0.333711671553794  0.57033E-06   0.0000    
   1     8   0.370997011040541 -0.13831E-05   0.0000    
 
 time(scf)=     0.029(rank0)     0.029(min)     0.029(max)
------------------------------------------------------------------ scf_iter=  10
 
 Total Energy :     -7.32953165  (Hartree)
 Harris Energy:     -7.32953165  (Hartree)
  ( diff/tol =  4.86428E-09 / 0.00000E+00 )    F
 
 Charge:     8.000000000000000
 
 |Vloc-Vloc0|^2/tol =   3.12784E-10   / 1.00000E-15    F
 |rho -rho0 |^2/tol =   6.12072E-12   / 0.00000E+00

   k     n          esp(n,k,s)    esp_err   occ(n,k,s)   
   1     1  -0.193375529595091  0.92550E-06   2.0000    
   1     2   0.254731510550436  0.14855E-05   2.0000    
   1     3   0.254731517198144  0.14816E-05   2.0000    
   1     4   0.254873906456119  0.98053E-06   2.0000    
   1     5   0.333544454050525  0.62959E-06   0.0000    
   1     6   0.333544459035890  0.61556E-06   0.0000    
   1     7   0.333712506109137  0.83456E-06   0.0000    
   1     8   0.370998363532222  0.13525E-05   0.0000    
 
 time(scf)=     0.028(rank0)     0.028(min)     0.028(max)
------------------------------------------------------------------ scf_iter=  11
 
 Total Energy :     -7.32953165  (Hartree)
 Harris Energy:     -7.32953165  (Hartree)
  ( diff/tol =  3.69287E-11 / 0.00000E+00 )    F
 
 Charge:     8.000000000000004
 
 |Vloc-Vloc0|^2/tol =   1.39319E-10   / 1.00000E-15    F
 |rho -rho0 |^2/tol =   5.87765E-14   / 0.00000E+00

   k     n          esp(n,k,s)    esp_err   occ(n,k,s)   
   1     1  -0.193375583931926 -0.54337E-07   2.0000    
   1     2   0.254731365083292 -0.14547E-06   2.0000    
   1     3   0.254731369882668 -0.14732E-06   2.0000    
   1     4   0.254873964015930  0.57560E-07   2.0000    
   1     5   0.333544438024566 -0.16026E-07   0.0000    
   1     6   0.333544442058755 -0.16977E-07   0.0000    
   1     7   0.333712407586947 -0.98522E-07   0.0000    
   1     8   0.370998281914992 -0.81617E-07   0.0000    
 
 time(scf)=     0.028(rank0)     0.028(min)     0.028(max)
------------------------------------------------------------------ scf_iter=  12
 
 Total Energy :     -7.32953165  (Hartree)
 Harris Energy:     -7.32953165  (Hartree)
  ( diff/tol =  1.26299E-12 / 0.00000E+00 )    F
 
 Charge:     8.000000000000011
 
 |Vloc-Vloc0|^2/tol =   1.13764E-12   / 1.00000E-15    F
 |rho -rho0 |^2/tol =   3.28718E-15   / 0.00000E+00

   k     n          esp(n,k,s)    esp_err   occ(n,k,s)   
   1     1  -0.193375631997825 -0.48066E-07   2.0000    
   1     2   0.254731196195860 -0.16889E-06   2.0000    
   1     3   0.254731199770109 -0.17011E-06   2.0000    
   1     4   0.254874090389608  0.12637E-06   2.0000    
   1     5   0.333544439040245  0.10157E-08   0.0000    
   1     6   0.333544440982740 -0.10760E-08   0.0000    
   1     7   0.333712288266724 -0.11932E-06   0.0000    
   1     8   0.370998208355652 -0.73559E-07   0.0000    
 
 time(scf)=     0.028(rank0)     0.028(min)     0.028(max)
------------------------------------------------------------------ scf_iter=  13
 
 Total Energy :     -7.32953165  (Hartree)
 Harris Energy:     -7.32953165  (Hartree)
  ( diff/tol =  3.86358E-13 / 0.00000E+00 )    F
 
 Charge:     8.000000000000002
 
 |Vloc-Vloc0|^2/tol =   8.09638E-14   / 1.00000E-15    F
 |rho -rho0 |^2/tol =   6.19615E-16   / 0.00000E+00

   k     n          esp(n,k,s)    esp_err   occ(n,k,s)   
   1     1  -0.193375666814277 -0.34816E-07   2.0000    
   1     2   0.254731098560712 -0.97635E-07   2.0000    
   1     3   0.254731100158274 -0.99612E-07   2.0000    
   1     4   0.254874134521495  0.44132E-07   2.0000    
   1     5   0.333544432048687 -0.69916E-08   0.0000    
   1     6   0.333544432671726 -0.83110E-08   0.0000    
   1     7   0.333712222645995 -0.65621E-07   0.0000    
   1     8   0.370998156274949 -0.52081E-07   0.0000    
 
 time(scf)=     0.028(rank0)     0.028(min)     0.028(max)
------------------------------------------------------------------ scf_iter=  14
 
 Total Energy :     -7.32953165  (Hartree)
 Harris Energy:     -7.32953165  (Hartree)
  ( diff/tol =  5.06262E-14 / 0.00000E+00 )    F
 
 Charge:     7.999999999999994
 
 |Vloc-Vloc0|^2/tol =   1.30146E-14   / 1.00000E-15    F
 |rho -rho0 |^2/tol =   9.68807E-17   / 0.00000E+00

   k     n          esp(n,k,s)    esp_err   occ(n,k,s)   
   1     1  -0.193375656932563  0.98817E-08   2.0000    
   1     2   0.254731125812521  0.27252E-07   2.0000    
   1     3   0.254731126708107  0.26550E-07   2.0000    
   1     4   0.254874122011050 -0.12510E-07   2.0000    
   1     5   0.333544434603655  0.25550E-08   0.0000    
   1     6   0.333544434946230  0.22745E-08   0.0000    
   1     7   0.333712240386321  0.17740E-07   0.0000    
   1     8   0.370998170955509  0.14681E-07   0.0000    
 
 time(scf)=     0.028(rank0)     0.028(min)     0.028(max)
------------------------------------------------------------------ scf_iter=  15
 
 Total Energy :     -7.32953165  (Hartree)
 Harris Energy:     -7.32953165  (Hartree)
  ( diff/tol =  4.44089E-15 / 0.00000E+00 )    F
 
 Charge:     8.000000000000009
 
 |Vloc-Vloc0|^2/tol =   1.17449E-15   / 1.00000E-15    F
 |rho -rho0 |^2/tol =   1.03469E-17   / 0.00000E+00

   k     n          esp(n,k,s)    esp_err   occ(n,k,s)   
   1     1  -0.193375657852796 -0.92023E-09   2.0000    
   1     2   0.254731122138249 -0.36743E-08   2.0000    
   1     3   0.254731122636179 -0.40719E-08   2.0000    
   1     4   0.254874125707647  0.36966E-08   2.0000    
   1     5   0.333544434824533  0.22088E-09   0.0000    
   1     6   0.333544435003163  0.56934E-10   0.0000    
   1     7   0.333712238091865 -0.22945E-08   0.0000    
   1     8   0.370998169553332 -0.14022E-08   0.0000    
 
 time(scf)=     0.026(rank0)     0.026(min)     0.026(max)
------------------------------------------------------------------ scf_iter=  16
 
 Total Energy :     -7.32953165  (Hartree)
 Harris Energy:     -7.32953165  (Hartree)
  ( diff/tol = -5.32907E-15 / 0.00000E+00 )    F
 
 Charge:     8.000000000000000
 
 |Vloc-Vloc0|^2/tol =   8.13436E-17   / 1.00000E-15    T
 |rho -rho0 |^2/tol =   1.27235E-18   / 0.00000E+00

   k     n          esp(n,k,s)    esp_err   occ(n,k,s)   
   1     1  -0.193375659192028 -0.13392E-08   2.0000    
   1     2   0.254731118304229 -0.38340E-08   2.0000    
   1     3   0.254731118313720 -0.43225E-08   2.0000    
   1     4   0.254874128147189  0.24395E-08   2.0000    
   1     5   0.333544434726767 -0.97766E-10   0.0000    
   1     6   0.333544434733056 -0.27011E-09   0.0000    
   1     7   0.333712235512918 -0.25789E-08   0.0000    
   1     8   0.370998167562422 -0.19909E-08   0.0000    
 
 time(scf)=     0.023(rank0)     0.023(min)     0.023(max)
-------------------------------------------------------------- write_data(start)
 write to vrho.dat1                     
 OC =           3
 WF: complex(8) -> complex(8)
 write to wf.dat1                       
 MBwr1,MBwr2 =           1           8
---------------------------------------------------------------- write_data(end)
------------------------------------------------------------------ SCF END -----
 scf converged ( total # of iteration =  16 )
 Total SCF time :     0.448(rank0)     0.448(min)     0.448(max)
--------------------------------------------------------------------------------
 END_PROGRAM : MAIN
 TIME(END)     1.41979     1.41926
 Start time  2015/12/16 14:16:55.102
 End   time  2015/12/16 14:16:56.521
